[0000.15] Log: Async Log file open, 07/27/15 21:17:01
[0000.15] Init: WinSock: version 1.1 (2.2), MaxSocks=32767, MaxUdp=65467
[0000.15] Log:  ... running in INSTALLED mode
[0000.15] DevConfig: GConfig::Find has loaded file:  ..\..\Engine\Config\ConsoleVariables.ini
[0000.15] Init: Version: 10897
[0000.15] Init: Epic Internal: 0
[0000.15] Init: Compiled (32-bit): Jul 17 2015 18:53:29
[0000.15] Init: Changelist: 1532151
[0000.15] Init: Game is version 2.10.2868.0.
[0000.15] Init: Command line: -PGUID=f217e716-f401-4696-a0ce-3be9da5b0821  -host=             -host2              -seekfreeloading   -LANGUAGE=FRA -cnmg=722272245224232283227321732784209425642925201623 -cnmg2=722072245227232583277327732784289427642725256522 -ASYNCTICK=FALSE -user=kimicol -epass=0318D48EB4424BC8453F77F6B393B2828309272591535BDEF1EF5A8AA7644D2A -HiCommand -HEXX=748AEED4
[0000.15] Init: Base directory: C:\Program Files (x86)\Hi-Rez Studios\HiRezGames\smite\binaries\Win32\
[0000.38] Init: Computer: PC-ARTHUR
[0000.38] Init: User: Arthur
[0000.39] Init: CPU Page size=4096, Processors=4, Cores=2
[0000.39] Init: High frequency timer resolution =2.240910 MHz
[0000.39] Init: Memory total: Physical=3.8GB (3GB approx) Pagefile=7.7GB Virtual=4.0GB
[0000.45] DevOnline: Initializing MCTS
[0000.45] Init: Presizing for 60000 objects not considered by GC, pre-allocating 0 bytes.
[0000.45] Init: Object subsystem initialized
[0000.45] Log: Overriding lang INT w/ command-line option of FRA
[0001.84] Log: TgAIBehaviorTreeManager :: Loading behavior trees
[0001.85] Log: TgAIBehaviorTreeManager :: Successfully loaded behavior trees
[0001.85] Log: ShadowPatch: Error -pid should be passed on command line.
[0002.01] Log: AsyncTickTasks DISABLED at startup
[0002.03] Log: SystemSettings based on: SystemSettings
[0002.03] Log: SystemSettings based on: SystemSettings
[0002.04] Log: SystemSettings based on: SystemSettings
[0002.04] Log: SystemSettings based on: SystemSettings
[0002.04] Log: SystemSettings based on: SystemSettings
[0002.78] Log: Found D3D11 adapter 0: Intel(R) HD Graphics Family
[0002.78] Log: Adapter has 1020MB of dedicated video memory, 0MB of dedicated system memory, and 1933MB of shared system memory
[0002.87] Log: Shader platform (RHI): PC-D3D-SM3
[0002.92] Log: PhysX GPU Support: DISABLED
[0004.29] Log: Assembly Loaded Version: DBExport: 07/17/2015 17:51:11,  Src=devsql.hirezcorp.com:smite_live_build, LangSrc=devsql.hirezcorp.com:smite_translations,
[0033.18] Log: Skipping adding Package OnlineSubsystemMcts to NetPackages
[0034.18] Log: 118075 objects as part of root set at end of initial load.
[0034.18] Log: 0 out of 0 bytes used by permanent object pool.
[0034.18] Log: Initializing Engine...
[0037.98] ScriptWarning: Script call stack:
	Function Engine.GameViewportClient:Init

	TgGameViewportClient Transient.TgGameEngine_0:TgGameViewportClient_0
	Function Engine.GameViewportClient:Init:0025
[0037.98] ScriptWarning: Assertion failed, line 672
	TgGameViewportClient Transient.TgGameEngine_0:TgGameViewportClient_0
	Function Engine.GameViewportClient:Init:0025
[0038.14] Warning: Warning, Failed to load 'SwfMovie None.Logos': Failed to find object 'SwfMovie None.Logos'
[0038.14] Log: GFx attempted to load missing object [Logos]
[0038.15] Warning: Warning, Failed to load 'Class None.': Failed to find object 'Class None.'
[0038.15] Warning: Warning, Failed to find object 'Class None.'
[0038.15] Warning: Warning, Failed to load 'Class None.': Failed to find object 'Class None.'
[0038.15] Warning: Warning, Failed to find object 'Class None.'
[0038.15] Warning: Warning, Failed to load 'Class None.': Failed to find object 'Class None.'
[0038.15] Warning: Warning, Failed to find object 'Class None.'
[0038.15] Warning: Warning, Failed to load 'Class None.': Failed to find object 'Class None.'
[0038.15] Warning: Warning, Failed to find object 'Class None.'
[0038.17] DevNet: Browse: lobbymap?Name=Player?Team=255?DefaultCharacter=TgGame.TgCharacter
[0038.18] Log: LoadMap: lobbymap?Name=Player?Team=255?DefaultCharacter=TgGame.TgCharacter
[0039.14] Log: Map Game ID = 0
[0039.14] Log: Map Instance ID = 128024660
[0039.17] Log: Performance: Critical section Lock/Unlock 24 nsec
[0039.17] Log: Performance:  appCycles 11 nsec
[0039.41] Log: Performance:  memCopy per KB 1182 nsec
[0039.45] Log: Performance:  memZero per KB 186 nsec
[0039.46] Log: Performance:  appInterlockedIncrement 13 nsec
[0039.47] Log: Performance:  GetTickCount 4 nsec
[0039.47] Log: Game class is 'TgGameLaunch'
[0039.53] TgSLO: Async Load: GodSkins_Portraits_and_Icons
[0039.53] Log: Flushing async loaders.
[0040.47] TgSLO: Finish Load: GodSkins_Portraits_and_Icons
[0040.47] Log: Flushed async loaders.
[0040.50] Log: Primary PhysX scene will be in software.
[0040.50] Log: Creating Primary PhysX Scene.
[0040.60] Log: *** WARNING - PATHS MAY NOT BE VALID ***
[0040.60] Log: Bringing World lobbymap.TheWorld up for play (0) at 2015.07.27-21.17.42
[0040.60] Log: Skipping initialization of FSMPartPool!
[0041.41] Log: Bringing up level for play took: 0.932941
[0045.99] Warning: Warning, Failed to load 'Font None.ArialUnicode': Failed to find object 'Font None.ArialUnicode'
[0046.00] Warning: Warning, Failed to load 'Font None.ArialUnicode': Failed to find object 'Font None.ArialUnicode'
[0046.24] Log: GFx attempted to load missing object [UDKFrontEnd.udk_ime]
[0047.68] Log: ########### Finished loading level: 9.504310 seconds
[0047.80] Log: Flushing async loaders.
[0048.87] Log: Flushed async loaders.
[0048.87] Log: Initializing Engine Completed
[0048.87] Log: >>>>>>>>>>>>>> Initial startup: 48.87s <<<<<<<<<<<<<<<
[0048.87] Log: Browser user data directory is C:\ProgramData\Hi-Rez Studios\BrowserCache\Battle
[0049.00] Log: WebFactory created
[0066.31] Critical: appError called: Rendering thread exception:
Fatal error!

Address = 0x18abc27  (filename not found) [in C:\Program Files (x86)\Hi-Rez Studios\HiRezGames\smite\binaries\Win32\Smite.exe]

[0066.31] Critical: Windows GetLastError: Une opération dentrée/sortie avec chevauchement est en cours dexécution. (0)
[0066.49] Log: TgAIBehaviorTreeManager :: De-allocating 47 behavior trees
[0066.49] Critical: appError called: Rendering thread exception:
Fatal error!

Address = 0x18abc27  (filename not found) [in C:\Program Files (x86)\Hi-Rez Studios\HiRezGames\smite\binaries\Win32\Smite.exe]

[0066.49] Critical: Windows GetLastError: Une opération dentrée/sortie avec chevauchement est en cours dexécution. (997)
[0066.54] Log: === Critical error: ===
Rendering thread exception:
Fatal error!

Address = 0x18abc27  (filename not found) [in C:\Program Files (x86)\Hi-Rez Studios\HiRezGames\smite\binaries\Win32\Smite.exe]



[0066.76] Exit: Executing UObject::StaticShutdownAfterError
[0066.76] Exit: Executing UWindowsClient::ShutdownAfterError
[0066.77] Exit: Executing UWindowsClient::ShutdownAfterError
[0066.77] Exit: UXAudio2Device::ShutdownAfterError
[0066.87] Log: Shutting down FaceFX...
