[0000.30] Log: Async Log file open, 07/06/15 17:11:38
[0000.30] Init: WinSock: version 1.1 (2.2), MaxSocks=32767, MaxUdp=65467
[0000.30] Log:  ... running in INSTALLED mode
[0000.30] DevConfig: GConfig::Find has loaded file:  ..\..\Engine\Config\ConsoleVariables.ini
[0000.30] Init: Version: 10897
[0000.30] Init: Epic Internal: 0
[0000.30] Init: Compiled (32-bit): Jul  1 2015 15:24:24
[0000.30] Init: Changelist: 1532151
[0000.30] Init: Game is version 2.9.2834.0.
[0000.30] Init: Command line: -PGUID=f217e716-f401-4696-a0ce-3be9da5b0821  -host=             -host2              -seekfreeloading   -LANGUAGE=FRA -cnmg=722172285224232883297329732484239429642025298529 -cnmg2=72227226522423228323732073218423942564257526 -ASYNCTICK=FALSE -HiCommand -HEXX=D242029F
[0000.30] Init: Base directory: C:\Program Files (x86)\Hi-Rez Studios\HiRezGames\smite\binaries\Win32\
[0000.30] Log: Deleting old log file Launch-backup-2015.06.17-19.10.48.log
[0000.30] Log: Deleting old log file Launch-backup-2015.06.17-21.20.46.log
[0000.30] Log: Deleting old log file Launch-backup-2015.06.17-21.47.32.log
[0000.30] Log: Deleting old log file Launch-backup-2015.06.17-22.09.04.log
[0000.31] Log: Deleting old log file Launch-backup-2015.06.18-11.24.41.log
[0000.31] Log: Deleting old log file Launch-backup-2015.06.20-11.15.13.log
[0000.31] Log: Deleting old log file Launch-backup-2015.06.20-11.31.26.log
[0000.31] Log: Deleting old log file Launch-backup-2015.06.20-22.21.48.log
[0000.31] Log: Deleting old log file Launch-backup-2015.06.20-22.35.07.log
[0000.31] Log: Deleting old log file Launch-backup-2015.06.21-12.00.26.log
[0000.31] Log: Deleting old log file Launch-backup-2015.06.21-23.04.42.log
[0000.31] Log: Deleting old log file Launch-backup-2015.06.22-11.17.42.log
[0000.31] Log: Deleting old log file Launch-backup-2015.06.23-19.12.09.log
[0000.39] Init: Computer: PC-ARTHUR
[0000.39] Init: User: Arthur
[0000.39] Init: CPU Page size=4096, Processors=4, Cores=2
[0000.39] Init: High frequency timer resolution =2.240905 MHz
[0000.39] Init: Memory total: Physical=3.8GB (3GB approx) Pagefile=7.7GB Virtual=4.0GB
[0000.56] DevOnline: Initializing MCTS
[0000.56] Init: Presizing for 60000 objects not considered by GC, pre-allocating 0 bytes.
[0000.56] Init: Object subsystem initialized
[0000.56] Log: Overriding lang INT w/ command-line option of FRA
[0000.61] Log: TgAIBehaviorTreeManager :: Loading behavior trees
[0000.62] Log: TgAIBehaviorTreeManager :: Successfully loaded behavior trees
[0000.62] Log: ShadowPatch: Error -pid should be passed on command line.
[0004.62] Log: AsyncTickTasks DISABLED at startup
[0004.93] Log: SystemSettings based on: SystemSettings
[0004.94] Log: SystemSettings based on: SystemSettings
[0004.94] Log: SystemSettings based on: SystemSettings
[0004.94] Log: SystemSettings based on: SystemSettings
[0004.94] Log: SystemSettings based on: SystemSettings
[0005.61] Log: Found D3D11 adapter 0: Intel(R) HD Graphics Family
[0005.61] Log: Adapter has 1020MB of dedicated video memory, 0MB of dedicated system memory, and 1933MB of shared system memory
[0005.63] Log: Shader platform (RHI): PC-D3D-SM3
[0005.66] Log: PhysX GPU Support: DISABLED
[0006.93] Log: Assembly Loaded Version: DBExport: 07/01/2015 14:35:21,  Src=devsql.hirezcorp.com:smite_live_build, LangSrc=devsql.hirezcorp.com:smite_translations,
[0022.26] Log: Skipping adding Package OnlineSubsystemMcts to NetPackages
[0022.94] Log: 117462 objects as part of root set at end of initial load.
[0022.94] Log: 0 out of 0 bytes used by permanent object pool.
[0022.94] Log: Initializing Engine...
[0024.18] ScriptWarning: Script call stack:
	Function Engine.GameViewportClient:Init

	TgGameViewportClient Transient.TgGameEngine_0:TgGameViewportClient_0
	Function Engine.GameViewportClient:Init:0025
[0024.18] ScriptWarning: Assertion failed, line 672
	TgGameViewportClient Transient.TgGameEngine_0:TgGameViewportClient_0
	Function Engine.GameViewportClient:Init:0025
[0024.19] Warning: Warning, Failed to load 'SwfMovie None.Logos': Failed to find object 'SwfMovie None.Logos'
[0024.19] Log: GFx attempted to load missing object [Logos]
[0024.19] Warning: Warning, Failed to load 'Class None.': Failed to find object 'Class None.'
[0024.19] Warning: Warning, Failed to find object 'Class None.'
[0024.19] Warning: Warning, Failed to load 'Class None.': Failed to find object 'Class None.'
[0024.19] Warning: Warning, Failed to find object 'Class None.'
[0024.19] Warning: Warning, Failed to load 'Class None.': Failed to find object 'Class None.'
[0024.19] Warning: Warning, Failed to find object 'Class None.'
[0024.19] Warning: Warning, Failed to load 'Class None.': Failed to find object 'Class None.'
[0024.19] Warning: Warning, Failed to find object 'Class None.'
[0024.19] DevNet: Browse: lobbymap?Name=Player?Team=255?DefaultCharacter=TgGame.TgCharacter
[0024.19] Log: LoadMap: lobbymap?Name=Player?Team=255?DefaultCharacter=TgGame.TgCharacter
[0024.44] Log: Map Game ID = 0
[0024.44] Log: Map Instance ID = 126195522
[0024.46] Log: Performance: Critical section Lock/Unlock 24 nsec
[0024.47] Log: Performance:  appCycles 11 nsec
[0024.51] Log: Performance:  memCopy per KB 214 nsec
[0024.54] Log: Performance:  memZero per KB 138 nsec
[0024.55] Log: Performance:  appInterlockedIncrement 10 nsec
[0024.55] Log: Performance:  GetTickCount 5 nsec
[0024.55] Log: Game class is 'TgGameLaunch'
[0024.56] TgSLO: Async Load: GodSkins_Portraits_and_Icons
[0024.56] Log: Flushing async loaders.
[0025.02] TgSLO: Finish Load: GodSkins_Portraits_and_Icons
[0025.02] Log: Flushed async loaders.
[0025.05] Log: Primary PhysX scene will be in software.
[0025.05] Log: Creating Primary PhysX Scene.
[0025.05] Log: *** WARNING - PATHS MAY NOT BE VALID ***
[0025.05] Log: Bringing World lobbymap.TheWorld up for play (0) at 2015.07.06-17.12.03
[0025.05] Log: Skipping initialization of FSMPartPool!
[0025.31] Log: Bringing up level for play took: 0.278072
[0034.03] Warning: Warning, Failed to load 'Font None.ArialUnicode': Failed to find object 'Font None.ArialUnicode'
[0034.03] Warning: Warning, Failed to load 'Font None.ArialUnicode': Failed to find object 'Font None.ArialUnicode'
[0034.14] Log: GFx attempted to load missing object [UDKFrontEnd.udk_ime]
[0035.23] Log: ########### Finished loading level: 11.034075 seconds
[0035.37] Log: Flushing async loaders.
[0035.66] Log: Flushed async loaders.
[0035.66] Log: Initializing Engine Completed
[0035.66] Log: >>>>>>>>>>>>>> Initial startup: 35.66s <<<<<<<<<<<<<<<
[0035.66] Log: Browser user data directory is C:\ProgramData\Hi-Rez Studios\BrowserCache\Battle
[0035.69] Log: WebFactory created
[0060.63] Log: Login Success: kimicol
[0061.25] Error: Failed to read file '..\..\BattleGame\LandingPanel\UncleSamChest33.jpg' error ()
[0061.25] Error: Failed to read file '..\..\BattleGame\LandingPanel\UltimateGodPack.jpg' error ()
[0061.25] Error: Failed to read file '..\..\BattleGame\LandingPanel\Ravana.jpg' error ()
[0061.25] Error: Failed to read file '..\..\BattleGame\LandingPanel\SquidwardFeaturedStore.jpg' error ()
[0061.25] Error: Failed to read file '..\..\BattleGame\LandingPanel\esportsseasonticketSkinNew.jpg' error ()
[0061.25] Error: Failed to read file '..\..\BattleGame\LandingPanel\UncleSamChest22.jpg' error ()
[0061.25] Error: Failed to read file '..\..\BattleGame\LandingPanel\AoKuangSkinDragonKing.jpg' error ()
[0061.25] Error: Failed to read file '..\..\BattleGame\LandingPanel\BizzyBCupid4.jpg' error ()
[0061.25] Error: Failed to read file '..\..\BattleGame\LandingPanel\Fireworks33.jpg' error ()
[0061.25] Error: Failed to read file '..\..\BattleGame\LandingPanel\HercHunkulese.jpg' error ()
[0061.25] Error: Failed to read file '..\..\BattleGame\LandingPanel\MadameNoxLowerStore.jpg' error ()
[0061.25] Error: Failed to read file '..\..\BattleGame\LandingPanel\HeavenlyWarlord223.jpg' error ()
[0061.25] Error: Failed to read file '..\..\BattleGame\LandingPanel\TyrantRavana.jpg' error ()
[0061.25] Error: Failed to read file '..\..\BattleGame\LandingPanel\GodPackTest234.jpg' error ()
[0061.25] Error: Failed to read file '..\..\BattleGame\LandingPanel\GodPackTest234_thumb.jpg' error ()
[0061.26] Error: Failed to read file '..\..\BattleGame\LandingPanel\SizzyBSummerOfSmite22.jpg' error ()
[0061.26] Error: Failed to read file '..\..\BattleGame\LandingPanel\SizzyBSummerOfSmite22_thumb.jpg' error ()
[0061.26] Error: Failed to read file '..\..\BattleGame\LandingPanel\ReferAFriend22.jpg' error ()
[0061.26] Error: Failed to read file '..\..\BattleGame\LandingPanel\ReferAFriend22_thumb.jpg' error ()
[0061.26] Error: Failed to read file '..\..\BattleGame\LandingPanel\Ravana.jpg' error ()
[0061.26] Error: Failed to read file '..\..\BattleGame\LandingPanel\Ravana_thumb.jpg' error ()
[0061.26] Error: Failed to read file '..\..\BattleGame\LandingPanel\DoubleIndependance.jpg' error ()
[0061.26] Error: Failed to read file '..\..\BattleGame\LandingPanel\DoubleIndependance_thumb.jpg' error ()
[0061.26] Error: Failed to read file '..\..\BattleGame\LandingPanel\curse.jpg' error ()
[0061.26] Error: Failed to read file '..\..\BattleGame\LandingPanel\curse_thumb.jpg' error ()
[0061.26] Log: Team/Instance chat routed to Instance Server.
[0061.28] Log: Chat[9]: Appuyez sur ENTRÉE pour accéder à la discussion.
[0061.28] Log: RequestingChannelMembers ch[1] [kimicol a rejoint la discussion.]
[0062.11] Warning: Warning, Failed to load 'Font None.Arial Unicode MS': Failed to find object 'Font None.Arial Unicode MS'
[0094.65] Log: Chat[1]: Statut du clan : Tiny42SH
[0094.65] Log: ---- UpdateClanData
[0101.20] Log: ---- UpdateClanData
[0111.19] Log: SendChat[6] salut !
[0111.55] Log: Chat[6]: salut !
[0117.71] Log: ---- UpdateClanData
[0117.86] Log: ---- UpdateClanData
[0118.12] Log: GFx attempted to load missing object [MenuManager.undefined]
[0127.74] Log: ---- UpdateClanData
[0132.19] Warning: Warning, Failed to load 'Class None.None': Failed to find object 'Class None.None'
[0132.19] Warning: Warning, Failed to find object 'Class None.None'
[0132.20] Warning: Warning, Failed to load 'Class None.None': Failed to find object 'Class None.None'
[0132.20] Warning: Warning, Failed to find object 'Class None.None'
[0132.20] Warning: Warning, Failed to load 'Class None.None': Failed to find object 'Class None.None'
[0132.20] Warning: Warning, Failed to find object 'Class None.None'
[0132.20] Warning: Warning, Failed to load 'Class None.None': Failed to find object 'Class None.None'
[0132.20] Warning: Warning, Failed to find object 'Class None.None'
[0132.20] Warning: Warning, Failed to load 'Class None.None': Failed to find object 'Class None.None'
[0132.20] Warning: Warning, Failed to find object 'Class None.None'
[0154.96] TgSLO: Async Load: GOD_Geb
[0154.96] TgSLO: Async Load: GOD_Geb_Lobby
[0154.96] TgSLO: Async Load: FX_Geb
[0156.43] TgSLO: Finish Load: GOD_Geb
[0156.75] TgSLO: Finish Load: GOD_Geb_Lobby
[0157.79] TgSLO: Cancel Load: FX_Geb
[0178.86] TgSLO: Async Load: GOD_Ravana
[0178.86] TgSLO: Async Load: GOD_Ravana_Lobby
[0178.87] TgSLO: Async Load: FX_Ravana
[0179.81] TgSLO: Finish Load: GOD_Ravana
[0180.21] TgSLO: Finish Load: GOD_Ravana_Lobby
[0181.19] TgSLO: Finish Load: FX_Ravana
[0479.24] Log: Chat[9]: Vous avez rejoint une file d'attente.
[0533.96] Log: RequestingChannelMembers ch[3] [kimicol a rejoint la discussion.]
[0533.96] Log: RequestingChannelMembers ch[3] [Malkiax a quitté la discussion.]
[0538.26] Log: RequestingChannelMembers ch[3] [kimicol a rejoint la discussion.]
[0541.82] TgSLO: Async Load: GOD_Anubis_V2
[0541.82] TgSLO: Async Load: GOD_Anubis_V2_Lobby
[0541.82] TgSLO: Async Load: FX_Anubis_V2
[0541.82] TgSLO: Async Load: GOD_Anubis_V2_Skins
[0541.82] TgSLO: Async Load: FX_Anubis_Gold
[0541.82] TgSLO: Async Load: AUD_God_Anubis
[0541.82] TgSLO: Async Load: AnimNotify8292
[0543.08] TgSLO: Finish Load: GOD_Anubis_V2
[0543.22] TgSLO: Finish Load: GOD_Anubis_V2_Lobby
[0543.75] TgSLO: Finish Load: FX_Anubis_V2
[0543.80] TgSLO: Finish Load: GOD_Anubis_V2_Skins
[0544.01] TgSLO: Finish Load: FX_Anubis_Gold
[0544.94] TgSLO: Finish Load: AUD_God_Anubis
[0545.01] TgSLO: Finish Load: AnimNotify8292
[0548.39] TgSLO: Async Load: GOD_Ymir
[0548.39] TgSLO: Async Load: GOD_Ymir_Lobby
[0548.39] TgSLO: Async Load: FX_Ymir
[0549.83] TgSLO: Finish Load: GOD_Ymir
[0550.07] TgSLO: Finish Load: GOD_Ymir_Lobby
[0550.79] TgSLO: Finish Load: FX_Ymir
[0576.17] TgSLO: Async Load: GOD_Odin_V2
[0576.17] TgSLO: Async Load: GOD_Odin_V2_Lobby
[0576.18] TgSLO: Async Load: FX_Odin_V2
[0577.46] TgSLO: Finish Load: GOD_Odin_V2
[0577.73] TgSLO: Finish Load: GOD_Odin_V2_Lobby
[0578.30] TgSLO: Finish Load: FX_Odin_V2
[0587.15] DevNet: URL: Adding default option Team=255
[0587.15] Log: ReceiveChangeMap: mapGameId 1503
[0587.47] DevNet: URL: Adding default option Team=255
[0587.47] DevNet: Browse: 37.48.125.43:9082/lobbymap?GameState=OGS_NoSession?GameMode=0?name=Player?map_instance_id=167838345?Team=255
[0587.47] DevNet: Game client on port 9082, rate 25000
[0588.00] DevNet: Welcomed by server (Level: joust_v2_p, Game: TgGame.TgGame_Battle_Joust)
[0588.25] Log: LoadMap: 37.48.125.43:9082/joust_v2_p?GameState=OGS_NoSession?GameMode=0?name=Player?map_instance_id=167838345?Team=255?game=TgGame.TgGame_Battle_Joust
[0588.61] Log: Map Game ID = 0
[0588.61] Log: Map Instance ID = 126195522
[0588.64] Log: Performance: Critical section Lock/Unlock 26 nsec
[0588.64] Log: Performance:  appCycles 12 nsec
[0588.71] Log: Performance:  memCopy per KB 314 nsec
[0588.75] Log: Performance:  memZero per KB 197 nsec
[0588.76] Log: Performance:  appInterlockedIncrement 13 nsec
[0588.77] Log: Performance:  GetTickCount 5 nsec
[0600.32] TgSLO: Async Load: FX_Store_Items
[0600.32] TgSLO: Async Load: FX_Store_Items_Targeting
[0600.32] TgSLO: Async Load: FX_Status_Effects
[0600.32] TgSLO: Async Load: GOD_CommonMaterialEffects
[0600.32] TgSLO: Async Load: GOD_Common_AT
[0600.32] TgSLO: Async Load: AUD_VOX_Narrator
[0600.32] TgSLO: Async Load: NPC_Ward2
[0600.32] TgSLO: Async Load: FX_Buff_Belts_V2
[0600.32] TgSLO: Async Load: FX_Fist_Of_God_V2
[0600.32] TgSLO: Async Load: GOD_Anubis_V2
[0600.32] TgSLO: Async Load: GOD_Anubis_V2_Textures
[0600.32] TgSLO: Async Load: FX_Anubis_V2
[0600.32] TgSLO: Async Load: AUD_God_Anubis
[0600.32] TgSLO: Async Load: GOD_Bellona
[0600.32] TgSLO: Async Load: GOD_Bellona_Textures
[0600.32] TgSLO: Async Load: FX_Bellona
[0600.32] TgSLO: Async Load: AUD_God_Bellona
[0600.33] TgSLO: Async Load: NPC_Ward_Curse
[0600.33] TgSLO: Async Load: NPC_Ward_BobbleHead_Base
[0600.33] TgSLO: Async Load: NPC_Ward_Eyeballs
[0600.33] TgSLO: Async Load: FX_Common
[0600.33] TgSLO: Async Load: AUD_UI
[0600.33] TgSLO: Async Load: GOD_Loki
[0600.33] TgSLO: Async Load: GOD_Loki_Textures
[0600.33] TgSLO: Async Load: FX_Loki
[0600.33] TgSLO: Async Load: AUD_God_Loki
[0600.33] TgSLO: Async Load: GOD_Odin_V2
[0600.33] TgSLO: Async Load: GOD_Odin_V2_Textures
[0600.33] TgSLO: Async Load: FX_Odin_V2
[0600.33] TgSLO: Async Load: AUD_God_Odin
[0600.33] TgSLO: Async Load: FX_Odin_Targeting
[0600.33] TgSLO: Async Load: GOD_Anubis_V2_Skins
[0600.33] TgSLO: Async Load: FX_Anubis_Gold
[0600.33] TgSLO: Async Load: AnimNotify8292
[0600.33] TgSLO: Async Load: GOD_Ymir
[0600.33] TgSLO: Async Load: GOD_Ymir_Textures
[0600.33] TgSLO: Async Load: FX_Ymir
[0600.33] TgSLO: Async Load: FX_Ymir_Targeting
[0600.33] TgSLO: Async Load: AUD_God_Ymir
[0600.33] TgSLO: Async Load: Joust_Tower
[0600.33] TgSLO: Async Load: FX_Tower
[0600.33] TgSLO: Async Load: FX_Greek_Tower
[0600.33] TgSLO: Async Load: AUD_Tower
[0600.33] TgSLO: Async Load: NPC_Phoenix
[0600.33] TgSLO: Async Load: NPC_Phoenix_Textures
[0600.33] TgSLO: Async Load: FX_Phoenix
[0600.33] TgSLO: Async Load: AUD_NPC_Phoenix
[0600.33] TgSLO: Async Load: MDL_PseudoMesh
[0600.33] TgSLO: Async Load: NPC_Joust_Minion
[0600.33] TgSLO: Async Load: NPC_Joust_Minion_Textures
[0600.33] TgSLO: Async Load: NPC_Minion_Universal
[0600.33] TgSLO: Async Load: FX_Roman
[0600.33] TgSLO: Async Load: FX_Minion_Death
[0600.33] TgSLO: Async Load: AUD_NPC_RomanArcher
[0600.33] TgSLO: Async Load: AUD_NPC_Olympus
[0600.33] TgSLO: Async Load: NPC_Guardian_Female
[0600.34] TgSLO: Async Load: NPC_Guardian_Female_AT
[0600.34] TgSLO: Async Load: FX_Guardian_Female
[0600.34] TgSLO: Async Load: AUD_NPC_Guardian_Female
[0600.34] TgSLO: Async Load: NPC_Guardian_Male
[0600.34] TgSLO: Async Load: NPC_Guardian_Male_AT
[0600.34] TgSLO: Async Load: FX_Guardian_Male
[0600.34] TgSLO: Async Load: AUD_NPC_Guardian_Male
[0600.34] TgSLO: Async Load: NPC_Cyclops_V2
[0600.34] TgSLO: Async Load: FX_NPC_Cyclops_V2
[0600.34] TgSLO: Async Load: AUD_NPC_Cyclops
[0600.34] Log: Flushing async loaders.
[0600.39] TgSLO: Finish Load: FX_Store_Items
[0600.43] TgSLO: Finish Load: FX_Store_Items_Targeting
[0600.45] TgSLO: Finish Load: FX_Status_Effects
[0600.49] TgSLO: Finish Load: GOD_CommonMaterialEffects
[0600.50] TgSLO: Finish Load: GOD_Common_AT
[0600.66] TgSLO: Finish Load: AUD_VOX_Narrator
[0600.69] TgSLO: Finish Load: NPC_Ward2
[0600.75] TgSLO: Finish Load: FX_Buff_Belts_V2
[0600.77] TgSLO: Finish Load: FX_Fist_Of_God_V2
[0600.97] TgSLO: Finish Load: GOD_Anubis_V2
[0600.97] TgSLO: Finish Load: GOD_Anubis_V2_Textures
[0601.00] TgSLO: Finish Load: FX_Anubis_V2
[0601.07] TgSLO: Finish Load: AUD_God_Anubis
[0601.75] TgSLO: Finish Load: GOD_Bellona
[0601.76] TgSLO: Finish Load: GOD_Bellona_Textures
[0601.87] TgSLO: Finish Load: FX_Bellona
[0601.94] TgSLO: Finish Load: AUD_God_Bellona
[0602.01] TgSLO: Finish Load: NPC_Ward_Curse
[0602.01] TgSLO: Finish Load: NPC_Ward_BobbleHead_Base
[0602.07] TgSLO: Finish Load: NPC_Ward_Eyeballs
[0602.15] TgSLO: Finish Load: FX_Common
[0602.20] TgSLO: Finish Load: AUD_UI
[0602.54] TgSLO: Finish Load: GOD_Loki
[0602.56] TgSLO: Finish Load: GOD_Loki_Textures
[0602.60] TgSLO: Finish Load: FX_Loki
[0602.63] TgSLO: Finish Load: AUD_God_Loki
[0602.81] TgSLO: Finish Load: GOD_Odin_V2
[0602.81] TgSLO: Finish Load: GOD_Odin_V2_Textures
[0602.84] TgSLO: Finish Load: FX_Odin_V2
[0602.97] TgSLO: Finish Load: AUD_God_Odin
[0603.01] TgSLO: Finish Load: FX_Odin_Targeting
[0603.04] TgSLO: Finish Load: GOD_Anubis_V2_Skins
[0603.05] TgSLO: Finish Load: FX_Anubis_Gold
[0603.05] TgSLO: Finish Load: AnimNotify8292
[0603.23] TgSLO: Finish Load: GOD_Ymir
[0603.23] TgSLO: Finish Load: GOD_Ymir_Textures
[0603.30] TgSLO: Finish Load: FX_Ymir
[0603.31] TgSLO: Finish Load: FX_Ymir_Targeting
[0603.50] TgSLO: Finish Load: AUD_God_Ymir
[0603.76] TgSLO: Finish Load: Joust_Tower
[0603.76] TgSLO: Finish Load: FX_Tower
[0603.82] TgSLO: Finish Load: FX_Greek_Tower
[0603.93] TgSLO: Finish Load: AUD_Tower
[0604.05] TgSLO: Finish Load: NPC_Phoenix
[0604.08] TgSLO: Finish Load: NPC_Phoenix_Textures
[0604.08] TgSLO: Finish Load: FX_Phoenix
[0604.12] TgSLO: Finish Load: AUD_NPC_Phoenix
[0604.12] TgSLO: Finish Load: MDL_PseudoMesh
[0604.14] TgSLO: Finish Load: NPC_Joust_Minion
[0604.14] TgSLO: Finish Load: NPC_Joust_Minion_Textures
[0604.35] TgSLO: Finish Load: NPC_Minion_Universal
[0604.38] TgSLO: Finish Load: FX_Roman
[0604.38] TgSLO: Finish Load: FX_Minion_Death
[0604.43] TgSLO: Finish Load: AUD_NPC_RomanArcher
[0604.43] TgSLO: Finish Load: AUD_NPC_Olympus
[0604.74] TgSLO: Finish Load: NPC_Guardian_Female
[0604.74] TgSLO: Finish Load: NPC_Guardian_Female_AT
[0604.75] TgSLO: Finish Load: FX_Guardian_Female
[0604.75] TgSLO: Finish Load: AUD_NPC_Guardian_Female
[0605.01] TgSLO: Finish Load: NPC_Guardian_Male
[0605.01] TgSLO: Finish Load: NPC_Guardian_Male_AT
[0605.05] TgSLO: Finish Load: FX_Guardian_Male
[0605.06] TgSLO: Finish Load: AUD_NPC_Guardian_Male
[0605.28] TgSLO: Finish Load: NPC_Cyclops_V2
[0605.28] TgSLO: Finish Load: FX_NPC_Cyclops_V2
[0605.37] TgSLO: Finish Load: AUD_NPC_Cyclops
[0605.37] Log: Flushed async loaders.
[0605.38] Log: Primary PhysX scene will be in software.
[0605.38] Log: Creating Primary PhysX Scene.
[0605.41] Log: Bringing World joust_v2_p.TheWorld up for play (595) at 2015.07.06-17.21.43
[0605.41] Log: Skipping initialization of FSMPartPool!
[0605.41] Log: Bringing up level for play took: 0.047031
[0605.41] Warning: Warning, Failed to load 'Class None.': Failed to find object 'Class None.'
[0605.41] Warning: Warning, Failed to find object 'Class None.'
[0605.41] Log: PlayerController class for the pending level is PlayerController
[0605.42] Log: ########### Finished loading level: 17.160511 seconds
[0605.42] Log: Flushing async loaders.
[0612.38] Log: Flushed async loaders.
[0613.78] Log: ---- UpdateClanData
[0613.80] DevNet: TgPlayerController_1 setplayer TgLocalPlayer_0
[0615.15] Log: AttachToOwner - Socket (FX_ORIGIN_Origin) not found in owner mesh or its parent! (2702 to NONE)
[0615.17] Log: AttachToOwner - Socket (FX_ORIGIN_Origin) not found in owner mesh or its parent! (2702 to NONE)
[0615.17] Log: AttachToOwner - Socket (FX_ORIGIN_Origin) not found in owner mesh or its parent! (2702 to NONE)
[0615.18] Log: AttachToOwner - Socket (FX_ORIGIN_Origin) not found in owner mesh or its parent! (2702 to NONE)
[0615.18] Log: AttachToOwner - Socket (FX_ORIGIN_Origin) not found in owner mesh or its parent! (2702 to NONE)
[0615.19] Log: TeamIndex 2 has new leader: 6265582
[0615.19] Log: TeamIndex 1 has new leader: 6981540
[0615.19] Log: AttachToOwner - Socket (FX_ORIGIN_Origin) not found in owner mesh or its parent! (2702 to NONE)
[0615.42] Log: ActivateLevel joust_v2_crowd 1 1 0
[0615.42] Log: ActivateLevel joust_sound 1 1 0
[0615.42] Log: ActivateLevel joust_v2_p_assist 1 1 0
[0617.93] Warning: Warning, Failed to load 'Texture None.blah': Failed to find object 'Texture None.blah'
[0618.80] Log: Flushing async loaders.
[0618.83] Log: Flushed async loaders.
[0619.08] Log: Activated joust_v2_p_assist 1 1 0
[0629.57] Log: Requesting purchase of itemId (10043) amount (1)
[0632.76] Log: Requesting purchase of itemId (8711) amount (1)
[0640.69] Log: Requesting purchase of itemId (9025) amount (1)
[0642.71] Log: Requesting purchase of itemId (8134) amount (1)
[0643.04] Log: Requesting purchase of itemId (8134) amount (1)
[0644.48] Log: Requesting purchase of itemId (8135) amount (1)
[0663.55] Log: Chat[3]: Anubis dont you want mana camp?
[0670.45] Log: Chat[3]: [VVY] Oui !
[0684.10] Log: Chat[3]: [VVT] Merci !
[0718.79] Log: PUSHING Accolade: MRullon verse le Premier sang !, local: false
[0721.81] Log: PUSHING Accolade: , local: false
[0722.80] Log: Chat[3]: damn
[0745.06] Log: Requesting purchase of itemId (10040) amount (1)
[0747.56] Log: Requesting purchase of itemId (8134) amount (1)
[0756.49] Log: SendChat[3] ddd
[0756.61] Log: Chat[3]: ddd
[0780.70] Log: PUSHING Accolade: , local: false
[0782.29] Log: PUSHING Accolade: , local: false
[0783.79] Log: PUSHING Accolade: ASSISTÉ, local: true
[0787.43] Log: PUSHING Accolade: Malkiax a fait un doublé !, local: false
[0787.43] Log: Suppressing Accolade: 
[0788.02] Log: Chat[9]: Tuer MRullon vous a donné 200 XP et 441 pièces d'or.
[0788.93] Log: PUSHING Accolade: VICTIME, local: true
[0790.44] Log: PUSHING Accolade: ASSISTÉ, local: true
[0791.95] Log: PUSHING Accolade: DÉICIDE, local: true
[0796.76] Log: Chat[3]: [VVB] Je reviens !
[0799.37] Log: Chat[3]: [VVA] D'accord !
[0801.35] Log: Chat[3]: [VVM] Plus de mana !
[0807.27] Log: Requesting purchase of itemId (10044) amount (1)
[0814.62] Log: Requesting purchase of itemId (8712) amount (1)
[0836.25] Log: PUSHING Accolade: , local: false
[0853.91] Log: Chat[3]: [VVVR] Ultime prêt !
[0859.72] Log: Chat[9]: Tuer huevocat vous a donné 230 XP et 375 pièces d'or.
[0859.91] Log: PUSHING Accolade: VICTIME, local: true
[0861.43] Log: Expiring Accolade: Pepaljete a tué un joueur !
[0867.50] Log: Requesting purchase of itemId (8057) amount (1)
[0874.11] Warning: Warning, Failed to load 'Class None.None': Failed to find object 'Class None.None'
[0874.11] Warning: Warning, Failed to find object 'Class None.None'
[0892.64] Log: PUSHING Accolade: , local: false
[0920.66] Log: Chat[9]: Tuer huevocat vous a donné 230 XP et 348 pièces d'or.
[0920.86] Log: PUSHING Accolade: VICTIME, local: true
[0993.67] Log: Chat[3]: [VVB] Je reviens !
[1013.87] Log: Chat[3]: [VVM] Plus de mana !
[1021.42] Log: Requesting purchase of itemId (10203) amount (1)
[1021.56] Warning: Warning, Failed to load 'Class None.None': Failed to find object 'Class None.None'
[1021.56] Warning: Warning, Failed to find object 'Class None.None'
[1021.56] Warning: Warning, Failed to load 'Class None.None': Failed to find object 'Class None.None'
[1021.56] Warning: Warning, Failed to find object 'Class None.None'
[1025.27] Log: Requesting purchase of itemId (8134) amount (1)
[1025.43] Log: Requesting purchase of itemId (8134) amount (1)
[1027.08] Log: Requesting purchase of itemId (8135) amount (1)
[1027.25] Log: Requesting purchase of itemId (8135) amount (1)
[1080.07] Log: PUSHING Accolade: , local: false
[1113.67] Log: PUSHING Accolade: Malkiax fait une tuerie ! (x3), local: false
[1115.17] Log: PUSHING Accolade: ASSISTÉ, local: true
[1133.40] Log: PUSHING Accolade: , local: false
[1134.91] Log: PUSHING Accolade: ASSISTÉ, local: true
[1171.36] Log: PUSHING Accolade: Pepaljete a tué un joueur !, local: false
[1176.87] Log: Requesting purchase of itemId (9469) amount (1)
[1178.43] Log: Requesting purchase of itemId (10201) amount (1)
[1181.89] Log: Requesting purchase of itemId (8135) amount (1)
[1182.04] Log: Requesting purchase of itemId (8135) amount (1)
[1183.11] Log: Requesting purchase of itemId (8134) amount (1)
[1186.40] Log: PUSHING Accolade: , local: false
[1188.97] Log: PUSHING Accolade: , local: false
[1200.18] Log: SendChat[3] 
[1244.02] Log: PUSHING Accolade: , local: false
[1245.06] Log: ---- UpdateClanData
[1245.54] Log: PUSHING Accolade: ASSISTÉ, local: true
[1247.04] Log: Expiring Accolade: 
[1247.40] Log: Chat[9]: Tuer MRullon vous a donné 320 XP et 343 pièces d'or.
[1247.59] Log: PUSHING Accolade: VICTIME, local: true
[1269.21] Log: Chat[3]: damn they focus me
[1293.74] Log: ---- UpdateClanData
[1311.13] Log: PUSHING Accolade: , local: false
[1313.12] Log: Chat[3]: look that
[1334.68] Log: Chat[3]: [VVB] Je reviens !
[1342.16] Log: Chat[3]: Sorry :(r
[1348.72] Log: SendChat[3] you are not tank
[1348.82] Log: Chat[3]: you are not tank
[1352.93] Log: Requesting purchase of itemId (9497) amount (1)
[1355.25] Log: Requesting purchase of itemId (8135) amount (1)
[1356.82] Log: Requesting purchase of itemId (9026) amount (1)
[1371.22] Log: Chat[3]: yes i know but 3/7 :'(
[1374.15] Log: SendChat[3] 
[1493.08] Log: Chat[3]: [VVM] Plus de mana !
[1494.97] Log: Chat[3]: [VVB] Je reviens !
[1498.37] Log: Chat[3]: [VVA] D'accord !
[1532.22] Log: Chat[3]: [VVM] Plus de mana !
[1597.81] Log: PUSHING Accolade: Pepaljete fait une tuerie ! (x3), local: false
[1609.45] Log: Chat[3]: [VVB] Je reviens !
[1632.88] Log: Requesting purchase of itemId (8712) amount (1)
[1635.58] Log: Requesting purchase of itemId (9003) amount (1)
[1637.21] Log: Requesting purchase of itemId (8134) amount (1)
[1637.43] Log: Requesting purchase of itemId (8134) amount (1)
[1637.58] Log: AttachToOwner - Socket (WSO_Emit_01) not found in owner mesh or its parent! (1027 to NONE)
[1641.13] Log: Requesting purchase of itemId (8135) amount (1)
[1641.29] Log: Requesting purchase of itemId (8135) amount (1)
[1664.92] Log: Chat[3]: [VVVR] Ultime prêt !
[1697.07] Log: PUSHING Accolade: , local: false
[1699.18] Log: Chat[3]: DAMN LOKI
[1700.03] Log: Chat[3]: FK
[1713.08] Log: Chat[9]: Tuer MRullon vous a donné 440 XP et 478 pièces d'or.
[1713.26] Log: PUSHING Accolade: VICTIME, local: true
[1714.77] Log: PUSHING Accolade: Tower Dive, local: true
[1760.53] Log: Chat[3]: [VVVR] Ultime prêt !
[1781.21] Log: PUSHING Accolade: , local: false
[1782.72] Log: Expiring Accolade: 
[1782.72] Log: PUSHING Accolade: ASSISTÉ, local: true
[1788.69] Log: PUSHING Accolade: MRullon a fait un doublé !, local: false
[1788.69] Log: Suppressing Accolade: MRullon a tué un joueur !
[1793.33] Log: Chat[3]: [VVS] Désolé !
[1798.36] Log: Requesting purchase of itemId (8063) amount (1)
[1809.00] Log: Requesting purchase of itemId (11206) amount (1)
[1810.58] Log: Chat[3]: i feed :'(
[1814.83] Log: SendChat[3] 
[1815.83] Log: Chat[3]: im so bad :'(
[1832.85] Log: SendChat[3] you begin ?
[1832.97] Log: Chat[3]: you begin ?
[1849.78] Log: Chat[3]: i play really since 1 week
[1867.46] Log: PUSHING Accolade: , local: false
[1869.82] Log: PUSHING Accolade: , local: false
[1880.58] Log: Requesting purchase of itemId (8134) amount (1)
[1914.26] Log: PUSHING Accolade: MRullon fait une tuerie ! (x3), local: false
[1930.09] Log: Chat[9]: Tuer huevocat vous a donné 470 XP et 414 pièces d'or.
[1930.29] Log: PUSHING Accolade: VICTIME, local: true
[1931.92] Log: PUSHING Accolade: , local: false
[1978.60] Log: Requesting purchase of itemId (11204) amount (1)
[1980.10] Log: Requesting purchase of itemId (8134) amount (1)
[1980.28] Log: Requesting purchase of itemId (8134) amount (1)
[1981.40] Log: Requesting purchase of itemId (8135) amount (1)
[1981.58] Log: Requesting purchase of itemId (8135) amount (1)
[2012.96] Log: PUSHING Accolade: MRullon fait un massacre ! (x5), local: false
[2015.70] Log: Chat[3]: two shot
[2016.34] Log: Chat[3]: ok
[2016.96] Log: Chat[9]: Tuer Pepaljete vous a donné 500 XP et 422 pièces d'or.
[2017.16] Log: PUSHING Accolade: VICTIME, local: true
[2089.10] Log: PUSHING Accolade: , local: false
[2090.60] Log: Expiring Accolade: 
[2090.60] Log: PUSHING Accolade: ASSISTÉ, local: true
[2105.59] Log: PUSHING Accolade: , local: false
[2107.09] Log: PUSHING Accolade: ASSISTÉ, local: true
[2130.53] Log: PUSHING Accolade: DeyEagle a stoppé MRullon dans son élan, local: false
[2130.54] Log: Suppressing Accolade: 
[2132.04] Log: PUSHING Accolade: ASSISTÉ, local: true
[2133.55] Log: PUSHING Accolade: DÉICIDE, local: true
[2137.47] Log: AttachToOwner - Socket (WSO_Emit_01) not found in owner mesh or its parent! (1027 to NONE)
[2223.74] Log: PUSHING Accolade: , local: false
[2225.26] Log: PUSHING Accolade: ASSISTÉ, local: true
[2226.76] Log: Expiring Accolade: 
[2227.14] Log: Chat[3]: damn
[2232.19] Log: Chat[3]: [VVB] Je reviens !
[2242.67] Log: Requesting purchase of itemId (8134) amount (1)
[2242.81] Log: Requesting purchase of itemId (8134) amount (1)
[2243.83] Log: Requesting purchase of itemId (8135) amount (1)
[2243.98] Log: Requesting purchase of itemId (8135) amount (1)
[2262.29] Log: Chat[3]: we can win
[2300.39] Log: Chat[3]: Malkiax a acheté l'objet Maille mystique.
[2321.44] Log: PUSHING Accolade: , local: false
[2322.94] Log: PUSHING Accolade: ASSISTÉ, local: true
[2354.54] Log: PUSHING Accolade: , local: false
[2367.09] Log: Chat[3]: [VVB] Je reviens !
[2377.53] Log: Requesting purchase of itemId (8134) amount (1)
[2377.71] Log: Requesting purchase of itemId (8134) amount (1)
[2407.97] Log: PUSHING Accolade: , local: false
[2465.55] Log: PUSHING Accolade: , local: false
[2468.80] Log: Chat[3]: bellonnalow
[2473.76] Log: PUSHING Accolade: Pepaljete a tué un joueur !, local: false
[2476.40] Log: Chat[3]: [VVS] Désolé !
[2479.04] Log: Chat[3]: np
[2483.11] Log: Requesting purchase of itemId (8134) amount (1)
[2496.35] Log: SendChat[3] defend
[2496.44] Log: Chat[3]: defend
[2504.11] Log: PUSHING Accolade: , local: false
[2512.95] Log: SendChat[3] back
[2513.04] Log: Chat[3]: back
[2516.64] Log: PUSHING Accolade: MRullon fait une tuerie ! (x3), local: false
[2518.14] Log: PUSHING Accolade: DÉICIDE, local: true
[2532.48] Log: PUSHING Accolade: , local: false
[2534.24] Log: Chat[3]: damn
[2573.34] Log: ---- UpdateClanData
[2578.41] Log: ---- UpdateClanData
[2583.94] Log: Chat[9]: Tuer MRullon vous a donné 650 XP et 750 pièces d'or.
[2584.14] Log: PUSHING Accolade: VICTIME, local: true
[2603.90] Log: Chat[9]: Tuer huevocat vous a donné 620 XP et 490 pièces d'or.
[2604.10] Log: PUSHING Accolade: VICTIME, local: true
[2621.71] Log: Chat[9]: Tuer Pepaljete vous a donné 620 XP et 490 pièces d'or.
[2621.90] Log: PUSHING Accolade: TUERIE (X3), local: true
[2623.40] Log: PUSHING Accolade: VENGEANCE, local: true
[2624.91] Log: PUSHING Accolade: DÉICIDE, local: true
[2645.62] Log: PUSHING Accolade: PHÉNIX TUÉ, local: true
[2674.11] Log: PUSHING Accolade: MRullon a tué un joueur !, local: false
[2678.15] Log: Requesting purchase of itemId (8134) amount (1)
[2678.31] Log: Requesting purchase of itemId (8134) amount (1)
[2679.27] Log: Requesting purchase of itemId (8135) amount (1)
[2699.75] Log: Chat[6]: hey
[2705.82] Log: PUSHING Accolade: , local: false
[2723.08] Log: SendChat[6] bientot fini
[2723.45] Log: Chat[6]: bientot fini
[2777.12] Log: Chat[6]: ok
[2780.70] Log: PUSHING Accolade: MRullon fait une tuerie ! (x3), local: false
[2783.15] Log: Chat[3]: omfg
[2820.99] Log: PUSHING Accolade: , local: false
[2822.50] Log: PUSHING Accolade: ASSISTÉ, local: true
[2825.31] Log: PUSHING Accolade: Malkiax a fait un doublé !, local: false
[2825.31] Log: Suppressing Accolade: 
[2826.82] Log: PUSHING Accolade: ASSISTÉ, local: true
[2903.81] Log: Chat[9]: Tuer MRullon vous a donné 650 XP et 615 pièces d'or.
[2903.98] Log: PUSHING Accolade: VICTIME, local: true
[2905.49] Log: PUSHING Accolade: VENGEANCE, local: true
[2920.10] Log: Chat[9]: Tuer Pepaljete vous a donné 650 XP et 573 pièces d'or.
[2920.30] Log: PUSHING Accolade: VICTIME, local: true
[2932.55] Log: PUSHING Accolade: , local: false
[2936.27] Log: Chat[3]: [VVB] Je reviens !
[2946.38] Log: Requesting purchase of itemId (8134) amount (1)
[2946.55] Log: Requesting purchase of itemId (8134) amount (1)
[3024.58] Log: PUSHING Accolade: Malkiax fait une tuerie ! (x3), local: false
[3026.09] Log: PUSHING Accolade: ASSISTÉ, local: true
[3047.16] Log: PUSHING Accolade: , local: false
[3048.67] Log: PUSHING Accolade: ASSISTÉ, local: true
[3058.94] Log: ---- UpdateClanData
[3058.94] Log: ---- UpdateClanData
[3059.29] Log: ---- UpdateClanData
[3059.29] Log: ---- UpdateClanData
[3060.82] Log: Chat[3]: [VVGG] Belle partie !
[3061.47] Log: Chat[3]: gg
[3062.22] Log: Chat[3]: [VVGG] Belle partie !
[3062.68] Log: Chat[3]: [VVGG] Belle partie !
[3072.62] Log: ---- UpdateClanData
[3077.81] DevNet: URL: Adding default option Team=255
[3077.81] Log: ReceiveChangeMap: mapGameId 1447
[3077.81] Log: ---- UpdateClanData
[3077.81] Log: RequestingChannelMembers ch[3] [DeyEagle a quitté la discussion.]
[3077.82] DevNet: URL: Adding default option Team=255
[3077.82] DevNet: Browse: LobbyMap?game=TgClient.TgGameLaunch?GameState=OGS_NoSession?GameMode=0?name=Player?Team=255
[3078.74] Log: LoadMap: LobbyMap?game=TgClient.TgGameLaunch?GameState=OGS_NoSession?GameMode=0?name=Player?Team=255
[3078.82] NetComeGo: Close PComNetDriver_0 PComNetConn_0 37.48.125.43:9082 07/06/15 18:02:57
[3078.92] Exit: PComNetDriver_0 shut down
[3079.28] Log: Map Game ID = 0
[3079.28] Log: Map Instance ID = 126195522
[3079.31] Log: Performance: Critical section Lock/Unlock 25 nsec
[3079.31] Log: Performance:  appCycles 11 nsec
[3079.32] Log: Performance:  memCopy per KB 62 nsec
[3079.33] Log: Performance:  memZero per KB 55 nsec
[3079.34] Log: Performance:  appInterlockedIncrement 10 nsec
[3079.35] Log: Performance:  GetTickCount 4 nsec
[3079.35] Log: Game class is 'TgGameLaunch'
[3079.35] TgSLO: Async Load: GodSkins_Portraits_and_Icons
[3079.35] Log: Flushing async loaders.
[3079.47] TgSLO: Finish Load: GodSkins_Portraits_and_Icons
[3079.47] Log: Flushed async loaders.
[3079.52] Log: Primary PhysX scene will be in software.
[3079.52] Log: Creating Primary PhysX Scene.
[3079.52] Log: *** WARNING - PATHS MAY NOT BE VALID ***
[3079.52] Log: Bringing World lobbymap.TheWorld up for play (0) at 2015.07.06-18.02.57
[3079.52] Log: Skipping initialization of FSMPartPool!
[3079.59] Log: Bringing up level for play took: 0.121542
[3080.69] TgSLO: Async Load: GOD_Ymir
[3080.69] TgSLO: Async Load: GOD_Ymir_Lobby
[3080.69] TgSLO: Async Load: FX_Ymir
[3080.69] Log: Flushing async loaders.
[3080.85] TgSLO: Finish Load: GOD_Ymir
[3080.88] TgSLO: Finish Load: GOD_Ymir_Lobby
[3080.93] TgSLO: Finish Load: FX_Ymir
[3080.93] Log: Flushed async loaders.
[3080.93] Log: ########### Finished loading level: 2.192573 seconds
[3081.00] Log: Flushing async loaders.
[3081.22] Log: Flushed async loaders.
[3081.22] Log: RequestingChannelMembers ch[8] [kimicol a rejoint la discussion.]
[3081.77] Log: RequestingChannelMembers ch[8] [Malkiax a rejoint la discussion.]
[3089.86] Log: SendChat[8] gg guys !!
[3090.23] Log: Chat[8]: gg guys !!
[3090.23] Log: RequestingChannelMembers ch[8] [DeyEagle a quitté la discussion.]
[3096.94] Log: Chat[8]: yes! gg
[3100.23] Log: ---- UpdateClanData
[3106.68] Log: Chat[8]: gg tu puta madre
[3113.00] Log: Chat[9]: DeyEagle vous a déjà envoyé une demande d'amitié.
[3138.35] Log: RequestingChannelMembers ch[8] [huevocat a quitté la discussion.]
[3148.49] Log: RequestingChannelMembers ch[8] [MRullon a quitté la discussion.]
[3151.65] Log: RequestingChannelMembers ch[8] [Malkiax a quitté la discussion.]
[3156.75] Log: RequestingChannelMembers ch[8] [Pepaljete a quitté la discussion.]
[3175.28] Log: RequestingChannelMembers ch[4] [kimicol a rejoint la discussion.]
[3175.41] Log: ERROR: Attempting to log in without settings.
[3183.10] Log: SendChat[4] skype ?
[3183.46] Log: Chat[4]: skype ?
[3187.49] Log: Chat[4]: ok
[3199.59] Log: SendChat[4] je vais cherhcer des écouteurs
[3199.80] Log: Chat[4]: je vais cherhcer des écouteurs
[3326.23] Log: SendChat[4] bon j'ai pris un casque et il faut attendre que ça s'installe
[3326.59] Log: Chat[4]: bon j'ai pris un casque et il faut attendre que ça s'installe
[3576.28] Log: Chat[4]: .
[3585.58] Log: SendChat[4] moi je t'entends
[3585.95] Log: Chat[4]: moi je t'entends
[3614.78] Log: SendChat[4] bon attends une seconde, je vais prendre de vrais écouteurs
[3615.15] Log: Chat[4]: bon attends une seconde, je vais prendre de vrais écouteurs
[3697.23] Log: SendChat[4] tu m'entends toujours pas ?
[3697.60] Log: Chat[4]: tu m'entends toujours pas ?
[3748.98] Log: ---- UpdateClanData
[3755.73] Log: Chat[9]: Vous avez rejoint une file d'attente.
[3755.73] Log: Chat[4]: Yadavac a rejoint la file d'attente du groupe.
[3775.71] Log: ---- UpdateClanData
[3813.92] Log: RequestingChannelMembers ch[3] [kimicol a rejoint la discussion.]
[3828.81] TgSLO: Async Load: GOD_Anubis_V2
[3828.81] TgSLO: Async Load: GOD_Anubis_V2_Lobby
[3828.81] TgSLO: Async Load: FX_Anubis_V2_Skin3
[3828.81] TgSLO: Async Load: GOD_Anubis_V2_Skin3
[3828.81] TgSLO: Async Load: FX_Anubis_Targeting_Skin3
[3828.81] TgSLO: Async Load: AUD_God_Anubis
[3828.83] TgSLO: Async Load: AnimNotify9578
[3829.98] TgSLO: Finish Load: GOD_Anubis_V2
[3830.12] TgSLO: Finish Load: GOD_Anubis_V2_Lobby
[3830.63] TgSLO: Finish Load: FX_Anubis_V2_Skin3
[3830.80] TgSLO: Finish Load: GOD_Anubis_V2_Skin3
[3830.93] Log: Missing cached shader map for material FX_Anubis_Targeting_Skin3.Materials.FX_DeathGaze_STILL_MAT, quality 0, compiling.
[3830.93] Warning: Warning, Failed to compile Material FX_Anubis_Targeting_Skin3.Materials.FX_DeathGaze_STILL_MAT for platform PC-D3D-SM3, Default Material will be used in game.
[3830.94] TgSLO: Finish Load: FX_Anubis_Targeting_Skin3
[3831.90] TgSLO: Finish Load: AUD_God_Anubis
[3831.97] TgSLO: Finish Load: AnimNotify9578
[3868.51] TgSLO: Async Load: GOD_Fenrir
[3868.51] TgSLO: Async Load: GOD_Fenrir_Lobby
[3868.51] TgSLO: Async Load: FX_Fenrir
[3870.82] TgSLO: Finish Load: GOD_Fenrir
[3871.32] TgSLO: Async Load: GOD_AoKuang_V2
[3871.32] TgSLO: Async Load: GOD_AoKuang_V2_Lobby
[3871.32] TgSLO: Async Load: FX_AoKuang_V2
[3871.32] TgSLO: Async Load: GOD_AoKuang_V2_Skin1
[3871.33] TgSLO: Async Load: FX_AoKuang_V2_Lobby
[3871.35] TgSLO: Async Load: AnimNotify10739
[3871.36] TgSLO: Finish Load: GOD_Fenrir_Lobby
[3871.74] TgSLO: Finish Load: FX_Fenrir
[3871.75] Log: Flushing async loaders.
[3872.74] TgSLO: Finish Load: GOD_AoKuang_V2
[3872.96] TgSLO: Finish Load: GOD_AoKuang_V2_Lobby
[3873.05] TgSLO: Finish Load: FX_AoKuang_V2
[3873.08] TgSLO: Finish Load: GOD_AoKuang_V2_Skin1
[3873.10] TgSLO: Finish Load: FX_AoKuang_V2_Lobby
[3873.12] TgSLO: Finish Load: AnimNotify10739
[3873.12] Log: Flushed async loaders.
[3875.36] TgSLO: Async Load: GOD_Neith
[3875.41] TgSLO: Async Load: GOD_Neith_Lobby
[3875.41] TgSLO: Async Load: FX_Neith
[3877.92] TgSLO: Finish Load: GOD_Neith
[3878.79] TgSLO: Finish Load: GOD_Neith_Lobby
[3879.35] TgSLO: Finish Load: FX_Neith
[3891.55] TgSLO: Async Load: GOD_Scylla
[3891.60] TgSLO: Async Load: GOD_Scylla_Lobby
[3891.60] TgSLO: Async Load: FX_Scylla
[3894.10] TgSLO: Finish Load: GOD_Scylla
[3894.58] TgSLO: Finish Load: GOD_Scylla_Lobby
[3895.39] Log: Chat[3]: ymir
[3895.55] TgSLO: Finish Load: FX_Scylla
[3897.70] Log: Chat[3]: please
[3900.33] Log: Chat[3]: no
[3910.94] Log: Chat[3]: yess :D
[3919.61] DevNet: URL: Adding default option Team=255
[3919.61] Log: ReceiveChangeMap: mapGameId 1510
[3921.96] DevNet: URL: Adding default option Team=255
[3921.96] DevNet: Browse: 72.251.242.18:9211/lobbymap?GameState=OGS_NoSession?GameMode=0?name=Player?map_instance_id=167848769?Team=255
[3922.24] DevNet: Game client on port 9211, rate 25000
[3922.81] DevNet: Welcomed by server (Level: mayan_siege, Game: TgGame.TgGame_Battle_Conquest_Erez)
[3923.14] Log: LoadMap: 72.251.242.18:9211/mayan_siege?GameState=OGS_NoSession?GameMode=0?name=Player?map_instance_id=167848769?Team=255?game=TgGame.TgGame_Battle_Conquest_Erez
[3925.17] Log: Map Game ID = 0
[3925.17] Log: Map Instance ID = 126195522
[3925.20] Log: Performance: Critical section Lock/Unlock 28 nsec
[3925.20] Log: Performance:  appCycles 12 nsec
[3925.22] Log: Performance:  memCopy per KB 73 nsec
[3925.23] Log: Performance:  memZero per KB 60 nsec
[3925.24] Log: Performance:  appInterlockedIncrement 11 nsec
[3925.25] Log: Performance:  GetTickCount 4 nsec
[3938.73] TgSLO: Async Load: FX_Store_Items
[3938.73] TgSLO: Async Load: FX_Store_Items_Targeting
[3938.73] TgSLO: Async Load: FX_Status_Effects
[3938.73] TgSLO: Async Load: GOD_CommonMaterialEffects
[3938.73] TgSLO: Async Load: GOD_Common_AT
[3938.73] TgSLO: Async Load: AUD_VOX_Narrator
[3938.73] TgSLO: Async Load: NPC_Ward2
[3938.73] TgSLO: Async Load: FX_Buff_Belts_V2
[3938.73] TgSLO: Async Load: FX_Fist_Of_God_V2
[3938.76] TgSLO: Async Load: GOD_ZhongKui
[3938.76] TgSLO: Async Load: GOD_ZhongKui_Textures
[3938.80] TgSLO: Async Load: FX_ZhongKui
[3938.81] TgSLO: Async Load: AUD_God_ZhongKui
[3938.83] TgSLO: Async Load: NPC_Ward_DNL
[3938.83] TgSLO: Async Load: NPC_Ward_BobbleHead_Base
[3938.83] TgSLO: Async Load: NPC_Ward_Eyeballs
[3938.83] TgSLO: Async Load: FX_Common
[3938.83] TgSLO: Async Load: AUD_UI
[3938.83] TgSLO: Async Load: GOD_Bellona
[3938.83] TgSLO: Async Load: GOD_Bellona_Textures
[3938.83] TgSLO: Async Load: FX_Bellona
[3938.83] TgSLO: Async Load: AUD_God_Bellona
[3938.83] TgSLO: Async Load: GOD_Bellona_Skin1
[3938.84] TgSLO: Async Load: AUD_God_Ram
[3938.84] TgSLO: Async Load: GOD_Artemis
[3938.84] TgSLO: Async Load: GOD_Artemis_Textures
[3938.84] TgSLO: Async Load: FX_Artemis
[3938.84] TgSLO: Async Load: AUD_God_Artemis
[3938.85] TgSLO: Async Load: NPC_Ward_Manticore
[3938.86] TgSLO: Async Load: NPC_Ward_Thunderbolt
[3938.86] TgSLO: Async Load: GOD_Freya_V2_Skin3
[3938.86] TgSLO: Async Load: FX_Freya_Skin3
[3938.87] TgSLO: Async Load: AUD_God_Freya
[3938.87] TgSLO: Async Load: GOD_AoKuang_V2
[3938.87] TgSLO: Async Load: GOD_AoKuang_V2_Textures
[3938.87] TgSLO: Async Load: FX_AoKuang_V2
[3938.87] TgSLO: Async Load: AUD_God_AoKuang_V2
[3938.87] TgSLO: Async Load: GOD_AoKuang_V2_Skin1
[3938.87] TgSLO: Async Load: AnimNotify10739
[3938.87] TgSLO: Async Load: GOD_Neith
[3938.87] TgSLO: Async Load: GOD_Neith_Textures
[3938.87] TgSLO: Async Load: FX_Neith
[3938.87] TgSLO: Async Load: AUD_God_Neith
[3938.87] TgSLO: Async Load: FX_Emote_global_Fireworks_A
[3938.87] TgSLO: Async Load: GOD_Ymir
[3938.87] TgSLO: Async Load: GOD_Ymir_Textures
[3938.88] TgSLO: Async Load: FX_Ymir
[3938.88] TgSLO: Async Load: FX_Ymir_Targeting
[3938.88] TgSLO: Async Load: AUD_God_Ymir
[3938.88] TgSLO: Async Load: GOD_Scylla
[3938.88] TgSLO: Async Load: GOD_Scylla_Textures
[3938.88] TgSLO: Async Load: FX_Scylla
[3938.88] TgSLO: Async Load: AUD_God_Scylla
[3938.88] TgSLO: Async Load: NPC_Phoenix
[3938.88] TgSLO: Async Load: NPC_Phoenix_Textures
[3938.88] TgSLO: Async Load: FX_Phoenix
[3938.88] TgSLO: Async Load: AUD_NPC_Phoenix
[3938.88] TgSLO: Async Load: FX_Tower
[3938.88] TgSLO: Async Load: FX_Greek_Tower
[3938.88] TgSLO: Async Load: AUD_Tower
[3938.88] TgSLO: Async Load: MDL_PseudoMesh
[3938.88] TgSLO: Async Load: NPC_Greek_Tower
[3938.92] TgSLO: Async Load: NPC_Greek_Tower_Textures
[3938.93] TgSLO: Async Load: FX_Mayan_Tower
[3938.95] TgSLO: Async Load: NPC_Mayan_Towers
[3938.95] TgSLO: Async Load: NPC_Olympus
[3938.95] TgSLO: Async Load: AUD_NPC_Olympus
[3938.95] TgSLO: Async Load: NPC_Minion_Universal
[3938.95] TgSLO: Async Load: FX_Roman
[3938.95] TgSLO: Async Load: FX_Minion_Death
[3938.95] TgSLO: Async Load: AUD_NPC_RomanArcher
[3938.97] TgSLO: Async Load: NPC_Mayan_Minions
[3938.97] TgSLO: Async Load: NPC_Cyclops_V2
[3938.97] TgSLO: Async Load: FX_NPC_Cyclops_V2
[3938.97] TgSLO: Async Load: AUD_NPC_Cyclops
[3938.97] TgSLO: Async Load: FX_Greek_Tower_Old
[3938.97] TgSLO: Async Load: NPC_Guardian_Female
[3938.97] TgSLO: Async Load: NPC_Guardian_Female_AT
[3938.97] TgSLO: Async Load: FX_Guardian_Female
[3938.97] TgSLO: Async Load: AUD_NPC_Guardian_Female
[3938.97] TgSLO: Async Load: NPC_Guardian_Male
[3938.97] TgSLO: Async Load: NPC_Guardian_Male_AT
[3938.97] TgSLO: Async Load: FX_Guardian_Male
[3938.97] TgSLO: Async Load: AUD_NPC_Guardian_Male
[3938.97] TgSLO: Async Load: NPC_SiegeJuggernaut
[3938.99] TgSLO: Async Load: FX_SiegeJuggernaut
[3939.01] TgSLO: Async Load: AUD_NPC_SiegeJuggernaut
[3939.01] Log: Flushing async loaders.
[3939.06] TgSLO: Finish Load: FX_Store_Items
[3939.16] TgSLO: Finish Load: FX_Store_Items_Targeting
[3939.18] TgSLO: Finish Load: FX_Status_Effects
[3939.22] TgSLO: Finish Load: GOD_CommonMaterialEffects
[3939.24] TgSLO: Finish Load: GOD_Common_AT
[3939.41] TgSLO: Finish Load: AUD_VOX_Narrator
[3939.47] TgSLO: Finish Load: NPC_Ward2
[3939.53] TgSLO: Finish Load: FX_Buff_Belts_V2
[3939.56] TgSLO: Finish Load: FX_Fist_Of_God_V2
[3940.26] TgSLO: Finish Load: GOD_ZhongKui
[3940.27] TgSLO: Finish Load: GOD_ZhongKui_Textures
[3940.35] TgSLO: Finish Load: FX_ZhongKui
[3940.57] TgSLO: Finish Load: AUD_God_ZhongKui
[3940.69] TgSLO: Finish Load: NPC_Ward_DNL
[3940.69] TgSLO: Finish Load: NPC_Ward_BobbleHead_Base
[3940.87] TgSLO: Finish Load: NPC_Ward_Eyeballs
[3940.95] TgSLO: Finish Load: FX_Common
[3941.00] TgSLO: Finish Load: AUD_UI
[3941.92] TgSLO: Finish Load: GOD_Bellona
[3941.92] TgSLO: Finish Load: GOD_Bellona_Textures
[3942.25] TgSLO: Finish Load: FX_Bellona
[3942.34] TgSLO: Finish Load: AUD_God_Bellona
[3942.39] TgSLO: Finish Load: GOD_Bellona_Skin1
[3942.52] TgSLO: Finish Load: AUD_God_Ram
[3942.67] TgSLO: Finish Load: GOD_Artemis
[3942.70] TgSLO: Finish Load: GOD_Artemis_Textures
[3942.76] TgSLO: Finish Load: FX_Artemis
[3942.82] TgSLO: Finish Load: AUD_God_Artemis
[3942.95] TgSLO: Finish Load: NPC_Ward_Manticore
[3943.00] TgSLO: Finish Load: NPC_Ward_Thunderbolt
[3943.73] TgSLO: Finish Load: GOD_Freya_V2_Skin3
[3943.75] TgSLO: Finish Load: FX_Freya_Skin3
[3943.82] TgSLO: Finish Load: AUD_God_Freya
[3943.99] TgSLO: Finish Load: GOD_AoKuang_V2
[3944.01] TgSLO: Finish Load: GOD_AoKuang_V2_Textures
[3944.13] TgSLO: Finish Load: FX_AoKuang_V2
[3944.19] TgSLO: Finish Load: AUD_God_AoKuang_V2
[3944.20] TgSLO: Finish Load: GOD_AoKuang_V2_Skin1
[3944.21] TgSLO: Finish Load: AnimNotify10739
[3944.32] TgSLO: Finish Load: GOD_Neith
[3944.32] TgSLO: Finish Load: GOD_Neith_Textures
[3944.35] TgSLO: Finish Load: FX_Neith
[3944.60] TgSLO: Finish Load: AUD_God_Neith
[3944.63] TgSLO: Finish Load: FX_Emote_global_Fireworks_A
[3944.88] TgSLO: Finish Load: GOD_Ymir
[3944.89] TgSLO: Finish Load: GOD_Ymir_Textures
[3944.95] TgSLO: Finish Load: FX_Ymir
[3944.99] TgSLO: Finish Load: FX_Ymir_Targeting
[3945.17] TgSLO: Finish Load: AUD_God_Ymir
[3945.46] TgSLO: Finish Load: GOD_Scylla
[3945.47] TgSLO: Finish Load: GOD_Scylla_Textures
[3945.51] TgSLO: Finish Load: FX_Scylla
[3945.61] TgSLO: Finish Load: AUD_God_Scylla
[3945.81] TgSLO: Finish Load: NPC_Phoenix
[3945.84] TgSLO: Finish Load: NPC_Phoenix_Textures
[3945.86] TgSLO: Finish Load: FX_Phoenix
[3945.91] TgSLO: Finish Load: AUD_NPC_Phoenix
[3945.94] TgSLO: Finish Load: FX_Tower
[3946.02] TgSLO: Finish Load: FX_Greek_Tower
[3946.14] TgSLO: Finish Load: AUD_Tower
[3946.16] TgSLO: Finish Load: MDL_PseudoMesh
[3947.01] TgSLO: Finish Load: NPC_Greek_Tower
[3947.03] Warning: Warning, Failed to compile Material Instance NPC_Greek_Tower_Textures.MIC_Tower_Friendly with Base MAT_Tower_Optimized for platform PC-D3D-SM3, Default Material will be used in game.
[3947.03] TgSLO: Finish Load: NPC_Greek_Tower_Textures
[3947.08] TgSLO: Finish Load: FX_Mayan_Tower
[3947.23] TgSLO: Finish Load: NPC_Mayan_Towers
[3947.29] TgSLO: Finish Load: NPC_Olympus
[3947.33] TgSLO: Finish Load: AUD_NPC_Olympus
[3947.51] TgSLO: Finish Load: NPC_Minion_Universal
[3947.54] TgSLO: Finish Load: FX_Roman
[3947.55] TgSLO: Finish Load: FX_Minion_Death
[3947.58] TgSLO: Finish Load: AUD_NPC_RomanArcher
[3947.65] TgSLO: Finish Load: NPC_Mayan_Minions
[3947.96] TgSLO: Finish Load: NPC_Cyclops_V2
[3947.96] TgSLO: Finish Load: FX_NPC_Cyclops_V2
[3948.06] TgSLO: Finish Load: AUD_NPC_Cyclops
[3948.11] TgSLO: Finish Load: FX_Greek_Tower_Old
[3948.61] TgSLO: Finish Load: NPC_Guardian_Female
[3948.64] TgSLO: Finish Load: NPC_Guardian_Female_AT
[3948.65] TgSLO: Finish Load: FX_Guardian_Female
[3948.65] TgSLO: Finish Load: AUD_NPC_Guardian_Female
[3948.94] TgSLO: Finish Load: NPC_Guardian_Male
[3948.97] TgSLO: Finish Load: NPC_Guardian_Male_AT
[3949.00] TgSLO: Finish Load: FX_Guardian_Male
[3949.02] TgSLO: Finish Load: AUD_NPC_Guardian_Male
[3949.62] TgSLO: Finish Load: NPC_SiegeJuggernaut
[3949.71] TgSLO: Finish Load: FX_SiegeJuggernaut
[3949.72] TgSLO: Finish Load: AUD_NPC_SiegeJuggernaut
[3949.72] Log: Flushed async loaders.
[3949.76] Log: Primary PhysX scene will be in software.
[3949.76] Log: Creating Primary PhysX Scene.
[3949.84] Log: *** WARNING - PATHS MAY NOT BE VALID ***
[3949.84] Log: Bringing World mayan_siege.TheWorld up for play (595) at 2015.07.06-18.17.28
[3949.91] Log: Skipping initialization of FSMPartPool!
[3949.93] Log: Bringing up level for play took: 0.211585
[3949.93] Warning: Warning, Failed to load 'Class None.': Failed to find object 'Class None.'
[3949.93] Warning: Warning, Failed to find object 'Class None.'
[3949.93] Log: PlayerController class for the pending level is PlayerController
[3949.93] Log: ########### Finished loading level: 26.799397 seconds
[3949.94] Log: Flushing async loaders.
[3951.09] Log: Flushed async loaders.
[3951.51] Log: ---- UpdateClanData
[3951.52] DevNet: TgPlayerController_3 setplayer TgLocalPlayer_0
[3954.35] Log: AttachToOwner - Socket (FX_ORIGIN_Origin) not found in owner mesh or its parent! (2702 to NONE)
[3954.58] Log: AttachToOwner - Socket (CSO_FX_Origin_01) not found in owner mesh or its parent! (2958 to NONE)
[3954.58] Log: AttachToOwner - Socket (CSO_FX_Origin_01) not found in owner mesh or its parent! (2958 to NONE)
[3954.58] Log: AttachToOwner - Socket (FX_ORIGIN_Origin) not found in owner mesh or its parent! (2702 to NONE)
[3954.87] Log: AttachToOwner - Socket (FX_ORIGIN_Origin) not found in owner mesh or its parent! (2702 to NONE)
[3955.66] Log: AttachToOwner - Socket (CSO_FX_Origin_01) not found in owner mesh or its parent! (2958 to NONE)
[3955.66] Log: AttachToOwner - Socket (CSO_FX_Origin_01) not found in owner mesh or its parent! (2958 to NONE)
[3955.67] Log: AttachToOwner - Socket (CSO_FX_Origin_01) not found in owner mesh or its parent! (2958 to NONE)
[3955.68] Log: AttachToOwner - Socket (FX_ORIGIN_Origin) not found in owner mesh or its parent! (2702 to NONE)
[3956.02] Log: AttachToOwner - Socket (FX_ORIGIN_Origin) not found in owner mesh or its parent! (2702 to NONE)
[3957.72] Log: AttachToOwner - Socket (FX_ORIGIN_Origin) not found in owner mesh or its parent! (2702 to NONE)
[3957.74] Log: AttachToOwner - Socket (FX_ORIGIN_Origin) not found in owner mesh or its parent! (2702 to NONE)
[3957.74] Warning: Warning, Failed to load 'SkeletalMesh None.None': Failed to find object 'SkeletalMesh None.None'
[3957.74] ScriptWarning: Accessed None 'c_CloakMeshComponent'
	TgPawn_Freya_Pixel mayan_siege.TheWorld:PersistentLevel.TgPawn_Freya_Pixel_0
	Function TgGame.TgPawn_Freya:PostPawnSetup:0042
[3957.74] ScriptWarning: Accessed None
	TgPawn_Freya_Pixel mayan_siege.TheWorld:PersistentLevel.TgPawn_Freya_Pixel_0
	Function TgGame.TgPawn_Freya:PostPawnSetup:0056
[3957.97] Log: AttachToOwner - Socket (CSO_FX_Origin_01) not found in owner mesh or its parent! (2958 to NONE)
[3957.97] Log: TeamIndex 1 has new leader: 4294236
[3957.97] Log: AttachToOwner - Socket (CSO_FX_Origin_01) not found in owner mesh or its parent! (2958 to NONE)
[3957.97] Log: AttachToOwner - Socket (CSO_FX_Origin_01) not found in owner mesh or its parent! (2958 to NONE)
[3957.97] Log: AttachToOwner - Socket (FX_ORIGIN_Origin) not found in owner mesh or its parent! (2702 to NONE)
[3959.52] Log: ---- UpdateClanData
[3960.38] Log: Activated mayan_siege_assist 1 1 0
[3960.63] Log: ActivateLevel mayan_siege_assist 1 1 0
[3966.50] Log: TeamIndex 2 has new leader: 5868823
[3970.08] Warning: Warning, Failed to load 'Texture None.blah': Failed to find object 'Texture None.blah'
[3970.08] Warning: Warning, Failed to load 'Texture None.undefined': Failed to find object 'Texture None.undefined'
[3970.08] Warning: Warning, Failed to load 'Texture None.undefined': Failed to find object 'Texture None.undefined'
[3970.08] Warning: Warning, Failed to load 'Texture None.undefined': Failed to find object 'Texture None.undefined'
[3970.08] Warning: Warning, Failed to load 'Texture None.undefined': Failed to find object 'Texture None.undefined'
[3979.37] Log: Requesting purchase of itemId (10040) amount (1)
[3981.54] Log: Requesting purchase of itemId (8711) amount (1)
[3986.57] Log: Requesting purchase of itemId (8134) amount (1)
[3991.17] Log: Requesting purchase of itemId (9025) amount (1)
[4030.99] Log: SendChat[3] anyone ?
[4031.11] Log: Chat[3]: anyone ?
[4040.59] Log: Chat[3]: *
[4044.30] Log: Chat[3]: ?
[4049.94] Log: SendChat[3] 
[4074.91] Warning: GetSocketWorldLocationAndRotation : Could not find socket 'WSO_DemonSpawn_01' in 'SKL_GOD_ZhongKui'
[4086.34] Log: Chat[3]: thx
[4089.06] Warning: GetSocketWorldLocationAndRotation : Could not find socket 'WSO_DemonSpawn_01' in 'SKL_GOD_ZhongKui'
[4089.06] Warning: GetSocketWorldLocationAndRotation : Could not find socket 'WSO_DemonSpawn_01' in 'SKL_GOD_ZhongKui'
[4089.06] Warning: GetSocketWorldLocationAndRotation : Could not find socket 'WSO_DemonSpawn_01' in 'SKL_GOD_ZhongKui'
[4118.58] ScriptWarning: Accessed None 'HitActor'
	TgDeviceFire Transient.TgDeviceFire_335
	Function TgGame.TgDeviceFire:ApplyHit:033E
[4119.55] Log: PUSHING Accolade: Cezar1491 verse le Premier sang !, local: false
[4133.42] Warning: GetSocketWorldLocationAndRotation : Could not find socket 'WSO_DemonSpawn_01' in 'SKL_GOD_ZhongKui'
[4138.75] Log: Requesting purchase of itemId (10044) amount (1)
[4139.38] Log: PUSHING Accolade: , local: false
[4154.57] Warning: GetSocketWorldLocationAndRotation : Could not find socket 'WSO_DemonSpawn_01' in 'SKL_GOD_ZhongKui'
[4154.57] Warning: GetSocketWorldLocationAndRotation : Could not find socket 'WSO_DemonSpawn_01' in 'SKL_GOD_ZhongKui'
[4154.65] Warning: GetSocketWorldLocationAndRotation : Could not find socket 'WSO_DemonSpawn_01' in 'SKL_GOD_ZhongKui'
[4162.33] Log: PUSHING Accolade: , local: false
[4175.88] ScriptWarning: Accessed None 'HitActor'
	TgDeviceFire Transient.TgDeviceFire_337
	Function TgGame.TgDeviceFire:ApplyHit:033E
[4201.13] Log: Chat[3]: i with ymir?
[4209.68] Log: Chat[3]: [VVA] D'accord !
[4222.63] Log: PUSHING Accolade: , local: false
[4232.50] Log: PUSHING Accolade: , local: false
[4237.13] Log: Requesting purchase of itemId (8712) amount (1)
[4238.98] Log: Requesting purchase of itemId (8134) amount (1)
[4239.23] Log: PUSHING Accolade: Yadavac a fait un doublé !, local: false
[4239.23] Log: Suppressing Accolade: 
[4241.40] Log: Requesting purchase of itemId (8135) amount (1)
[4243.43] Log: Chat[3]: [VER] Quel talent !
[4248.55] Log: SendChat[3] 
[4274.07] Log: Chat[3]: [VEW] Woohoo !
[4275.38] Log: Chat[3]: [VEA] Formidable !
[4289.22] Log: PUSHING Accolade: , local: false
[4289.31] Warning: Attempting to attach NULL component to TgSkeletalMeshComponent_1560, socket CSO_FX_Cloak_01
[4290.57] ScriptWarning: Accessed None 'HitActor'
	TgDeviceFire Transient.TgDeviceFire_355
	Function TgGame.TgDeviceFire:ApplyHit:033E
[4291.49] Warning: GetSocketWorldLocationAndRotation : Could not find socket 'WSO_DemonSpawn_01' in 'SKL_GOD_ZhongKui'
[4291.57] Warning: GetSocketWorldLocationAndRotation : Could not find socket 'WSO_DemonSpawn_01' in 'SKL_GOD_ZhongKui'
[4291.57] Warning: GetSocketWorldLocationAndRotation : Could not find socket 'WSO_DemonSpawn_01' in 'SKL_GOD_ZhongKui'
[4291.57] Warning: GetSocketWorldLocationAndRotation : Could not find socket 'WSO_DemonSpawn_01' in 'SKL_GOD_ZhongKui'
[4293.16] Log: PUSHING Accolade: , local: false
[4303.36] Warning: GetSocketWorldLocationAndRotation : Could not find socket 'WSO_DemonSpawn_01' in 'SKL_GOD_ZhongKui'
[4303.36] Warning: GetSocketWorldLocationAndRotation : Could not find socket 'WSO_DemonSpawn_01' in 'SKL_GOD_ZhongKui'
[4303.36] Warning: GetSocketWorldLocationAndRotation : Could not find socket 'WSO_DemonSpawn_01' in 'SKL_GOD_ZhongKui'
[4303.36] Warning: GetSocketWorldLocationAndRotation : Could not find socket 'WSO_DemonSpawn_01' in 'SKL_GOD_ZhongKui'
[4317.28] Warning: GetSocketWorldLocationAndRotation : Could not find socket 'WSO_DemonSpawn_01' in 'SKL_GOD_ZhongKui'
[4317.28] Warning: GetSocketWorldLocationAndRotation : Could not find socket 'WSO_DemonSpawn_01' in 'SKL_GOD_ZhongKui'
[4317.35] Warning: GetSocketWorldLocationAndRotation : Could not find socket 'WSO_DemonSpawn_01' in 'SKL_GOD_ZhongKui'
[4319.07] ScriptWarning: Accessed None 'HitActor'
	TgDeviceFire Transient.TgDeviceFire_351
	Function TgGame.TgDeviceFire:ApplyHit:033E
[4331.80] Warning: GetSocketWorldLocationAndRotation : Could not find socket 'WSO_DemonSpawn_01' in 'SKL_GOD_ZhongKui'
[4331.80] Warning: GetSocketWorldLocationAndRotation : Could not find socket 'WSO_DemonSpawn_01' in 'SKL_GOD_ZhongKui'
[4331.80] Warning: GetSocketWorldLocationAndRotation : Could not find socket 'WSO_DemonSpawn_01' in 'SKL_GOD_ZhongKui'
[4331.80] Warning: GetSocketWorldLocationAndRotation : Could not find socket 'WSO_DemonSpawn_01' in 'SKL_GOD_ZhongKui'
[4341.40] Log: Chat[3]: [VR1] Retraite à gauche !
[4343.33] Log: PUSHING Accolade: Bucklf1pps a tué un joueur !, local: false
[4349.96] Log: Chat[3]: [VVS] Désolé !
[4352.79] Log: PUSHING Accolade: Yadavac fait une tuerie ! (x3), local: false
[4355.55] Log: Requesting purchase of itemId (8057) amount (1)
[4370.01] Log: Chat[3]: [VSD1] Je défends le chemin à gauche!
[4385.85] Log: Chat[3]: [VAA] Attaquez !
[4391.40] ScriptWarning: Accessed None 'HitActor'
	TgDeviceFire Transient.TgDeviceFire_369
	Function TgGame.TgDeviceFire:ApplyHit:033E
[4393.02] Warning: GetSocketWorldLocationAndRotation : Could not find socket 'WSO_DemonSpawn_01' in 'SKL_GOD_ZhongKui'
[4404.63] Log: PUSHING Accolade: , local: false
[4409.50] ScriptWarning: Accessed None 'HitActor'
	TgDeviceFire Transient.TgDeviceFire_374
	Function TgGame.TgDeviceFire:ApplyHit:033E
[4411.41] Log: Chat[3]: [VD3] Défendez à droite !
[4426.42] Warning: GetSocketWorldLocationAndRotation : Could not find socket 'WSO_DemonSpawn_01' in 'SKL_GOD_ZhongKui'
[4426.42] Warning: GetSocketWorldLocationAndRotation : Could not find socket 'WSO_DemonSpawn_01' in 'SKL_GOD_ZhongKui'
[4426.49] Warning: GetSocketWorldLocationAndRotation : Could not find socket 'WSO_DemonSpawn_01' in 'SKL_GOD_ZhongKui'
[4426.49] Warning: GetSocketWorldLocationAndRotation : Could not find socket 'WSO_DemonSpawn_01' in 'SKL_GOD_ZhongKui'
[4435.10] ScriptWarning: Accessed None 'HitActor'
	TgDeviceFire Transient.TgDeviceFire_367
	Function TgGame.TgDeviceFire:ApplyHit:033E
[4451.55] ScriptWarning: Accessed None 'HitActor'
	TgDeviceFire Transient.TgDeviceFire_379
	Function TgGame.TgDeviceFire:ApplyHit:033E
[4453.81] Warning: GetSocketWorldLocationAndRotation : Could not find socket 'WSO_DemonSpawn_01' in 'SKL_GOD_ZhongKui'
[4453.81] Warning: GetSocketWorldLocationAndRotation : Could not find socket 'WSO_DemonSpawn_01' in 'SKL_GOD_ZhongKui'
[4453.89] Warning: GetSocketWorldLocationAndRotation : Could not find socket 'WSO_DemonSpawn_01' in 'SKL_GOD_ZhongKui'
[4480.00] Warning: GetSocketWorldLocationAndRotation : Could not find socket 'WSO_DemonSpawn_01' in 'SKL_GOD_ZhongKui'
[4480.08] Warning: GetSocketWorldLocationAndRotation : Could not find socket 'WSO_DemonSpawn_01' in 'SKL_GOD_ZhongKui'
[4480.08] Warning: GetSocketWorldLocationAndRotation : Could not find socket 'WSO_DemonSpawn_01' in 'SKL_GOD_ZhongKui'
[4480.08] Warning: GetSocketWorldLocationAndRotation : Could not find socket 'WSO_DemonSpawn_01' in 'SKL_GOD_ZhongKui'
[4482.29] ScriptWarning: Accessed None 'HitActor'
	TgDeviceFire Transient.TgDeviceFire_376
	Function TgGame.TgDeviceFire:ApplyHit:033E
[4495.74] Warning: GetSocketWorldLocationAndRotation : Could not find socket 'WSO_DemonSpawn_01' in 'SKL_GOD_ZhongKui'
[4497.17] Log: Requesting purchase of itemId (10201) amount (1)
[4499.88] Log: Requesting purchase of itemId (9026) amount (1)
[4501.59] Log: PUSHING Accolade: , local: false
[4513.79] Log: PUSHING Accolade: , local: false
[4521.05] Log: PUSHING Accolade: KnutSkywalker a fait un doublé !, local: false
[4521.05] Log: Suppressing Accolade: KnutSkywalker fait une tuerie ! (x3)
[4525.49] Log: Chat[3]: [VRR] Reculez !
[4526.18] Log: Chat[3]: [VRR] Reculez !
[4526.84] Log: Chat[3]: [VRR] Reculez !
[4527.48] Log: Chat[3]: [VRR] Reculez !
[4549.24] Log: Chat[3]: [VG1] Gankez à gauche !
[4550.29] Log: Chat[3]: [VG1] Gankez à gauche !
[4555.23] Log: Chat[3]: [VSGG] Je fais une attaque surprise!
[4563.47] Warning: Attempting to attach NULL component to TgSkeletalMeshComponent_1560, socket CSO_FX_Cloak_01
[4563.49] Log: Chat[3]: [VEA] Formidable !
[4565.03] Warning: GetSocketWorldLocationAndRotation : Could not find socket 'WSO_DemonSpawn_01' in 'SKL_GOD_ZhongKui'
[4565.03] Warning: GetSocketWorldLocationAndRotation : Could not find socket 'WSO_DemonSpawn_01' in 'SKL_GOD_ZhongKui'
[4568.70] Warning: Attempting to attach NULL component to TgSkeletalMeshComponent_1560, socket CSO_FX_Cloak_01
[4569.08] Log: PUSHING Accolade: , local: false
[4570.58] Log: PUSHING Accolade: ASSISTÉ, local: true
[4589.23] Log: Requesting purchase of itemId (10203) amount (1)
[4598.42] Log: PUSHING Accolade: , local: false
[4610.13] Warning: Attempting to detach NULL component from TgSkeletalMeshComponent_1560
[4619.78] Warning: GetSocketWorldLocationAndRotation : Could not find socket 'WSO_DemonSpawn_01' in 'SKL_GOD_ZhongKui'
[4630.75] Log: PUSHING Accolade: KnutSkywalker fait un massacre ! (x5), local: false
[4637.21] ScriptWarning: Accessed None 'HitActor'
	TgDeviceFire Transient.TgDeviceFire_393
	Function TgGame.TgDeviceFire:ApplyHit:033E
[4647.28] Log: Chat[3]: [VR3] Retraite à droite !
[4649.58] Log: Chat[3]: [VR3] Retraite à droite !
[4654.92] ScriptWarning: Accessed None 'HitActor'
	TgDeviceFire Transient.TgDeviceFire_394
	Function TgGame.TgDeviceFire:ApplyHit:033E
[4662.82] Log: PUSHING Accolade: , local: false
[4665.47] Log: Chat[3]: [VFF] Ennemi manquant !
[4667.82] Log: Chat[3]: [VC1] Attention à gauche !
[4675.17] Log: Chat[3]: [VA1] Attaquez à gauche !
[4676.51] Log: Chat[3]: [VA1] Attaquez à gauche !
[4683.26] Log: Chat[3]: omg
[4690.81] Log: Chat[3]: [VDD] Défendez !
[4691.92] Warning: Attempting to attach NULL component to TgSkeletalMeshComponent_1560, socket CSO_FX_Cloak_01
[4708.20] Log: Requesting purchase of itemId (9469) amount (1)
[4710.38] Log: Requesting purchase of itemId (8134) amount (1)
[4717.28] Warning: GetSocketWorldLocationAndRotation : Could not find socket 'WSO_DemonSpawn_01' in 'SKL_GOD_ZhongKui'
[4717.34] Warning: GetSocketWorldLocationAndRotation : Could not find socket 'WSO_DemonSpawn_01' in 'SKL_GOD_ZhongKui'
[4717.34] Warning: GetSocketWorldLocationAndRotation : Could not find socket 'WSO_DemonSpawn_01' in 'SKL_GOD_ZhongKui'
[4718.37] Log: Chat[3]: [VD3] Défendez à droite !
[4720.90] Log: PUSHING Accolade: , local: false
[4722.42] Log: PUSHING Accolade: , local: false
[4729.82] Log: Chat[3]: [VDD] Défendez !
[4730.38] Log: Chat[3]: [VDD] Défendez !
[4730.81] Log: Chat[3]: [VD1] Défendez à gauche !
[4731.01] Log: Chat[3]: [VDD] Défendez !
[4735.27] Warning: GetSocketWorldLocationAndRotation : Could not find socket 'WSO_DemonSpawn_01' in 'SKL_GOD_ZhongKui'
[4735.29] Warning: GetSocketWorldLocationAndRotation : Could not find socket 'WSO_DemonSpawn_01' in 'SKL_GOD_ZhongKui'
[4735.29] Warning: GetSocketWorldLocationAndRotation : Could not find socket 'WSO_DemonSpawn_01' in 'SKL_GOD_ZhongKui'
[4735.31] Warning: GetSocketWorldLocationAndRotation : Could not find socket 'WSO_DemonSpawn_01' in 'SKL_GOD_ZhongKui'
[4738.82] Log: PUSHING Accolade: Bucklf1pps fait une tuerie ! (x3), local: false
[4741.47] Log: Chat[3]: rebeca99 a lancé un vote de reddition.  Tapez /surrender (F6) pour voter OUI, /nosurrender (F7) pour voter NON.
[4748.37] Log: Chat[3]: f6
[4748.67] Log: Chat[9]: Vous avez voté CONTRE la reddition.
[4748.75] Log: Chat[3]: Votre équipe a refusé de capituler (2 contre 2) !
[4756.74] Log: PUSHING Accolade: MASTODONTE DE SIÈGE TUÉ, local: true
[4758.74] Log: Chat[3]: [VER] Quel talent !
[4759.25] Warning: GetSocketWorldLocationAndRotation : Could not find socket 'WSO_DemonSpawn_01' in 'SKL_GOD_ZhongKui'
[4759.56] Log: PUSHING Accolade: Cezar1491 a tué un joueur !, local: false
[4761.08] Log: PUSHING Accolade: DÉICIDE, local: true
[4775.80] Warning: GetSocketWorldLocationAndRotation : Could not find socket 'WSO_DemonSpawn_01' in 'SKL_GOD_ZhongKui'
[4778.02] Log: PUSHING Accolade: , local: false
[4790.70] Warning: Attempting to attach NULL component to TgSkeletalMeshComponent_1560, socket CSO_FX_Cloak_01
[4794.64] Log: PUSHING Accolade: rebeca99 a stoppé KnutSkywalker dans son élan, local: false
[4794.65] Log: Suppressing Accolade: 
[4797.80] Warning: Attempting to attach NULL component to TgSkeletalMeshComponent_1560, socket CSO_FX_Cloak_01
[4798.10] Log: PUSHING Accolade: , local: false
[4811.32] Log: Requesting purchase of itemId (10201) amount (1)
[4814.60] Log: Chat[3]: [VAA] Attaquez !
[4822.39] Log: Chat[3]: [VA1] Attaquez à gauche !
[4823.14] Log: Chat[3]: [VA1] Attaquez à gauche !
[4824.00] Log: Chat[3]: [VA1] Attaquez à gauche !
[4825.60] Log: Chat[3]: [VSA3] Jattaque le chemin à droite!
[4825.84] ScriptWarning: Accessed None 'HitActor'
	TgDeviceFire Transient.TgDeviceFire_418
	Function TgGame.TgDeviceFire:ApplyHit:033E
[4833.09] Log: Chat[3]: [VVP] S'il-vous plaît ?
[4833.89] Log: Chat[3]: [VVP] S'il-vous plaît ?
[4834.75] Log: Chat[3]: [VVP] S'il-vous plaît ?
[4835.50] Log: Chat[3]: [VVP] S'il-vous plaît ?
[4845.15] Warning: Attempting to detach NULL component from TgSkeletalMeshComponent_1560
[4845.37] Warning: GetSocketWorldLocationAndRotation : Could not find socket 'WSO_DemonSpawn_01' in 'SKL_GOD_ZhongKui'
[4845.37] Warning: GetSocketWorldLocationAndRotation : Could not find socket 'WSO_DemonSpawn_01' in 'SKL_GOD_ZhongKui'
[4852.49] Log: PUSHING Accolade: , local: false
[4854.89] Log: Chat[3]: ****
[4855.20] Log: PUSHING Accolade: , local: false
[4882.79] Log: PUSHING Accolade: , local: false
[4882.97] Warning: GetSocketWorldLocationAndRotation : Could not find socket 'WSO_DemonSpawn_01' in 'SKL_GOD_ZhongKui'
[4886.00] Log: Chat[3]: rebeca99 a acheté l'objet Garde.
[4892.89] Log: Chat[3]: ****
[4901.04] Log: Chat[3]: [VER] Quel talent !
[4904.50] Log: PUSHING Accolade: Yadavac fait une tuerie ! (x3), local: false
[4905.99] Log: PUSHING Accolade: ASSISTÉ, local: true
[4906.48] Log: Chat[3]: [VER] Quel talent !
[4910.28] Log: Chat[3]: [VAA] Attaquez !
[4922.44] Log: Chat[3]: [VRR] Reculez !
[4928.84] Log: PUSHING Accolade: , local: false
[4930.84] Warning: Attempting to attach NULL component to TgSkeletalMeshComponent_1560, socket CSO_FX_Cloak_01
[4932.84] Log: PUSHING Accolade: MASTODONTE SAUVAGE TUÉ, local: true
[4941.61] Log: Requesting purchase of itemId (9496) amount (1)
[4949.04] Log: Chat[3]: scylla shut up man
[4954.82] Warning: GetSocketWorldLocationAndRotation : Could not find socket 'WSO_DemonSpawn_01' in 'SKL_GOD_ZhongKui'
[4954.82] Warning: GetSocketWorldLocationAndRotation : Could not find socket 'WSO_DemonSpawn_01' in 'SKL_GOD_ZhongKui'
[4954.82] Warning: GetSocketWorldLocationAndRotation : Could not find socket 'WSO_DemonSpawn_01' in 'SKL_GOD_ZhongKui'
[4954.82] Warning: GetSocketWorldLocationAndRotation : Could not find socket 'WSO_DemonSpawn_01' in 'SKL_GOD_ZhongKui'
[4954.82] Warning: GetSocketWorldLocationAndRotation : Could not find socket 'WSO_DemonSpawn_01' in 'SKL_GOD_ZhongKui'
[4963.19] Log: Chat[3]: quiet noob
[4967.34] Warning: GetSocketWorldLocationAndRotation : Could not find socket 'WSO_DemonSpawn_01' in 'SKL_GOD_ZhongKui'
[4967.42] Warning: GetSocketWorldLocationAndRotation : Could not find socket 'WSO_DemonSpawn_01' in 'SKL_GOD_ZhongKui'
[4988.02] Warning: GetSocketWorldLocationAndRotation : Could not find socket 'WSO_DemonSpawn_01' in 'SKL_GOD_ZhongKui'
[4988.09] Warning: GetSocketWorldLocationAndRotation : Could not find socket 'WSO_DemonSpawn_01' in 'SKL_GOD_ZhongKui'
[4988.09] Warning: GetSocketWorldLocationAndRotation : Could not find socket 'WSO_DemonSpawn_01' in 'SKL_GOD_ZhongKui'
[4996.74] Log: PUSHING Accolade: , local: false
[4998.24] Log: PUSHING Accolade: ASSISTÉ, local: true
[5002.18] Log: PUSHING Accolade: , local: false
[5004.21] Log: PUSHING Accolade: Yadavac a fait un doublé !, local: false
[5004.21] Log: Suppressing Accolade: Yadavac fait un massacre ! (x5)
[5005.71] Log: PUSHING Accolade: ASSISTÉ, local: true
[5024.22] Log: ---- UpdateClanData
[5029.51] Log: ---- UpdateClanData
[5036.46] Warning: Attempting to attach NULL component to TgSkeletalMeshComponent_1560, socket CSO_FX_Cloak_01
[5038.26] Log: PUSHING Accolade: , local: false
[5041.03] Log: Chat[3]: FangYou a lancé un vote de reddition.  Tapez /surrender (F6) pour voter OUI, /nosurrender (F7) pour voter NON.
[5047.53] Log: PUSHING Accolade: , local: false
[5047.76] Warning: GetSocketWorldLocationAndRotation : Could not find socket 'WSO_DemonSpawn_01' in 'SKL_GOD_ZhongKui'
[5049.04] Log: PUSHING Accolade: Cezar1491 fait une tuerie ! (x3), local: false
[5049.04] Log: Suppressing Accolade: Cezar1491 a stoppé Yadavac dans son élan
[5049.33] Log: Chat[9]: Vous avez voté CONTRE la reddition.
[5049.41] Log: Chat[3]: Votre équipe a refusé de capituler (1 contre 2) !
[5050.54] Log: PUSHING Accolade: ASSISTÉ, local: true
[5051.77] Log: Chat[3]: f6 please
[5055.46] Log: Requesting purchase of itemId (9497) amount (1)
[5080.96] ScriptWarning: Accessed None 'HitActor'
	TgDeviceFire Transient.TgDeviceFire_452
	Function TgGame.TgDeviceFire:ApplyHit:033E
[5081.79] Log: PUSHING Accolade: , local: false
[5089.22] Log: Requesting purchase of itemId (8711) amount (1)
[5090.94] Log: Requesting purchase of itemId (8134) amount (1)
[5095.76] Log: PUSHING Accolade: , local: false
[5097.87] Log: PUSHING Accolade: , local: false
[5113.75] ScriptWarning: Accessed None 'HitActor'
	TgDeviceFire Transient.TgDeviceFire_447
	Function TgGame.TgDeviceFire:ApplyHit:033E
[5124.14] Warning: GetSocketWorldLocationAndRotation : Could not find socket 'WSO_DemonSpawn_01' in 'SKL_GOD_ZhongKui'
[5124.14] Warning: GetSocketWorldLocationAndRotation : Could not find socket 'WSO_DemonSpawn_01' in 'SKL_GOD_ZhongKui'
[5162.41] Warning: GetSocketWorldLocationAndRotation : Could not find socket 'WSO_DemonSpawn_01' in 'SKL_GOD_ZhongKui'
[5166.65] Log: PUSHING Accolade: , local: false
[5176.41] Warning: GetSocketWorldLocationAndRotation : Could not find socket 'WSO_DemonSpawn_01' in 'SKL_GOD_ZhongKui'
[5178.20] Log: PUSHING Accolade: , local: false
[5195.85] Warning: GetSocketWorldLocationAndRotation : Could not find socket 'WSO_DemonSpawn_01' in 'SKL_GOD_ZhongKui'
[5205.04] Log: Chat[3]: [VRR] Reculez !
[5210.00] Warning: GetSocketWorldLocationAndRotation : Could not find socket 'WSO_DemonSpawn_01' in 'SKL_GOD_ZhongKui'
[5222.24] Warning: Attempting to attach NULL component to TgSkeletalMeshComponent_1560, socket CSO_FX_Cloak_01
[5229.91] Log: PUSHING Accolade: Cezar1491 a tué un joueur !, local: false
[5231.75] Log: Chat[3]: [VVS] Désolé !
[5235.56] Log: Requesting purchase of itemId (8712) amount (1)
[5238.44] Log: PUSHING Accolade: , local: false
[5238.75] Warning: GetSocketWorldLocationAndRotation : Could not find socket 'WSO_DemonSpawn_01' in 'SKL_GOD_ZhongKui'
[5242.08] Log: Chat[3]: rebeca99 a acheté l'objet Garde.
[5269.94] Log: Requesting purchase of itemId (8063) amount (1)
[5273.27] Log: PUSHING Accolade: , local: false
[5279.28] Log: PUSHING Accolade: MASTODONTE DE SIÈGE TUÉ, local: true
[5283.32] Log: PUSHING Accolade: , local: false
[5321.53] Warning: Attempting to attach NULL component to TgSkeletalMeshComponent_1560, socket CSO_FX_Cloak_01
[5327.64] Log: Chat[3]: [VVB] Je reviens !
[5373.44] Warning: GetSocketWorldLocationAndRotation : Could not find socket 'WSO_DemonSpawn_01' in 'SKL_GOD_ZhongKui'
[5373.44] Warning: GetSocketWorldLocationAndRotation : Could not find socket 'WSO_DemonSpawn_01' in 'SKL_GOD_ZhongKui'
[5373.50] Warning: GetSocketWorldLocationAndRotation : Could not find socket 'WSO_DemonSpawn_01' in 'SKL_GOD_ZhongKui'
[5380.65] Log: PUSHING Accolade: Cezar1491 fait un massacre ! (x5), local: false
[5392.82] Log: PUSHING Accolade: KnutSkywalker a tué un joueur !, local: false
[5393.26] Warning: GetSocketWorldLocationAndRotation : Could not find socket 'WSO_DemonSpawn_01' in 'SKL_GOD_ZhongKui'
[5393.28] Warning: GetSocketWorldLocationAndRotation : Could not find socket 'WSO_DemonSpawn_01' in 'SKL_GOD_ZhongKui'
[5395.22] Log: PUSHING Accolade: , local: false
[5400.22] Log: ---- UpdateClanData
[5403.67] Log: Requesting purchase of itemId (10209) amount (1)
[5415.20] Warning: GetSocketWorldLocationAndRotation : Could not find socket 'WSO_DemonSpawn_01' in 'SKL_GOD_ZhongKui'
[5415.20] Warning: GetSocketWorldLocationAndRotation : Could not find socket 'WSO_DemonSpawn_01' in 'SKL_GOD_ZhongKui'
[5415.27] Warning: GetSocketWorldLocationAndRotation : Could not find socket 'WSO_DemonSpawn_01' in 'SKL_GOD_ZhongKui'
[5427.73] Log: Requesting purchase of itemId (8134) amount (1)
[5428.63] Log: Requesting purchase of itemId (8135) amount (1)
[5439.58] Log: Chat[3]: 3-10 1mpossibel
[5440.27] Warning: GetSocketWorldLocationAndRotation : Could not find socket 'WSO_DemonSpawn_01' in 'SKL_GOD_ZhongKui'
[5441.16] Log: PUSHING Accolade: rebeca99 fait une tuerie ! (x3), local: false
[5450.43] Warning: GetSocketWorldLocationAndRotation : Could not find socket 'WSO_DemonSpawn_01' in 'SKL_GOD_ZhongKui'
[5452.71] Log: PUSHING Accolade: MASTODONTE DE SIÈGE TUÉ, local: true
[5458.41] Warning: Attempting to attach NULL component to TgSkeletalMeshComponent_1560, socket CSO_FX_Cloak_01
[5472.46] Log: PUSHING Accolade: , local: false
[5473.98] Log: PUSHING Accolade: , local: false
[5475.48] Log: PUSHING Accolade: ASSISTÉ, local: true
[5476.99] Log: PUSHING Accolade: ASSISTÉ, local: true
[5485.41] Log: PUSHING Accolade: , local: false
[5486.92] Warning: Attempting to attach NULL component to TgSkeletalMeshComponent_1560, socket CSO_FX_Cloak_01
[5487.21] Log: PUSHING Accolade: Yadavac a stoppé Cezar1491 dans son élan, local: false
[5487.21] Log: Suppressing Accolade: 
[5488.72] Log: PUSHING Accolade: ASSISTÉ, local: true
[5490.22] Log: PUSHING Accolade: DÉICIDE, local: true
[5494.17] Log: Chat[3]: [VA3] Attaquez à droite !
[5496.35] Log: Chat[3]: [VD1] Défendez à gauche !
[5499.31] Log: Chat[3]: [VVX] Annule ça !
[5507.00] Log: PUSHING Accolade: , local: false
[5512.51] Log: Chat[3]: yess
[5513.00] Log: PUSHING Accolade: Yadavac fait une tuerie ! (x3), local: false
[5514.51] Log: PUSHING Accolade: ASSISTÉ, local: true
[5515.95] ScriptWarning: Accessed None 'HitActor'
	TgDeviceFire Transient.TgDeviceFire_503
	Function TgGame.TgDeviceFire:ApplyHit:033E
[5516.01] Log: PUSHING Accolade: DÉICIDE, local: true
[5533.51] Log: ---- UpdateClanData
[5533.51] Log: ---- UpdateClanData
[5533.98] Warning: GetSocketWorldLocationAndRotation : Could not find socket 'WSO_DemonSpawn_01' in 'SKL_GOD_ZhongKui'
[5536.86] Log: Chat[3]: [VVGG] Belle partie !
[5538.46] Log: Chat[3]: yessss :D
[5541.61] Log: ---- UpdateClanData
[5541.61] Log: ---- UpdateClanData
[5541.62] Log: ---- UpdateClanData
[5541.62] Log: ---- UpdateClanData
[5543.06] Log: Chat[3]: gg
[5547.26] Log: ---- UpdateClanData
[5547.35] Warning: Attempting to detach NULL component from TgSkeletalMeshComponent_1560
[5547.39] Log: TeamIndex 1 has new leader: 2220391
[5547.44] Log: ---- UpdateClanData
[5552.49] DevNet: URL: Adding default option Team=255
[5552.49] Log: ReceiveChangeMap: mapGameId 1447
[5552.49] Log: ---- UpdateClanData
[5552.49] Log: ---- UpdateClanData
[5552.50] DevNet: URL: Adding default option Team=255
[5552.50] DevNet: Browse: LobbyMap?game=TgClient.TgGameLaunch?GameState=OGS_NoSession?GameMode=0?name=Player?Team=255
[5553.43] Log: LoadMap: LobbyMap?game=TgClient.TgGameLaunch?GameState=OGS_NoSession?GameMode=0?name=Player?Team=255
[5553.61] NetComeGo: Close PComNetDriver_1 PComNetConn_1 72.251.242.18:9211 07/06/15 18:44:11
[5553.74] Exit: PComNetDriver_1 shut down
[5554.18] Log: Map Game ID = 0
[5554.18] Log: Map Instance ID = 126195522
[5554.21] Log: Performance: Critical section Lock/Unlock 26 nsec
[5554.21] Log: Performance:  appCycles 13 nsec
[5554.22] Log: Performance:  memCopy per KB 58 nsec
[5554.23] Log: Performance:  memZero per KB 59 nsec
[5554.24] Log: Performance:  appInterlockedIncrement 10 nsec
[5554.25] Log: Performance:  GetTickCount 4 nsec
[5554.25] Log: Game class is 'TgGameLaunch'
[5554.25] TgSLO: Async Load: GodSkins_Portraits_and_Icons
[5554.25] Log: Flushing async loaders.
[5554.53] TgSLO: Finish Load: GodSkins_Portraits_and_Icons
[5554.53] Log: Flushed async loaders.
[5554.61] Log: Primary PhysX scene will be in software.
[5554.61] Log: Creating Primary PhysX Scene.
[5554.62] Log: *** WARNING - PATHS MAY NOT BE VALID ***
[5554.62] Log: Bringing World lobbymap.TheWorld up for play (0) at 2015.07.06-18.44.12
[5554.63] Log: Skipping initialization of FSMPartPool!
[5554.71] Log: Bringing up level for play took: 0.174223
[5555.91] TgSLO: Async Load: GOD_Ymir
[5555.91] TgSLO: Async Load: GOD_Ymir_Lobby
[5555.91] TgSLO: Async Load: FX_Ymir
[5555.91] Log: Flushing async loaders.
[5556.09] TgSLO: Finish Load: GOD_Ymir
[5556.16] TgSLO: Finish Load: GOD_Ymir_Lobby
[5556.22] TgSLO: Finish Load: FX_Ymir
[5556.22] Log: Flushed async loaders.
[5556.22] Log: ########### Finished loading level: 2.795450 seconds
[5556.30] Log: Flushing async loaders.
[5556.52] Log: Flushed async loaders.
[5556.52] Log: RequestingChannelMembers ch[8] [kimicol a rejoint la discussion.]
[5558.31] Log: RequestingChannelMembers ch[8] [Yadavac a rejoint la discussion.]
[5561.66] Log: RequestingChannelMembers ch[8] [FangYou a rejoint la discussion.]
[5562.38] Log: RequestingChannelMembers ch[8] [Bucklf1pps a quitté la discussion.]
[5568.45] Log: RequestingChannelMembers ch[8] [FangYou a quitté la discussion.]
[5573.59] Log: RequestingChannelMembers ch[8] [Tumok a quitté la discussion.]
[5583.10] Log: RequestingChannelMembers ch[8] [KnutSkywalker a quitté la discussion.]
[5601.39] Log: ERROR: Attempting to log in without settings.
[5605.91] Log: RequestingChannelMembers ch[4] [Yadavac a quitté la discussion.]
[5611.04] Log: Closing by request
[5611.07] Log: appRequestExit(0)
[5611.09] Log: TgAIBehaviorTreeManager :: De-allocating 47 behavior trees
[5613.25] Exit: Preparing to exit.
[5614.46] Exit: Game engine shut down
[5614.93] Exit: Windows client shut down
[5615.59] Exit: XAudio2 Device shut down.
[5617.66] Exit: Object subsystem successfully closed.
[5619.33] Log: >>>>>>>>>>>>>>>>>> ResubmitMCTSEvent PLAYER_LOGOFF
[5619.48] Log: >>>>>>>>>>>>>>>>>> ResubmitMCTSEvent PLAYER_LOGOFF
[5620.62] Log: Shutting down FaceFX...
[5620.98] Log: FaceFX shutdown.
[5629.44] Exit: Exiting.
