[0000.16] Log: Async Log file open, 08/17/15 10:04:33
[0000.16] Init: WinSock: version 1.1 (2.2), MaxSocks=32767, MaxUdp=65467
[0000.16] Log:  ... running in INSTALLED mode
[0000.16] DevConfig: GConfig::Find has loaded file:  ..\..\Engine\Config\ConsoleVariables.ini
[0000.16] Init: Version: 10897
[0000.16] Init: Epic Internal: 0
[0000.16] Init: Compiled (32-bit): Aug  7 2015 15:46:08
[0000.16] Init: Changelist: 1532151
[0000.16] Init: Game is version 2.11.2894.0.
[0000.16] Init: Command line: -PGUID=f217e716-f401-4696-a0ce-3be9da5b0821  -host=             -host2              -seekfreeloading   -LANGUAGE=FRA -cnmg=722972275221232783277323732084249422642525250624 -cnmg2=72247221522223218322732773208426942064250629 -ASYNCTICK=FALSE -user=kimicol -epass=0318D48EB4424BC8453F77F6B393B2828309272591535BDEF1EF5A8AA7644D2A -HiCommand -HEXX=07516773
[0000.16] Init: Base directory: C:\Program Files (x86)\Hi-Rez Studios\HiRezGames\smite\binaries\Win32\
[0000.18] Log: Deleting old log file Launch-backup-2015.08.03-16.05.34.log
[0000.34] Init: Computer: PC-ARTHUR
[0000.34] Init: User: Arthur
[0000.34] Init: CPU Page size=4096, Processors=4, Cores=2
[0000.34] Init: High frequency timer resolution =2.240908 MHz
[0000.34] Init: Memory total: Physical=3.8GB (3GB approx) Pagefile=4.5GB Virtual=4.0GB
[0000.41] DevOnline: Initializing MCTS
[0000.41] Init: Presizing for 60000 objects not considered by GC, pre-allocating 0 bytes.
[0000.41] Init: Object subsystem initialized
[0000.41] Log: Overriding lang INT w/ command-line option of FRA
[0004.61] Log: TgAIBehaviorTreeManager :: Loading behavior trees
[0004.62] Log: TgAIBehaviorTreeManager :: Successfully loaded behavior trees
[0004.62] Log: ShadowPatch: Error -pid should be passed on command line.
[0004.73] Log: AsyncTickTasks DISABLED at startup
[0004.75] Log: SystemSettings based on: SystemSettings
[0004.75] Log: SystemSettings based on: SystemSettings
[0004.75] Log: SystemSettings based on: SystemSettings
[0004.75] Log: SystemSettings based on: SystemSettings
[0004.75] Log: SystemSettings based on: SystemSettings
[0005.31] Log: Found D3D11 adapter 0: Intel(R) HD Graphics Family
[0005.31] Log: Adapter has 1020MB of dedicated video memory, 0MB of dedicated system memory, and 1933MB of shared system memory
[0005.40] Log: Shader platform (RHI): PC-D3D-SM3
[0005.44] Log: PhysX GPU Support: DISABLED
[0008.20] Log: Assembly Loaded Version: 
[0030.84] Log: Skipping adding Package OnlineSubsystemMcts to NetPackages
[0031.75] Log: 118726 objects as part of root set at end of initial load.
[0031.75] Log: 0 out of 0 bytes used by permanent object pool.
[0031.75] Log: Initializing Engine...
[0034.21] ScriptWarning: Script call stack:
	Function Engine.GameViewportClient:Init

	TgGameViewportClient Transient.TgGameEngine_0:TgGameViewportClient_0
	Function Engine.GameViewportClient:Init:0025
[0034.21] ScriptWarning: Assertion failed, line 672
	TgGameViewportClient Transient.TgGameEngine_0:TgGameViewportClient_0
	Function Engine.GameViewportClient:Init:0025
[0034.46] Warning: Warning, Failed to load 'SwfMovie None.Logos': Failed to find object 'SwfMovie None.Logos'
[0034.46] Log: GFx attempted to load missing object [Logos]
[0034.47] Warning: Warning, Failed to load 'Class None.': Failed to find object 'Class None.'
[0034.47] Warning: Warning, Failed to find object 'Class None.'
[0034.47] Warning: Warning, Failed to load 'Class None.': Failed to find object 'Class None.'
[0034.47] Warning: Warning, Failed to find object 'Class None.'
[0034.47] Warning: Warning, Failed to load 'Class None.': Failed to find object 'Class None.'
[0034.47] Warning: Warning, Failed to find object 'Class None.'
[0034.47] Warning: Warning, Failed to load 'Class None.': Failed to find object 'Class None.'
[0034.47] Warning: Warning, Failed to find object 'Class None.'
[0034.53] DevNet: Browse: lobbymap?Name=Player?Team=255?DefaultCharacter=TgGame.TgCharacter
[0034.53] Log: LoadMap: lobbymap?Name=Player?Team=255?DefaultCharacter=TgGame.TgCharacter
[0035.16] Log: Map Game ID = 0
[0035.16] Log: Map Instance ID = 129798708
[0035.18] Log: Performance: Critical section Lock/Unlock 25 nsec
[0035.18] Log: Performance:  appCycles 11 nsec
[0035.26] Log: Performance:  memCopy per KB 381 nsec
[0035.29] Log: Performance:  memZero per KB 137 nsec
[0035.30] Log: Performance:  appInterlockedIncrement 13 nsec
[0035.31] Log: Performance:  GetTickCount 4 nsec
[0035.31] Log: Game class is 'TgGameLaunch'
[0035.31] TgSLO: Async Load: GodSkins_Portraits_and_Icons
[0035.31] Log: Flushing async loaders.
[0035.44] TgSLO: Finish Load: GodSkins_Portraits_and_Icons
[0035.44] Log: Flushed async loaders.
[0035.48] Log: Primary PhysX scene will be in software.
[0035.48] Log: Creating Primary PhysX Scene.
[0035.48] Log: *** WARNING - PATHS MAY NOT BE VALID ***
[0035.48] Log: Bringing World lobbymap.TheWorld up for play (0) at 2015.08.17-10.05.08
[0035.48] Log: Skipping initialization of FSMPartPool!
[0036.09] Log: Bringing up level for play took: 0.633437
[0046.96] Warning: Warning, Failed to load 'Font None.ArialUnicode': Failed to find object 'Font None.ArialUnicode'
[0046.96] Warning: Warning, Failed to load 'Font None.ArialUnicode': Failed to find object 'Font None.ArialUnicode'
[0047.21] Log: GFx attempted to load missing object [UDKFrontEnd.udk_ime]
[0049.07] Log: ########### Finished loading level: 14.536996 seconds
[0049.55] Log: Initializing Engine Completed
[0049.55] Log: >>>>>>>>>>>>>> Initial startup: 49.55s <<<<<<<<<<<<<<<
[0049.55] Log: Browser user data directory is C:\ProgramData\Hi-Rez Studios\BrowserCache\Battle
[0049.70] Log: WebFactory created
[0058.39] Log: Failed to create HirezCtrl, Exception Error
[0061.79] Log: Login Success: kimicol
[0061.99] Error: Failed to read file '..\..\BattleGame\LandingPanel\UltimateGodPack.jpg' error ()
[0062.20] Error: Failed to read file '..\..\BattleGame\LandingPanel\Renegade Awilix.jpg' error ()
[0062.20] Error: Failed to read file '..\..\BattleGame\LandingPanel\Gamma Slam Cabrakan.jpg' error ()
[0062.20] Error: Failed to read file '..\..\BattleGame\LandingPanel\Imperator Khepri.jpg' error ()
[0062.20] Error: Failed to read file '..\..\BattleGame\LandingPanel\DrSylvanusa.jpg' error ()
[0062.67] Error: Failed to read file '..\..\BattleGame\LandingPanel\GodPackTest234.jpg' error ()
[0062.67] Error: Failed to read file '..\..\BattleGame\LandingPanel\GodPackTest234_thumb.jpg' error ()
[0062.86] Error: Failed to read file '..\..\BattleGame\LandingPanel\RetroHerc.jpg' error ()
[0063.75] Log: Team/Instance chat routed to Instance Server.
[0063.75] Log: Chat[9]: Appuyez sur ENTRÉE pour accéder à la discussion.
[0063.75] Log: RequestingChannelMembers ch[1] [kimicol a rejoint la discussion.]
[0064.69] Warning: Warning, Failed to load 'Font None.Arial Unicode MS': Failed to find object 'Font None.Arial Unicode MS'
[0082.94] Log: Chat[1]: Statut du clan : Tiny42SH
[0082.94] Log: ---- UpdateClanData
[0085.11] Log: ---- UpdateClanData
[0104.42] Log: ---- UpdateClanData
[0104.57] Log: ---- UpdateClanData
[0104.78] Log: GFx attempted to load missing object [MenuManager.undefined]
[0114.05] Log: ---- UpdateClanData
[0154.85] Log: Chat[9]: Vous avez rejoint une file d'attente.
[0178.09] Log: ---- UpdateClanData
[0290.44] Log: RequestingChannelMembers ch[3] [kimicol a rejoint la discussion.]
[0295.08] Log: RequestingChannelMembers ch[3] [kimicol a rejoint la discussion.]
[0314.42] Warning: Warning, Failed to load 'Class None.None': Failed to find object 'Class None.None'
[0314.42] Warning: Warning, Failed to find object 'Class None.None'
[0314.42] Warning: Warning, Failed to load 'Class None.None': Failed to find object 'Class None.None'
[0314.42] Warning: Warning, Failed to find object 'Class None.None'
[0314.42] Warning: Warning, Failed to load 'Class None.None': Failed to find object 'Class None.None'
[0314.42] Warning: Warning, Failed to find object 'Class None.None'
[0314.42] Warning: Warning, Failed to load 'Class None.None': Failed to find object 'Class None.None'
[0314.42] Warning: Warning, Failed to find object 'Class None.None'
[0314.42] Warning: Warning, Failed to load 'Class None.None': Failed to find object 'Class None.None'
[0314.42] Warning: Warning, Failed to find object 'Class None.None'
[0319.46] TgSLO: Async Load: GOD_Janus
[0319.46] TgSLO: Async Load: GOD_Janus_Lobby
[0319.46] TgSLO: Async Load: FX_Janus
[0320.39] TgSLO: Finish Load: GOD_Janus
[0320.67] TgSLO: Finish Load: GOD_Janus_Lobby
[0321.39] TgSLO: Finish Load: FX_Janus
[0322.35] TgSLO: Async Load: GOD_Bellona
[0322.35] TgSLO: Async Load: GOD_Bellona_Lobby
[0322.35] TgSLO: Async Load: FX_Bellona
[0324.14] TgSLO: Finish Load: GOD_Bellona
[0324.99] TgSLO: Finish Load: GOD_Bellona_Lobby
[0325.77] TgSLO: Finish Load: FX_Bellona
[0344.24] TgSLO: Async Load: GOD_Artemis
[0344.25] TgSLO: Async Load: GOD_Artemis_Lobby
[0344.25] TgSLO: Async Load: FX_Artemis
[0344.98] TgSLO: Finish Load: GOD_Artemis
[0345.06] TgSLO: Finish Load: GOD_Artemis_Lobby
[0345.53] TgSLO: Finish Load: FX_Artemis
[0345.56] Warning: Failed to find notify DeactivateArrowFX on TgSkeletalMeshActor_Lobby_0 (No_SkeletalMesh)
[0347.16] Warning: Failed to find notify ActivateArrowFX on TgSkeletalMeshActor_Lobby_0 (No_SkeletalMesh)
[0349.77] TgSLO: Async Load: GOD_Freya
[0349.77] TgSLO: Async Load: GOD_Freya_Lobby
[0349.77] TgSLO: Async Load: FX_Freya
[0351.03] TgSLO: Finish Load: GOD_Freya
[0351.24] TgSLO: Finish Load: GOD_Freya_Lobby
[0351.58] TgSLO: Finish Load: FX_Freya
[0379.22] Warning: Failed to find notify DeactivateArrowFX on TgSkeletalMeshActor_Lobby_0 (No_SkeletalMesh)
[0380.86] Warning: Failed to find notify ActivateArrowFX on TgSkeletalMeshActor_Lobby_0 (No_SkeletalMesh)
[0383.86] DevNet: URL: Adding default option Team=255
[0383.86] Log: ReceiveChangeMap: mapGameId 1503
[0384.28] DevNet: URL: Adding default option Team=255
[0384.28] DevNet: Browse: 37.48.125.80:9261/lobbymap?GameState=OGS_NoSession?GameMode=0?name=Player?map_instance_id=177062582?Team=255
[0384.29] DevNet: Game client on port 9261, rate 25000
[0384.54] DevNet: Welcomed by server (Level: joust_v2_p, Game: TgGame.TgGame_Battle_Joust)
[0384.71] Log: LoadMap: 37.48.125.80:9261/joust_v2_p?GameState=OGS_NoSession?GameMode=0?name=Player?map_instance_id=177062582?Team=255?game=TgGame.TgGame_Battle_Joust
[0385.06] Log: Map Game ID = 0
[0385.06] Log: Map Instance ID = 129798708
[0385.09] Log: Performance: Critical section Lock/Unlock 24 nsec
[0385.09] Log: Performance:  appCycles 12 nsec
[0385.14] Log: Performance:  memCopy per KB 262 nsec
[0385.18] Log: Performance:  memZero per KB 169 nsec
[0385.19] Log: Performance:  appInterlockedIncrement 13 nsec
[0385.20] Log: Performance:  GetTickCount 4 nsec
[0401.70] TgSLO: Async Load: FX_Store_Items
[0401.70] TgSLO: Async Load: FX_Store_Items_Targeting
[0401.70] TgSLO: Async Load: FX_Status_Effects
[0401.70] TgSLO: Async Load: GOD_CommonMaterialEffects
[0401.70] TgSLO: Async Load: GOD_Common_AT
[0401.70] TgSLO: Async Load: AUD_VOX_Narrator
[0401.70] TgSLO: Async Load: NPC_Ward2
[0401.73] TgSLO: Async Load: FX_Buff_Belts_V2
[0401.73] TgSLO: Async Load: FX_Fist_Of_God_V2
[0401.73] TgSLO: Async Load: GOD_Loki_V2
[0401.73] TgSLO: Async Load: GOD_Loki_V2_Textures
[0401.73] TgSLO: Async Load: FX_Loki_V2
[0401.74] TgSLO: Async Load: AUD_God_Loki_V2
[0401.74] TgSLO: Async Load: GOD_Loki_V2_Skin3
[0401.74] TgSLO: Async Load: FX_Loki_V2_Skin3
[0401.74] TgSLO: Async Load: AUD_VOX_God_Loki_V2
[0401.74] TgSLO: Async Load: FX_Loki_V2_Targeting_SKN3
[0401.76] TgSLO: Async Load: AnimNotify9259
[0401.76] TgSLO: Async Load: GOD_Medusa
[0401.76] TgSLO: Async Load: GOD_Medusa_Textures
[0401.76] TgSLO: Async Load: FX_Medusa
[0401.76] TgSLO: Async Load: AUD_God_Medusa
[0401.76] TgSLO: Async Load: GOD_Vulcan
[0401.76] TgSLO: Async Load: GOD_Vulcan_Textures
[0401.76] TgSLO: Async Load: FX_Vulcan
[0401.76] TgSLO: Async Load: AUD_God_Vulcan
[0401.76] TgSLO: Async Load: GOD_Freya
[0401.76] TgSLO: Async Load: GOD_Freya_Textures
[0401.76] TgSLO: Async Load: FX_Freya
[0401.76] TgSLO: Async Load: AUD_God_Freya
[0401.76] TgSLO: Async Load: GOD_Artemis
[0401.76] TgSLO: Async Load: GOD_Artemis_Textures
[0401.76] TgSLO: Async Load: FX_Artemis
[0401.76] TgSLO: Async Load: FX_Artemis_Targeting
[0401.76] TgSLO: Async Load: AUD_God_Artemis
[0401.76] TgSLO: Async Load: GOD_Bellona
[0401.76] TgSLO: Async Load: GOD_Bellona_Textures
[0401.76] TgSLO: Async Load: FX_Bellona
[0401.76] TgSLO: Async Load: AUD_God_Bellona
[0401.77] TgSLO: Async Load: Joust_Tower
[0401.77] TgSLO: Async Load: FX_Tower
[0401.77] TgSLO: Async Load: FX_Greek_Tower
[0401.77] TgSLO: Async Load: AUD_Tower
[0401.78] TgSLO: Async Load: NPC_Phoenix
[0401.78] TgSLO: Async Load: NPC_Phoenix_Textures
[0401.78] TgSLO: Async Load: FX_Phoenix
[0401.78] TgSLO: Async Load: AUD_NPC_Phoenix
[0401.78] TgSLO: Async Load: MDL_PseudoMesh
[0401.78] TgSLO: Async Load: NPC_Joust_Minion
[0401.78] TgSLO: Async Load: NPC_Joust_Minion_Textures
[0401.78] TgSLO: Async Load: NPC_Minion_Universal
[0401.78] TgSLO: Async Load: FX_Roman
[0401.79] TgSLO: Async Load: FX_Minion_Death
[0401.79] TgSLO: Async Load: AUD_NPC_RomanArcher
[0401.79] TgSLO: Async Load: AUD_NPC_Olympus
[0401.79] TgSLO: Async Load: NPC_Guardian_Female
[0401.79] TgSLO: Async Load: NPC_Guardian_Female_AT
[0401.79] TgSLO: Async Load: FX_Guardian_Female
[0401.79] TgSLO: Async Load: AUD_NPC_Guardian_Female
[0401.79] TgSLO: Async Load: NPC_Guardian_Male
[0401.79] TgSLO: Async Load: NPC_Guardian_Male_AT
[0401.81] TgSLO: Async Load: FX_Guardian_Male
[0401.81] TgSLO: Async Load: AUD_NPC_Guardian_Male
[0401.81] TgSLO: Async Load: NPC_Cyclops_V2
[0401.81] TgSLO: Async Load: FX_NPC_Cyclops_V2
[0401.81] TgSLO: Async Load: AUD_NPC_Cyclops
[0401.81] Log: Flushing async loaders.
[0401.86] TgSLO: Finish Load: FX_Store_Items
[0401.90] TgSLO: Finish Load: FX_Store_Items_Targeting
[0401.92] TgSLO: Finish Load: FX_Status_Effects
[0401.97] TgSLO: Finish Load: GOD_CommonMaterialEffects
[0401.99] TgSLO: Finish Load: GOD_Common_AT
[0402.15] TgSLO: Finish Load: AUD_VOX_Narrator
[0402.18] TgSLO: Finish Load: NPC_Ward2
[0402.24] TgSLO: Finish Load: FX_Buff_Belts_V2
[0402.27] TgSLO: Finish Load: FX_Fist_Of_God_V2
[0402.82] TgSLO: Finish Load: GOD_Loki_V2
[0402.82] TgSLO: Finish Load: GOD_Loki_V2_Textures
[0402.85] TgSLO: Finish Load: FX_Loki_V2
[0402.90] TgSLO: Finish Load: AUD_God_Loki_V2
[0403.00] TgSLO: Finish Load: GOD_Loki_V2_Skin3
[0403.11] TgSLO: Finish Load: FX_Loki_V2_Skin3
[0403.31] TgSLO: Finish Load: AUD_VOX_God_Loki_V2
[0403.44] TgSLO: Finish Load: FX_Loki_V2_Targeting_SKN3
[0403.54] TgSLO: Finish Load: AnimNotify9259
[0404.04] TgSLO: Finish Load: GOD_Medusa
[0404.07] TgSLO: Finish Load: GOD_Medusa_Textures
[0404.12] TgSLO: Finish Load: FX_Medusa
[0404.20] TgSLO: Finish Load: AUD_God_Medusa
[0404.64] TgSLO: Finish Load: GOD_Vulcan
[0404.64] TgSLO: Finish Load: GOD_Vulcan_Textures
[0404.74] TgSLO: Finish Load: FX_Vulcan
[0404.83] TgSLO: Finish Load: AUD_God_Vulcan
[0404.96] TgSLO: Finish Load: GOD_Freya
[0404.96] TgSLO: Finish Load: GOD_Freya_Textures
[0404.98] TgSLO: Finish Load: FX_Freya
[0405.06] TgSLO: Finish Load: AUD_God_Freya
[0405.13] TgSLO: Finish Load: GOD_Artemis
[0405.14] TgSLO: Finish Load: GOD_Artemis_Textures
[0405.16] TgSLO: Finish Load: FX_Artemis
[0405.19] TgSLO: Finish Load: FX_Artemis_Targeting
[0405.25] TgSLO: Finish Load: AUD_God_Artemis
[0405.50] TgSLO: Finish Load: GOD_Bellona
[0405.50] TgSLO: Finish Load: GOD_Bellona_Textures
[0405.55] TgSLO: Finish Load: FX_Bellona
[0405.61] TgSLO: Finish Load: AUD_God_Bellona
[0405.92] TgSLO: Finish Load: Joust_Tower
[0405.96] TgSLO: Finish Load: FX_Tower
[0406.00] TgSLO: Finish Load: FX_Greek_Tower
[0406.11] TgSLO: Finish Load: AUD_Tower
[0406.31] TgSLO: Finish Load: NPC_Phoenix
[0406.34] TgSLO: Finish Load: NPC_Phoenix_Textures
[0406.36] TgSLO: Finish Load: FX_Phoenix
[0406.42] TgSLO: Finish Load: AUD_NPC_Phoenix
[0406.43] TgSLO: Finish Load: MDL_PseudoMesh
[0406.49] TgSLO: Finish Load: NPC_Joust_Minion
[0406.49] TgSLO: Finish Load: NPC_Joust_Minion_Textures
[0406.70] TgSLO: Finish Load: NPC_Minion_Universal
[0406.72] TgSLO: Finish Load: FX_Roman
[0406.73] TgSLO: Finish Load: FX_Minion_Death
[0406.77] TgSLO: Finish Load: AUD_NPC_RomanArcher
[0406.78] TgSLO: Finish Load: AUD_NPC_Olympus
[0407.12] TgSLO: Finish Load: NPC_Guardian_Female
[0407.15] TgSLO: Finish Load: NPC_Guardian_Female_AT
[0407.15] TgSLO: Finish Load: FX_Guardian_Female
[0407.16] TgSLO: Finish Load: AUD_NPC_Guardian_Female
[0407.52] TgSLO: Finish Load: NPC_Guardian_Male
[0407.54] TgSLO: Finish Load: NPC_Guardian_Male_AT
[0407.60] TgSLO: Finish Load: FX_Guardian_Male
[0407.61] TgSLO: Finish Load: AUD_NPC_Guardian_Male
[0407.88] TgSLO: Finish Load: NPC_Cyclops_V2
[0407.88] TgSLO: Finish Load: FX_NPC_Cyclops_V2
[0407.98] TgSLO: Finish Load: AUD_NPC_Cyclops
[0407.98] Log: Flushed async loaders.
[0407.99] Log: Primary PhysX scene will be in software.
[0407.99] Log: Creating Primary PhysX Scene.
[0408.03] Log: Bringing World joust_v2_p.TheWorld up for play (595) at 2015.08.17-10.11.21
[0408.03] Log: Skipping initialization of FSMPartPool!
[0408.03] Log: Bringing up level for play took: 0.053655
[0408.03] Warning: Warning, Failed to load 'Class None.': Failed to find object 'Class None.'
[0408.03] Warning: Warning, Failed to find object 'Class None.'
[0408.03] Log: PlayerController class for the pending level is PlayerController
[0408.03] Log: ########### Finished loading level: 23.329625 seconds
[0408.04] Log: Flushing async loaders.
[0409.22] Log: Flushed async loaders.
[0409.92] Log: ---- UpdateClanData
[0409.94] DevNet: TgPlayerController_1 setplayer TgLocalPlayer_0
[0411.77] Log: AttachToOwner - Socket (FX_ORIGIN_Origin) not found in owner mesh or its parent! (2702 to NONE)
[0411.78] Log: AttachToOwner - Socket (FX_ORIGIN_Origin) not found in owner mesh or its parent! (2702 to NONE)
[0411.78] Log: AttachToOwner - Socket (FX_ORIGIN_Origin) not found in owner mesh or its parent! (2702 to NONE)
[0411.79] Log: AttachToOwner - Socket (FX_ORIGIN_Origin) not found in owner mesh or its parent! (2702 to NONE)
[0411.80] Log: AttachToOwner - Socket (FX_ORIGIN_Origin) not found in owner mesh or its parent! (2702 to NONE)
[0411.80] Log: AttachToOwner - Socket (FX_ORIGIN_Origin) not found in owner mesh or its parent! (2702 to NONE)
[0411.80] Log: TeamIndex 1 has new leader: 7025894
[0411.80] Log: TeamIndex 2 has new leader: 7059376
[0412.04] Log: ActivateLevel joust_v2_crowd 1 1 0
[0412.04] Log: ActivateLevel joust_sound 1 1 0
[0412.04] Log: ActivateLevel joust_v2_p_assist 1 1 0
[0413.29] Warning: Warning, Failed to load 'Texture None.blah': Failed to find object 'Texture None.blah'
[0414.08] Log: Flushing async loaders.
[0414.11] Log: Flushed async loaders.
[0414.37] Log: Activated joust_v2_p_assist 1 1 0
[0428.31] Log: Requesting purchase of itemId (10033) amount (1)
[0430.13] Log: Requesting purchase of itemId (10186) amount (1)
[0434.85] Log: Requesting purchase of itemId (8134) amount (1)
[0435.04] Log: Requesting purchase of itemId (8134) amount (1)
[0437.76] Log: Requesting purchase of itemId (8135) amount (1)
[0514.67] Log: PUSHING Accolade: TheMisTT verse le Premier sang !, local: false
[0516.17] Log: PUSHING Accolade: ASSISTÉ, local: true
[0549.26] Log: PUSHING Accolade: , local: false
[0577.12] Log: Requesting purchase of itemId (10036) amount (1)
[0580.59] Log: Requesting purchase of itemId (8134) amount (1)
[0582.55] Log: Requesting purchase of itemId (8135) amount (1)
[0601.16] Log: PUSHING Accolade: , local: false
[0657.91] Log: PUSHING Accolade: evil1200851 a tué un joueur !, local: false
[0660.77] Log: Requesting purchase of itemId (10187) amount (1)
[0661.81] Log: PUSHING Accolade: , local: false
[0662.49] Log: Requesting purchase of itemId (8134) amount (1)
[0662.66] Log: Requesting purchase of itemId (8134) amount (1)
[0668.73] Log: PUSHING Accolade: , local: false
[0678.11] Log: PUSHING Accolade: TheMisTT a fait un doublé !, local: false
[0678.11] Log: Suppressing Accolade: TheMisTT fait une tuerie ! (x3)
[0680.11] Warning: Warning, Failed to load 'Class None.None': Failed to find object 'Class None.None'
[0680.11] Warning: Warning, Failed to find object 'Class None.None'
[0684.16] Log: PUSHING Accolade: , local: false
[0730.22] Log: PUSHING Accolade: , local: false
[0731.90] ScriptWarning: Accessed None 'HitActor'
	TgDeviceFire Transient.TgDeviceFire_32
	Function TgGame.TgDeviceFire:ApplyHit:033E
[0732.60] ScriptWarning: Accessed None 'HitActor'
	TgDeviceFire Transient.TgDeviceFire_35
	Function TgGame.TgDeviceFire:ApplyHit:033E
[0742.60] Log: PUSHING Accolade: , local: false
[0744.11] Log: PUSHING Accolade: ASSISTÉ, local: true
[0758.05] Log: PUSHING Accolade: TheBeast4 a tué un joueur !, local: false
[0763.04] Log: PUSHING Accolade: , local: false
[0764.20] Log: Requesting purchase of itemId (8254) amount (1)
[0764.56] Log: PUSHING Accolade: TheBeast4 a fait un doublé !, local: false
[0764.56] Log: Suppressing Accolade: TheBeast4 fait une tuerie ! (x3)
[0765.76] Log: Requesting purchase of itemId (8134) amount (1)
[0765.93] Log: Requesting purchase of itemId (8134) amount (1)
[0766.06] Log: PUSHING Accolade: ASSISTÉ, local: true
[0768.30] Log: Requesting purchase of itemId (8135) amount (1)
[0771.93] Log: Requesting purchase of itemId (9012) amount (1)
[0774.29] Log: Requesting purchase of itemId (9767) amount (1)
[0786.37] Warning: Warning, Failed to load 'Class None.None': Failed to find object 'Class None.None'
[0786.37] Warning: Warning, Failed to find object 'Class None.None'
[0802.67] Log: PUSHING Accolade: , local: false
[0804.18] Log: PUSHING Accolade: ASSISTÉ, local: true
[0818.42] Log: PUSHING Accolade: , local: false
[0819.92] Log: PUSHING Accolade: ASSISTÉ, local: true
[0823.11] Log: PUSHING Accolade: evil1200851 a tué un joueur !, local: false
[0834.32] Log: Requesting purchase of itemId (8735) amount (1)
[0835.76] Log: Requesting purchase of itemId (8134) amount (1)
[0900.68] Log: PUSHING Accolade: evil1200851 a tué un joueur !, local: false
[0915.92] Log: Requesting purchase of itemId (8736) amount (1)
[0945.06] ScriptWarning: Accessed None 'HitActor'
	TgDeviceFire Transient.TgDeviceFire_47
	Function TgGame.TgDeviceFire:ApplyHit:033E
[0971.83] Log: PUSHING Accolade: TheMisTT fait une tuerie ! (x3), local: false
[0973.34] Log: PUSHING Accolade: ASSISTÉ, local: true
[0999.00] Log: Requesting purchase of itemId (8087) amount (1)
[1000.43] Log: Requesting purchase of itemId (8134) amount (1)
[1000.88] Log: Requesting purchase of itemId (8134) amount (1)
[1011.41] ScriptWarning: Accessed None 'HitActor'
	TgDeviceFire Transient.TgDeviceFire_51
	Function TgGame.TgDeviceFire:ApplyHit:033E
[1028.65] Log: Chat[9]: Tuer TheBeast4 vous a donné 350 XP et 420 pièces d'or.
[1028.85] Log: PUSHING Accolade: VICTIME, local: true
[1030.32] Log: Chat[9]: Tuer Mohsen94 vous a donné 290 XP et 336 pièces d'or.
[1030.52] Log: PUSHING Accolade: DOUBLÉ, local: true
[1030.53] Log: Suppressing Accolade: VICTIME
[1036.93] Log: Chat[9]: Tuer evil1200851 vous a donné 320 XP et 350 pièces d'or.
[1037.13] Log: PUSHING Accolade: TRIPLÉ, local: true
[1037.13] Log: Suppressing Accolade: TUERIE (X3)
[1039.13] Log: PUSHING Accolade: VENGEANCE, local: true
[1040.64] Log: PUSHING Accolade: DÉICIDE, local: true
[1063.15] Log: AttachToOwner - Socket (WSO_Emit_01) not found in owner mesh or its parent! (1027 to NONE)
[1097.03] Log: PUSHING Accolade: , local: false
[1114.77] Log: Requesting purchase of itemId (8251) amount (1)
[1114.93] Log: Chat[3]: kimicol a acheté l'objet Lame de la sorcière.
[1116.02] Log: PUSHING Accolade: , local: false
[1119.77] Log: Requesting purchase of itemId (8135) amount (1)
[1170.15] ScriptWarning: Accessed None 'HitActor'
	TgDeviceFire Transient.TgDeviceFire_62
	Function TgGame.TgDeviceFire:ApplyHit:033E
[1175.61] Log: PUSHING Accolade: , local: false
[1195.83] Log: PUSHING Accolade: , local: false
[1197.34] Log: PUSHING Accolade: ASSISTÉ, local: true
[1213.38] Log: Requesting purchase of itemId (8735) amount (1)
[1214.64] Log: Requesting purchase of itemId (8134) amount (1)
[1214.82] Log: Requesting purchase of itemId (8134) amount (1)
[1214.99] Log: Requesting purchase of itemId (8134) amount (1)
[1217.99] Log: Requesting purchase of itemId (8134) amount (1)
[1219.67] Log: PUSHING Accolade: SkyDJo fait une tuerie ! (x3), local: false
[1266.06] ScriptWarning: Accessed None 'HitActor'
	TgDeviceFire Transient.TgDeviceFire_70
	Function TgGame.TgDeviceFire:ApplyHit:033E
[1271.35] Log: Chat[9]: Tuer TheBeast4 vous a donné 380 XP et 403 pièces d'or.
[1271.54] Log: PUSHING Accolade: VICTIME, local: true
[1273.05] Log: PUSHING Accolade: Tower Dive, local: true
[1274.57] Log: PUSHING Accolade: , local: false
[1276.08] Log: PUSHING Accolade: ASSISTÉ, local: true
[1285.70] Log: PUSHING Accolade: , local: false
[1287.22] Log: PUSHING Accolade: ASSISTÉ, local: true
[1288.72] Log: PUSHING Accolade: DÉICIDE, local: true
[1292.38] Log: Chat[3]: L'équipe ennemie a accepté de capituler (2 contre 0) !
[1292.70] Log: ---- UpdateClanData
[1292.70] Log: ---- UpdateClanData
[1294.01] Log: Chat[3]: [VVGG] Belle partie !
[1295.97] Log: Chat[3]: [VVGG] Belle partie !
[1306.05] Log: ---- UpdateClanData
[1311.27] Log: RequestingChannelMembers ch[3] [SkyDJo a quitté la discussion.]
[1311.27] Log: RequestingChannelMembers ch[3] [TheMisTT a quitté la discussion.]
[1311.30] DevNet: URL: Adding default option Team=255
[1311.30] Log: ReceiveChangeMap: mapGameId 1447
[1311.30] Log: ---- UpdateClanData
[1311.31] DevNet: URL: Adding default option Team=255
[1311.31] DevNet: Browse: LobbyMap?game=TgClient.TgGameLaunch?GameState=OGS_NoSession?GameMode=0?name=Player?Team=255
[1312.32] Log: LoadMap: LobbyMap?game=TgClient.TgGameLaunch?GameState=OGS_NoSession?GameMode=0?name=Player?Team=255
[1312.44] NetComeGo: Close PComNetDriver_0 PComNetConn_0 37.48.125.80:9261 08/17/15 10:26:25
[1312.53] Exit: PComNetDriver_0 shut down
[1312.87] Log: Map Game ID = 0
[1312.87] Log: Map Instance ID = 129798708
[1312.90] Log: Performance: Critical section Lock/Unlock 24 nsec
[1312.90] Log: Performance:  appCycles 12 nsec
[1312.94] Log: Performance:  memCopy per KB 219 nsec
[1312.97] Log: Performance:  memZero per KB 142 nsec
[1312.99] Log: Performance:  appInterlockedIncrement 13 nsec
[1312.99] Log: Performance:  GetTickCount 4 nsec
[1312.99] Log: Game class is 'TgGameLaunch'
[1312.99] TgSLO: Async Load: GodSkins_Portraits_and_Icons
[1312.99] Log: Flushing async loaders.
[1313.18] TgSLO: Finish Load: GodSkins_Portraits_and_Icons
[1313.18] Log: Flushed async loaders.
[1313.23] Log: Primary PhysX scene will be in software.
[1313.23] Log: Creating Primary PhysX Scene.
[1313.23] Log: *** WARNING - PATHS MAY NOT BE VALID ***
[1313.23] Log: Bringing World lobbymap.TheWorld up for play (0) at 2015.08.17-10.26.26
[1313.23] Log: Skipping initialization of FSMPartPool!
[1313.42] Log: Bringing up level for play took: 0.235692
[1315.70] TgSLO: Async Load: GOD_Artemis
[1315.70] TgSLO: Async Load: GOD_Artemis_Lobby
[1315.70] TgSLO: Async Load: FX_Artemis
[1315.70] Log: Flushing async loaders.
[1315.84] TgSLO: Finish Load: GOD_Artemis
[1315.84] TgSLO: Finish Load: GOD_Artemis_Lobby
[1315.86] TgSLO: Finish Load: FX_Artemis
[1315.86] Log: Flushed async loaders.
[1315.86] Log: ########### Finished loading level: 3.537936 seconds
[1315.90] Log: ---- UpdateClanData
[1316.56] Log: RequestingChannelMembers ch[8] [kimicol a rejoint la discussion.]
[1317.01] Log: RequestingChannelMembers ch[8] [TheMisTT a rejoint la discussion.]
[1318.04] Log: ---- UpdateClanData
[1318.91] Log: RequestingChannelMembers ch[8] [evil1200851 a quitté la discussion.]
[1320.02] Log: RequestingChannelMembers ch[8] [SkyDJo a quitté la discussion.]
[1322.61] Log: RequestingChannelMembers ch[8] [TheBeast4 a quitté la discussion.]
[1327.26] Log: RequestingChannelMembers ch[8] [TheMisTT a quitté la discussion.]
[1358.90] Log: ERROR: Attempting to log in without settings.
[1382.71] Log: Closing by request
[1382.71] Log: appRequestExit(0)
[1382.71] Log: TgAIBehaviorTreeManager :: De-allocating 47 behavior trees
[1383.93] Exit: Preparing to exit.
[1384.28] Exit: Game engine shut down
[1384.41] Exit: Windows client shut down
[1384.66] Exit: XAudio2 Device shut down.
[1385.06] Exit: Object subsystem successfully closed.
[1386.62] Log: >>>>>>>>>>>>>>>>>> ResubmitMCTSEvent PLAYER_LOGOFF
[1386.75] Log: >>>>>>>>>>>>>>>>>> ResubmitMCTSEvent PLAYER_LOGOFF
[1387.10] Exit: Exiting.
