[0000.27] Log: Async Log file open, 06/18/15 11:24:41
[0000.27] Init: WinSock: version 1.1 (2.2), MaxSocks=32767, MaxUdp=65467
[0000.27] Log:  ... running in INSTALLED mode
[0000.27] DevConfig: GConfig::Find has loaded file:  ..\..\Engine\Config\ConsoleVariables.ini
[0000.27] Init: Version: 10897
[0000.27] Init: Epic Internal: 0
[0000.27] Init: Compiled (32-bit): Jun 17 2015 19:43:54
[0000.27] Init: Changelist: 1532151
[0000.27] Init: Game is version 2.8.2808.0.
[0000.27] Init: Command line: -PGUID=f217e716-f401-4696-a0ce-3be9da5b0821  -host=             -host2              -seekfreeloading   -LANGUAGE=FRA -cnmg=72227222522423248328732873298423942564290629 -cnmg2=722672205228232383227323732884229421642125278528 -ASYNCTICK=FALSE -HiCommand -HEXX=1156B425
[0000.27] Init: Base directory: C:\Program Files (x86)\Hi-Rez Studios\HiRezGames\smite\binaries\Win32\
[0000.91] Init: Computer: PC-ARTHUR
[0000.91] Init: User: Arthur
[0000.91] Init: CPU Page size=4096, Processors=4, Cores=2
[0000.91] Init: High frequency timer resolution =2.240906 MHz
[0000.91] Init: Memory total: Physical=3.8GB (3GB approx) Pagefile=7.7GB Virtual=4.0GB
[0001.02] DevOnline: Initializing MCTS
[0001.02] Init: Presizing for 60000 objects not considered by GC, pre-allocating 0 bytes.
[0001.02] Init: Object subsystem initialized
[0001.03] Log: Overriding lang INT w/ command-line option of FRA
[0001.09] Log: TgAIBehaviorTreeManager :: Loading behavior trees
[0001.10] Log: TgAIBehaviorTreeManager :: Successfully loaded behavior trees
[0001.10] Log: ShadowPatch: Error -pid should be passed on command line.
[0005.10] Log: AsyncTickTasks DISABLED at startup
[0005.11] Log: SystemSettings based on: SystemSettings
[0005.11] Log: SystemSettings based on: SystemSettings
[0005.11] Log: SystemSettings based on: SystemSettings
[0005.11] Log: SystemSettings based on: SystemSettings
[0005.11] Log: SystemSettings based on: SystemSettings
[0006.19] Log: Found D3D11 adapter 0: Intel(R) HD Graphics Family
[0006.19] Log: Adapter has 1020MB of dedicated video memory, 0MB of dedicated system memory, and 1933MB of shared system memory
[0006.21] Log: Shader platform (RHI): PC-D3D-SM3
[0006.31] Log: PhysX GPU Support: DISABLED
[0007.93] Log: Assembly Loaded Version: DBExport: 06/17/2015 19:03:54,  Src=devsql.hirezcorp.com:smite_live_build, LangSrc=devsql.hirezcorp.com:smite_translations,
[0025.20] Log: Skipping adding Package OnlineSubsystemMcts to NetPackages
[0026.21] Log: 116989 objects as part of root set at end of initial load.
[0026.21] Log: 0 out of 0 bytes used by permanent object pool.
[0026.21] Log: Initializing Engine...
[0030.06] ScriptWarning: Script call stack:
	Function Engine.GameViewportClient:Init

	TgGameViewportClient Transient.TgGameEngine_0:TgGameViewportClient_0
	Function Engine.GameViewportClient:Init:0025
[0030.06] ScriptWarning: Assertion failed, line 672
	TgGameViewportClient Transient.TgGameEngine_0:TgGameViewportClient_0
	Function Engine.GameViewportClient:Init:0025
[0030.11] Warning: Warning, Failed to load 'SwfMovie None.Logos': Failed to find object 'SwfMovie None.Logos'
[0030.11] Log: GFx attempted to load missing object [Logos]
[0030.11] Warning: Warning, Failed to load 'Class None.': Failed to find object 'Class None.'
[0030.11] Warning: Warning, Failed to find object 'Class None.'
[0030.11] Warning: Warning, Failed to load 'Class None.': Failed to find object 'Class None.'
[0030.11] Warning: Warning, Failed to find object 'Class None.'
[0030.11] Warning: Warning, Failed to load 'Class None.': Failed to find object 'Class None.'
[0030.11] Warning: Warning, Failed to find object 'Class None.'
[0030.11] Warning: Warning, Failed to load 'Class None.': Failed to find object 'Class None.'
[0030.11] Warning: Warning, Failed to find object 'Class None.'
[0030.11] DevNet: Browse: lobbymap?Name=Player?Team=255?DefaultCharacter=TgGame.TgCharacter
[0030.24] Log: LoadMap: lobbymap?Name=Player?Team=255?DefaultCharacter=TgGame.TgCharacter
[0031.31] Log: Map Game ID = 0
[0031.31] Log: Map Instance ID = 124619512
[0031.34] Log: Performance: Critical section Lock/Unlock 24 nsec
[0031.34] Log: Performance:  appCycles 10 nsec
[0031.62] Log: Performance:  memCopy per KB 1391 nsec
[0031.67] Log: Performance:  memZero per KB 166 nsec
[0031.68] Log: Performance:  appInterlockedIncrement 13 nsec
[0031.68] Log: Performance:  GetTickCount 4 nsec
[0031.68] Log: Game class is 'TgGameLaunch'
[0031.68] TgSLO: Async Load: GodSkins_Portraits_and_Icons
[0031.68] Log: Flushing async loaders.
[0033.25] TgSLO: Finish Load: GodSkins_Portraits_and_Icons
[0033.25] Log: Flushed async loaders.
[0033.32] Log: Primary PhysX scene will be in software.
[0033.32] Log: Creating Primary PhysX Scene.
[0033.67] Log: *** WARNING - PATHS MAY NOT BE VALID ***
[0033.67] Log: Bringing World lobbymap.TheWorld up for play (0) at 2015.06.18-11.25.14
[0033.67] Log: Skipping initialization of FSMPartPool!
[0033.97] Log: Bringing up level for play took: 0.711595
[0042.73] Warning: Warning, Failed to load 'Font None.ArialUnicode': Failed to find object 'Font None.ArialUnicode'
[0042.73] Warning: Warning, Failed to load 'Font None.ArialUnicode': Failed to find object 'Font None.ArialUnicode'
[0042.88] Log: GFx attempted to load missing object [UDKFrontEnd.udk_ime]
[0044.38] Log: ########### Finished loading level: 14.147604 seconds
[0044.61] Log: Flushing async loaders.
[0047.18] Log: Flushed async loaders.
[0047.18] Log: Initializing Engine Completed
[0047.18] Log: >>>>>>>>>>>>>> Initial startup: 47.18s <<<<<<<<<<<<<<<
[0047.18] Log: Browser user data directory is C:\ProgramData\Hi-Rez Studios\BrowserCache\Battle
[0053.51] Log: WebFactory created
[0058.38] Log: FKAggregateGeom::InstanceNovodexGeom: () Cannot 3D-Scale rigid-body primitives (sphere, box, sphyl).
[0058.38] Log: URB_BodyInstance::InitBody : Could not create new Shape: 
[0060.18] Log: Failed to create HirezCtrl, Exception Error
[0078.88] Log: Login Success: kimicol
[0079.50] Error: Failed to read file '..\..\BattleGame\LandingPanel\c9chest2.jpg' error ()
[0079.50] Error: Failed to read file '..\..\BattleGame\LandingPanel\GodPackTest22.jpg' error ()
[0079.51] Error: Failed to read file '..\..\BattleGame\LandingPanel\MadameNox2.jpg' error ()
[0079.51] Error: Failed to read file '..\..\BattleGame\LandingPanel\FireworksEmote2.jpg' error ()
[0079.51] Error: Failed to read file '..\..\BattleGame\LandingPanel\esportsseasonticket.jpg' error ()
[0079.51] Error: Failed to read file '..\..\BattleGame\LandingPanel\KhaliSkin.jpg' error ()
[0079.51] Error: Failed to read file '..\..\BattleGame\LandingPanel\HeavenlyWarlord.jpg' error ()
[0079.51] Error: Failed to read file '..\..\BattleGame\LandingPanel\FnaticChest.jpg' error ()
[0079.51] Error: Failed to read file '..\..\BattleGame\LandingPanel\DIG.jpg' error ()
[0079.51] Error: Failed to read file '..\..\BattleGame\LandingPanel\Denial.jpg' error ()
[0079.51] Error: Failed to read file '..\..\BattleGame\LandingPanel\Sharky.jpg' error ()
[0079.51] Error: Failed to read file '..\..\BattleGame\LandingPanel\Hunculese.jpg' error ()
[0079.51] Error: Failed to read file '..\..\BattleGame\LandingPanel\Ratatork.jpg' error ()
[0079.51] Error: Failed to read file '..\..\BattleGame\LandingPanel\GodPackTest.jpg' error ()
[0079.51] Error: Failed to read file '..\..\BattleGame\LandingPanel\GodPackTest_thumb.jpg' error ()
[0079.51] Error: Failed to read file '..\..\BattleGame\LandingPanel\Arena.jpg' error ()
[0079.51] Error: Failed to read file '..\..\BattleGame\LandingPanel\Arena_thumb.jpg' error ()
[0079.51] Error: Failed to read file '..\..\BattleGame\LandingPanel\SumSmite22.jpg' error ()
[0079.51] Error: Failed to read file '..\..\BattleGame\LandingPanel\SumSmite22_thumb.jpg' error ()
[0079.51] Error: Failed to read file '..\..\BattleGame\LandingPanel\MadameNox.jpg' error ()
[0079.51] Error: Failed to read file '..\..\BattleGame\LandingPanel\MadameNox_thumb.jpg' error ()
[0079.51] Error: Failed to read file '..\..\BattleGame\LandingPanel\curse.jpg' error ()
[0079.51] Error: Failed to read file '..\..\BattleGame\LandingPanel\curse_thumb.jpg' error ()
[0079.51] Error: Failed to read file '..\..\BattleGame\LandingPanel\ReferAFriend22.jpg' error ()
[0079.51] Error: Failed to read file '..\..\BattleGame\LandingPanel\ReferAFriend22_thumb.jpg' error ()
[0079.51] Error: Failed to read file '..\..\BattleGame\LandingPanel\Instagram.jpg' error ()
[0079.51] Error: Failed to read file '..\..\BattleGame\LandingPanel\Instagram_thumb.jpg' error ()
[0079.51] Log: Team/Instance chat routed to Instance Server.
[0079.52] Log: Chat[9]: Appuyez sur ENTRÉE pour accéder à la discussion.
[0079.52] Log: RequestingChannelMembers ch[1] [kimicol a rejoint la discussion.]
[0080.35] Warning: Warning, Failed to load 'Font None.Arial Unicode MS': Failed to find object 'Font None.Arial Unicode MS'
[0104.14] Log: Chat[1]: Statut du clan : Tiny42SH
[0104.14] Log: ---- UpdateClanData
[0118.12] Log: Closing by request
[0118.12] Log: appRequestExit(0)
[0118.13] Log: TgAIBehaviorTreeManager :: De-allocating 47 behavior trees
[0119.15] Exit: Preparing to exit.
[0119.47] Exit: Game engine shut down
[0119.55] Exit: Windows client shut down
[0119.56] Exit: XAudio2 Device shut down.
[0119.85] Exit: Object subsystem successfully closed.
[0121.38] Log: >>>>>>>>>>>>>>>>>> ResubmitMCTSEvent PLAYER_LOGOFF
[0121.51] Log: >>>>>>>>>>>>>>>>>> ResubmitMCTSEvent PLAYER_LOGOFF
[0121.99] Log: Shutting down FaceFX...
[0122.00] Log: FaceFX shutdown.
[0122.22] Exit: Exiting.
