[0000.17] Log: Async Log file open, 08/03/15 21:36:29
[0000.17] Init: WinSock: version 1.1 (2.2), MaxSocks=32767, MaxUdp=65467
[0000.17] Log:  ... running in INSTALLED mode
[0000.17] DevConfig: GConfig::Find has loaded file:  ..\..\Engine\Config\ConsoleVariables.ini
[0000.17] Init: Version: 10897
[0000.17] Init: Epic Internal: 0
[0000.17] Init: Compiled (32-bit): Jul 27 2015 15:39:51
[0000.17] Init: Changelist: 1532151
[0000.17] Init: Game is version 2.10.2868.3.
[0000.17] Init: Command line: -PGUID=f217e716-f401-4696-a0ce-3be9da5b0821  -host=             -host2              -seekfreeloading   -LANGUAGE=FRA -cnmg=722372295224232083267326732284239423642725250628 -cnmg2=72227221522823278325732273268425942464217528 -ASYNCTICK=FALSE -user=kimicol -epass=0318D48EB4424BC8453F77F6B393B2828309272591535BDEF1EF5A8AA7644D2A -HiCommand -HEXX=4779B3B8
[0000.17] Init: Base directory: C:\Program Files (x86)\Hi-Rez Studios\HiRezGames\smite\binaries\Win32\
[0000.18] Init: Computer: PC-ARTHUR
[0000.18] Init: User: Arthur
[0000.18] Init: CPU Page size=4096, Processors=4, Cores=2
[0000.18] Init: High frequency timer resolution =2.240911 MHz
[0000.18] Init: Memory total: Physical=3.8GB (3GB approx) Pagefile=4.5GB Virtual=4.0GB
[0000.27] DevOnline: Initializing MCTS
[0000.27] Init: Presizing for 60000 objects not considered by GC, pre-allocating 0 bytes.
[0000.27] Init: Object subsystem initialized
[0000.27] Log: Overriding lang INT w/ command-line option of FRA
[0002.10] Log: TgAIBehaviorTreeManager :: Loading behavior trees
[0002.10] Log: TgAIBehaviorTreeManager :: Successfully loaded behavior trees
[0002.11] Log: ShadowPatch: Error -pid should be passed on command line.
[0002.32] Log: AsyncTickTasks DISABLED at startup
[0002.34] Log: SystemSettings based on: SystemSettings
[0002.35] Log: SystemSettings based on: SystemSettings
[0002.35] Log: SystemSettings based on: SystemSettings
[0002.35] Log: SystemSettings based on: SystemSettings
[0002.35] Log: SystemSettings based on: SystemSettings
[0002.90] Log: Found D3D11 adapter 0: Intel(R) HD Graphics Family
[0002.90] Log: Adapter has 1020MB of dedicated video memory, 0MB of dedicated system memory, and 1933MB of shared system memory
[0002.93] Log: Shader platform (RHI): PC-D3D-SM3
[0002.99] Log: PhysX GPU Support: DISABLED
[0004.06] Log: Assembly Loaded Version: DBExport: 07/17/2015 17:51:11,  Src=devsql.hirezcorp.com:smite_live_build, LangSrc=devsql.hirezcorp.com:smite_translations,
[0022.38] Log: Skipping adding Package OnlineSubsystemMcts to NetPackages
[0023.81] Log: 118075 objects as part of root set at end of initial load.
[0023.81] Log: 0 out of 0 bytes used by permanent object pool.
[0023.81] Log: Initializing Engine...
[0024.99] ScriptWarning: Script call stack:
	Function Engine.GameViewportClient:Init

	TgGameViewportClient Transient.TgGameEngine_0:TgGameViewportClient_0
	Function Engine.GameViewportClient:Init:0025
[0024.99] ScriptWarning: Assertion failed, line 672
	TgGameViewportClient Transient.TgGameEngine_0:TgGameViewportClient_0
	Function Engine.GameViewportClient:Init:0025
[0025.00] Warning: Warning, Failed to load 'SwfMovie None.Logos': Failed to find object 'SwfMovie None.Logos'
[0025.00] Log: GFx attempted to load missing object [Logos]
[0025.00] Warning: Warning, Failed to load 'Class None.': Failed to find object 'Class None.'
[0025.00] Warning: Warning, Failed to find object 'Class None.'
[0025.00] Warning: Warning, Failed to load 'Class None.': Failed to find object 'Class None.'
[0025.00] Warning: Warning, Failed to find object 'Class None.'
[0025.00] Warning: Warning, Failed to load 'Class None.': Failed to find object 'Class None.'
[0025.00] Warning: Warning, Failed to find object 'Class None.'
[0025.00] Warning: Warning, Failed to load 'Class None.': Failed to find object 'Class None.'
[0025.00] Warning: Warning, Failed to find object 'Class None.'
[0025.00] DevNet: Browse: lobbymap?Name=Player?Team=255?DefaultCharacter=TgGame.TgCharacter
[0025.01] Log: LoadMap: lobbymap?Name=Player?Team=255?DefaultCharacter=TgGame.TgCharacter
[0025.53] Log: Map Game ID = 0
[0025.53] Log: Map Instance ID = 128630614
[0025.56] Log: Performance: Critical section Lock/Unlock 26 nsec
[0025.56] Log: Performance:  appCycles 12 nsec
[0025.63] Log: Performance:  memCopy per KB 339 nsec
[0025.67] Log: Performance:  memZero per KB 208 nsec
[0025.69] Log: Performance:  appInterlockedIncrement 15 nsec
[0025.69] Log: Performance:  GetTickCount 5 nsec
[0025.69] Log: Game class is 'TgGameLaunch'
[0025.69] TgSLO: Async Load: GodSkins_Portraits_and_Icons
[0025.69] Log: Flushing async loaders.
[0025.85] TgSLO: Finish Load: GodSkins_Portraits_and_Icons
[0025.85] Log: Flushed async loaders.
[0025.89] Log: Primary PhysX scene will be in software.
[0025.89] Log: Creating Primary PhysX Scene.
[0025.89] Log: *** WARNING - PATHS MAY NOT BE VALID ***
[0025.89] Log: Bringing World lobbymap.TheWorld up for play (0) at 2015.08.03-21.36.55
[0025.89] Log: Skipping initialization of FSMPartPool!
[0026.24] Log: Bringing up level for play took: 0.375927
[0048.74] Warning: Warning, Failed to load 'Font None.ArialUnicode': Failed to find object 'Font None.ArialUnicode'
[0048.74] Warning: Warning, Failed to load 'Font None.ArialUnicode': Failed to find object 'Font None.ArialUnicode'
[0048.97] Log: GFx attempted to load missing object [UDKFrontEnd.udk_ime]
[0050.39] Log: ########### Finished loading level: 25.377747 seconds
[0051.03] Log: Flushing async loaders.
[0051.77] Log: Flushed async loaders.
[0051.77] Log: Initializing Engine Completed
[0051.77] Log: >>>>>>>>>>>>>> Initial startup: 51.77s <<<<<<<<<<<<<<<
[0051.77] Log: Browser user data directory is C:\ProgramData\Hi-Rez Studios\BrowserCache\Battle
[0051.84] Log: WebFactory created
[0055.89] Log: Login Success: kimicol
[0056.48] Error: Failed to read file '..\..\BattleGame\LandingPanel\BootyChest.jpg' error ()
[0056.48] Error: Failed to read file '..\..\BattleGame\LandingPanel\UltimateGodPack.jpg' error ()
[0056.48] Error: Failed to read file '..\..\BattleGame\LandingPanel\esportsseasonticket.jpg' error ()
[0056.48] Error: Failed to read file '..\..\BattleGame\LandingPanel\DrSylvanusa.jpg' error ()
[0056.48] Error: Failed to read file '..\..\BattleGame\LandingPanel\esportsseasonticketSkinNew.jpg' error ()
[0056.48] Error: Failed to read file '..\..\BattleGame\LandingPanel\HBundle.jpg' error ()
[0056.48] Error: Failed to read file '..\..\BattleGame\LandingPanel\Tier2Medusa.jpg' error ()
[0056.48] Error: Failed to read file '..\..\BattleGame\LandingPanel\BizzyBCupid4.jpg' error ()
[0056.48] Error: Failed to read file '..\..\BattleGame\LandingPanel\PirateKali.jpg' error ()
[0056.48] Error: Failed to read file '..\..\BattleGame\LandingPanel\HercHunkulese.jpg' error ()
[0056.48] Error: Failed to read file '..\..\BattleGame\LandingPanel\NewGodRavana.jpg' error ()
[0056.48] Error: Failed to read file '..\..\BattleGame\LandingPanel\HeavenlyWarlord223.jpg' error ()
[0056.48] Error: Failed to read file '..\..\BattleGame\LandingPanel\TyrantRavana.jpg' error ()
[0056.48] Error: Failed to read file '..\..\BattleGame\LandingPanel\GodPackTest234.jpg' error ()
[0056.48] Error: Failed to read file '..\..\BattleGame\LandingPanel\GodPackTest234_thumb.jpg' error ()
[0056.48] Error: Failed to read file '..\..\BattleGame\LandingPanel\RetroHerc.jpg' error ()
[0056.48] Error: Failed to read file '..\..\BattleGame\LandingPanel\RetroHerc_thumb.jpg' error ()
[0056.48] Error: Failed to read file '..\..\BattleGame\LandingPanel\Loki.jpg' error ()
[0056.48] Error: Failed to read file '..\..\BattleGame\LandingPanel\Loki_thumb.jpg' error ()
[0056.48] Error: Failed to read file '..\..\BattleGame\LandingPanel\Madscientist.jpg' error ()
[0056.48] Error: Failed to read file '..\..\BattleGame\LandingPanel\Madscientist_thumb.jpg' error ()
[0056.48] Error: Failed to read file '..\..\BattleGame\LandingPanel\SoS.jpg' error ()
[0056.48] Error: Failed to read file '..\..\BattleGame\LandingPanel\SoS_thumb.jpg' error ()
[0056.48] Error: Failed to read file '..\..\BattleGame\LandingPanel\ReferAFriend22.jpg' error ()
[0056.48] Error: Failed to read file '..\..\BattleGame\LandingPanel\ReferAFriend22_thumb.jpg' error ()
[0056.56] Log: Team/Instance chat routed to Instance Server.
[0056.58] Log: Chat[9]: Appuyez sur ENTRÉE pour accéder à la discussion.
[0056.58] Log: RequestingChannelMembers ch[1] [kimicol a rejoint la discussion.]
[0057.45] Warning: Warning, Failed to load 'Font None.Arial Unicode MS': Failed to find object 'Font None.Arial Unicode MS'
[0091.75] Log: Chat[1]: Statut du clan : Tiny42SH
[0091.75] Log: ---- UpdateClanData
[0144.13] Log: ---- UpdateClanData
[0174.49] Log: ---- UpdateClanData
[0249.49] Log: Chat[9]: Vous avez rejoint une file d'attente.
[0295.70] Log: ---- UpdateClanData
[0419.04] Log: RequestingChannelMembers ch[3] [kimicol a rejoint la discussion.]
[0419.04] Log: RequestingChannelMembers ch[3] [LordDuxi a rejoint la discussion.]
[0419.04] Log: RequestingChannelMembers ch[3] [LordDuxi a quitté la discussion.]
[0419.04] Log: RequestingChannelMembers ch[3] [kimicol a rejoint la discussion.]
[0420.74] Log: RequestingChannelMembers ch[3] [MrMidgetMage a rejoint la discussion.]
[0421.08] Log: RequestingChannelMembers ch[3] [LordDuxi a rejoint la discussion.]
[0424.40] Warning: Warning, Failed to load 'Class None.None': Failed to find object 'Class None.None'
[0424.40] Warning: Warning, Failed to find object 'Class None.None'
[0424.40] Warning: Warning, Failed to load 'Class None.None': Failed to find object 'Class None.None'
[0424.40] Warning: Warning, Failed to find object 'Class None.None'
[0424.40] Warning: Warning, Failed to load 'Class None.None': Failed to find object 'Class None.None'
[0424.40] Warning: Warning, Failed to find object 'Class None.None'
[0424.40] Warning: Warning, Failed to load 'Class None.None': Failed to find object 'Class None.None'
[0424.40] Warning: Warning, Failed to find object 'Class None.None'
[0424.40] Warning: Warning, Failed to load 'Class None.None': Failed to find object 'Class None.None'
[0424.40] Warning: Warning, Failed to find object 'Class None.None'
[0441.27] TgSLO: Async Load: GOD_Ymir
[0441.27] TgSLO: Async Load: GOD_Ymir_Lobby
[0441.28] TgSLO: Async Load: FX_Ymir
[0441.77] TgSLO: Async Load: GOD_Artemis
[0441.77] TgSLO: Async Load: GOD_Artemis_Lobby
[0441.77] TgSLO: Async Load: FX_Artemis
[0442.70] TgSLO: Finish Load: GOD_Ymir
[0442.94] TgSLO: Finish Load: GOD_Ymir_Lobby
[0443.67] TgSLO: Finish Load: FX_Ymir
[0443.67] Log: Flushing async loaders.
[0443.84] TgSLO: Finish Load: GOD_Artemis
[0443.84] TgSLO: Finish Load: GOD_Artemis_Lobby
[0443.88] TgSLO: Finish Load: FX_Artemis
[0443.88] Log: Flushed async loaders.
[0443.95] Warning: Failed to find notify DeactivateArrowFX on TgSkeletalMeshActor_Lobby_20 (No_SkeletalMesh)
[0445.31] Warning: Failed to find notify ActivateArrowFX on TgSkeletalMeshActor_Lobby_20 (No_SkeletalMesh)
[0450.39] Log: Chat[3]: guys im a mage type, who do you recommend?
[0464.88] Log: SendChat[3] anubis
[0465.25] Log: Chat[3]: anubis
[0470.29] Log: Chat[3]: i dont have him :(
[0476.18] Log: SendChat[3] ...
[0476.54] Log: Chat[3]: ...
[0481.13] Log: Chat[3]: ra is great
[0482.36] Log: Chat[3]: :)
[0487.74] Log: Chat[3]: ok
[0489.26] TgSLO: Async Load: GOD_Ra
[0489.26] TgSLO: Async Load: GOD_Ra_Lobby
[0489.26] TgSLO: Async Load: FX_Ra
[0489.61] TgSLO: Finish Load: GOD_Ra
[0489.74] TgSLO: Finish Load: GOD_Ra_Lobby
[0489.99] TgSLO: Finish Load: FX_Ra
[0490.60] Log: SendChat[3] go ra
[0490.97] Log: Chat[3]: go ra
[0504.40] DevNet: URL: Adding default option Team=255
[0504.40] Log: ReceiveChangeMap: mapGameId 1503
[0504.93] DevNet: URL: Adding default option Team=255
[0504.93] DevNet: Browse: 72.251.243.202:9202/lobbymap?GameState=OGS_NoSession?GameMode=0?name=Player?map_instance_id=174088304?Team=255
[0504.93] DevNet: Game client on port 9202, rate 25000
[0505.46] DevNet: Welcomed by server (Level: joust_v2_p, Game: TgGame.TgGame_Battle_Joust)
[0507.51] Log: LoadMap: 72.251.243.202:9202/joust_v2_p?GameState=OGS_NoSession?GameMode=0?name=Player?map_instance_id=174088304?Team=255?game=TgGame.TgGame_Battle_Joust
[0507.94] Log: Map Game ID = 0
[0507.94] Log: Map Instance ID = 128630614
[0507.97] Log: Performance: Critical section Lock/Unlock 24 nsec
[0507.97] Log: Performance:  appCycles 11 nsec
[0508.03] Log: Performance:  memCopy per KB 316 nsec
[0508.07] Log: Performance:  memZero per KB 188 nsec
[0508.08] Log: Performance:  appInterlockedIncrement 13 nsec
[0508.09] Log: Performance:  GetTickCount 4 nsec
[0521.96] TgSLO: Async Load: FX_Store_Items
[0521.96] TgSLO: Async Load: FX_Store_Items_Targeting
[0521.97] TgSLO: Async Load: FX_Status_Effects
[0521.97] TgSLO: Async Load: GOD_CommonMaterialEffects
[0521.97] TgSLO: Async Load: GOD_Common_AT
[0521.97] TgSLO: Async Load: AUD_VOX_Narrator
[0521.97] TgSLO: Async Load: NPC_Ward2
[0521.97] TgSLO: Async Load: FX_Buff_Belts_V2
[0521.97] TgSLO: Async Load: FX_Fist_Of_God_V2
[0521.97] TgSLO: Async Load: GOD_Bellona
[0521.97] TgSLO: Async Load: GOD_Bellona_Textures
[0521.97] TgSLO: Async Load: FX_Bellona
[0521.97] TgSLO: Async Load: AUD_God_Bellona
[0521.97] TgSLO: Async Load: GOD_Zeus
[0521.97] TgSLO: Async Load: GOD_Zeus_Textures
[0521.97] TgSLO: Async Load: AUD_God_Zeus
[0521.97] TgSLO: Async Load: FX_Zeus_B
[0521.98] TgSLO: Async Load: GOD_Neith
[0521.98] TgSLO: Async Load: GOD_Neith_Textures
[0521.98] TgSLO: Async Load: FX_Neith
[0521.98] TgSLO: Async Load: AUD_God_Neith
[0521.98] TgSLO: Async Load: GOD_Neith_Skin5
[0521.98] TgSLO: Async Load: GOD_Ra
[0521.98] TgSLO: Async Load: GOD_Ra_Textures
[0521.98] TgSLO: Async Load: FX_Ra
[0521.98] TgSLO: Async Load: AUD_God_Ra
[0521.98] TgSLO: Async Load: GOD_Ymir
[0521.98] TgSLO: Async Load: GOD_Ymir_Textures
[0521.98] TgSLO: Async Load: FX_Ymir
[0521.98] TgSLO: Async Load: FX_Ymir_Targeting
[0521.98] TgSLO: Async Load: AUD_God_Ymir
[0521.98] TgSLO: Async Load: GOD_Artemis
[0521.98] TgSLO: Async Load: GOD_Artemis_Textures
[0521.98] TgSLO: Async Load: FX_Artemis
[0521.98] TgSLO: Async Load: AUD_God_Artemis
[0521.98] TgSLO: Async Load: Joust_Tower
[0521.98] TgSLO: Async Load: FX_Tower
[0521.99] TgSLO: Async Load: FX_Greek_Tower
[0521.99] TgSLO: Async Load: AUD_Tower
[0521.99] TgSLO: Async Load: NPC_Phoenix
[0521.99] TgSLO: Async Load: NPC_Phoenix_Textures
[0522.00] TgSLO: Async Load: FX_Phoenix
[0522.00] TgSLO: Async Load: AUD_NPC_Phoenix
[0522.00] TgSLO: Async Load: MDL_PseudoMesh
[0522.00] TgSLO: Async Load: NPC_Joust_Minion
[0522.00] TgSLO: Async Load: NPC_Joust_Minion_Textures
[0522.00] TgSLO: Async Load: NPC_Minion_Universal
[0522.00] TgSLO: Async Load: FX_Roman
[0522.00] TgSLO: Async Load: FX_Minion_Death
[0522.00] TgSLO: Async Load: AUD_NPC_RomanArcher
[0522.00] TgSLO: Async Load: AUD_NPC_Olympus
[0522.00] TgSLO: Async Load: NPC_Guardian_Female
[0522.00] TgSLO: Async Load: NPC_Guardian_Female_AT
[0522.00] TgSLO: Async Load: FX_Guardian_Female
[0522.00] TgSLO: Async Load: AUD_NPC_Guardian_Female
[0522.00] TgSLO: Async Load: NPC_Guardian_Male
[0522.00] TgSLO: Async Load: NPC_Guardian_Male_AT
[0522.01] TgSLO: Async Load: FX_Guardian_Male
[0522.01] TgSLO: Async Load: AUD_NPC_Guardian_Male
[0522.01] TgSLO: Async Load: NPC_Cyclops_V2
[0522.01] TgSLO: Async Load: FX_NPC_Cyclops_V2
[0522.01] TgSLO: Async Load: AUD_NPC_Cyclops
[0522.01] Log: Flushing async loaders.
[0522.07] TgSLO: Finish Load: FX_Store_Items
[0522.11] TgSLO: Finish Load: FX_Store_Items_Targeting
[0522.13] TgSLO: Finish Load: FX_Status_Effects
[0522.21] TgSLO: Finish Load: GOD_CommonMaterialEffects
[0522.22] TgSLO: Finish Load: GOD_Common_AT
[0522.38] TgSLO: Finish Load: AUD_VOX_Narrator
[0522.40] TgSLO: Finish Load: NPC_Ward2
[0522.46] TgSLO: Finish Load: FX_Buff_Belts_V2
[0522.48] TgSLO: Finish Load: FX_Fist_Of_God_V2
[0523.58] TgSLO: Finish Load: GOD_Bellona
[0523.59] TgSLO: Finish Load: GOD_Bellona_Textures
[0523.80] TgSLO: Finish Load: FX_Bellona
[0523.87] TgSLO: Finish Load: AUD_God_Bellona
[0524.33] TgSLO: Finish Load: GOD_Zeus
[0524.33] TgSLO: Finish Load: GOD_Zeus_Textures
[0524.45] TgSLO: Finish Load: AUD_God_Zeus
[0524.52] TgSLO: Finish Load: FX_Zeus_B
[0524.90] TgSLO: Finish Load: GOD_Neith
[0524.91] TgSLO: Finish Load: GOD_Neith_Textures
[0524.96] TgSLO: Finish Load: FX_Neith
[0525.04] TgSLO: Finish Load: AUD_God_Neith
[0525.08] TgSLO: Finish Load: GOD_Neith_Skin5
[0525.09] TgSLO: Finish Load: GOD_Ra
[0525.10] TgSLO: Finish Load: GOD_Ra_Textures
[0525.12] TgSLO: Finish Load: FX_Ra
[0525.17] TgSLO: Finish Load: AUD_God_Ra
[0525.34] TgSLO: Finish Load: GOD_Ymir
[0525.34] TgSLO: Finish Load: GOD_Ymir_Textures
[0525.40] TgSLO: Finish Load: FX_Ymir
[0525.43] TgSLO: Finish Load: FX_Ymir_Targeting
[0525.60] TgSLO: Finish Load: AUD_God_Ymir
[0525.66] TgSLO: Finish Load: GOD_Artemis
[0525.69] TgSLO: Finish Load: GOD_Artemis_Textures
[0525.71] TgSLO: Finish Load: FX_Artemis
[0525.77] TgSLO: Finish Load: AUD_God_Artemis
[0526.08] TgSLO: Finish Load: Joust_Tower
[0526.11] TgSLO: Finish Load: FX_Tower
[0526.16] TgSLO: Finish Load: FX_Greek_Tower
[0526.27] TgSLO: Finish Load: AUD_Tower
[0526.43] TgSLO: Finish Load: NPC_Phoenix
[0526.45] TgSLO: Finish Load: NPC_Phoenix_Textures
[0526.47] TgSLO: Finish Load: FX_Phoenix
[0526.53] TgSLO: Finish Load: AUD_NPC_Phoenix
[0526.54] TgSLO: Finish Load: MDL_PseudoMesh
[0526.61] TgSLO: Finish Load: NPC_Joust_Minion
[0526.61] TgSLO: Finish Load: NPC_Joust_Minion_Textures
[0526.82] TgSLO: Finish Load: NPC_Minion_Universal
[0526.84] TgSLO: Finish Load: FX_Roman
[0526.85] TgSLO: Finish Load: FX_Minion_Death
[0526.90] TgSLO: Finish Load: AUD_NPC_RomanArcher
[0526.90] TgSLO: Finish Load: AUD_NPC_Olympus
[0527.30] TgSLO: Finish Load: NPC_Guardian_Female
[0527.33] TgSLO: Finish Load: NPC_Guardian_Female_AT
[0527.33] TgSLO: Finish Load: FX_Guardian_Female
[0527.34] TgSLO: Finish Load: AUD_NPC_Guardian_Female
[0527.78] TgSLO: Finish Load: NPC_Guardian_Male
[0527.81] TgSLO: Finish Load: NPC_Guardian_Male_AT
[0527.87] TgSLO: Finish Load: FX_Guardian_Male
[0527.92] TgSLO: Finish Load: AUD_NPC_Guardian_Male
[0528.33] TgSLO: Finish Load: NPC_Cyclops_V2
[0528.33] TgSLO: Finish Load: FX_NPC_Cyclops_V2
[0528.41] TgSLO: Finish Load: AUD_NPC_Cyclops
[0528.41] Log: Flushed async loaders.
[0528.42] Log: Primary PhysX scene will be in software.
[0528.42] Log: Creating Primary PhysX Scene.
[0528.44] Log: Bringing World joust_v2_p.TheWorld up for play (595) at 2015.08.03-21.45.17
[0528.44] Log: Skipping initialization of FSMPartPool!
[0528.44] Log: Bringing up level for play took: 0.030990
[0528.44] Warning: Warning, Failed to load 'Class None.': Failed to find object 'Class None.'
[0528.44] Warning: Warning, Failed to find object 'Class None.'
[0528.44] Log: PlayerController class for the pending level is PlayerController
[0528.44] Log: ########### Finished loading level: 20.936144 seconds
[0528.44] Log: Flushing async loaders.
[0531.79] Log: Flushed async loaders.
[0532.26] DevNet: TgPlayerController_1 setplayer TgLocalPlayer_0
[0533.18] Log: AttachToOwner - Socket (FX_ORIGIN_Origin) not found in owner mesh or its parent! (2702 to NONE)
[0535.22] Log: AttachToOwner - Socket (WSO_Emit_01) not found in owner mesh or its parent! (2450 to TgPawn_Zeus_DefaultV2_0)
[0535.22] Log: AttachToOwner - Socket (FX_ORIGIN_Origin) not found in owner mesh or its parent! (2702 to NONE)
[0535.23] Log: AttachToOwner - Socket (FX_ORIGIN_Origin) not found in owner mesh or its parent! (2702 to NONE)
[0535.23] Log: AttachToOwner - Socket (FX_ORIGIN_Origin) not found in owner mesh or its parent! (2702 to NONE)
[0535.34] Log: AttachToOwner - Socket (FX_ORIGIN_Origin) not found in owner mesh or its parent! (2702 to NONE)
[0535.34] Log: AttachToOwner - Socket (FX_ORIGIN_Origin) not found in owner mesh or its parent! (2702 to NONE)
[0535.40] Log: TeamIndex 1 has new leader: 3626309
[0535.41] Log: TeamIndex 2 has new leader: 7148109
[0535.67] Log: ---- UpdateClanData
[0535.68] Log: ActivateLevel joust_v2_crowd 1 1 0
[0535.68] Log: ActivateLevel joust_sound 1 1 0
[0535.68] Log: ActivateLevel joust_v2_p_assist 1 1 0
[0536.62] Log: Activated joust_v2_p_assist 1 1 0
[0556.92] Warning: Warning, Failed to load 'Texture None.blah': Failed to find object 'Texture None.blah'
[0567.62] Log: Requesting purchase of itemId (10043) amount (1)
[0569.56] Log: Requesting purchase of itemId (8711) amount (1)
[0573.43] Log: Requesting purchase of itemId (8134) amount (1)
[0573.61] Log: Requesting purchase of itemId (8134) amount (1)
[0575.27] Log: Requesting purchase of itemId (8135) amount (1)
[0614.96] Log: Chat[3]: guys when i say gruop up means im about to heal you
[0621.29] Log: Chat[3]: group
[0625.42] Log: Chat[3]: [VVA] D'accord !
[0678.84] Log: Chat[3]: [VVVG] On se regroupe !
[0692.38] Log: TeamIndex 1 has new leader: 3636744
[0699.65] Log: Chat[3]: [VVVG] On se regroupe !
[0719.75] Log: Chat[3]: [VVVG] On se regroupe !
[0723.81] Log: PUSHING Accolade: iSeVeNFR verse le Premier sang !, local: false
[0729.80] Log: Chat[3]: [VVS] Désolé !
[0731.61] ScriptWarning: Accessed None 'HitActor'
	TgDeviceFire Transient.TgDeviceFire_39
	Function TgGame.TgDeviceFire:ApplyHit:033E
[0739.04] ScriptWarning: Accessed None 'HitActor'
	TgDeviceFire Transient.TgDeviceFire_20
	Function TgGame.TgDeviceFire:ApplyHit:033E
[0748.13] ScriptWarning: Accessed None 'HitActor'
	TgDeviceFire Transient.TgDeviceFire_25
	Function TgGame.TgDeviceFire:ApplyHit:033E
[0758.96] Log: PUSHING Accolade: manises79 a tué un joueur !, local: false
[0764.69] Log: Requesting purchase of itemId (10044) amount (1)
[0771.06] Log: Requesting purchase of itemId (9026) amount (1)
[0772.55] Log: Requesting purchase of itemId (8134) amount (1)
[0786.94] Log: Chat[3]: [VVVG] On se regroupe !
[0825.88] Log: AttachToOwner - Socket (CSO_FX_Waist_01) not found in owner mesh or its parent! (1700 to TgPawn_Artemis_Boar_0)
[0826.72] Log: AttachToOwner - Socket (CSO_FX_Waist_01) not found in owner mesh or its parent! (1701 to TgPawn_Artemis_Boar_0)
[0826.74] Log: Chat[3]: [VVVG] On se regroupe !
[0849.83] Log: Chat[3]: [VVB] Je reviens !
[0852.04] Log: Chat[3]: [VVB] Je reviens !
[0857.33] Log: Requesting purchase of itemId (8712) amount (1)
[0858.78] Log: Requesting purchase of itemId (8134) amount (1)
[0910.48] Log: Chat[3]: [VVVG] On se regroupe !
[0915.54] Log: PUSHING Accolade: , local: false
[0935.18] Log: Chat[3]: [VVVG] On se regroupe !
[0960.28] ScriptWarning: Accessed None 'HitActor'
	TgDeviceFire Transient.TgDeviceFire_59
	Function TgGame.TgDeviceFire:ApplyHit:033E
[0961.73] Log: Chat[3]: [VVGW] De rien !
[0966.82] Log: PUSHING Accolade: , local: false
[0970.37] Log: Chat[3]: [VVS] Désolé !
[0988.53] Log: Chat[3]: [VVM] Plus de mana !
[0999.48] Log: Chat[3]: [VVB] Je reviens !
[1007.00] ScriptWarning: Accessed None 'HitActor'
	TgDeviceFire Transient.TgDeviceFire_69
	Function TgGame.TgDeviceFire:ApplyHit:033E
[1010.14] Log: Requesting purchase of itemId (8057) amount (1)
[1012.19] Log: Requesting purchase of itemId (10201) amount (1)
[1012.32] Warning: Warning, Failed to load 'Class None.None': Failed to find object 'Class None.None'
[1012.32] Warning: Warning, Failed to find object 'Class None.None'
[1012.32] Warning: Warning, Failed to load 'Class None.None': Failed to find object 'Class None.None'
[1012.32] Warning: Warning, Failed to find object 'Class None.None'
[1013.46] ScriptWarning: Accessed None 'HitActor'
	TgDeviceFire Transient.TgDeviceFire_54
	Function TgGame.TgDeviceFire:ApplyHit:033E
[1014.99] Log: Requesting purchase of itemId (8135) amount (1)
[1028.31] Log: AttachToOwner - Socket (CSO_FX_Waist_01) not found in owner mesh or its parent! (1700 to TgPawn_Artemis_Boar_2)
[1042.67] Log: Chat[3]: [VVVG] On se regroupe !
[1066.62] Log: PUSHING Accolade: iSeVeNFR a tué un joueur !, local: false
[1067.15] ScriptWarning: Accessed None 'HitActor'
	TgDeviceFire Transient.TgDeviceFire_83
	Function TgGame.TgDeviceFire:ApplyHit:033E
[1071.43] Log: Requesting purchase of itemId (9003) amount (1)
[1073.36] Log: Requesting purchase of itemId (8134) amount (1)
[1073.55] Log: Requesting purchase of itemId (8134) amount (1)
[1073.73] Log: Requesting purchase of itemId (8134) amount (1)
[1081.66] Log: Chat[3]: [VVVG] On se regroupe !
[1098.66] Log: Chat[3]: [VVM] Plus de mana !
[1119.32] Log: Chat[3]: [VVVG] On se regroupe !
[1144.91] Log: PUSHING Accolade: iSeVeNFR fait une tuerie ! (x3), local: false
[1146.46] Log: PUSHING Accolade: iSeVeNFR a fait un doublé !, local: false
[1146.46] Log: Suppressing Accolade: 
[1167.24] ScriptWarning: Accessed None 'HitActor'
	TgDeviceFire Transient.TgDeviceFire_74
	Function TgGame.TgDeviceFire:ApplyHit:033E
[1171.28] Log: ---- UpdateClanData
[1171.44] Log: ---- UpdateClanData
[1171.92] Log: Requesting purchase of itemId (10203) amount (1)
[1177.25] Log: AttachToOwner - Socket (WSO_Emit_01) not found in owner mesh or its parent! (1027 to NONE)
[1184.88] Log: ---- UpdateClanData
[1190.07] Log: ---- UpdateClanData
[1194.14] ScriptWarning: Accessed None 'HitActor'
	TgDeviceFire Transient.TgDeviceFire_93
	Function TgGame.TgDeviceFire:ApplyHit:033E
[1209.71] Log: Chat[3]: [VVVG] On se regroupe !
[1232.45] Log: AttachToOwner - Socket (WSO_Emit_01) not found in owner mesh or its parent! (1027 to NONE)
[1236.80] Log: Chat[3]: [VVVG] On se regroupe !
[1250.76] Log: Chat[3]: [VVVG] On se regroupe !
[1254.76] Log: ---- UpdateClanData
[1254.92] Log: ---- UpdateClanData
[1254.92] Log: Chat[6]: Namarand vient de se connecter.
[1254.92] Log: RequestingChannelMembers ch[1] [Namarand a rejoint la discussion.]
[1269.01] Log: Chat[3]: [VVVG] On se regroupe !
[1273.81] Log: PUSHING Accolade: iSeVeNFR fait un massacre ! (x5), local: false
[1275.31] Log: PUSHING Accolade: iSeVeNFR a fait un doublé !, local: false
[1275.31] Log: Suppressing Accolade: 
[1277.16] Log: Chat[3]: [VVS] Désolé !
[1280.08] Log: Requesting purchase of itemId (9469) amount (1)
[1282.51] Log: Requesting purchase of itemId (8134) amount (1)
[1282.68] Log: Requesting purchase of itemId (8134) amount (1)
[1282.87] Log: Requesting purchase of itemId (8134) amount (1)
[1283.47] Log: Requesting purchase of itemId (8134) amount (1)
[1285.60] Log: Chat[3]: [VVGR] Pas de problème.
[1288.06] Log: PUSHING Accolade: iSeVeNFR EST INARRÊTABLE ! (x7), local: false
[1289.56] Log: PUSHING Accolade: DÉICIDE, local: true
[1301.48] ScriptWarning: Accessed None 'HitActor'
	TgDeviceFire Transient.TgDeviceFire_119
	Function TgGame.TgDeviceFire:ApplyHit:033E
[1304.16] ScriptWarning: Accessed None 'HitActor'
	TgDeviceFire Transient.TgDeviceFire_97
	Function TgGame.TgDeviceFire:ApplyHit:033E
[1329.11] Log: Chat[3]: [VVVG] On se regroupe !
[1341.70] Log: AttachToOwner - Socket (CSO_FX_Waist_01) not found in owner mesh or its parent! (1700 to TgPawn_Artemis_Boar_5)
[1353.26] Log: Chat[3]: [VVVG] On se regroupe !
[1365.81] Log: PUSHING Accolade: , local: false
[1367.31] Log: PUSHING Accolade: ASSISTÉ, local: true
[1376.35] Log: Chat[3]: [VVVG] On se regroupe !
[1386.76] Log: ---- UpdateClanData
[1416.91] ScriptWarning: Accessed None 'HitActor'
	TgDeviceFire Transient.TgDeviceFire_139
	Function TgGame.TgDeviceFire:ApplyHit:033E
[1424.24] Log: PUSHING Accolade: Kesadran a tué un joueur !, local: false
[1428.55] Log: PUSHING Accolade: , local: false
[1431.71] Log: Requesting purchase of itemId (10201) amount (1)
[1432.94] Log: Requesting purchase of itemId (8134) amount (1)
[1438.22] Log: AttachToOwner - Socket (CSO_FX_Waist_01) not found in owner mesh or its parent! (1700 to TgPawn_Artemis_Boar_6)
[1438.47] Log: AttachToOwner - Socket (CSO_FX_Waist_01) not found in owner mesh or its parent! (1701 to TgPawn_Artemis_Boar_6)
[1439.04] Log: Requesting purchase of itemId (9496) amount (1)
[1440.25] Log: PUSHING Accolade: , local: false
[1442.54] Log: PUSHING Accolade: , local: false
[1444.05] Log: PUSHING Accolade: DÉICIDE, local: true
[1450.24] Log: Chat[3]: [VVGT] Dommage !
[1489.65] Log: Chat[3]: [VD2] Défendez au centre !
[1502.18] Log: Chat[3]: [VVVG] On se regroupe !
[1518.31] Log: Chat[3]: [VVVG] On se regroupe !
[1524.39] Log: PUSHING Accolade: , local: false
[1526.55] ScriptWarning: Accessed None 'HitActor'
	TgDeviceFire Transient.TgDeviceFire_143
	Function TgGame.TgDeviceFire:ApplyHit:033E
[1526.98] Log: Chat[3]: [VVS] Désolé !
[1530.69] Log: AttachToOwner - Socket (CSO_FX_Waist_01) not found in owner mesh or its parent! (1700 to TgPawn_Artemis_Boar_7)
[1532.55] Log: PUSHING Accolade: Kesadran a fait un doublé !, local: false
[1532.55] Log: Suppressing Accolade: 
[1543.75] Log: Requesting purchase of itemId (8134) amount (1)
[1543.91] Log: Requesting purchase of itemId (8134) amount (1)
[1545.84] Log: Chat[3]: i got greedy
[1586.90] Log: PUSHING Accolade: Kesadran fait une tuerie ! (x3), local: false
[1595.32] ScriptWarning: Accessed None 'HitActor'
	TgDeviceFire Transient.TgDeviceFire_149
	Function TgGame.TgDeviceFire:ApplyHit:033E
[1597.22] ScriptWarning: Accessed None 'HitActor'
	TgDeviceFire Transient.TgDeviceFire_153
	Function TgGame.TgDeviceFire:ApplyHit:033E
[1612.94] Log: Chat[9]: Tuer Kesadran vous a donné 410 XP et 567 pièces d'or.
[1613.14] Log: PUSHING Accolade: VICTIME, local: true
[1614.64] Log: PUSHING Accolade: VENGEANCE, local: true
[1619.95] Log: PUSHING Accolade: manises79 fait une tuerie ! (x3), local: false
[1621.46] Log: PUSHING Accolade: iSeVeNFR est DIVIN (x9) !, local: false
[1623.82] ScriptWarning: Accessed None 'HitActor'
	TgDeviceFire Transient.TgDeviceFire_170
	Function TgGame.TgDeviceFire:ApplyHit:033E
[1626.44] Log: Requesting purchase of itemId (9497) amount (1)
[1628.20] Log: Requesting purchase of itemId (8134) amount (1)
[1628.36] Log: Requesting purchase of itemId (8134) amount (1)
[1632.68] Log: PUSHING Accolade: , local: false
[1634.20] Log: Expiring Accolade: 
[1634.20] Log: PUSHING Accolade: DÉICIDE, local: true
[1636.43] Log: Requesting purchase of itemId (8711) amount (1)
[1639.02] Log: Chat[3]: LordDuxi a lancé un vote de reddition.  Tapez /surrender (F6) pour voter OUI, /nosurrender (F7) pour voter NON.
[1642.52] Log: Chat[9]: Vous avez voté CONTRE la reddition.
[1642.77] Log: Chat[3]: Votre équipe a refusé de capituler (1 contre 2) !
[1651.15] Log: SendChat[3] 
[1687.97] Log: PUSHING Accolade: , local: false
[1695.10] ScriptWarning: Accessed None 'HitActor'
	TgDeviceFire Transient.TgDeviceFire_183
	Function TgGame.TgDeviceFire:ApplyHit:033E
[1699.86] Log: Chat[3]: im such a feeder -_-
[1701.17] Log: Chat[3]: [VVS] Désolé !
[1704.37] Log: PUSHING Accolade: , local: false
[1706.16] Log: PUSHING Accolade: manises79 a tué un joueur !, local: false
[1707.68] Log: PUSHING Accolade: DÉICIDE, local: true
[1712.00] Log: Requesting purchase of itemId (8712) amount (1)
[1713.61] Log: Requesting purchase of itemId (8134) amount (1)
[1734.43] Log: Chat[3]: [VD2] Défendez au centre !
[1736.12] Log: PUSHING Accolade: Kesadran fait une tuerie ! (x3), local: false
[1737.63] Log: PUSHING Accolade: DÉICIDE, local: true
[1752.41] ScriptWarning: Accessed None 'HitActor'
	TgDeviceFire Transient.TgDeviceFire_189
	Function TgGame.TgDeviceFire:ApplyHit:033E
[1754.69] Log: PUSHING Accolade: , local: false
[1756.19] Log: PUSHING Accolade: ASSISTÉ, local: true
[1758.42] Log: Chat[3]: [VVS] Désolé !
[1766.72] Log: PUSHING Accolade: iSeVeNFR EST IMMORTEL ! (x11), local: false
[1768.32] Log: Chat[3]: im terrible at this game
[1786.12] Log: Chat[3]: [VVVG] On se regroupe !
[1798.32] Log: Chat[3]: [VVN] Non !
[1805.14] Log: SendChat[3] stay here
[1805.28] Log: Chat[3]: stay here
[1816.24] Log: Chat[3]: just wanted to kill minions
[1819.35] ScriptWarning: Accessed None 'HitActor'
	TgDeviceFire Transient.TgDeviceFire_167
	Function TgGame.TgDeviceFire:ApplyHit:033E
[1820.72] Log: Chat[3]: [VVA] D'accord !
[1823.71] Log: PUSHING Accolade: , local: false
[1830.52] Log: PUSHING Accolade: iSeVeNFR a fait un doublé !, local: false
[1830.52] Log: Suppressing Accolade: iSeVeNFR est DIVIN ! (x13)
[1837.22] Log: Chat[3]: LordDuxi a lancé un vote de reddition.  Tapez /surrender (F6) pour voter OUI, /nosurrender (F7) pour voter NON.
[1839.47] Log: PUSHING Accolade: iSeVeNFR a fait un triplé !, local: false
[1839.47] Log: Suppressing Accolade: iSeVeNFR a tué un joueur !
[1841.40] Log: Chat[3]: Votre équipe a accepté de capituler (2 contre 0) !
[1841.47] Log: PUSHING Accolade: DÉICIDE, local: true
[1853.93] Log: ---- UpdateClanData
[1859.11] DevNet: URL: Adding default option Team=255
[1859.11] Log: ReceiveChangeMap: mapGameId 1447
[1859.11] Log: RequestingChannelMembers ch[3] [MrMidgetMage a quitté la discussion.]
[1859.11] Log: RequestingChannelMembers ch[3] [LordDuxi a quitté la discussion.]
[1859.11] Log: ---- UpdateClanData
[1859.12] DevNet: URL: Adding default option Team=255
[1859.12] DevNet: Browse: LobbyMap?game=TgClient.TgGameLaunch?GameState=OGS_NoSession?GameMode=0?name=Player?Team=255
[1859.14] Log: LoadMap: LobbyMap?game=TgClient.TgGameLaunch?GameState=OGS_NoSession?GameMode=0?name=Player?Team=255
[1859.25] NetComeGo: Close PComNetDriver_0 PComNetConn_0 72.251.243.202:9202 08/03/15 22:07:28
[1859.33] Exit: PComNetDriver_0 shut down
[1859.63] Log: Map Game ID = 0
[1859.63] Log: Map Instance ID = 128630614
[1859.66] Log: Performance: Critical section Lock/Unlock 26 nsec
[1859.66] Log: Performance:  appCycles 11 nsec
[1859.71] Log: Performance:  memCopy per KB 242 nsec
[1859.74] Log: Performance:  memZero per KB 152 nsec
[1859.75] Log: Performance:  appInterlockedIncrement 13 nsec
[1859.76] Log: Performance:  GetTickCount 4 nsec
[1859.76] Log: Game class is 'TgGameLaunch'
[1859.76] TgSLO: Async Load: GodSkins_Portraits_and_Icons
[1859.76] Log: Flushing async loaders.
[1859.79] TgSLO: Finish Load: GodSkins_Portraits_and_Icons
[1859.79] Log: Flushed async loaders.
[1859.84] Log: Primary PhysX scene will be in software.
[1859.84] Log: Creating Primary PhysX Scene.
[1859.84] Log: *** WARNING - PATHS MAY NOT BE VALID ***
[1859.84] Log: Bringing World lobbymap.TheWorld up for play (0) at 2015.08.03-22.07.29
[1859.84] Log: Skipping initialization of FSMPartPool!
[1859.91] Log: Bringing up level for play took: 0.115066
[1860.82] TgSLO: Async Load: GOD_Ymir
[1860.82] TgSLO: Async Load: GOD_Ymir_Lobby
[1860.82] TgSLO: Async Load: FX_Ymir
[1860.82] Log: Flushing async loaders.
[1860.97] TgSLO: Finish Load: GOD_Ymir
[1861.00] TgSLO: Finish Load: GOD_Ymir_Lobby
[1861.05] TgSLO: Finish Load: FX_Ymir
[1861.05] Log: Flushed async loaders.
[1861.06] Log: ########### Finished loading level: 1.915922 seconds
[1861.11] Log: Flushing async loaders.
[1861.27] Log: Flushed async loaders.
[1861.27] Log: RequestingChannelMembers ch[8] [kimicol a rejoint la discussion.]
[1863.63] Log: RequestingChannelMembers ch[8] [manises79 a rejoint la discussion.]
[1864.45] Log: RequestingChannelMembers ch[8] [LordDuxi a rejoint la discussion.]
[1869.57] Log: RequestingChannelMembers ch[8] [MrMidgetMage a quitté la discussion.]
[1871.06] Log: RequestingChannelMembers ch[8] [LordDuxi a quitté la discussion.]
[1871.38] Log: ---- UpdateClanData
[1875.40] Log: RequestingChannelMembers ch[8] [Kesadran a rejoint la discussion.]
[1887.02] Log: RequestingChannelMembers ch[8] [iSeVeNFR a quitté la discussion.]
[1891.86] Log: ERROR: Attempting to log in without settings.
[2155.31] Log: ---- UpdateClanData
[2173.58] Log: ---- UpdateClanData
[2641.43] Log: ---- UpdateClanData
[2642.54] Log: ---- UpdateClanData
[2642.60] Log: GFx attempted to load missing object [MenuManager.undefined]
[2659.14] Log: ---- UpdateClanData
[2664.70] Log: ---- UpdateClanData
[2744.50] Log: ---- UpdateClanData
[2744.67] Log: ---- UpdateClanData
[2757.53] Log: ---- UpdateClanData
[2763.49] Log: ---- UpdateClanData
[2861.71] Log: SendChat[6] tu veux jouer ?
[2862.12] Log: Chat[6]: tu veux jouer ?
[2875.30] Log: Chat[6]: yep
[2880.00] Log: ---- UpdateClanData
[2882.92] Log: RequestingChannelMembers ch[4] [kimicol a rejoint la discussion.]
[2897.23] Log: Chat[4]: quel mode ?
[2922.00] Log: Chat[4]: pas skype dsl
[2935.97] Log: SendChat[4] ah
[2936.39] Log: Chat[4]: ah
[2937.02] Log: Chat[4]: déjà que je lag un peu
[2942.29] Log: SendChat[4] comme tu veux le mode
[2942.67] Log: Chat[4]: comme tu veux le mode
[2943.61] Log: Chat[4]: pas envie d'en rajouter
[2949.45] Log: Chat[4]: siege ?
[2957.07] Log: SendChat[4] j'ai tout perdu aujourd'hui ^^
[2957.45] Log: Chat[4]: j'ai tout perdu aujourd'hui ^^
[2959.19] Log: SendChat[4] ok
[2959.56] Log: Chat[4]: ok
[2960.50] Log: Chat[9]: Vous avez rejoint une file d'attente.
[2960.51] Log: Chat[4]: Yadavac a rejoint la file d'attente du groupe.
[2994.25] Log: SendChat[4] alors les vacs ?
[2994.62] Log: Chat[4]: alors les vacs ?
[3035.81] Log: Chat[4]: pour l'instant bien
[3050.21] Log: RequestingChannelMembers ch[3] [kimicol a rejoint la discussion.]
[3050.21] Log: RequestingChannelMembers ch[3] [Yadavac a rejoint la discussion.]
[3050.21] Log: RequestingChannelMembers ch[3] [PaulBobblington a rejoint la discussion.]
[3050.21] Log: RequestingChannelMembers ch[3] [Yadavac a quitté la discussion.]
[3052.58] Log: RequestingChannelMembers ch[3] [kimicol a rejoint la discussion.]
[3055.60] Log: RequestingChannelMembers ch[3] [beargrills5 a rejoint la discussion.]
[3059.91] Log: SendChat[4] pour l'instant ? ^^
[3060.36] Log: Chat[4]: pour l'instant ? ^^
[3061.30] Log: RequestingChannelMembers ch[3] [Yadavac a rejoint la discussion.]
[3069.30] TgSLO: Async Load: GOD_ChangE
[3069.30] TgSLO: Async Load: GOD_ChangE_Lobby
[3069.34] TgSLO: Async Load: FX_ChangE
[3070.21] TgSLO: Async Load: GOD_Loki_V2
[3070.21] TgSLO: Async Load: GOD_Loki_V2_Lobby
[3070.21] TgSLO: Async Load: FX_Loki_V2
[3070.21] TgSLO: Async Load: GOD_Loki_V2_Skins
[3070.21] TgSLO: Async Load: AUD_God_Loki_V2
[3070.21] TgSLO: Async Load: AUD_VOX_God_Loki_V2
[3070.21] TgSLO: Async Load: FX_Loki_V2_Gold
[3070.21] TgSLO: Async Load: AnimNotify9062
[3070.77] TgSLO: Finish Load: GOD_ChangE
[3071.32] TgSLO: Finish Load: GOD_ChangE_Lobby
[3071.32] Log: Chat[4]: bah il reste un mois
[3071.71] TgSLO: Finish Load: FX_ChangE
[3071.71] Log: Flushing async loaders.
[3071.77] TgSLO: Finish Load: GOD_Loki_V2
[3072.34] TgSLO: Finish Load: GOD_Loki_V2_Lobby
[3072.38] TgSLO: Finish Load: FX_Loki_V2
[3072.43] TgSLO: Finish Load: GOD_Loki_V2_Skins
[3072.48] TgSLO: Finish Load: AUD_God_Loki_V2
[3072.65] TgSLO: Finish Load: AUD_VOX_God_Loki_V2
[3072.74] TgSLO: Finish Load: FX_Loki_V2_Gold
[3072.83] TgSLO: Finish Load: AnimNotify9062
[3072.83] Log: Flushed async loaders.
[3076.77] Log: Chat[4]: tout peut arriver
[3078.74] TgSLO: Async Load: GOD_GuanYu_V2
[3078.74] TgSLO: Async Load: GOD_GuanYu_V2_Lobby
[3078.74] TgSLO: Async Load: FX_GuanYu_V2
[3080.14] TgSLO: Finish Load: GOD_GuanYu_V2
[3080.24] TgSLO: Finish Load: GOD_GuanYu_V2_Lobby
[3080.68] TgSLO: Finish Load: FX_GuanYu_V2
[3085.69] Log: SendChat[4] ^^
[3086.07] Log: Chat[4]: ^^
[3103.87] Log: Chat[3]: left with guan yu
[3147.79] TgSLO: Async Load: GOD_Ra
[3147.79] TgSLO: Async Load: GOD_Ra_Lobby
[3147.79] TgSLO: Async Load: FX_Ra
[3148.26] TgSLO: Finish Load: GOD_Ra
[3148.35] TgSLO: Finish Load: GOD_Ra_Lobby
[3148.61] TgSLO: Finish Load: FX_Ra
[3158.38] DevNet: URL: Adding default option Team=255
[3158.38] Log: ReceiveChangeMap: mapGameId 1510
[3158.55] DevNet: URL: Adding default option Team=255
[3158.55] DevNet: Browse: 37.48.125.47:9109/lobbymap?GameState=OGS_NoSession?GameMode=0?name=Player?map_instance_id=174098183?Team=255
[3158.55] DevNet: Game client on port 9109, rate 25000
[3159.06] DevNet: Welcomed by server (Level: mayan_siege, Game: TgGame.TgGame_Battle_Conquest_Erez)
[3159.33] Log: LoadMap: 37.48.125.47:9109/mayan_siege?GameState=OGS_NoSession?GameMode=0?name=Player?map_instance_id=174098183?Team=255?game=TgGame.TgGame_Battle_Conquest_Erez
[3160.74] Log: Map Game ID = 0
[3160.74] Log: Map Instance ID = 128630614
[3160.77] Log: Performance: Critical section Lock/Unlock 27 nsec
[3160.77] Log: Performance:  appCycles 12 nsec
[3160.84] Log: Performance:  memCopy per KB 310 nsec
[3160.88] Log: Performance:  memZero per KB 198 nsec
[3160.89] Log: Performance:  appInterlockedIncrement 14 nsec
[3160.90] Log: Performance:  GetTickCount 4 nsec
[3165.02] TgSLO: Async Load: FX_Store_Items
[3165.02] TgSLO: Async Load: FX_Store_Items_Targeting
[3165.02] TgSLO: Async Load: FX_Status_Effects
[3165.02] TgSLO: Async Load: GOD_CommonMaterialEffects
[3165.02] TgSLO: Async Load: GOD_Common_AT
[3165.02] TgSLO: Async Load: AUD_VOX_Narrator
[3165.02] TgSLO: Async Load: NPC_Ward2
[3165.02] TgSLO: Async Load: FX_Buff_Belts_V2
[3165.02] TgSLO: Async Load: FX_Fist_Of_God_V2
[3165.02] TgSLO: Async Load: GOD_Ra
[3165.02] TgSLO: Async Load: GOD_Ra_Textures
[3165.02] TgSLO: Async Load: FX_Ra
[3165.02] TgSLO: Async Load: AUD_God_Ra
[3165.04] TgSLO: Async Load: NPC_Ward_WindDancer
[3165.04] TgSLO: Async Load: NPC_Ward_BobbleHead_Base
[3165.04] TgSLO: Async Load: NPC_Ward_Thunderbolt
[3165.04] TgSLO: Async Load: FX_Common
[3165.04] TgSLO: Async Load: AUD_UI
[3165.05] TgSLO: Async Load: FX_Emote_global_Fireworks_A
[3165.05] TgSLO: Async Load: GOD_GuanYu_V2
[3165.05] TgSLO: Async Load: GOD_GuanYu_V2_Textures
[3165.05] TgSLO: Async Load: FX_GuanYu_V2
[3165.05] TgSLO: Async Load: FX_GuanYu_V2_Targeting
[3165.05] TgSLO: Async Load: AUD_God_GuanYu_V2
[3165.05] TgSLO: Async Load: AUD_God_GuanYu
[3165.05] TgSLO: Async Load: GOD_ChangE
[3165.05] TgSLO: Async Load: GOD_ChangE_Textures
[3165.05] TgSLO: Async Load: FX_ChangE
[3165.05] TgSLO: Async Load: AUD_God_ChangE
[3165.05] TgSLO: Async Load: NPC_Ward_Curse
[3165.05] TgSLO: Async Load: NPC_Ward_Eyeballs
[3165.05] TgSLO: Async Load: GOD_Loki_V2
[3165.05] TgSLO: Async Load: GOD_Loki_V2_Textures
[3165.05] TgSLO: Async Load: FX_Loki_V2
[3165.05] TgSLO: Async Load: AUD_God_Loki_V2
[3165.05] TgSLO: Async Load: GOD_Loki_V2_Skins
[3165.05] TgSLO: Async Load: AUD_VOX_God_Loki_V2
[3165.05] TgSLO: Async Load: FX_Loki_V2_Gold
[3165.05] TgSLO: Async Load: AnimNotify9062
[3165.05] TgSLO: Async Load: GOD_Xbalanque
[3165.05] TgSLO: Async Load: GOD_Xbalanque_Textures
[3165.06] TgSLO: Async Load: FX_Xbalanque
[3165.06] TgSLO: Async Load: AUD_God_Xbalanque
[3165.06] TgSLO: Async Load: GOD_Vulcan
[3165.07] TgSLO: Async Load: GOD_Vulcan_Textures
[3165.07] TgSLO: Async Load: FX_Vulcan
[3165.09] TgSLO: Async Load: AUD_God_Vulcan
[3165.09] TgSLO: Async Load: GOD_Vulcan_Skin2
[3165.09] TgSLO: Async Load: FX_Vulcan_SentrySkin
[3165.09] TgSLO: Async Load: FX_Vulcan_Skin2
[3165.09] TgSLO: Async Load: FX_Vulcan_Targeting_SKN2
[3165.11] TgSLO: Async Load: AnimNotify8858
[3165.11] TgSLO: Async Load: GOD_Thanatos
[3165.12] TgSLO: Async Load: GOD_Thanatos_Textures
[3165.12] TgSLO: Async Load: FX_Thanatos
[3165.13] TgSLO: Async Load: AUD_God_Thanatos
[3165.13] TgSLO: Async Load: GOD_Nemesis
[3165.15] TgSLO: Async Load: GOD_Nemesis_Textures
[3165.15] TgSLO: Async Load: FX_Nemesis
[3165.16] TgSLO: Async Load: AUD_God_Nemesis
[3165.16] TgSLO: Async Load: NPC_Phoenix
[3165.16] TgSLO: Async Load: NPC_Phoenix_Textures
[3165.16] TgSLO: Async Load: FX_Phoenix
[3165.16] TgSLO: Async Load: AUD_NPC_Phoenix
[3165.16] TgSLO: Async Load: FX_Tower
[3165.16] TgSLO: Async Load: FX_Greek_Tower
[3165.16] TgSLO: Async Load: AUD_Tower
[3165.16] TgSLO: Async Load: MDL_PseudoMesh
[3165.18] TgSLO: Async Load: NPC_Greek_Tower
[3165.20] TgSLO: Async Load: NPC_Greek_Tower_Textures
[3165.20] TgSLO: Async Load: FX_Mayan_Tower
[3165.22] TgSLO: Async Load: NPC_Mayan_Towers
[3165.22] TgSLO: Async Load: NPC_Olympus
[3165.22] TgSLO: Async Load: AUD_NPC_Olympus
[3165.22] TgSLO: Async Load: NPC_Minion_Universal
[3165.23] TgSLO: Async Load: FX_Roman
[3165.23] TgSLO: Async Load: FX_Minion_Death
[3165.23] TgSLO: Async Load: AUD_NPC_RomanArcher
[3165.24] TgSLO: Async Load: NPC_Mayan_Minions
[3165.24] TgSLO: Async Load: NPC_Cyclops_V2
[3165.24] TgSLO: Async Load: FX_NPC_Cyclops_V2
[3165.25] TgSLO: Async Load: AUD_NPC_Cyclops
[3165.25] TgSLO: Async Load: FX_Greek_Tower_Old
[3165.25] TgSLO: Async Load: NPC_Guardian_Female
[3165.25] TgSLO: Async Load: NPC_Guardian_Female_AT
[3165.25] TgSLO: Async Load: FX_Guardian_Female
[3165.25] TgSLO: Async Load: AUD_NPC_Guardian_Female
[3165.25] TgSLO: Async Load: NPC_Guardian_Male
[3165.25] TgSLO: Async Load: NPC_Guardian_Male_AT
[3165.25] TgSLO: Async Load: FX_Guardian_Male
[3165.25] TgSLO: Async Load: AUD_NPC_Guardian_Male
[3165.25] TgSLO: Async Load: NPC_SiegeJuggernaut
[3165.27] TgSLO: Async Load: FX_SiegeJuggernaut
[3165.29] TgSLO: Async Load: AUD_NPC_SiegeJuggernaut
[3165.29] Log: Flushing async loaders.
[3165.36] TgSLO: Finish Load: FX_Store_Items
[3165.37] TgSLO: Finish Load: FX_Store_Items_Targeting
[3165.38] TgSLO: Finish Load: FX_Status_Effects
[3165.38] TgSLO: Finish Load: GOD_CommonMaterialEffects
[3165.38] TgSLO: Finish Load: GOD_Common_AT
[3165.52] TgSLO: Finish Load: AUD_VOX_Narrator
[3165.52] TgSLO: Finish Load: NPC_Ward2
[3165.59] TgSLO: Finish Load: FX_Buff_Belts_V2
[3165.59] TgSLO: Finish Load: FX_Fist_Of_God_V2
[3165.60] TgSLO: Finish Load: GOD_Ra
[3165.61] TgSLO: Finish Load: GOD_Ra_Textures
[3165.63] TgSLO: Finish Load: FX_Ra
[3165.65] TgSLO: Finish Load: AUD_God_Ra
[3165.73] TgSLO: Finish Load: NPC_Ward_WindDancer
[3165.74] TgSLO: Finish Load: NPC_Ward_BobbleHead_Base
[3165.88] TgSLO: Finish Load: NPC_Ward_Thunderbolt
[3166.01] TgSLO: Finish Load: FX_Common
[3166.06] TgSLO: Finish Load: AUD_UI
[3166.08] TgSLO: Finish Load: FX_Emote_global_Fireworks_A
[3166.24] TgSLO: Finish Load: GOD_GuanYu_V2
[3166.25] TgSLO: Finish Load: GOD_GuanYu_V2_Textures
[3166.27] TgSLO: Finish Load: FX_GuanYu_V2
[3166.30] TgSLO: Finish Load: FX_GuanYu_V2_Targeting
[3166.32] TgSLO: Finish Load: AUD_God_GuanYu_V2
[3166.36] TgSLO: Finish Load: AUD_God_GuanYu
[3166.52] TgSLO: Finish Load: GOD_ChangE
[3166.53] TgSLO: Finish Load: GOD_ChangE_Textures
[3166.54] TgSLO: Finish Load: FX_ChangE
[3166.66] TgSLO: Finish Load: AUD_God_ChangE
[3166.77] TgSLO: Finish Load: NPC_Ward_Curse
[3166.82] TgSLO: Finish Load: NPC_Ward_Eyeballs
[3166.83] TgSLO: Finish Load: GOD_Loki_V2
[3166.84] TgSLO: Finish Load: GOD_Loki_V2_Textures
[3166.86] TgSLO: Finish Load: FX_Loki_V2
[3166.90] TgSLO: Finish Load: AUD_God_Loki_V2
[3166.90] TgSLO: Finish Load: GOD_Loki_V2_Skins
[3167.05] TgSLO: Finish Load: AUD_VOX_God_Loki_V2
[3167.06] TgSLO: Finish Load: FX_Loki_V2_Gold
[3167.07] TgSLO: Finish Load: AnimNotify9062
[3167.42] TgSLO: Finish Load: GOD_Xbalanque
[3167.42] TgSLO: Finish Load: GOD_Xbalanque_Textures
[3167.54] TgSLO: Finish Load: FX_Xbalanque
[3167.66] TgSLO: Finish Load: AUD_God_Xbalanque
[3168.12] TgSLO: Finish Load: GOD_Vulcan
[3168.13] TgSLO: Finish Load: GOD_Vulcan_Textures
[3168.25] TgSLO: Finish Load: FX_Vulcan
[3168.33] TgSLO: Finish Load: AUD_God_Vulcan
[3168.43] TgSLO: Finish Load: GOD_Vulcan_Skin2
[3168.45] TgSLO: Finish Load: FX_Vulcan_SentrySkin
[3168.46] TgSLO: Finish Load: FX_Vulcan_Skin2
[3168.50] TgSLO: Finish Load: FX_Vulcan_Targeting_SKN2
[3168.52] TgSLO: Finish Load: AnimNotify8858
[3169.25] TgSLO: Finish Load: GOD_Thanatos
[3169.26] TgSLO: Finish Load: GOD_Thanatos_Textures
[3169.38] TgSLO: Finish Load: FX_Thanatos
[3169.51] TgSLO: Finish Load: AUD_God_Thanatos
[3170.02] TgSLO: Finish Load: GOD_Nemesis
[3170.03] TgSLO: Finish Load: GOD_Nemesis_Textures
[3170.08] TgSLO: Finish Load: FX_Nemesis
[3170.16] TgSLO: Finish Load: AUD_God_Nemesis
[3170.29] TgSLO: Finish Load: NPC_Phoenix
[3170.30] TgSLO: Finish Load: NPC_Phoenix_Textures
[3170.30] TgSLO: Finish Load: FX_Phoenix
[3170.34] TgSLO: Finish Load: AUD_NPC_Phoenix
[3170.35] TgSLO: Finish Load: FX_Tower
[3170.40] TgSLO: Finish Load: FX_Greek_Tower
[3170.51] TgSLO: Finish Load: AUD_Tower
[3170.51] TgSLO: Finish Load: MDL_PseudoMesh
[3171.14] TgSLO: Finish Load: NPC_Greek_Tower
[3171.16] Warning: Warning, Failed to compile Material Instance NPC_Greek_Tower_Textures.MIC_Tower_Friendly with Base MAT_Tower_Optimized for platform PC-D3D-SM3, Default Material will be used in game.
[3171.16] TgSLO: Finish Load: NPC_Greek_Tower_Textures
[3171.21] TgSLO: Finish Load: FX_Mayan_Tower
[3171.37] TgSLO: Finish Load: NPC_Mayan_Towers
[3171.43] TgSLO: Finish Load: NPC_Olympus
[3171.47] TgSLO: Finish Load: AUD_NPC_Olympus
[3171.60] TgSLO: Finish Load: NPC_Minion_Universal
[3171.60] TgSLO: Finish Load: FX_Roman
[3171.61] TgSLO: Finish Load: FX_Minion_Death
[3171.65] TgSLO: Finish Load: AUD_NPC_RomanArcher
[3171.71] TgSLO: Finish Load: NPC_Mayan_Minions
[3171.92] TgSLO: Finish Load: NPC_Cyclops_V2
[3171.92] TgSLO: Finish Load: FX_NPC_Cyclops_V2
[3171.98] TgSLO: Finish Load: AUD_NPC_Cyclops
[3172.03] TgSLO: Finish Load: FX_Greek_Tower_Old
[3172.30] TgSLO: Finish Load: NPC_Guardian_Female
[3172.30] TgSLO: Finish Load: NPC_Guardian_Female_AT
[3172.31] TgSLO: Finish Load: FX_Guardian_Female
[3172.31] TgSLO: Finish Load: AUD_NPC_Guardian_Female
[3172.55] TgSLO: Finish Load: NPC_Guardian_Male
[3172.55] TgSLO: Finish Load: NPC_Guardian_Male_AT
[3172.57] TgSLO: Finish Load: FX_Guardian_Male
[3172.58] TgSLO: Finish Load: AUD_NPC_Guardian_Male
[3177.77] TgSLO: Finish Load: NPC_SiegeJuggernaut
[3178.58] TgSLO: Finish Load: FX_SiegeJuggernaut
[3178.64] TgSLO: Finish Load: AUD_NPC_SiegeJuggernaut
[3178.64] Log: Flushed async loaders.
[3178.69] Log: Primary PhysX scene will be in software.
[3178.69] Log: Creating Primary PhysX Scene.
[3178.69] Log: *** WARNING - PATHS MAY NOT BE VALID ***
[3178.69] Log: Bringing World mayan_siege.TheWorld up for play (595) at 2015.08.03-22.29.28
[3178.69] Log: Skipping initialization of FSMPartPool!
[3178.70] Log: Bringing up level for play took: 0.056892
[3178.70] Warning: Warning, Failed to load 'Class None.': Failed to find object 'Class None.'
[3178.70] Warning: Warning, Failed to find object 'Class None.'
[3178.70] Log: PlayerController class for the pending level is PlayerController
[3178.70] Log: ########### Finished loading level: 19.368771 seconds
[3178.70] Log: Flushing async loaders.
[3186.34] Log: Flushed async loaders.
[3186.37] Log: ---- UpdateClanData
[3186.69] DevNet: TgPlayerController_3 setplayer TgLocalPlayer_0
[3187.05] Log: AttachToOwner - Socket (FX_ORIGIN_Origin) not found in owner mesh or its parent! (2702 to NONE)
[3187.06] Log: AttachToOwner - Socket (FX_ORIGIN_Origin) not found in owner mesh or its parent! (2702 to NONE)
[3187.06] Log: AttachToOwner - Socket (FX_ORIGIN_Origin) not found in owner mesh or its parent! (2702 to NONE)
[3187.11] Log: AttachToOwner - Socket (FX_ORIGIN_Origin) not found in owner mesh or its parent! (2702 to NONE)
[3187.14] Log: AttachToOwner - Socket (CSO_FX_Origin_01) not found in owner mesh or its parent! (2958 to NONE)
[3187.15] Log: AttachToOwner - Socket (CSO_FX_Origin_01) not found in owner mesh or its parent! (2958 to NONE)
[3187.15] Log: AttachToOwner - Socket (CSO_FX_Origin_01) not found in owner mesh or its parent! (2958 to NONE)
[3187.15] Log: AttachToOwner - Socket (CSO_FX_Origin_01) not found in owner mesh or its parent! (2958 to NONE)
[3187.15] Log: AttachToOwner - Socket (CSO_FX_Origin_01) not found in owner mesh or its parent! (2958 to NONE)
[3187.15] Log: AttachToOwner - Socket (CSO_FX_Origin_01) not found in owner mesh or its parent! (2958 to NONE)
[3187.16] Log: AttachToOwner - Socket (FX_ORIGIN_Origin) not found in owner mesh or its parent! (2702 to NONE)
[3187.16] Log: AttachToOwner - Socket (FX_ORIGIN_Origin) not found in owner mesh or its parent! (2702 to NONE)
[3187.16] Log: TeamIndex 1 has new leader: 4819200
[3187.16] Log: TeamIndex 2 has new leader: 6230426
[3187.17] Log: AttachToOwner - Socket (CSO_FX_Origin_01) not found in owner mesh or its parent! (2958 to NONE)
[3187.17] Log: AttachToOwner - Socket (CSO_FX_Origin_01) not found in owner mesh or its parent! (2958 to NONE)
[3187.17] Log: AttachToOwner - Socket (FX_ORIGIN_Origin) not found in owner mesh or its parent! (2702 to NONE)
[3187.17] Log: AttachToOwner - Socket (FX_ORIGIN_Origin) not found in owner mesh or its parent! (2702 to NONE)
[3187.21] Log: ---- UpdateClanData
[3187.25] Log: Activated mayan_siege_assist 1 1 0
[3187.25] Log: ActivateLevel mayan_siege_assist 1 1 0
[3193.22] Log: TeamIndex 1 has new leader: 6540427
[3197.04] Log: TeamIndex 2 has new leader: 1892198
[3201.62] Warning: Warning, Failed to load 'Texture None.blah': Failed to find object 'Texture None.blah'
[3201.62] Warning: Warning, Failed to load 'Texture None.undefined': Failed to find object 'Texture None.undefined'
[3201.62] Warning: Warning, Failed to load 'Texture None.undefined': Failed to find object 'Texture None.undefined'
[3201.62] Warning: Warning, Failed to load 'Texture None.undefined': Failed to find object 'Texture None.undefined'
[3201.62] Warning: Warning, Failed to load 'Texture None.undefined': Failed to find object 'Texture None.undefined'
[3212.59] Warning: Warning, Failed to load 'Class None.None': Failed to find object 'Class None.None'
[3212.59] Warning: Warning, Failed to find object 'Class None.None'
[3216.37] Log: Requesting purchase of itemId (10032) amount (1)
[3221.55] Log: Requesting purchase of itemId (10201) amount (1)
[3223.88] Log: Requesting purchase of itemId (8134) amount (1)
[3224.05] Log: Requesting purchase of itemId (8134) amount (1)
[3225.31] Log: Requesting purchase of itemId (8135) amount (1)
[3226.46] Log: Chat[3]: [VER] Quel talent !
[3231.41] Log: Chat[3]: [VSBN] Besoin du bonus de jungle.
[3359.31] Log: PUSHING Accolade: Yadavac verse le Premier sang !, local: false
[3360.82] Log: PUSHING Accolade: ASSISTÉ, local: true
[3361.49] Log: Chat[3]: [VER] Quel talent !
[3362.55] Log: PUSHING Accolade: Yadavac a fait un doublé !, local: false
[3362.55] Log: Suppressing Accolade: 
[3364.00] Log: Chat[3]: [VER] Quel talent !
[3364.05] Log: PUSHING Accolade: ASSISTÉ, local: true
[3364.86] Log: Chat[3]: [VER] Quel talent !
[3366.94] Log: Chat[3]: [VVT] Merci !
[3383.93] Log: AttachToOwner - Socket (WSO_FX_01) not found in owner mesh or its parent! (3196 to TgPawn_Thanatos_Default_0)
[3384.60] Log: Chat[3]: [VEW] Woohoo !
[3409.97] Log: Requesting purchase of itemId (10038) amount (1)
[3414.11] ScriptWarning: Control reached the end of non-void function (make certain that all paths through the function 'return <value>'
	TgPawn_Thanatos_Default mayan_siege.TheWorld:PersistentLevel.TgPawn_Thanatos_Default_0
	Function TgGame.TgPawn_Thanatos:IsInClassSpecificMovement:0022
[3414.11] ScriptWarning: Control reached the end of non-void function (make certain that all paths through the function 'return <value>'
	TgPawn_Thanatos_Default mayan_siege.TheWorld:PersistentLevel.TgPawn_Thanatos_Default_0
	Function TgGame.TgPawn_Thanatos:IsInClassSpecificMovement:0022
[3414.13] ScriptWarning: Control reached the end of non-void function (make certain that all paths through the function 'return <value>'
	TgPawn_Thanatos_Default mayan_siege.TheWorld:PersistentLevel.TgPawn_Thanatos_Default_0
	Function TgGame.TgPawn_Thanatos:IsInClassSpecificMovement:0022
[3414.16] ScriptWarning: Control reached the end of non-void function (make certain that all paths through the function 'return <value>'
	TgPawn_Thanatos_Default mayan_siege.TheWorld:PersistentLevel.TgPawn_Thanatos_Default_0
	Function TgGame.TgPawn_Thanatos:IsInClassSpecificMovement:0022
[3414.17] ScriptWarning: Control reached the end of non-void function (make certain that all paths through the function 'return <value>'
	TgPawn_Thanatos_Default mayan_siege.TheWorld:PersistentLevel.TgPawn_Thanatos_Default_0
	Function TgGame.TgPawn_Thanatos:IsInClassSpecificMovement:0022
[3414.19] ScriptWarning: Control reached the end of non-void function (make certain that all paths through the function 'return <value>'
	TgPawn_Thanatos_Default mayan_siege.TheWorld:PersistentLevel.TgPawn_Thanatos_Default_0
	Function TgGame.TgPawn_Thanatos:IsInClassSpecificMovement:0022
[3414.21] ScriptWarning: Control reached the end of non-void function (make certain that all paths through the function 'return <value>'
	TgPawn_Thanatos_Default mayan_siege.TheWorld:PersistentLevel.TgPawn_Thanatos_Default_0
	Function TgGame.TgPawn_Thanatos:IsInClassSpecificMovement:0022
[3414.23] ScriptWarning: Control reached the end of non-void function (make certain that all paths through the function 'return <value>'
	TgPawn_Thanatos_Default mayan_siege.TheWorld:PersistentLevel.TgPawn_Thanatos_Default_0
	Function TgGame.TgPawn_Thanatos:IsInClassSpecificMovement:0022
[3414.25] ScriptWarning: Control reached the end of non-void function (make certain that all paths through the function 'return <value>'
	TgPawn_Thanatos_Default mayan_siege.TheWorld:PersistentLevel.TgPawn_Thanatos_Default_0
	Function TgGame.TgPawn_Thanatos:IsInClassSpecificMovement:0022
[3414.27] ScriptWarning: Control reached the end of non-void function (make certain that all paths through the function 'return <value>'
	TgPawn_Thanatos_Default mayan_siege.TheWorld:PersistentLevel.TgPawn_Thanatos_Default_0
	Function TgGame.TgPawn_Thanatos:IsInClassSpecificMovement:0022
[3414.29] ScriptWarning: Control reached the end of non-void function (make certain that all paths through the function 'return <value>'
	TgPawn_Thanatos_Default mayan_siege.TheWorld:PersistentLevel.TgPawn_Thanatos_Default_0
	Function TgGame.TgPawn_Thanatos:IsInClassSpecificMovement:0022
[3414.30] ScriptWarning: Control reached the end of non-void function (make certain that all paths through the function 'return <value>'
	TgPawn_Thanatos_Default mayan_siege.TheWorld:PersistentLevel.TgPawn_Thanatos_Default_0
	Function TgGame.TgPawn_Thanatos:IsInClassSpecificMovement:0022
[3414.33] ScriptWarning: Control reached the end of non-void function (make certain that all paths through the function 'return <value>'
	TgPawn_Thanatos_Default mayan_siege.TheWorld:PersistentLevel.TgPawn_Thanatos_Default_0
	Function TgGame.TgPawn_Thanatos:IsInClassSpecificMovement:0022
[3414.35] ScriptWarning: Control reached the end of non-void function (make certain that all paths through the function 'return <value>'
	TgPawn_Thanatos_Default mayan_siege.TheWorld:PersistentLevel.TgPawn_Thanatos_Default_0
	Function TgGame.TgPawn_Thanatos:IsInClassSpecificMovement:0022
[3414.37] ScriptWarning: Control reached the end of non-void function (make certain that all paths through the function 'return <value>'
	TgPawn_Thanatos_Default mayan_siege.TheWorld:PersistentLevel.TgPawn_Thanatos_Default_0
	Function TgGame.TgPawn_Thanatos:IsInClassSpecificMovement:0022
[3414.38] ScriptWarning: Control reached the end of non-void function (make certain that all paths through the function 'return <value>'
	TgPawn_Thanatos_Default mayan_siege.TheWorld:PersistentLevel.TgPawn_Thanatos_Default_0
	Function TgGame.TgPawn_Thanatos:IsInClassSpecificMovement:0022
[3414.40] ScriptWarning: Control reached the end of non-void function (make certain that all paths through the function 'return <value>'
	TgPawn_Thanatos_Default mayan_siege.TheWorld:PersistentLevel.TgPawn_Thanatos_Default_0
	Function TgGame.TgPawn_Thanatos:IsInClassSpecificMovement:0022
[3414.42] ScriptWarning: Control reached the end of non-void function (make certain that all paths through the function 'return <value>'
	TgPawn_Thanatos_Default mayan_siege.TheWorld:PersistentLevel.TgPawn_Thanatos_Default_0
	Function TgGame.TgPawn_Thanatos:IsInClassSpecificMovement:0022
[3414.44] ScriptWarning: Control reached the end of non-void function (make certain that all paths through the function 'return <value>'
	TgPawn_Thanatos_Default mayan_siege.TheWorld:PersistentLevel.TgPawn_Thanatos_Default_0
	Function TgGame.TgPawn_Thanatos:IsInClassSpecificMovement:0022
[3414.46] ScriptWarning: Control reached the end of non-void function (make certain that all paths through the function 'return <value>'
	TgPawn_Thanatos_Default mayan_siege.TheWorld:PersistentLevel.TgPawn_Thanatos_Default_0
	Function TgGame.TgPawn_Thanatos:IsInClassSpecificMovement:0022
[3414.47] ScriptWarning: Control reached the end of non-void function (make certain that all paths through the function 'return <value>'
	TgPawn_Thanatos_Default mayan_siege.TheWorld:PersistentLevel.TgPawn_Thanatos_Default_0
	Function TgGame.TgPawn_Thanatos:IsInClassSpecificMovement:0022
[3414.49] ScriptWarning: Control reached the end of non-void function (make certain that all paths through the function 'return <value>'
	TgPawn_Thanatos_Default mayan_siege.TheWorld:PersistentLevel.TgPawn_Thanatos_Default_0
	Function TgGame.TgPawn_Thanatos:IsInClassSpecificMovement:0022
[3414.51] ScriptWarning: Control reached the end of non-void function (make certain that all paths through the function 'return <value>'
	TgPawn_Thanatos_Default mayan_siege.TheWorld:PersistentLevel.TgPawn_Thanatos_Default_0
	Function TgGame.TgPawn_Thanatos:IsInClassSpecificMovement:0022
[3414.53] ScriptWarning: Control reached the end of non-void function (make certain that all paths through the function 'return <value>'
	TgPawn_Thanatos_Default mayan_siege.TheWorld:PersistentLevel.TgPawn_Thanatos_Default_0
	Function TgGame.TgPawn_Thanatos:IsInClassSpecificMovement:0022
[3414.55] ScriptWarning: Control reached the end of non-void function (make certain that all paths through the function 'return <value>'
	TgPawn_Thanatos_Default mayan_siege.TheWorld:PersistentLevel.TgPawn_Thanatos_Default_0
	Function TgGame.TgPawn_Thanatos:IsInClassSpecificMovement:0022
[3414.57] ScriptWarning: Control reached the end of non-void function (make certain that all paths through the function 'return <value>'
	TgPawn_Thanatos_Default mayan_siege.TheWorld:PersistentLevel.TgPawn_Thanatos_Default_0
	Function TgGame.TgPawn_Thanatos:IsInClassSpecificMovement:0022
[3414.59] ScriptWarning: Control reached the end of non-void function (make certain that all paths through the function 'return <value>'
	TgPawn_Thanatos_Default mayan_siege.TheWorld:PersistentLevel.TgPawn_Thanatos_Default_0
	Function TgGame.TgPawn_Thanatos:IsInClassSpecificMovement:0022
[3414.61] ScriptWarning: Control reached the end of non-void function (make certain that all paths through the function 'return <value>'
	TgPawn_Thanatos_Default mayan_siege.TheWorld:PersistentLevel.TgPawn_Thanatos_Default_0
	Function TgGame.TgPawn_Thanatos:IsInClassSpecificMovement:0022
[3414.63] ScriptWarning: Control reached the end of non-void function (make certain that all paths through the function 'return <value>'
	TgPawn_Thanatos_Default mayan_siege.TheWorld:PersistentLevel.TgPawn_Thanatos_Default_0
	Function TgGame.TgPawn_Thanatos:IsInClassSpecificMovement:0022
[3414.65] ScriptWarning: Control reached the end of non-void function (make certain that all paths through the function 'return <value>'
	TgPawn_Thanatos_Default mayan_siege.TheWorld:PersistentLevel.TgPawn_Thanatos_Default_0
	Function TgGame.TgPawn_Thanatos:IsInClassSpecificMovement:0022
[3414.66] ScriptWarning: Control reached the end of non-void function (make certain that all paths through the function 'return <value>'
	TgPawn_Thanatos_Default mayan_siege.TheWorld:PersistentLevel.TgPawn_Thanatos_Default_0
	Function TgGame.TgPawn_Thanatos:IsInClassSpecificMovement:0022
[3414.68] ScriptWarning: Control reached the end of non-void function (make certain that all paths through the function 'return <value>'
	TgPawn_Thanatos_Default mayan_siege.TheWorld:PersistentLevel.TgPawn_Thanatos_Default_0
	Function TgGame.TgPawn_Thanatos:IsInClassSpecificMovement:0022
[3414.70] ScriptWarning: Control reached the end of non-void function (make certain that all paths through the function 'return <value>'
	TgPawn_Thanatos_Default mayan_siege.TheWorld:PersistentLevel.TgPawn_Thanatos_Default_0
	Function TgGame.TgPawn_Thanatos:IsInClassSpecificMovement:0022
[3414.72] ScriptWarning: Control reached the end of non-void function (make certain that all paths through the function 'return <value>'
	TgPawn_Thanatos_Default mayan_siege.TheWorld:PersistentLevel.TgPawn_Thanatos_Default_0
	Function TgGame.TgPawn_Thanatos:IsInClassSpecificMovement:0022
[3414.74] ScriptWarning: Control reached the end of non-void function (make certain that all paths through the function 'return <value>'
	TgPawn_Thanatos_Default mayan_siege.TheWorld:PersistentLevel.TgPawn_Thanatos_Default_0
	Function TgGame.TgPawn_Thanatos:IsInClassSpecificMovement:0022
[3414.76] ScriptWarning: Control reached the end of non-void function (make certain that all paths through the function 'return <value>'
	TgPawn_Thanatos_Default mayan_siege.TheWorld:PersistentLevel.TgPawn_Thanatos_Default_0
	Function TgGame.TgPawn_Thanatos:IsInClassSpecificMovement:0022
[3414.78] ScriptWarning: Control reached the end of non-void function (make certain that all paths through the function 'return <value>'
	TgPawn_Thanatos_Default mayan_siege.TheWorld:PersistentLevel.TgPawn_Thanatos_Default_0
	Function TgGame.TgPawn_Thanatos:IsInClassSpecificMovement:0022
[3414.80] ScriptWarning: Control reached the end of non-void function (make certain that all paths through the function 'return <value>'
	TgPawn_Thanatos_Default mayan_siege.TheWorld:PersistentLevel.TgPawn_Thanatos_Default_0
	Function TgGame.TgPawn_Thanatos:IsInClassSpecificMovement:0022
[3414.82] ScriptWarning: Control reached the end of non-void function (make certain that all paths through the function 'return <value>'
	TgPawn_Thanatos_Default mayan_siege.TheWorld:PersistentLevel.TgPawn_Thanatos_Default_0
	Function TgGame.TgPawn_Thanatos:IsInClassSpecificMovement:0022
[3416.22] Log: PUSHING Accolade: , local: false
[3417.02] Log: Requesting purchase of itemId (9496) amount (1)
[3436.43] Log: Chat[3]: [VVB] Je reviens !
[3438.49] Log: Chat[3]: [VVA] D'accord !
[3438.89] Log: Chat[3]: [VVA] D'accord !
[3451.09] Log: PUSHING Accolade: , local: false
[3452.89] Log: PUSHING Accolade: , local: false
[3457.70] Log: SendChat[3] 
[3459.53] Log: Chat[3]: [VVB] Je reviens !
[3463.08] Log: Chat[3]: [VVS] Désolé !
[3466.34] Log: PUSHING Accolade: , local: false
[3476.03] Log: AttachToOwner - Socket (WSO_FX_01) not found in owner mesh or its parent! (3196 to TgPawn_Thanatos_Default_0)
[3485.55] Log: Chat[3]: [VVT] Merci !
[3490.92] Log: PUSHING Accolade: , local: false
[3499.43] Log: PUSHING Accolade: Yadavac fait une tuerie ! (x3), local: false
[3500.93] Log: PUSHING Accolade: ASSISTÉ, local: true
[3501.68] Log: Chat[9]: Tuer Aldrien vous a donné 230 XP et 165 pièces d'or.
[3502.45] Log: PUSHING Accolade: VICTIME, local: true
[3503.96] Log: PUSHING Accolade: Tower Dive, local: true
[3531.23] Log: AttachToOwner - Socket (WSO_FX_01) not found in owner mesh or its parent! (3196 to TgPawn_Thanatos_Default_0)
[3538.36] Log: PUSHING Accolade: , local: false
[3540.70] Log: Chat[3]: [VVGT] Dommage !
[3541.78] Log: Chat[3]: [VVVE] J'arrive !
[3547.33] Log: AttachToOwner - Socket (WSO_FX_01) not found in owner mesh or its parent! (3196 to TgPawn_Thanatos_Default_0)
[3563.34] Log: Requesting purchase of itemId (9497) amount (1)
[3564.63] Log: AttachToOwner - Socket (WSO_FX_01) not found in owner mesh or its parent! (3196 to TgPawn_Thanatos_Default_0)
[3565.33] Log: Requesting purchase of itemId (8134) amount (1)
[3565.51] Log: Requesting purchase of itemId (8134) amount (1)
[3565.70] Log: Requesting purchase of itemId (8134) amount (1)
[3598.64] Log: Chat[3]: [VEG] Je suis le meilleur!
[3614.05] Log: Chat[1]: Yadavac vient de se déconnecter.
[3614.05] Log: ---- UpdateClanData
[3614.09] Log: Chat[4]: Yadavac a quitté le groupe.
[3614.09] Log: Chat[4]: kimicol est maintenant chef du groupe.
[3614.10] Log: Chat[9]: Yadavac vient de se déconnecter.
[3614.10] Log: Chat[6]: Yadavac vient de se déconnecter.
[3619.08] Log: Chat[3]: [VHH] Besoin d'aide !
[3619.22] Log: Chat[3]: [VVGT] Dommage !
[3639.04] Log: Chat[6]: Yadavac vient de se connecter.
[3639.25] Log: RequestingChannelMembers ch[1] [Yadavac a rejoint la discussion.]
[3639.25] Log: RequestingChannelMembers ch[3] [Yadavac a rejoint la discussion.]
[3639.25] Log: ---- UpdateClanData
[3639.25] Log: ---- UpdateClanData
[3649.77] Log: AttachToOwner - Socket (WSO_FX_01) not found in owner mesh or its parent! (3196 to TgPawn_Thanatos_Default_0)
[3651.82] Log: PUSHING Accolade: sebastian22M a tué un joueur !, local: false
[3654.03] Log: Chat[3]: [VVVE] J'arrive !
[3666.29] Log: ---- UpdateClanData
[3668.03] Log: Chat[3]: [VVGH] Bonjour !
[3668.25] Log: Requesting purchase of itemId (10202) amount (1)
[3675.24] Log: Chat[3]: [VVS] Désolé !
[3678.15] Log: Chat[3]: [VVGR] Pas de problème.
[3684.36] Log: Chat[3]: [VH3] Besoin d'aide à droite !
[3686.51] Log: Chat[3]: [VVP] S'il-vous plaît ?
[3696.64] Log: AttachToOwner - Socket (WSO_FX_01) not found in owner mesh or its parent! (3196 to TgPawn_Thanatos_Default_0)
[3700.84] Log: Chat[3]: [VVGS] Malédiction !
[3703.64] Log: PUSHING Accolade: , local: false
[3717.23] Log: ---- UpdateClanData
[3720.53] Log: AttachToOwner - Socket (WSO_FX_01) not found in owner mesh or its parent! (3196 to TgPawn_Thanatos_Default_0)
[3736.35] Log: Chat[1]: Yadavac vient de se déconnecter.
[3736.36] Log: ---- UpdateClanData
[3736.40] Log: Inventory Error Recovery: Resubmitting an inventory item that could not find its device
[3736.55] Log: Chat[9]: Yadavac vient de se déconnecter.
[3736.55] Log: Chat[6]: Yadavac vient de se déconnecter.
[3739.64] Log: Inventory Error Recovery: Resubmitting an inventory item that could not find its device
[3739.64] Log: Inventory Error Recovery: Resubmitting an inventory item that could not find its device
[3739.65] Log: Inventory Error Recovery: Resubmitting an inventory item that could not find its device
[3739.65] Log: Inventory Error Recovery: Resubmitting an inventory item that could not find its device
[3739.66] Log: Inventory Error Recovery: Resubmitting an inventory item that could not find its device
[3739.66] Log: Inventory Error Recovery: Resubmitting an inventory item that could not find its device
[3739.68] Log: Inventory Error Recovery: Resubmitting an inventory item that could not find its device
[3739.68] Log: Inventory Error Recovery: Resubmitting an inventory item that could not find its device
[3739.70] Log: Inventory Error Recovery: Resubmitting an inventory item that could not find its device
[3739.70] Log: Inventory Error Recovery: Resubmitting an inventory item that could not find its device
[3739.71] Log: Inventory Error Recovery: Resubmitting an inventory item that could not find its device
[3739.71] Log: Inventory Error Recovery: Resubmitting an inventory item that could not find its device
[3739.73] Log: Inventory Error Recovery: Resubmitting an inventory item that could not find its device
[3739.73] Log: Inventory Error Recovery: Resubmitting an inventory item that could not find its device
[3739.75] Log: Inventory Error Recovery: Resubmitting an inventory item that could not find its device
[3739.75] Log: Inventory Error Recovery: Resubmitting an inventory item that could not find its device
[3739.77] Log: Inventory Error Recovery: Resubmitting an inventory item that could not find its device
[3739.77] Log: Inventory Error Recovery: Resubmitting an inventory item that could not find its device
[3739.79] Log: Inventory Error Recovery: Resubmitting an inventory item that could not find its device
[3739.79] Log: Inventory Error Recovery: Resubmitting an inventory item that could not find its device
[3739.80] Log: Inventory Error Recovery: Resubmitting an inventory item that could not find its device
[3739.81] Log: Inventory Error Recovery: Resubmitting an inventory item that could not find its device
[3739.82] Log: Inventory Error Recovery: Resubmitting an inventory item that could not find its device
[3739.82] Log: Inventory Error Recovery: Resubmitting an inventory item that could not find its device
[3739.84] Log: Inventory Error Recovery: Resubmitting an inventory item that could not find its device
[3739.84] Log: Inventory Error Recovery: Resubmitting an inventory item that could not find its device
[3739.86] Log: Inventory Error Recovery: Resubmitting an inventory item that could not find its device
[3739.86] Log: Inventory Error Recovery: Resubmitting an inventory item that could not find its device
[3739.88] Log: Inventory Error Recovery: Resubmitting an inventory item that could not find its device
[3739.88] Log: Inventory Error Recovery: Resubmitting an inventory item that could not find its device
[3739.91] Log: Inventory Error Recovery: Resubmitting an inventory item that could not find its device
[3739.91] Log: Inventory Error Recovery: Resubmitting an inventory item that could not find its device
[3739.92] Log: Inventory Error Recovery: Resubmitting an inventory item that could not find its device
[3739.92] Log: Inventory Error Recovery: Resubmitting an inventory item that could not find its device
[3739.94] Log: Inventory Error Recovery: Resubmitting an inventory item that could not find its device
[3739.94] Log: Inventory Error Recovery: Resubmitting an inventory item that could not find its device
[3739.96] Log: Inventory Error Recovery: Resubmitting an inventory item that could not find its device
[3739.96] Log: Inventory Error Recovery: Resubmitting an inventory item that could not find its device
[3739.98] Log: Inventory Error Recovery: Resubmitting an inventory item that could not find its device
[3739.98] Log: Inventory Error Recovery: Resubmitting an inventory item that could not find its device
[3740.00] Log: Inventory Error Recovery: Resubmitting an inventory item that could not find its device
[3740.00] Log: Inventory Error Recovery: Resubmitting an inventory item that could not find its device
[3740.02] Log: Inventory Error Recovery: Resubmitting an inventory item that could not find its device
[3740.02] Log: Inventory Error Recovery: Resubmitting an inventory item that could not find its device
[3740.33] Log: Inventory Error Recovery: Resubmitting an inventory item that could not find its device
[3740.34] Log: Inventory Error Recovery: Resubmitting an inventory item that could not find its device
[3740.35] Log: Inventory Error Recovery: Resubmitting an inventory item that could not find its device
[3744.49] Warning: GetSocketWorldLocationAndRotation : Could not find socket 'None' in 'SKL_GOD_JadeRabbit'
[3744.69] Log: PUSHING Accolade: sebastian22M fait une tuerie ! (x3), local: false
[3756.94] Log: AttachToOwner - Socket (WSO_FX_01) not found in owner mesh or its parent! (3196 to TgPawn_Thanatos_Default_0)
[3809.37] Log: PUSHING Accolade: MASTODONTE SAUVAGE TUÉ, local: true
[3811.79] Log: Chat[3]: [VVGN] Bien joué !
[3816.89] Log: Requesting purchase of itemId (8271) amount (1)
[3818.94] Log: Requesting purchase of itemId (8134) amount (1)
[3820.96] Log: Requesting purchase of itemId (8135) amount (1)
[3842.99] ScriptWarning: Control reached the end of non-void function (make certain that all paths through the function 'return <value>'
	TgPawn_Thanatos_Default mayan_siege.TheWorld:PersistentLevel.TgPawn_Thanatos_Default_0
	Function TgGame.TgPawn_Thanatos:IsInClassSpecificMovement:0022
[3843.01] ScriptWarning: Control reached the end of non-void function (make certain that all paths through the function 'return <value>'
	TgPawn_Thanatos_Default mayan_siege.TheWorld:PersistentLevel.TgPawn_Thanatos_Default_0
	Function TgGame.TgPawn_Thanatos:IsInClassSpecificMovement:0022
[3843.02] ScriptWarning: Control reached the end of non-void function (make certain that all paths through the function 'return <value>'
	TgPawn_Thanatos_Default mayan_siege.TheWorld:PersistentLevel.TgPawn_Thanatos_Default_0
	Function TgGame.TgPawn_Thanatos:IsInClassSpecificMovement:0022
[3843.04] ScriptWarning: Control reached the end of non-void function (make certain that all paths through the function 'return <value>'
	TgPawn_Thanatos_Default mayan_siege.TheWorld:PersistentLevel.TgPawn_Thanatos_Default_0
	Function TgGame.TgPawn_Thanatos:IsInClassSpecificMovement:0022
[3843.06] ScriptWarning: Control reached the end of non-void function (make certain that all paths through the function 'return <value>'
	TgPawn_Thanatos_Default mayan_siege.TheWorld:PersistentLevel.TgPawn_Thanatos_Default_0
	Function TgGame.TgPawn_Thanatos:IsInClassSpecificMovement:0022
[3843.08] ScriptWarning: Control reached the end of non-void function (make certain that all paths through the function 'return <value>'
	TgPawn_Thanatos_Default mayan_siege.TheWorld:PersistentLevel.TgPawn_Thanatos_Default_0
	Function TgGame.TgPawn_Thanatos:IsInClassSpecificMovement:0022
[3843.10] ScriptWarning: Control reached the end of non-void function (make certain that all paths through the function 'return <value>'
	TgPawn_Thanatos_Default mayan_siege.TheWorld:PersistentLevel.TgPawn_Thanatos_Default_0
	Function TgGame.TgPawn_Thanatos:IsInClassSpecificMovement:0022
[3843.11] ScriptWarning: Control reached the end of non-void function (make certain that all paths through the function 'return <value>'
	TgPawn_Thanatos_Default mayan_siege.TheWorld:PersistentLevel.TgPawn_Thanatos_Default_0
	Function TgGame.TgPawn_Thanatos:IsInClassSpecificMovement:0022
[3843.13] ScriptWarning: Control reached the end of non-void function (make certain that all paths through the function 'return <value>'
	TgPawn_Thanatos_Default mayan_siege.TheWorld:PersistentLevel.TgPawn_Thanatos_Default_0
	Function TgGame.TgPawn_Thanatos:IsInClassSpecificMovement:0022
[3843.14] ScriptWarning: Control reached the end of non-void function (make certain that all paths through the function 'return <value>'
	TgPawn_Thanatos_Default mayan_siege.TheWorld:PersistentLevel.TgPawn_Thanatos_Default_0
	Function TgGame.TgPawn_Thanatos:IsInClassSpecificMovement:0022
[3843.16] ScriptWarning: Control reached the end of non-void function (make certain that all paths through the function 'return <value>'
	TgPawn_Thanatos_Default mayan_siege.TheWorld:PersistentLevel.TgPawn_Thanatos_Default_0
	Function TgGame.TgPawn_Thanatos:IsInClassSpecificMovement:0022
[3843.18] ScriptWarning: Control reached the end of non-void function (make certain that all paths through the function 'return <value>'
	TgPawn_Thanatos_Default mayan_siege.TheWorld:PersistentLevel.TgPawn_Thanatos_Default_0
	Function TgGame.TgPawn_Thanatos:IsInClassSpecificMovement:0022
[3843.19] ScriptWarning: Control reached the end of non-void function (make certain that all paths through the function 'return <value>'
	TgPawn_Thanatos_Default mayan_siege.TheWorld:PersistentLevel.TgPawn_Thanatos_Default_0
	Function TgGame.TgPawn_Thanatos:IsInClassSpecificMovement:0022
[3843.21] ScriptWarning: Control reached the end of non-void function (make certain that all paths through the function 'return <value>'
	TgPawn_Thanatos_Default mayan_siege.TheWorld:PersistentLevel.TgPawn_Thanatos_Default_0
	Function TgGame.TgPawn_Thanatos:IsInClassSpecificMovement:0022
[3843.22] ScriptWarning: Control reached the end of non-void function (make certain that all paths through the function 'return <value>'
	TgPawn_Thanatos_Default mayan_siege.TheWorld:PersistentLevel.TgPawn_Thanatos_Default_0
	Function TgGame.TgPawn_Thanatos:IsInClassSpecificMovement:0022
[3843.24] ScriptWarning: Control reached the end of non-void function (make certain that all paths through the function 'return <value>'
	TgPawn_Thanatos_Default mayan_siege.TheWorld:PersistentLevel.TgPawn_Thanatos_Default_0
	Function TgGame.TgPawn_Thanatos:IsInClassSpecificMovement:0022
[3843.26] ScriptWarning: Control reached the end of non-void function (make certain that all paths through the function 'return <value>'
	TgPawn_Thanatos_Default mayan_siege.TheWorld:PersistentLevel.TgPawn_Thanatos_Default_0
	Function TgGame.TgPawn_Thanatos:IsInClassSpecificMovement:0022
[3843.27] ScriptWarning: Control reached the end of non-void function (make certain that all paths through the function 'return <value>'
	TgPawn_Thanatos_Default mayan_siege.TheWorld:PersistentLevel.TgPawn_Thanatos_Default_0
	Function TgGame.TgPawn_Thanatos:IsInClassSpecificMovement:0022
[3843.30] ScriptWarning: Control reached the end of non-void function (make certain that all paths through the function 'return <value>'
	TgPawn_Thanatos_Default mayan_siege.TheWorld:PersistentLevel.TgPawn_Thanatos_Default_0
	Function TgGame.TgPawn_Thanatos:IsInClassSpecificMovement:0022
[3843.31] ScriptWarning: Control reached the end of non-void function (make certain that all paths through the function 'return <value>'
	TgPawn_Thanatos_Default mayan_siege.TheWorld:PersistentLevel.TgPawn_Thanatos_Default_0
	Function TgGame.TgPawn_Thanatos:IsInClassSpecificMovement:0022
[3843.32] ScriptWarning: Control reached the end of non-void function (make certain that all paths through the function 'return <value>'
	TgPawn_Thanatos_Default mayan_siege.TheWorld:PersistentLevel.TgPawn_Thanatos_Default_0
	Function TgGame.TgPawn_Thanatos:IsInClassSpecificMovement:0022
[3843.34] ScriptWarning: Control reached the end of non-void function (make certain that all paths through the function 'return <value>'
	TgPawn_Thanatos_Default mayan_siege.TheWorld:PersistentLevel.TgPawn_Thanatos_Default_0
	Function TgGame.TgPawn_Thanatos:IsInClassSpecificMovement:0022
[3843.36] ScriptWarning: Control reached the end of non-void function (make certain that all paths through the function 'return <value>'
	TgPawn_Thanatos_Default mayan_siege.TheWorld:PersistentLevel.TgPawn_Thanatos_Default_0
	Function TgGame.TgPawn_Thanatos:IsInClassSpecificMovement:0022
[3843.38] ScriptWarning: Control reached the end of non-void function (make certain that all paths through the function 'return <value>'
	TgPawn_Thanatos_Default mayan_siege.TheWorld:PersistentLevel.TgPawn_Thanatos_Default_0
	Function TgGame.TgPawn_Thanatos:IsInClassSpecificMovement:0022
[3843.39] ScriptWarning: Control reached the end of non-void function (make certain that all paths through the function 'return <value>'
	TgPawn_Thanatos_Default mayan_siege.TheWorld:PersistentLevel.TgPawn_Thanatos_Default_0
	Function TgGame.TgPawn_Thanatos:IsInClassSpecificMovement:0022
[3843.40] ScriptWarning: Control reached the end of non-void function (make certain that all paths through the function 'return <value>'
	TgPawn_Thanatos_Default mayan_siege.TheWorld:PersistentLevel.TgPawn_Thanatos_Default_0
	Function TgGame.TgPawn_Thanatos:IsInClassSpecificMovement:0022
[3843.42] ScriptWarning: Control reached the end of non-void function (make certain that all paths through the function 'return <value>'
	TgPawn_Thanatos_Default mayan_siege.TheWorld:PersistentLevel.TgPawn_Thanatos_Default_0
	Function TgGame.TgPawn_Thanatos:IsInClassSpecificMovement:0022
[3843.44] ScriptWarning: Control reached the end of non-void function (make certain that all paths through the function 'return <value>'
	TgPawn_Thanatos_Default mayan_siege.TheWorld:PersistentLevel.TgPawn_Thanatos_Default_0
	Function TgGame.TgPawn_Thanatos:IsInClassSpecificMovement:0022
[3843.45] ScriptWarning: Control reached the end of non-void function (make certain that all paths through the function 'return <value>'
	TgPawn_Thanatos_Default mayan_siege.TheWorld:PersistentLevel.TgPawn_Thanatos_Default_0
	Function TgGame.TgPawn_Thanatos:IsInClassSpecificMovement:0022
[3843.47] ScriptWarning: Control reached the end of non-void function (make certain that all paths through the function 'return <value>'
	TgPawn_Thanatos_Default mayan_siege.TheWorld:PersistentLevel.TgPawn_Thanatos_Default_0
	Function TgGame.TgPawn_Thanatos:IsInClassSpecificMovement:0022
[3843.49] ScriptWarning: Control reached the end of non-void function (make certain that all paths through the function 'return <value>'
	TgPawn_Thanatos_Default mayan_siege.TheWorld:PersistentLevel.TgPawn_Thanatos_Default_0
	Function TgGame.TgPawn_Thanatos:IsInClassSpecificMovement:0022
[3843.50] ScriptWarning: Control reached the end of non-void function (make certain that all paths through the function 'return <value>'
	TgPawn_Thanatos_Default mayan_siege.TheWorld:PersistentLevel.TgPawn_Thanatos_Default_0
	Function TgGame.TgPawn_Thanatos:IsInClassSpecificMovement:0022
[3843.52] ScriptWarning: Control reached the end of non-void function (make certain that all paths through the function 'return <value>'
	TgPawn_Thanatos_Default mayan_siege.TheWorld:PersistentLevel.TgPawn_Thanatos_Default_0
	Function TgGame.TgPawn_Thanatos:IsInClassSpecificMovement:0022
[3843.54] ScriptWarning: Control reached the end of non-void function (make certain that all paths through the function 'return <value>'
	TgPawn_Thanatos_Default mayan_siege.TheWorld:PersistentLevel.TgPawn_Thanatos_Default_0
	Function TgGame.TgPawn_Thanatos:IsInClassSpecificMovement:0022
[3843.56] ScriptWarning: Control reached the end of non-void function (make certain that all paths through the function 'return <value>'
	TgPawn_Thanatos_Default mayan_siege.TheWorld:PersistentLevel.TgPawn_Thanatos_Default_0
	Function TgGame.TgPawn_Thanatos:IsInClassSpecificMovement:0022
[3843.57] ScriptWarning: Control reached the end of non-void function (make certain that all paths through the function 'return <value>'
	TgPawn_Thanatos_Default mayan_siege.TheWorld:PersistentLevel.TgPawn_Thanatos_Default_0
	Function TgGame.TgPawn_Thanatos:IsInClassSpecificMovement:0022
[3843.59] ScriptWarning: Control reached the end of non-void function (make certain that all paths through the function 'return <value>'
	TgPawn_Thanatos_Default mayan_siege.TheWorld:PersistentLevel.TgPawn_Thanatos_Default_0
	Function TgGame.TgPawn_Thanatos:IsInClassSpecificMovement:0022
[3843.60] ScriptWarning: Control reached the end of non-void function (make certain that all paths through the function 'return <value>'
	TgPawn_Thanatos_Default mayan_siege.TheWorld:PersistentLevel.TgPawn_Thanatos_Default_0
	Function TgGame.TgPawn_Thanatos:IsInClassSpecificMovement:0022
[3843.62] ScriptWarning: Control reached the end of non-void function (make certain that all paths through the function 'return <value>'
	TgPawn_Thanatos_Default mayan_siege.TheWorld:PersistentLevel.TgPawn_Thanatos_Default_0
	Function TgGame.TgPawn_Thanatos:IsInClassSpecificMovement:0022
[3843.64] ScriptWarning: Control reached the end of non-void function (make certain that all paths through the function 'return <value>'
	TgPawn_Thanatos_Default mayan_siege.TheWorld:PersistentLevel.TgPawn_Thanatos_Default_0
	Function TgGame.TgPawn_Thanatos:IsInClassSpecificMovement:0022
[3843.65] ScriptWarning: Control reached the end of non-void function (make certain that all paths through the function 'return <value>'
	TgPawn_Thanatos_Default mayan_siege.TheWorld:PersistentLevel.TgPawn_Thanatos_Default_0
	Function TgGame.TgPawn_Thanatos:IsInClassSpecificMovement:0022
[3843.67] ScriptWarning: Control reached the end of non-void function (make certain that all paths through the function 'return <value>'
	TgPawn_Thanatos_Default mayan_siege.TheWorld:PersistentLevel.TgPawn_Thanatos_Default_0
	Function TgGame.TgPawn_Thanatos:IsInClassSpecificMovement:0022
[3843.69] ScriptWarning: Control reached the end of non-void function (make certain that all paths through the function 'return <value>'
	TgPawn_Thanatos_Default mayan_siege.TheWorld:PersistentLevel.TgPawn_Thanatos_Default_0
	Function TgGame.TgPawn_Thanatos:IsInClassSpecificMovement:0022
[3843.70] ScriptWarning: Control reached the end of non-void function (make certain that all paths through the function 'return <value>'
	TgPawn_Thanatos_Default mayan_siege.TheWorld:PersistentLevel.TgPawn_Thanatos_Default_0
	Function TgGame.TgPawn_Thanatos:IsInClassSpecificMovement:0022
[3843.72] ScriptWarning: Control reached the end of non-void function (make certain that all paths through the function 'return <value>'
	TgPawn_Thanatos_Default mayan_siege.TheWorld:PersistentLevel.TgPawn_Thanatos_Default_0
	Function TgGame.TgPawn_Thanatos:IsInClassSpecificMovement:0022
[3843.73] ScriptWarning: Control reached the end of non-void function (make certain that all paths through the function 'return <value>'
	TgPawn_Thanatos_Default mayan_siege.TheWorld:PersistentLevel.TgPawn_Thanatos_Default_0
	Function TgGame.TgPawn_Thanatos:IsInClassSpecificMovement:0022
[3846.24] Log: AttachToOwner - Socket (WSO_FX_01) not found in owner mesh or its parent! (3196 to TgPawn_Thanatos_Default_0)
[3846.98] Log: PUSHING Accolade: , local: false
[3860.17] Log: Inventory Error Recovery: Resubmitting an inventory item that could not find its device
[3860.18] Log: Inventory Error Recovery: Resubmitting an inventory item that could not find its device
[3860.20] Log: Inventory Error Recovery: Resubmitting an inventory item that could not find its device
[3860.21] Log: Inventory Error Recovery: Resubmitting an inventory item that could not find its device
[3860.23] Log: Inventory Error Recovery: Resubmitting an inventory item that could not find its device
[3860.24] Log: Inventory Error Recovery: Resubmitting an inventory item that could not find its device
[3860.99] Log: Inventory Error Recovery: Resubmitting an inventory item that could not find its device
[3878.76] Log: PUSHING Accolade: , local: false
[3880.27] Log: PUSHING Accolade: ASSISTÉ, local: true
[3883.06] Log: PUSHING Accolade: TOUR DÉTRUITE, local: true
[3884.85] Log: Chat[6]: Yadavac vient de se connecter.
[3885.07] Log: RequestingChannelMembers ch[1] [Yadavac a rejoint la discussion.]
[3885.07] Log: ---- UpdateClanData
[3885.07] Log: ---- UpdateClanData
[3909.74] Log: RequestingChannelMembers ch[3] [Yadavac a rejoint la discussion.]
[3909.74] Log: ---- UpdateClanData
[3915.30] Log: Chat[3]: [VEW] Woohoo !
[3915.49] Log: PUSHING Accolade: , local: false
[3917.74] Log: Chat[3]: [VVS] Désolé !
[3919.64] Log: Chat[3]: [VVGH] Bonjour !
[3931.61] Log: ---- UpdateClanData
[3931.79] Log: ---- UpdateClanData
[3936.75] Log: AttachToOwner - Socket (WSO_FX_01) not found in owner mesh or its parent! (3196 to TgPawn_Thanatos_Default_0)
[3938.32] Log: ---- UpdateClanData
[3943.20] Log: Chat[9]: Tuer sebastian22M vous a donné 500 XP et 253 pièces d'or.
[3943.38] Log: PUSHING Accolade: VICTIME, local: true
[3943.68] Log: ---- UpdateClanData
[3944.89] Log: PUSHING Accolade: VENGEANCE, local: true
[3945.96] Log: Chat[3]: [VER] Quel talent !
[3952.58] Log: PUSHING Accolade: beargrills5 fait une tuerie ! (x3), local: false
[3967.41] Log: Requesting purchase of itemId (8583) amount (1)
[3970.36] Log: Requesting purchase of itemId (8135) amount (1)
[3971.48] Log: Requesting purchase of itemId (8134) amount (1)
[3986.45] Log: Chat[3]: [VVA] D'accord !
[4023.87] Log: AttachToOwner - Socket (WSO_FX_01) not found in owner mesh or its parent! (3196 to TgPawn_Thanatos_Default_0)
[4027.28] Log: Inventory Error Recovery: Resubmitting an inventory item that could not find its device
[4030.50] Log: Inventory Error Recovery: Resubmitting an inventory item that could not find its device
[4030.52] Log: Inventory Error Recovery: Resubmitting an inventory item that could not find its device
[4030.54] Log: Inventory Error Recovery: Resubmitting an inventory item that could not find its device
[4030.55] Log: Inventory Error Recovery: Resubmitting an inventory item that could not find its device
[4031.08] Log: Chat[9]: Tuer sebastian22M vous a donné 530 XP et 258 pièces d'or.
[4031.26] Log: PUSHING Accolade: VICTIME, local: true
[4031.35] Log: Inventory Error Recovery: Resubmitting an inventory item that could not find its device
[4032.78] Log: PUSHING Accolade: Tower Dive, local: true
[4035.47] Log: PUSHING Accolade: , local: false
[4062.01] Log: PUSHING Accolade: Aldrien a tué un joueur !, local: false
[4064.80] Log: Chat[3]: L'équipe ennemie a accepté de capituler (2 contre 1) !
[4065.00] Log: ---- UpdateClanData
[4065.00] Log: ---- UpdateClanData
[4065.00] Log: ---- UpdateClanData
[4065.00] Log: ---- UpdateClanData
[4066.16] Log: Chat[3]: gg
[4068.20] Log: Chat[3]: [VVGG] Belle partie !
[4068.30] Log: Chat[3]: [VVGG] Belle partie !
[4070.74] Log: Chat[3]: [VVGG] Belle partie !
[4072.27] Log: Chat[3]: [VEW] Woohoo !
[4077.96] Log: ---- UpdateClanData
[4078.12] Log: ---- UpdateClanData
[4086.23] DevNet: URL: Adding default option Team=255
[4086.23] Log: ReceiveChangeMap: mapGameId 1447
[4086.23] Log: ---- UpdateClanData
[4086.23] Log: ---- UpdateClanData
[4086.23] Log: RequestingChannelMembers ch[3] [PaulBobblington a quitté la discussion.]
[4086.25] DevNet: URL: Adding default option Team=255
[4086.25] DevNet: Browse: LobbyMap?game=TgClient.TgGameLaunch?GameState=OGS_NoSession?GameMode=0?name=Player?Team=255
[4086.28] Log: LoadMap: LobbyMap?game=TgClient.TgGameLaunch?GameState=OGS_NoSession?GameMode=0?name=Player?Team=255
[4086.43] NetComeGo: Close PComNetDriver_1 PComNetConn_1 37.48.125.47:9109 08/03/15 22:44:35
[4086.56] Exit: PComNetDriver_1 shut down
[4086.84] Log: Map Game ID = 0
[4086.84] Log: Map Instance ID = 128630614
[4086.87] Log: Performance: Critical section Lock/Unlock 24 nsec
[4086.87] Log: Performance:  appCycles 11 nsec
[4086.88] Log: Performance:  memCopy per KB 64 nsec
[4086.90] Log: Performance:  memZero per KB 76 nsec
[4086.91] Log: Performance:  appInterlockedIncrement 13 nsec
[4086.92] Log: Performance:  GetTickCount 4 nsec
[4086.92] Log: Game class is 'TgGameLaunch'
[4086.92] TgSLO: Async Load: GodSkins_Portraits_and_Icons
[4086.92] Log: Flushing async loaders.
[4086.97] TgSLO: Finish Load: GodSkins_Portraits_and_Icons
[4086.97] Log: Flushed async loaders.
[4087.03] Log: Primary PhysX scene will be in software.
[4087.03] Log: Creating Primary PhysX Scene.
[4087.03] Log: *** WARNING - PATHS MAY NOT BE VALID ***
[4087.03] Log: Bringing World lobbymap.TheWorld up for play (0) at 2015.08.03-22.44.36
[4087.03] Log: Skipping initialization of FSMPartPool!
[4087.11] Log: Bringing up level for play took: 0.139916
[4088.05] TgSLO: Async Load: GOD_GuanYu_V2
[4088.05] TgSLO: Async Load: GOD_GuanYu_V2_Lobby
[4088.05] TgSLO: Async Load: FX_GuanYu_V2
[4088.05] Log: Flushing async loaders.
[4088.22] TgSLO: Finish Load: GOD_GuanYu_V2
[4088.23] TgSLO: Finish Load: GOD_GuanYu_V2_Lobby
[4088.25] TgSLO: Finish Load: FX_GuanYu_V2
[4088.25] Log: Flushed async loaders.
[4088.25] Log: ########### Finished loading level: 1.971753 seconds
[4088.29] Log: Flushing async loaders.
[4088.45] Log: Flushed async loaders.
[4089.05] Log: RequestingChannelMembers ch[8] [kimicol a rejoint la discussion.]
[4089.05] Log: RequestingChannelMembers ch[8] [beargrills5 a rejoint la discussion.]
[4090.23] Log: RequestingChannelMembers ch[8] [d4rk33 a rejoint la discussion.]
[4091.01] Log: RequestingChannelMembers ch[8] [sebastian22M a rejoint la discussion.]
[4091.44] Log: RequestingChannelMembers ch[8] [Yadavac a rejoint la discussion.]
[4093.16] Log: RequestingChannelMembers ch[8] [PaulBobblington a rejoint la discussion.]
[4096.21] Log: RequestingChannelMembers ch[8] [d4rk33 a quitté la discussion.]
[4097.15] Log: RequestingChannelMembers ch[8] [sebastian22M a quitté la discussion.]
[4100.88] Log: RequestingChannelMembers ch[8] [PaulBobblington a quitté la discussion.]
[4111.27] Log: RequestingChannelMembers ch[8] [beargrills5 a quitté la discussion.]
[4123.25] Log: RequestingChannelMembers ch[8] [Aldrien a quitté la discussion.]
[4127.72] Log: RequestingChannelMembers ch[8] [Yadavac a quitté la discussion.]
[4142.57] Log: ERROR: Attempting to log in without settings.
[4144.04] Log: Chat[6]: bon j'y vais
[4148.40] Log: Chat[6]: bonne nuit
[4150.51] Log: SendChat[6] moi aussi
[4150.95] Log: Chat[6]: moi aussi
[4156.31] Log: SendChat[6] bonne soirée
[4156.74] Log: Chat[6]: bonne soirée
[4160.57] Log: ---- UpdateClanData
[4174.24] Log: Chat[1]: Yadavac vient de se déconnecter.
[4174.24] Log: ---- UpdateClanData
[4174.41] Log: Chat[9]: Yadavac vient de se déconnecter.
[4174.42] Log: Chat[6]: Yadavac vient de se déconnecter.
[4194.39] Log: Closing by request
[4194.43] Log: appRequestExit(0)
[4194.51] Log: TgAIBehaviorTreeManager :: De-allocating 47 behavior trees
[4195.52] Exit: Preparing to exit.
[4196.17] Exit: Game engine shut down
[4196.41] Exit: Windows client shut down
[4196.70] Exit: XAudio2 Device shut down.
[4198.06] Exit: Object subsystem successfully closed.
[4199.71] Log: >>>>>>>>>>>>>>>>>> ResubmitMCTSEvent PLAYER_LOGOFF
[4199.86] Log: >>>>>>>>>>>>>>>>>> ResubmitMCTSEvent PLAYER_LOGOFF
[4200.79] Log: Shutting down FaceFX...
[4201.11] Log: FaceFX shutdown.
[4201.76] Exit: Exiting.
