[0000.57] Log: Async Log file open, 07/26/15 12:48:51
[0000.78] Init: WinSock: version 1.1 (2.2), MaxSocks=32767, MaxUdp=65467
[0000.78] Log:  ... running in INSTALLED mode
[0000.78] DevConfig: GConfig::Find has loaded file:  ..\..\Engine\Config\ConsoleVariables.ini
[0000.78] Init: Version: 10897
[0000.78] Init: Epic Internal: 0
[0000.78] Init: Compiled (32-bit): Jul 17 2015 18:53:29
[0000.78] Init: Changelist: 1532151
[0000.78] Init: Game is version 2.10.2868.0.
[0000.78] Init: Command line: -PGUID=f217e716-f401-4696-a0ce-3be9da5b0821  -host=             -host2              -seekfreeloading   -LANGUAGE=FRA -cnmg=722272245228232283217327732384229423642225201625 -cnmg2=722572295224232283247329732484259424642625228529 -ASYNCTICK=FALSE -user=kimicol -epass=0318D48EB4424BC8453F77F6B393B2828309272591535BDEF1EF5A8AA7644D2A -HiCommand -HEXX=71465574
[0000.78] Init: Base directory: C:\Program Files (x86)\Hi-Rez Studios\HiRezGames\smite\binaries\Win32\
[0001.09] Init: Computer: PC-ARTHUR
[0001.09] Init: User: Arthur
[0001.09] Init: CPU Page size=4096, Processors=4, Cores=2
[0001.09] Init: High frequency timer resolution =2.240906 MHz
[0001.09] Init: Memory total: Physical=3.8GB (3GB approx) Pagefile=7.7GB Virtual=4.0GB
[0001.17] DevOnline: Initializing MCTS
[0001.17] Init: Presizing for 60000 objects not considered by GC, pre-allocating 0 bytes.
[0001.17] Init: Object subsystem initialized
[0001.17] Log: Overriding lang INT w/ command-line option of FRA
[0007.21] Log: TgAIBehaviorTreeManager :: Loading behavior trees
[0007.21] Log: TgAIBehaviorTreeManager :: Successfully loaded behavior trees
[0007.22] Log: ShadowPatch: Error -pid should be passed on command line.
[0007.44] Log: AsyncTickTasks DISABLED at startup
[0007.45] Log: SystemSettings based on: SystemSettings
[0007.45] Log: SystemSettings based on: SystemSettings
[0007.45] Log: SystemSettings based on: SystemSettings
[0007.45] Log: SystemSettings based on: SystemSettings
[0007.45] Log: SystemSettings based on: SystemSettings
[0008.01] Log: Found D3D11 adapter 0: Intel(R) HD Graphics Family
[0008.01] Log: Adapter has 1020MB of dedicated video memory, 0MB of dedicated system memory, and 1933MB of shared system memory
[0008.03] Log: Shader platform (RHI): PC-D3D-SM3
[0008.07] Log: PhysX GPU Support: DISABLED
[0009.15] Log: Assembly Loaded Version: DBExport: 07/17/2015 17:51:11,  Src=devsql.hirezcorp.com:smite_live_build, LangSrc=devsql.hirezcorp.com:smite_translations,
[0067.68] Log: Skipping adding Package OnlineSubsystemMcts to NetPackages
[0069.49] Log: 118075 objects as part of root set at end of initial load.
[0069.49] Log: 0 out of 0 bytes used by permanent object pool.
[0069.49] Log: Initializing Engine...
[0072.73] ScriptWarning: Script call stack:
	Function Engine.GameViewportClient:Init

	TgGameViewportClient Transient.TgGameEngine_0:TgGameViewportClient_0
	Function Engine.GameViewportClient:Init:0025
[0072.73] ScriptWarning: Assertion failed, line 672
	TgGameViewportClient Transient.TgGameEngine_0:TgGameViewportClient_0
	Function Engine.GameViewportClient:Init:0025
[0073.38] Warning: Warning, Failed to load 'SwfMovie None.Logos': Failed to find object 'SwfMovie None.Logos'
[0073.38] Log: GFx attempted to load missing object [Logos]
[0073.58] Warning: Warning, Failed to load 'Class None.': Failed to find object 'Class None.'
[0073.58] Warning: Warning, Failed to find object 'Class None.'
[0073.58] Warning: Warning, Failed to load 'Class None.': Failed to find object 'Class None.'
[0073.58] Warning: Warning, Failed to find object 'Class None.'
[0073.58] Warning: Warning, Failed to load 'Class None.': Failed to find object 'Class None.'
[0073.58] Warning: Warning, Failed to find object 'Class None.'
[0073.58] Warning: Warning, Failed to load 'Class None.': Failed to find object 'Class None.'
[0073.58] Warning: Warning, Failed to find object 'Class None.'
[0073.59] DevNet: Browse: lobbymap?Name=Player?Team=255?DefaultCharacter=TgGame.TgCharacter
[0073.87] Log: LoadMap: lobbymap?Name=Player?Team=255?DefaultCharacter=TgGame.TgCharacter
[0077.51] Log: Map Game ID = 0
[0077.51] Log: Map Instance ID = 127907808
[0077.56] Log: Performance: Critical section Lock/Unlock 48 nsec
[0077.56] Log: Performance:  appCycles 10 nsec
[0077.85] Log: Performance:  memCopy per KB 1392 nsec
[0077.88] Log: Performance:  memZero per KB 161 nsec
[0077.90] Log: Performance:  appInterlockedIncrement 13 nsec
[0077.90] Log: Performance:  GetTickCount 4 nsec
[0077.90] Log: Game class is 'TgGameLaunch'
[0078.03] TgSLO: Async Load: GodSkins_Portraits_and_Icons
[0078.03] Log: Flushing async loaders.
[0090.88] TgSLO: Finish Load: GodSkins_Portraits_and_Icons
[0090.88] Log: Flushed async loaders.
[0090.91] Log: Primary PhysX scene will be in software.
[0090.91] Log: Creating Primary PhysX Scene.
[0090.91] Log: *** WARNING - PATHS MAY NOT BE VALID ***
[0090.91] Log: Bringing World lobbymap.TheWorld up for play (0) at 2015.07.26-12.50.21
[0090.91] Log: Skipping initialization of FSMPartPool!
[0095.05] Log: Bringing up level for play took: 4.162131
[0165.41] Warning: Warning, Failed to load 'Font None.ArialUnicode': Failed to find object 'Font None.ArialUnicode'
[0165.41] Warning: Warning, Failed to load 'Font None.ArialUnicode': Failed to find object 'Font None.ArialUnicode'
[0166.39] Log: GFx attempted to load missing object [UDKFrontEnd.udk_ime]
[0175.08] Log: ########### Finished loading level: 101.205718 seconds
[0175.73] Log: Flushing async loaders.
[0181.67] Log: Flushed async loaders.
[0181.67] Log: Initializing Engine Completed
[0181.67] Log: >>>>>>>>>>>>>> Initial startup: 181.67s <<<<<<<<<<<<<<<
[0181.67] Log: Browser user data directory is C:\ProgramData\Hi-Rez Studios\BrowserCache\Battle
[0188.56] Log: WebFactory created
[0200.34] Log: Login Success: kimicol
[0202.84] Error: Failed to read file '..\..\BattleGame\LandingPanel\BootyChest.jpg' error ()
[0202.84] Error: Failed to read file '..\..\BattleGame\LandingPanel\UltimateGodPack.jpg' error ()
[0202.84] Error: Failed to read file '..\..\BattleGame\LandingPanel\esportsseasonticket.jpg' error ()
[0202.84] Error: Failed to read file '..\..\BattleGame\LandingPanel\DrSylvanusa.jpg' error ()
[0202.84] Error: Failed to read file '..\..\BattleGame\LandingPanel\esportsseasonticketSkinNew.jpg' error ()
[0202.84] Error: Failed to read file '..\..\BattleGame\LandingPanel\HBundle.jpg' error ()
[0202.84] Error: Failed to read file '..\..\BattleGame\LandingPanel\esportschest2030.jpg' error ()
[0202.85] Error: Failed to read file '..\..\BattleGame\LandingPanel\BizzyBCupid4.jpg' error ()
[0202.85] Error: Failed to read file '..\..\BattleGame\LandingPanel\PirateKali.jpg' error ()
[0202.85] Error: Failed to read file '..\..\BattleGame\LandingPanel\HercHunkulese.jpg' error ()
[0202.85] Error: Failed to read file '..\..\BattleGame\LandingPanel\NewGodRavana.jpg' error ()
[0202.85] Error: Failed to read file '..\..\BattleGame\LandingPanel\HeavenlyWarlord223.jpg' error ()
[0202.85] Error: Failed to read file '..\..\BattleGame\LandingPanel\TyrantRavana.jpg' error ()
[0202.85] Error: Failed to read file '..\..\BattleGame\LandingPanel\GodPackTest234.jpg' error ()
[0202.85] Error: Failed to read file '..\..\BattleGame\LandingPanel\GodPackTest234_thumb.jpg' error ()
[0202.85] Error: Failed to read file '..\..\BattleGame\LandingPanel\LANSummer22.jpg' error ()
[0202.85] Error: Failed to read file '..\..\BattleGame\LandingPanel\LANSummer22_thumb.jpg' error ()
[0202.85] Error: Failed to read file '..\..\BattleGame\LandingPanel\esportschest200.jpg' error ()
[0202.85] Error: Failed to read file '..\..\BattleGame\LandingPanel\esportschest200_thumb.jpg' error ()
[0202.85] Error: Failed to read file '..\..\BattleGame\LandingPanel\NewBundle.jpg' error ()
[0202.85] Error: Failed to read file '..\..\BattleGame\LandingPanel\NewBundle_thumb.jpg' error ()
[0202.85] Error: Failed to read file '..\..\BattleGame\LandingPanel\Loki.jpg' error ()
[0202.85] Error: Failed to read file '..\..\BattleGame\LandingPanel\Loki_thumb.jpg' error ()
[0202.85] Error: Failed to read file '..\..\BattleGame\LandingPanel\Madscientist.jpg' error ()
[0202.85] Error: Failed to read file '..\..\BattleGame\LandingPanel\Madscientist_thumb.jpg' error ()
[0203.11] Log: Team/Instance chat routed to Instance Server.
[0203.21] Log: Chat[9]: Appuyez sur ENTRÉE pour accéder à la discussion.
[0203.21] Log: RequestingChannelMembers ch[1] [kimicol a rejoint la discussion.]
[0205.14] Warning: Warning, Failed to load 'Font None.Arial Unicode MS': Failed to find object 'Font None.Arial Unicode MS'
[0234.83] Log: Chat[1]: Statut du clan : Tiny42SH
[0234.84] Log: ---- UpdateClanData
[0239.43] Log: ---- UpdateClanData
[0266.51] Log: Chat[9]: Vous avez rejoint une file d'attente.
[0432.28] Log: RequestingChannelMembers ch[3] [kimicol a rejoint la discussion.]
[0432.28] Log: RequestingChannelMembers ch[3] [snypa971 a rejoint la discussion.]
[0434.95] Log: RequestingChannelMembers ch[3] [kimicol a rejoint la discussion.]
[0436.62] Log: RequestingChannelMembers ch[3] [snypa971 a rejoint la discussion.]
[0437.58] Warning: Warning, Failed to load 'Class None.None': Failed to find object 'Class None.None'
[0437.58] Warning: Warning, Failed to find object 'Class None.None'
[0437.58] Warning: Warning, Failed to load 'Class None.None': Failed to find object 'Class None.None'
[0437.58] Warning: Warning, Failed to find object 'Class None.None'
[0437.58] Warning: Warning, Failed to load 'Class None.None': Failed to find object 'Class None.None'
[0437.58] Warning: Warning, Failed to find object 'Class None.None'
[0437.58] Warning: Warning, Failed to load 'Class None.None': Failed to find object 'Class None.None'
[0437.58] Warning: Warning, Failed to find object 'Class None.None'
[0437.58] Warning: Warning, Failed to load 'Class None.None': Failed to find object 'Class None.None'
[0437.58] Warning: Warning, Failed to find object 'Class None.None'
[0441.07] TgSLO: Async Load: GOD_Janus
[0441.08] TgSLO: Async Load: GOD_Janus_Lobby
[0441.08] TgSLO: Async Load: FX_Janus
[0442.32] TgSLO: Finish Load: GOD_Janus
[0442.70] TgSLO: Finish Load: GOD_Janus_Lobby
[0443.31] TgSLO: Finish Load: FX_Janus
[0444.35] TgSLO: Async Load: GOD_Ratatoskr
[0444.35] TgSLO: Async Load: GOD_Ratatoskr_Lobby
[0444.35] TgSLO: Async Load: FX_Ratatoskr
[0445.54] TgSLO: Cancel Load: GOD_Ratatoskr
[0445.54] TgSLO: Cancel Load: GOD_Ratatoskr_Lobby
[0445.54] TgSLO: Cancel Load: FX_Ratatoskr
[0445.63] TgSLO: Async Load: GOD_Ratatoskr
[0445.63] TgSLO: Async Load: GOD_Ratatoskr_Lobby
[0445.63] TgSLO: Async Load: FX_Ratatoskr
[0445.63] TgSLO: Async Load: GOD_Ratatoskr_Skin1
[0445.63] TgSLO: Async Load: AUD_God_Ratatoskr
[0445.72] TgSLO: Finish Load: GOD_Ratatoskr
[0446.90] TgSLO: Finish Load: GOD_Ratatoskr_Lobby
[0448.06] TgSLO: Finish Load: FX_Ratatoskr
[0448.18] TgSLO: Finish Load: GOD_Ratatoskr_Skin1
[0448.62] TgSLO: Finish Load: AUD_God_Ratatoskr
[0451.58] TgSLO: Async Load: GOD_Ymir
[0451.58] TgSLO: Async Load: GOD_Ymir_Lobby
[0451.59] TgSLO: Async Load: FX_Ymir
[0453.26] TgSLO: Finish Load: GOD_Ymir
[0453.52] TgSLO: Finish Load: GOD_Ymir_Lobby
[0454.17] TgSLO: Finish Load: FX_Ymir
[0472.70] DevNet: URL: Adding default option Team=255
[0472.70] Log: ReceiveChangeMap: mapGameId 1503
[0473.15] DevNet: URL: Adding default option Team=255
[0473.15] DevNet: Browse: 72.251.242.15:9199/lobbymap?GameState=OGS_NoSession?GameMode=0?name=Player?map_instance_id=172053321?Team=255
[0473.15] DevNet: Game client on port 9199, rate 25000
[0473.65] DevNet: Welcomed by server (Level: joust_v2_p, Game: TgGame.TgGame_Battle_Joust)
[0473.94] Log: LoadMap: 72.251.242.15:9199/joust_v2_p?GameState=OGS_NoSession?GameMode=0?name=Player?map_instance_id=172053321?Team=255?game=TgGame.TgGame_Battle_Joust
[0474.36] Log: Map Game ID = 0
[0474.36] Log: Map Instance ID = 127907808
[0474.39] Log: Performance: Critical section Lock/Unlock 25 nsec
[0474.39] Log: Performance:  appCycles 13 nsec
[0474.45] Log: Performance:  memCopy per KB 307 nsec
[0474.49] Log: Performance:  memZero per KB 191 nsec
[0474.50] Log: Performance:  appInterlockedIncrement 13 nsec
[0474.51] Log: Performance:  GetTickCount 4 nsec
[0487.00] TgSLO: Async Load: FX_Store_Items
[0487.00] TgSLO: Async Load: FX_Store_Items_Targeting
[0487.00] TgSLO: Async Load: FX_Status_Effects
[0487.00] TgSLO: Async Load: GOD_CommonMaterialEffects
[0487.00] TgSLO: Async Load: GOD_Common_AT
[0487.00] TgSLO: Async Load: AUD_VOX_Narrator
[0487.00] TgSLO: Async Load: NPC_Ward2
[0487.00] TgSLO: Async Load: FX_Buff_Belts_V2
[0487.00] TgSLO: Async Load: FX_Fist_Of_God_V2
[0487.00] TgSLO: Async Load: GOD_Ratatoskr
[0487.00] TgSLO: Async Load: GOD_Ratatoskr_Textures
[0487.00] TgSLO: Async Load: FX_Ratatoskr
[0487.00] TgSLO: Async Load: AUD_God_Ratatoskr
[0487.00] TgSLO: Async Load: GOD_Ratatoskr_Skin1
[0487.00] TgSLO: Async Load: GOD_Ratatoskr_Lobby
[0487.00] TgSLO: Async Load: NPC_Ward_Curse
[0487.00] TgSLO: Async Load: NPC_Ward_BobbleHead_Base
[0487.00] TgSLO: Async Load: NPC_Ward_Eyeballs
[0487.00] TgSLO: Async Load: FX_Common
[0487.00] TgSLO: Async Load: AUD_UI
[0487.00] TgSLO: Async Load: GOD_Janus
[0487.00] TgSLO: Async Load: GOD_Janus_Textures
[0487.01] TgSLO: Async Load: FX_Janus
[0487.01] TgSLO: Async Load: AUD_God_Janus
[0487.01] TgSLO: Async Load: GOD_Ymir
[0487.01] TgSLO: Async Load: GOD_Ymir_Textures
[0487.01] TgSLO: Async Load: FX_Ymir
[0487.01] TgSLO: Async Load: FX_Ymir_Targeting
[0487.01] TgSLO: Async Load: AUD_God_Ymir
[0487.01] TgSLO: Async Load: GOD_Thor
[0487.01] TgSLO: Async Load: GOD_Thor_Textures
[0487.01] TgSLO: Async Load: FX_Thor
[0487.01] TgSLO: Async Load: AUD_God_Thor
[0487.01] TgSLO: Async Load: GOD_Thor_Skin4
[0487.01] TgSLO: Async Load: NPC_Ward_FNATIC
[0487.01] TgSLO: Async Load: GOD_Kukulkan
[0487.01] TgSLO: Async Load: GOD_Kukulkan_Textures
[0487.01] TgSLO: Async Load: FX_Kukulkan
[0487.01] TgSLO: Async Load: AUD_God_Kukulkan
[0487.01] TgSLO: Async Load: GOD_Scylla
[0487.01] TgSLO: Async Load: GOD_Scylla_Textures
[0487.01] TgSLO: Async Load: FX_Scylla
[0487.01] TgSLO: Async Load: AUD_God_Scylla
[0487.01] TgSLO: Async Load: GOD_Scylla_Skin3
[0487.01] TgSLO: Async Load: FX_Scylla_Targeting_Skin3
[0487.01] TgSLO: Async Load: FX_Scylla_Skin3
[0487.01] TgSLO: Async Load: FX_Scylla_Skin2
[0487.01] TgSLO: Async Load: AUD_VOX_God_Scylla_Skin3
[0487.01] TgSLO: Async Load: FX_Scylla_Targeting_Skin2
[0487.01] TgSLO: Async Load: AnimNotify11336
[0487.03] TgSLO: Async Load: Joust_Tower
[0487.03] TgSLO: Async Load: FX_Tower
[0487.03] TgSLO: Async Load: FX_Greek_Tower
[0487.04] TgSLO: Async Load: AUD_Tower
[0487.04] TgSLO: Async Load: NPC_Phoenix
[0487.04] TgSLO: Async Load: NPC_Phoenix_Textures
[0487.04] TgSLO: Async Load: FX_Phoenix
[0487.04] TgSLO: Async Load: AUD_NPC_Phoenix
[0487.04] TgSLO: Async Load: MDL_PseudoMesh
[0487.04] TgSLO: Async Load: NPC_Joust_Minion
[0487.04] TgSLO: Async Load: NPC_Joust_Minion_Textures
[0487.04] TgSLO: Async Load: NPC_Minion_Universal
[0487.04] TgSLO: Async Load: FX_Roman
[0487.04] TgSLO: Async Load: FX_Minion_Death
[0487.04] TgSLO: Async Load: AUD_NPC_RomanArcher
[0487.04] TgSLO: Async Load: AUD_NPC_Olympus
[0487.04] TgSLO: Async Load: NPC_Guardian_Female
[0487.04] TgSLO: Async Load: NPC_Guardian_Female_AT
[0487.04] TgSLO: Async Load: FX_Guardian_Female
[0487.04] TgSLO: Async Load: AUD_NPC_Guardian_Female
[0487.04] TgSLO: Async Load: NPC_Guardian_Male
[0487.04] TgSLO: Async Load: NPC_Guardian_Male_AT
[0487.04] TgSLO: Async Load: FX_Guardian_Male
[0487.04] TgSLO: Async Load: AUD_NPC_Guardian_Male
[0487.04] TgSLO: Async Load: NPC_Cyclops_V2
[0487.04] TgSLO: Async Load: FX_NPC_Cyclops_V2
[0487.04] TgSLO: Async Load: AUD_NPC_Cyclops
[0487.04] Log: Flushing async loaders.
[0487.11] TgSLO: Finish Load: FX_Store_Items
[0487.18] TgSLO: Finish Load: FX_Store_Items_Targeting
[0487.20] TgSLO: Finish Load: FX_Status_Effects
[0487.24] TgSLO: Finish Load: GOD_CommonMaterialEffects
[0487.26] TgSLO: Finish Load: GOD_Common_AT
[0487.41] TgSLO: Finish Load: AUD_VOX_Narrator
[0487.44] TgSLO: Finish Load: NPC_Ward2
[0487.50] TgSLO: Finish Load: FX_Buff_Belts_V2
[0487.54] TgSLO: Finish Load: FX_Fist_Of_God_V2
[0487.71] TgSLO: Finish Load: GOD_Ratatoskr
[0487.71] TgSLO: Finish Load: GOD_Ratatoskr_Textures
[0487.76] TgSLO: Finish Load: FX_Ratatoskr
[0487.81] TgSLO: Finish Load: AUD_God_Ratatoskr
[0487.82] TgSLO: Finish Load: GOD_Ratatoskr_Skin1
[0487.92] TgSLO: Finish Load: GOD_Ratatoskr_Lobby
[0487.98] TgSLO: Finish Load: NPC_Ward_Curse
[0487.99] TgSLO: Finish Load: NPC_Ward_BobbleHead_Base
[0488.11] TgSLO: Finish Load: NPC_Ward_Eyeballs
[0488.30] TgSLO: Finish Load: FX_Common
[0488.35] TgSLO: Finish Load: AUD_UI
[0488.36] TgSLO: Finish Load: GOD_Janus
[0488.37] TgSLO: Finish Load: GOD_Janus_Textures
[0488.40] TgSLO: Finish Load: FX_Janus
[0488.46] TgSLO: Finish Load: AUD_God_Janus
[0488.63] TgSLO: Finish Load: GOD_Ymir
[0488.63] TgSLO: Finish Load: GOD_Ymir_Textures
[0488.69] TgSLO: Finish Load: FX_Ymir
[0488.72] TgSLO: Finish Load: FX_Ymir_Targeting
[0488.89] TgSLO: Finish Load: AUD_God_Ymir
[0489.39] TgSLO: Finish Load: GOD_Thor
[0489.39] TgSLO: Finish Load: GOD_Thor_Textures
[0489.47] TgSLO: Finish Load: FX_Thor
[0489.52] TgSLO: Finish Load: AUD_God_Thor
[0489.62] TgSLO: Finish Load: GOD_Thor_Skin4
[0489.69] TgSLO: Finish Load: NPC_Ward_FNATIC
[0490.15] TgSLO: Finish Load: GOD_Kukulkan
[0490.16] TgSLO: Finish Load: GOD_Kukulkan_Textures
[0490.22] TgSLO: Finish Load: FX_Kukulkan
[0490.31] TgSLO: Finish Load: AUD_God_Kukulkan
[0491.22] TgSLO: Finish Load: GOD_Scylla
[0491.23] TgSLO: Finish Load: GOD_Scylla_Textures
[0491.34] TgSLO: Finish Load: FX_Scylla
[0491.41] TgSLO: Finish Load: AUD_God_Scylla
[0491.50] TgSLO: Finish Load: GOD_Scylla_Skin3
[0491.60] TgSLO: Finish Load: FX_Scylla_Targeting_Skin3
[0491.67] TgSLO: Finish Load: FX_Scylla_Skin3
[0491.83] TgSLO: Finish Load: FX_Scylla_Skin2
[0492.04] TgSLO: Finish Load: AUD_VOX_God_Scylla_Skin3
[0492.08] TgSLO: Finish Load: FX_Scylla_Targeting_Skin2
[0492.11] TgSLO: Finish Load: AnimNotify11336
[0492.48] TgSLO: Finish Load: Joust_Tower
[0492.50] TgSLO: Finish Load: FX_Tower
[0492.55] TgSLO: Finish Load: FX_Greek_Tower
[0492.66] TgSLO: Finish Load: AUD_Tower
[0492.84] TgSLO: Finish Load: NPC_Phoenix
[0492.86] TgSLO: Finish Load: NPC_Phoenix_Textures
[0492.88] TgSLO: Finish Load: FX_Phoenix
[0492.94] TgSLO: Finish Load: AUD_NPC_Phoenix
[0492.96] TgSLO: Finish Load: MDL_PseudoMesh
[0493.01] TgSLO: Finish Load: NPC_Joust_Minion
[0493.01] TgSLO: Finish Load: NPC_Joust_Minion_Textures
[0493.26] TgSLO: Finish Load: NPC_Minion_Universal
[0493.29] TgSLO: Finish Load: FX_Roman
[0493.30] TgSLO: Finish Load: FX_Minion_Death
[0493.34] TgSLO: Finish Load: AUD_NPC_RomanArcher
[0493.35] TgSLO: Finish Load: AUD_NPC_Olympus
[0493.77] TgSLO: Finish Load: NPC_Guardian_Female
[0493.80] TgSLO: Finish Load: NPC_Guardian_Female_AT
[0493.80] TgSLO: Finish Load: FX_Guardian_Female
[0493.81] TgSLO: Finish Load: AUD_NPC_Guardian_Female
[0494.23] TgSLO: Finish Load: NPC_Guardian_Male
[0494.26] TgSLO: Finish Load: NPC_Guardian_Male_AT
[0494.32] TgSLO: Finish Load: FX_Guardian_Male
[0494.37] TgSLO: Finish Load: AUD_NPC_Guardian_Male
[0494.61] TgSLO: Finish Load: NPC_Cyclops_V2
[0494.61] TgSLO: Finish Load: FX_NPC_Cyclops_V2
[0494.69] TgSLO: Finish Load: AUD_NPC_Cyclops
[0494.69] Log: Flushed async loaders.
[0494.70] Log: Primary PhysX scene will be in software.
[0494.70] Log: Creating Primary PhysX Scene.
[0494.72] Log: Bringing World joust_v2_p.TheWorld up for play (595) at 2015.07.26-12.57.05
[0494.72] Log: Skipping initialization of FSMPartPool!
[0494.72] Log: Bringing up level for play took: 0.030313
[0494.72] Warning: Warning, Failed to load 'Class None.': Failed to find object 'Class None.'
[0494.72] Warning: Warning, Failed to find object 'Class None.'
[0494.72] Log: PlayerController class for the pending level is PlayerController
[0494.72] Log: ########### Finished loading level: 20.781460 seconds
[0494.72] Log: Flushing async loaders.
[0496.35] Log: Flushed async loaders.
[0496.79] Log: ---- UpdateClanData
[0496.80] DevNet: TgPlayerController_1 setplayer TgLocalPlayer_0
[0497.02] Log: AttachToOwner - Socket (FX_ORIGIN_Origin) not found in owner mesh or its parent! (2702 to NONE)
[0497.02] Log: AttachToOwner - Socket (FX_ORIGIN_Origin) not found in owner mesh or its parent! (2702 to NONE)
[0497.02] Log: AttachToOwner - Socket (FX_ORIGIN_Origin) not found in owner mesh or its parent! (2702 to NONE)
[0497.02] Log: AttachToOwner - Socket (FX_ORIGIN_Origin) not found in owner mesh or its parent! (2702 to NONE)
[0497.02] Log: Flushing async loaders.
[0497.09] Log: Flushed async loaders.
[0497.09] Warning: Flushed async loading to load replicated reference to 'TgPawn_Janus_Default TgGameContent.Default__TgPawn_Janus_Default'
[0497.09] Log: AttachToOwner - Socket (FX_ORIGIN_Origin) not found in owner mesh or its parent! (2702 to NONE)
[0497.10] Log: AttachToOwner - Socket (FX_ORIGIN_Origin) not found in owner mesh or its parent! (2702 to NONE)
[0497.10] Log: TeamIndex 2 has new leader: 7070968
[0497.15] Log: ActivateLevel joust_v2_crowd 1 1 0
[0497.15] Log: ActivateLevel joust_sound 1 1 0
[0497.15] Log: ActivateLevel joust_v2_p_assist 1 1 0
[0497.37] Log: Activated joust_v2_p_assist 1 1 0
[0510.03] Log: TeamIndex 1 has new leader: 7071106
[0512.47] Warning: Warning, Failed to load 'Texture None.blah': Failed to find object 'Texture None.blah'
[0522.05] Log: Requesting purchase of itemId (10043) amount (1)
[0524.15] Log: Requesting purchase of itemId (10204) amount (1)
[0527.10] Log: Requesting purchase of itemId (8134) amount (1)
[0527.27] Log: Requesting purchase of itemId (8134) amount (1)
[0528.76] Log: Requesting purchase of itemId (8135) amount (1)
[0548.34] Log: Chat[3]: i take blue
[0552.44] Log: Chat[3]: [VVA] D'accord !
[0555.99] Log: Chat[3]: ty
[0670.78] Log: Chat[3]: [VVM] Plus de mana !
[0682.13] Log: Requesting purchase of itemId (10044) amount (1)
[0682.40] Log: Inventory Error Recovery: Resubmitting an inventory item that could not find its device
[0684.54] Log: Requesting purchase of itemId (8134) amount (1)
[0684.69] Log: Requesting purchase of itemId (8134) amount (1)
[0685.74] Log: Requesting purchase of itemId (8134) amount (1)
[0747.14] Log: ---- UpdateClanData
[0752.49] Log: ---- UpdateClanData
[0783.77] Log: Requesting purchase of itemId (10205) amount (1)
[0790.30] Log: Requesting purchase of itemId (9025) amount (1)
[0793.15] Log: PUSHING Accolade: Oussop verse le Premier sang !, local: false
[0842.94] Log: PUSHING Accolade: SatnamSalim a tué un joueur !, local: false
[0859.64] Log: Requesting purchase of itemId (12166) amount (1)
[0888.30] Log: PUSHING Accolade: , local: false
[0898.99] Log: Chat[3]: [VVB] Je reviens !
[0904.40] Log: Chat[3]: [VVB] Je reviens !
[0910.25] Log: Requesting purchase of itemId (8134) amount (1)
[0910.49] Log: Requesting purchase of itemId (8134) amount (1)
[0911.13] Log: Requesting purchase of itemId (8134) amount (1)
[0914.36] Log: Requesting purchase of itemId (9026) amount (1)
[0920.10] Log: ---- UpdateClanData
[0966.08] Log: ---- UpdateClanData
[0966.14] Log: ---- UpdateClanData
[0966.14] Log: RequestingChannelMembers ch[1] [Shadnow a rejoint la discussion.]
[0985.88] Log: PUSHING Accolade: SatnamSalim fait une tuerie ! (x3), local: false
[1015.02] Log: Chat[9]: Tuer Zaichick vous a donné 230 XP et 322 pièces d'or.
[1015.21] Log: PUSHING Accolade: VICTIME, local: true
[1016.71] Log: PUSHING Accolade: Rester en ligne, local: true
[1025.19] Log: PUSHING Accolade: , local: false
[1028.02] Log: Chat[3]: XD
[1032.20] Log: SendChat[3] gj
[1032.33] Log: Chat[3]: gj
[1038.09] Log: Requesting purchase of itemId (10201) amount (1)
[1038.23] Warning: Warning, Failed to load 'Class None.None': Failed to find object 'Class None.None'
[1038.23] Warning: Warning, Failed to find object 'Class None.None'
[1038.23] Warning: Warning, Failed to load 'Class None.None': Failed to find object 'Class None.None'
[1038.23] Warning: Warning, Failed to find object 'Class None.None'
[1039.72] Log: Requesting purchase of itemId (8134) amount (1)
[1039.88] Log: Requesting purchase of itemId (8134) amount (1)
[1073.41] Log: PUSHING Accolade: , local: false
[1076.43] Log: PUSHING Accolade: Oussop a fait un doublé !, local: false
[1076.43] Log: Suppressing Accolade: Oussop fait une tuerie ! (x3)
[1078.84] Log: Chat[9]: Tuer Oussop vous a donné 290 XP et 534 pièces d'or.
[1079.02] Log: PUSHING Accolade: VICTIME, local: true
[1079.97] Log: Chat[3]: gj
[1080.53] Log: PUSHING Accolade: Rester en ligne, local: true
[1096.82] Log: Chat[3]: [VVB] Je reviens !
[1110.47] Log: Requesting purchase of itemId (10203) amount (1)
[1112.02] Log: PUSHING Accolade: , local: false
[1112.43] Log: Requesting purchase of itemId (8134) amount (1)
[1120.36] Log: Requesting purchase of itemId (9003) amount (1)
[1137.66] Log: Chat[3]: [VBA] Ultime ennemi en cours !
[1188.84] Log: PUSHING Accolade: , local: false
[1191.16] Log: AttachToOwner - Socket (WSO_Emit_01) not found in owner mesh or its parent! (1027 to NONE)
[1196.88] Log: Chat[9]: Tuer Oussop vous a donné 320 XP et 469 pièces d'or.
[1197.08] Log: PUSHING Accolade: TUERIE (X3), local: true
[1198.36] Log: Chat[3]: gg
[1199.05] Log: PUSHING Accolade: , local: false
[1203.05] Log: Chat[3]: snypa971 a lancé un vote de reddition.  Tapez /surrender (F6) pour voter OUI, /nosurrender (F7) pour voter NON.
[1210.73] Log: Chat[9]: Vous avez voté CONTRE la reddition.
[1210.73] Log: Chat[3]: Votre équipe a refusé de capituler (1 contre 2) !
[1223.26] Log: Requesting purchase of itemId (9469) amount (1)
[1228.17] Log: Requesting purchase of itemId (10201) amount (1)
[1238.37] Log: PUSHING Accolade: , local: false
[1245.02] Log: PUSHING Accolade: , local: false
[1246.52] Log: PUSHING Accolade: ASSISTÉ, local: true
[1301.61] Log: Chat[9]: Tuer Oussop vous a donné 320 XP et 359 pièces d'or.
[1301.80] Log: PUSHING Accolade: VICTIME, local: true
[1308.41] Log: Chat[3]: snice
[1309.89] Log: Chat[3]: nice
[1327.81] Log: PUSHING Accolade: , local: false
[1331.44] Log: SendChat[3] gj
[1331.55] Log: Chat[3]: gj
[1334.71] Log: PUSHING Accolade: , local: false
[1337.83] Log: Chat[3]: omg
[1341.63] Log: Chat[3]: u_u
[1367.64] Log: Chat[3]: [VVB] Je reviens !
[1384.45] Log: Requesting purchase of itemId (9497) amount (1)
[1386.91] Log: Requesting purchase of itemId (8134) amount (1)
[1387.08] Log: Requesting purchase of itemId (8134) amount (1)
[1401.59] Log: PUSHING Accolade: , local: false
[1409.31] Log: PUSHING Accolade: , local: false
[1410.74] Log: Chat[3]: gj
[1410.83] Log: PUSHING Accolade: ASSISTÉ, local: true
[1411.36] Log: Chat[9]: Tuer Zaichick vous a donné 350 XP et 363 pièces d'or.
[1412.33] Log: PUSHING Accolade: MASSACRE (x5), local: true
[1417.95] Log: ---- UpdateClanData
[1426.22] Log: Chat[3]: [VRR] Reculez !
[1449.19] Log: AttachToOwner - Socket (WSO_Emit_01) not found in owner mesh or its parent! (1027 to NONE)
[1449.42] Log: PUSHING Accolade: TOUR DÉTRUITE, local: true
[1452.94] Log: Chat[3]: gj
[1473.24] Log: PUSHING Accolade: , local: false
[1476.08] Log: Chat[3]: lol
[1481.23] Log: Chat[9]: Tuer SatnamSalim vous a donné 440 XP et 467 pièces d'or.
[1481.42] Log: PUSHING Accolade: VICTIME, local: true
[1482.92] Log: PUSHING Accolade: VENGEANCE, local: true
[1485.25] Log: Chat[3]: gj
[1492.76] Log: PUSHING Accolade: Zaichick a stoppé kimicol dans son élan, local: false
[1492.76] Log: Suppressing Accolade: Zaichick a tué un joueur !
[1497.29] Log: Requesting purchase of itemId (8181) amount (1)
[1500.10] Log: Requesting purchase of itemId (8134) amount (1)
[1500.28] Log: Requesting purchase of itemId (8134) amount (1)
[1505.02] Log: SendChat[3] :(
[1505.19] Log: Chat[3]: :(
[1506.15] Log: PUSHING Accolade: , local: false
[1508.83] Log: PUSHING Accolade: Zaichick fait une tuerie ! (x3), local: false
[1510.33] Log: PUSHING Accolade: DÉICIDE, local: true
[1563.01] Log: PUSHING Accolade: , local: false
[1609.37] Log: Requesting purchase of itemId (8711) amount (1)
[1611.12] Log: Requesting purchase of itemId (8134) amount (1)
[1621.29] Log: PUSHING Accolade: , local: false
[1641.30] Log: PUSHING Accolade: , local: false
[1642.81] Log: PUSHING Accolade: ASSISTÉ, local: true
[1657.17] Log: Chat[3]: [VVB] Je reviens !
[1717.66] Log: PUSHING Accolade: SatnamSalim a tué un joueur !, local: false
[1719.17] Log: PUSHING Accolade: BoxUma fait une tuerie ! (x3), local: false
[1720.68] Log: PUSHING Accolade: ASSISTÉ, local: true
[1722.10] Log: Requesting purchase of itemId (8712) amount (1)
[1727.49] Log: Requesting purchase of itemId (8134) amount (1)
[1727.66] Log: Requesting purchase of itemId (8134) amount (1)
[1727.82] Log: Requesting purchase of itemId (8134) amount (1)
[1728.51] Log: Requesting purchase of itemId (8134) amount (1)
[1789.27] Log: PUSHING Accolade: , local: false
[1790.77] Log: PUSHING Accolade: ASSISTÉ, local: true
[1792.93] Log: Chat[3]: snip
[1859.08] Log: PUSHING Accolade: BoxUma fait un massacre ! (x5), local: false
[1860.58] Log: PUSHING Accolade: ASSISTÉ, local: true
[1863.47] Log: PUSHING Accolade: BoxUma a fait un doublé !, local: false
[1863.47] Log: Suppressing Accolade: 
[1864.97] Log: PUSHING Accolade: ASSISTÉ, local: true
[1868.88] Log: PUSHING Accolade: SatnamSalim a stoppé BoxUma dans son élan, local: false
[1868.88] Log: Suppressing Accolade: 
[1879.24] Log: Chat[9]: Tuer SatnamSalim vous a donné 530 XP et 524 pièces d'or.
[1879.44] Log: PUSHING Accolade: VICTIME, local: true
[1880.94] Log: PUSHING Accolade: VENGEANCE, local: true
[1882.44] Log: PUSHING Accolade: DÉICIDE, local: true
[1899.17] Log: PUSHING Accolade: PHÉNIX TUÉ, local: true
[1923.58] Log: Requesting purchase of itemId (8063) amount (1)
[1924.86] Log: Requesting purchase of itemId (8134) amount (1)
[1925.04] Log: Requesting purchase of itemId (8134) amount (1)
[1973.33] Log: ---- UpdateClanData
[1974.69] Log: Chat[9]: Tuer Oussop vous a donné 440 XP et 330 pièces d'or.
[1974.89] Log: PUSHING Accolade: VICTIME, local: true
[1976.68] Log: Chat[3]: gj
[1978.86] Log: ---- UpdateClanData
[1994.21] Log: PUSHING Accolade: , local: false
[1995.72] Log: PUSHING Accolade: ASSISTÉ, local: true
[2004.54] Log: Chat[9]: Braisildias vient de se déconnecter.
[2004.54] Log: Chat[6]: Braisildias vient de se déconnecter.
[2005.00] Log: Chat[1]: Braisildias vient de se déconnecter.
[2005.01] Log: ---- UpdateClanData
[2048.08] Log: SendChat[3] 50 life points !
[2048.20] Log: Chat[3]: 50 life points !
[2051.46] Log: Requesting purchase of itemId (8134) amount (1)
[2051.61] Log: Requesting purchase of itemId (8134) amount (1)
[2051.76] Log: Requesting purchase of itemId (8134) amount (1)
[2051.91] Log: Requesting purchase of itemId (8134) amount (1)
[2052.09] Log: Requesting purchase of itemId (8134) amount (1)
[2055.95] Log: PUSHING Accolade: , local: false
[2082.68] Log: ---- UpdateClanData
[2082.85] Log: ---- UpdateClanData
[2082.85] Log: Chat[6]: bobbybenj vient de se connecter.
[2082.85] Log: RequestingChannelMembers ch[1] [bobbybenj a rejoint la discussion.]
[2105.89] Log: Chat[3]: nice tank ;D 
[2124.97] Log: PUSHING Accolade: BoxUma a fait un doublé !, local: false
[2124.97] Log: Suppressing Accolade: 
[2124.97] Log: Suppressing Accolade: 
[2126.47] Log: PUSHING Accolade: ASSISTÉ, local: true
[2127.97] Log: PUSHING Accolade: ASSISTÉ, local: true
[2155.29] Log: PUSHING Accolade: BoxUma fait une tuerie ! (x3), local: false
[2156.79] Log: PUSHING Accolade: ASSISTÉ, local: true
[2158.30] Log: PUSHING Accolade: DÉICIDE, local: true
[2159.57] Log: Chat[3]: L'équipe ennemie a accepté de capituler (2 contre 0) !
[2160.01] Log: ---- UpdateClanData
[2160.01] Log: ---- UpdateClanData
[2161.68] Log: Chat[3]: [VVGG] Belle partie !
[2162.09] Log: Chat[3]: GGGGG
[2173.27] Log: ---- UpdateClanData
[2178.83] Log: RequestingChannelMembers ch[3] [BoxUma a quitté la discussion.]
[2178.83] DevNet: URL: Adding default option Team=255
[2178.83] Log: ReceiveChangeMap: mapGameId 1447
[2178.83] Log: ---- UpdateClanData
[2178.84] DevNet: URL: Adding default option Team=255
[2178.84] DevNet: Browse: LobbyMap?game=TgClient.TgGameLaunch?GameState=OGS_NoSession?GameMode=0?name=Player?Team=255
[2179.48] Log: LoadMap: LobbyMap?game=TgClient.TgGameLaunch?GameState=OGS_NoSession?GameMode=0?name=Player?Team=255
[2179.62] NetComeGo: Close PComNetDriver_0 PComNetConn_0 72.251.242.15:9199 07/26/15 13:25:10
[2179.80] Exit: PComNetDriver_0 shut down
[2180.09] Log: Map Game ID = 0
[2180.09] Log: Map Instance ID = 127907808
[2180.11] Log: Performance: Critical section Lock/Unlock 24 nsec
[2180.11] Log: Performance:  appCycles 11 nsec
[2180.16] Log: Performance:  memCopy per KB 215 nsec
[2180.19] Log: Performance:  memZero per KB 137 nsec
[2180.20] Log: Performance:  appInterlockedIncrement 13 nsec
[2180.20] Log: Performance:  GetTickCount 4 nsec
[2180.20] Log: Game class is 'TgGameLaunch'
[2180.20] TgSLO: Async Load: GodSkins_Portraits_and_Icons
[2180.20] Log: Flushing async loaders.
[2180.24] TgSLO: Finish Load: GodSkins_Portraits_and_Icons
[2180.24] Log: Flushed async loaders.
[2180.29] Log: Primary PhysX scene will be in software.
[2180.29] Log: Creating Primary PhysX Scene.
[2180.29] Log: *** WARNING - PATHS MAY NOT BE VALID ***
[2180.29] Log: Bringing World lobbymap.TheWorld up for play (0) at 2015.07.26-13.25.11
[2180.29] Log: Skipping initialization of FSMPartPool!
[2180.36] Log: Bringing up level for play took: 0.121922
[2181.27] TgSLO: Async Load: GOD_Ymir
[2181.27] TgSLO: Async Load: GOD_Ymir_Lobby
[2181.27] TgSLO: Async Load: FX_Ymir
[2181.27] Log: Flushing async loaders.
[2181.42] TgSLO: Finish Load: GOD_Ymir
[2181.45] TgSLO: Finish Load: GOD_Ymir_Lobby
[2181.50] TgSLO: Finish Load: FX_Ymir
[2181.50] Log: Flushed async loaders.
[2181.51] Log: ########### Finished loading level: 2.031094 seconds
[2181.56] Log: Flushing async loaders.
[2181.72] Log: Flushed async loaders.
[2181.72] Log: RequestingChannelMembers ch[8] [kimicol a rejoint la discussion.]
[2182.27] Log: RequestingChannelMembers ch[8] [Zaichick a rejoint la discussion.]
[2182.54] Log: RequestingChannelMembers ch[8] [SatnamSalim a rejoint la discussion.]
[2182.54] Log: RequestingChannelMembers ch[8] [Oussop a rejoint la discussion.]
[2184.90] Log: RequestingChannelMembers ch[8] [snypa971 a rejoint la discussion.]
[2188.24] Log: RequestingChannelMembers ch[8] [SatnamSalim a quitté la discussion.]
[2193.72] Log: RequestingChannelMembers ch[8] [snypa971 a quitté la discussion.]
[2194.34] Log: RequestingChannelMembers ch[8] [Oussop a quitté la discussion.]
[2203.44] Log: RequestingChannelMembers ch[8] [BoxUma a quitté la discussion.]
[2204.86] Log: ERROR: Attempting to log in without settings.
[2206.55] Log: Closing by request
[2206.55] Log: appRequestExit(0)
[2206.55] Log: TgAIBehaviorTreeManager :: De-allocating 47 behavior trees
[2207.82] Exit: Preparing to exit.
[2208.15] Exit: Game engine shut down
[2208.22] Exit: Windows client shut down
[2208.27] Exit: XAudio2 Device shut down.
[2208.54] Exit: Object subsystem successfully closed.
[2210.06] Log: >>>>>>>>>>>>>>>>>> ResubmitMCTSEvent PLAYER_LOGOFF
[2210.23] Log: >>>>>>>>>>>>>>>>>> ResubmitMCTSEvent PLAYER_LOGOFF
[2210.31] Log: Shutting down FaceFX...
[2210.31] Log: FaceFX shutdown.
[2210.56] Exit: Exiting.
