[0000.37] Log: Async Log file open, 06/17/15 22:09:04
[0000.37] Init: WinSock: version 1.1 (2.2), MaxSocks=32767, MaxUdp=65467
[0000.37] Log:  ... running in INSTALLED mode
[0000.37] DevConfig: GConfig::Find has loaded file:  ..\..\Engine\Config\ConsoleVariables.ini
[0000.37] Init: Version: 10897
[0000.37] Init: Epic Internal: 0
[0000.37] Init: Compiled (32-bit): Jun 16 2015 13:37:25
[0000.37] Init: Changelist: 1532151
[0000.37] Init: Game is version 2.8.2806.1.
[0000.37] Init: Command line: -PGUID=f217e716-f401-4696-a0ce-3be9da5b0821  -host=             -host2              -seekfreeloading   -LANGUAGE=FRA -cnmg=722172295224232483207321732784279428642425276525 -cnmg2=722272205222232883277326732484289425642525217527 -ASYNCTICK=FALSE -HiCommand -HEXX=5B76709C
[0000.37] Init: Base directory: C:\Program Files (x86)\Hi-Rez Studios\HiRezGames\smite\binaries\Win32\
[0000.69] Init: Computer: PC-ARTHUR
[0000.69] Init: User: Arthur
[0000.69] Init: CPU Page size=4096, Processors=4, Cores=2
[0000.69] Init: High frequency timer resolution =2.240908 MHz
[0000.69] Init: Memory total: Physical=3.8GB (3GB approx) Pagefile=7.7GB Virtual=4.0GB
[0000.82] DevOnline: Initializing MCTS
[0000.82] Init: Presizing for 60000 objects not considered by GC, pre-allocating 0 bytes.
[0000.82] Init: Object subsystem initialized
[0000.82] Log: Overriding lang INT w/ command-line option of FRA
[0000.86] Log: TgAIBehaviorTreeManager :: Loading behavior trees
[0000.87] Log: TgAIBehaviorTreeManager :: Successfully loaded behavior trees
[0000.87] Log: ShadowPatch: Error -pid should be passed on command line.
[0004.87] Log: AsyncTickTasks DISABLED at startup
[0004.88] Log: SystemSettings based on: SystemSettings
[0004.88] Log: SystemSettings based on: SystemSettings
[0004.89] Log: SystemSettings based on: SystemSettings
[0004.89] Log: SystemSettings based on: SystemSettings
[0004.89] Log: SystemSettings based on: SystemSettings
[0005.56] Log: Found D3D11 adapter 0: Intel(R) HD Graphics Family
[0005.56] Log: Adapter has 1020MB of dedicated video memory, 0MB of dedicated system memory, and 1933MB of shared system memory
[0005.62] Log: Shader platform (RHI): PC-D3D-SM3
[0005.65] Log: PhysX GPU Support: DISABLED
[0006.97] Log: Assembly Loaded Version: DBExport: 06/15/2015 12:52:10,  Src=devsql.hirezcorp.com:smite_live_build, LangSrc=devsql.hirezcorp.com:smite_translations,
[0023.14] Log: Skipping adding Package OnlineSubsystemMcts to NetPackages
[0024.34] Log: 116966 objects as part of root set at end of initial load.
[0024.34] Log: 0 out of 0 bytes used by permanent object pool.
[0024.34] Log: Initializing Engine...
[0027.65] ScriptWarning: Script call stack:
	Function Engine.GameViewportClient:Init

	TgGameViewportClient Transient.TgGameEngine_0:TgGameViewportClient_0
	Function Engine.GameViewportClient:Init:0025
[0027.65] ScriptWarning: Assertion failed, line 672
	TgGameViewportClient Transient.TgGameEngine_0:TgGameViewportClient_0
	Function Engine.GameViewportClient:Init:0025
[0027.66] Warning: Warning, Failed to load 'SwfMovie None.Logos': Failed to find object 'SwfMovie None.Logos'
[0027.66] Log: GFx attempted to load missing object [Logos]
[0027.66] Warning: Warning, Failed to load 'Class None.': Failed to find object 'Class None.'
[0027.66] Warning: Warning, Failed to find object 'Class None.'
[0027.66] Warning: Warning, Failed to load 'Class None.': Failed to find object 'Class None.'
[0027.66] Warning: Warning, Failed to find object 'Class None.'
[0027.66] Warning: Warning, Failed to load 'Class None.': Failed to find object 'Class None.'
[0027.66] Warning: Warning, Failed to find object 'Class None.'
[0027.66] Warning: Warning, Failed to load 'Class None.': Failed to find object 'Class None.'
[0027.66] Warning: Warning, Failed to find object 'Class None.'
[0027.66] DevNet: Browse: lobbymap?Name=Player?Team=255?DefaultCharacter=TgGame.TgCharacter
[0027.66] Log: LoadMap: lobbymap?Name=Player?Team=255?DefaultCharacter=TgGame.TgCharacter
[0028.30] Log: Map Game ID = 0
[0028.30] Log: Map Instance ID = 124571772
[0028.33] Log: Performance: Critical section Lock/Unlock 25 nsec
[0028.33] Log: Performance:  appCycles 12 nsec
[0028.39] Log: Performance:  memCopy per KB 276 nsec
[0028.41] Log: Performance:  memZero per KB 130 nsec
[0028.43] Log: Performance:  appInterlockedIncrement 13 nsec
[0028.43] Log: Performance:  GetTickCount 4 nsec
[0028.43] Log: Game class is 'TgGameLaunch'
[0028.43] TgSLO: Async Load: GodSkins_Portraits_and_Icons
[0028.43] Log: Flushing async loaders.
[0028.69] TgSLO: Finish Load: GodSkins_Portraits_and_Icons
[0028.69] Log: Flushed async loaders.
[0028.75] Log: Primary PhysX scene will be in software.
[0028.75] Log: Creating Primary PhysX Scene.
[0028.75] Log: *** WARNING - PATHS MAY NOT BE VALID ***
[0028.75] Log: Bringing World lobbymap.TheWorld up for play (0) at 2015.06.17-22.09.32
[0028.76] Log: Skipping initialization of FSMPartPool!
[0029.13] Log: Bringing up level for play took: 0.422350
[0037.28] Warning: Warning, Failed to load 'Font None.ArialUnicode': Failed to find object 'Font None.ArialUnicode'
[0037.28] Warning: Warning, Failed to load 'Font None.ArialUnicode': Failed to find object 'Font None.ArialUnicode'
[0037.41] Log: GFx attempted to load missing object [UDKFrontEnd.udk_ime]
[0038.55] Log: ########### Finished loading level: 10.887898 seconds
[0038.75] Log: Flushing async loaders.
[0039.15] Log: Flushed async loaders.
[0039.15] Log: Initializing Engine Completed
[0039.15] Log: >>>>>>>>>>>>>> Initial startup: 39.15s <<<<<<<<<<<<<<<
[0039.15] Log: Browser user data directory is C:\ProgramData\Hi-Rez Studios\BrowserCache\Battle
[0039.22] Log: WebFactory created
[7037.90] Log: Received WM_QUERYENDSESSION
[7037.91] Log: Received WM_ENDSESSION
