[0000.19] Log: Async Log file open, 06/13/15 17:30:48
[0000.19] Init: WinSock: version 1.1 (2.2), MaxSocks=32767, MaxUdp=65467
[0000.19] Log:  ... running in INSTALLED mode
[0000.19] DevConfig: GConfig::Find has loaded file:  ..\..\Engine\Config\ConsoleVariables.ini
[0000.19] Init: Version: 10897
[0000.19] Init: Epic Internal: 0
[0000.19] Init: Compiled (32-bit): Jun  4 2015 12:52:54
[0000.19] Init: Changelist: 1532151
[0000.19] Init: Game is version 2.7.2767.0.
[0000.19] Init: Command line: -PGUID=f217e716-f401-4696-a0ce-3be9da5b0821  -host=             -host2              -seekfreeloading   -LANGUAGE=FRA -cnmg=72247220522523258320732773228429942064200620 -cnmg2=722072285223232183207328732584249420642725204526 -ASYNCTICK=FALSE -HiCommand -HEXX=BB6E325F
[0000.19] Init: Base directory: C:\Program Files (x86)\Hi-Rez Studios\HiRezGames\smite\binaries\Win32\
[0000.25] Init: Computer: PC-ARTHUR
[0000.25] Init: User: Arthur
[0000.25] Init: CPU Page size=4096, Processors=4, Cores=2
[0000.25] Init: High frequency timer resolution =2.240909 MHz
[0000.25] Init: Memory total: Physical=3.8GB (3GB approx) Pagefile=7.7GB Virtual=4.0GB
[0000.33] DevOnline: Initializing MCTS
[0000.33] Init: Presizing for 60000 objects not considered by GC, pre-allocating 0 bytes.
[0000.33] Init: Object subsystem initialized
[0000.33] Log: Overriding lang INT w/ command-line option of FRA
[0003.87] Log: TgAIBehaviorTreeManager :: Loading behavior trees
[0003.88] Log: TgAIBehaviorTreeManager :: Successfully loaded behavior trees
[0003.88] Log: ShadowPatch: Error -pid should be passed on command line.
[0004.00] Log: AsyncTickTasks DISABLED at startup
[0004.03] Log: SystemSettings based on: SystemSettings
[0004.03] Log: SystemSettings based on: SystemSettings
[0004.03] Log: SystemSettings based on: SystemSettings
[0004.03] Log: SystemSettings based on: SystemSettings
[0004.03] Log: SystemSettings based on: SystemSettings
[0004.65] Log: Found D3D11 adapter 0: Intel(R) HD Graphics Family
[0004.65] Log: Adapter has 1020MB of dedicated video memory, 0MB of dedicated system memory, and 1933MB of shared system memory
[0004.69] Log: Shader platform (RHI): PC-D3D-SM3
[0004.74] Log: PhysX GPU Support: DISABLED
[0006.06] Log: Assembly Loaded Version: DBExport: 06/04/2015 12:05:52,  Src=devsql.hirezcorp.com:smite_live_build, LangSrc=devsql.hirezcorp.com:smite_translations,
[0024.70] Log: Skipping adding Package OnlineSubsystemMcts to NetPackages
[0025.44] Log: 115933 objects as part of root set at end of initial load.
[0025.44] Log: 0 out of 0 bytes used by permanent object pool.
[0025.44] Log: Initializing Engine...
[0027.37] ScriptWarning: Script call stack:
	Function Engine.GameViewportClient:Init

	TgGameViewportClient Transient.TgGameEngine_0:TgGameViewportClient_0
	Function Engine.GameViewportClient:Init:0025
[0027.37] ScriptWarning: Assertion failed, line 672
	TgGameViewportClient Transient.TgGameEngine_0:TgGameViewportClient_0
	Function Engine.GameViewportClient:Init:0025
[0027.38] Warning: Warning, Failed to load 'SwfMovie None.Logos': Failed to find object 'SwfMovie None.Logos'
[0027.38] Log: GFx attempted to load missing object [Logos]
[0027.38] Warning: Warning, Failed to load 'Class None.': Failed to find object 'Class None.'
[0027.38] Warning: Warning, Failed to find object 'Class None.'
[0027.38] Warning: Warning, Failed to load 'Class None.': Failed to find object 'Class None.'
[0027.38] Warning: Warning, Failed to find object 'Class None.'
[0027.38] Warning: Warning, Failed to load 'Class None.': Failed to find object 'Class None.'
[0027.38] Warning: Warning, Failed to find object 'Class None.'
[0027.38] Warning: Warning, Failed to load 'Class None.': Failed to find object 'Class None.'
[0027.38] Warning: Warning, Failed to find object 'Class None.'
[0027.38] DevNet: Browse: lobbymap?Name=Player?Team=255?DefaultCharacter=TgGame.TgCharacter
[0027.38] Log: LoadMap: lobbymap?Name=Player?Team=255?DefaultCharacter=TgGame.TgCharacter
[0027.60] Log: Map Game ID = 0
[0027.60] Log: Map Instance ID = 124209475
[0027.62] Log: Performance: Critical section Lock/Unlock 25 nsec
[0027.62] Log: Performance:  appCycles 10 nsec
[0027.72] Log: Performance:  memCopy per KB 473 nsec
[0027.76] Log: Performance:  memZero per KB 175 nsec
[0027.77] Log: Performance:  appInterlockedIncrement 14 nsec
[0027.78] Log: Performance:  GetTickCount 6 nsec
[0027.78] Log: Game class is 'TgGameLaunch'
[0027.78] TgSLO: Async Load: GodSkins_Portraits_and_Icons
[0027.78] Log: Flushing async loaders.
[0027.82] TgSLO: Finish Load: GodSkins_Portraits_and_Icons
[0027.82] Log: Flushed async loaders.
[0027.87] Log: Primary PhysX scene will be in software.
[0027.87] Log: Creating Primary PhysX Scene.
[0028.18] Log: *** WARNING - PATHS MAY NOT BE VALID ***
[0028.18] Log: Bringing World lobbymap.TheWorld up for play (0) at 2015.06.13-17.31.16
[0028.18] Log: Skipping initialization of FSMPartPool!
[0028.26] Log: Bringing up level for play took: 0.424568
[0029.45] Log: Flushing async loaders.
[0029.54] Log: Flushed async loaders.
[0029.90] Warning: Warning, Failed to load 'Font None.ArialUnicode': Failed to find object 'Font None.ArialUnicode'
[0029.90] Warning: Warning, Failed to load 'Font None.ArialUnicode': Failed to find object 'Font None.ArialUnicode'
[0030.05] Log: GFx attempted to load missing object [UDKFrontEnd.udk_ime]
[0030.88] Log: ########### Finished loading level: 3.500348 seconds
[0030.99] Log: Flushing async loaders.
[0031.02] Log: Flushed async loaders.
[0031.02] Log: Initializing Engine Completed
[0031.02] Log: >>>>>>>>>>>>>> Initial startup: 31.02s <<<<<<<<<<<<<<<
[0031.02] Log: Browser user data directory is C:\ProgramData\Hi-Rez Studios\BrowserCache\Battle
[0031.11] Log: WebFactory created
[0043.96] Log: Login Success: kimicol
[0045.61] Log: Team/Instance chat routed to Instance Server.
[0045.61] Log: Chat[9]: Appuyez sur ENTRÉE pour accéder à la discussion.
[0045.75] Log: RequestingChannelMembers ch[1] [kimicol a rejoint la discussion.]
[0045.75] Log: RequestingChannelMembers ch[3] [kimicol a rejoint la discussion.]
[0045.75] DevNet: URL: Adding default option Team=255
[0045.75] Log: ReceiveChangeMap: mapGameId 1510
[0045.98] DevNet: URL: Adding default option Team=255
[0045.98] DevNet: Browse: 64.95.97.173:9097/lobbymap?GameState=OGS_NoSession?GameMode=0?name=Player?map_instance_id=162617183?Team=255
[0045.98] DevNet: Game client on port 9097, rate 25000
[0046.30] DevNet: Welcomed by server (Level: mayan_siege, Game: TgGame.TgGame_Battle_Conquest_Erez)
[0046.41] Log: LoadMap: 64.95.97.173:9097/mayan_siege?GameState=OGS_NoSession?GameMode=0?name=Player?map_instance_id=162617183?Team=255?game=TgGame.TgGame_Battle_Conquest_Erez
[0047.12] Log: Map Game ID = 0
[0047.12] Log: Map Instance ID = 124209475
[0047.15] Log: Performance: Critical section Lock/Unlock 28 nsec
[0047.15] Log: Performance:  appCycles 10 nsec
[0047.21] Log: Performance:  memCopy per KB 281 nsec
[0047.24] Log: Performance:  memZero per KB 169 nsec
[0047.26] Log: Performance:  appInterlockedIncrement 14 nsec
[0047.26] Log: Performance:  GetTickCount 5 nsec
[0050.25] TgSLO: Async Load: FX_Store_Items
[0050.25] TgSLO: Async Load: FX_Store_Items_Targeting
[0050.25] TgSLO: Async Load: FX_Status_Effects
[0050.25] TgSLO: Async Load: GOD_CommonMaterialEffects
[0050.25] TgSLO: Async Load: GOD_Common_AT
[0050.25] TgSLO: Async Load: AUD_VOX_Narrator
[0050.25] TgSLO: Async Load: NPC_Ward2
[0050.25] TgSLO: Async Load: FX_Buff_Belts_V2
[0050.25] TgSLO: Async Load: FX_Fist_Of_God_V2
[0050.25] TgSLO: Async Load: GOD_AhMuzenCab
[0050.25] TgSLO: Async Load: GOD_AhMuzenCab_Textures
[0050.25] TgSLO: Async Load: FX_AhMuzenCab
[0050.25] TgSLO: Async Load: AUD_God_AhMuzenCab
[0050.25] TgSLO: Async Load: GOD_AhMuzenCab_Skin3
[0050.25] TgSLO: Async Load: NPC_Ward_Apollo
[0050.25] TgSLO: Async Load: NPC_Ward_BobbleHead_Base
[0050.25] TgSLO: Async Load: FX_Common
[0050.25] TgSLO: Async Load: AUD_UI
[0050.25] TgSLO: Async Load: NPC_Ward_Eyeballs
[0050.25] TgSLO: Async Load: NPC_Ward_Snowman
[0050.25] TgSLO: Async Load: NPC_Ward_Roman
[0050.25] TgSLO: Async Load: NPC_Ward_Thunderbolt
[0050.25] TgSLO: Async Load: NPC_Ward_Norse
[0050.25] TgSLO: Async Load: NPC_Ward_Greek
[0050.25] TgSLO: Async Load: NPC_Ward_Manticore
[0050.25] TgSLO: Async Load: NPC_Ward_Hindu
[0050.25] TgSLO: Async Load: NPC_Ward_AresSWC
[0050.25] TgSLO: Async Load: NPC_Ward_Helicopter
[0050.25] TgSLO: Async Load: GOD_Awilix
[0050.25] TgSLO: Async Load: GOD_Awilix_Textures
[0050.25] TgSLO: Async Load: FX_Awilix
[0050.25] TgSLO: Async Load: AUD_God_Awilix
[0050.25] TgSLO: Async Load: GOD_Sobek
[0050.25] TgSLO: Async Load: GOD_Sobek_Textures
[0050.25] TgSLO: Async Load: FX_Sobek
[0050.25] TgSLO: Async Load: AUD_God_Sobek
[0050.25] TgSLO: Async Load: GOD_Sobek_Skins
[0050.25] TgSLO: Async Load: NPC_Ward_Curse
[0050.25] TgSLO: Async Load: GOD_Fenrir
[0050.25] TgSLO: Async Load: GOD_Fenrir_Textures
[0050.25] TgSLO: Async Load: FX_Fenrir
[0050.26] TgSLO: Async Load: AUD_God_Fenrir
[0050.26] TgSLO: Async Load: GOD_Fenrir_Skin2
[0050.26] TgSLO: Async Load: FX_Fenrir_Skin2
[0050.26] TgSLO: Async Load: FX_Fenrir_Targeting_Skin2
[0050.26] TgSLO: Async Load: AnimNotify9513
[0050.26] TgSLO: Async Load: GOD_Medusa
[0050.26] TgSLO: Async Load: GOD_Medusa_Textures
[0050.26] TgSLO: Async Load: FX_Medusa
[0050.26] TgSLO: Async Load: AUD_God_Medusa
[0050.26] TgSLO: Async Load: GOD_Ra
[0050.26] TgSLO: Async Load: GOD_Ra_Textures
[0050.26] TgSLO: Async Load: FX_Ra
[0050.26] TgSLO: Async Load: AUD_God_Ra
[0050.26] TgSLO: Async Load: GOD_Ra_Skins
[0050.26] TgSLO: Async Load: GOD_Hades
[0050.26] TgSLO: Async Load: GOD_Hades_Textures
[0050.26] TgSLO: Async Load: FX_Hades
[0050.26] TgSLO: Async Load: AUD_God_Hades
[0050.26] TgSLO: Async Load: GOD_Hades_Skin2
[0050.26] TgSLO: Async Load: FX_Hades_Skin2
[0050.26] TgSLO: Async Load: FX_Hades_Targeting
[0050.26] TgSLO: Async Load: AnimNotify8153
[0050.26] TgSLO: Async Load: GOD_Anubis_V2
[0050.26] TgSLO: Async Load: GOD_Anubis_V2_Textures
[0050.26] TgSLO: Async Load: FX_Anubis_V2
[0050.26] TgSLO: Async Load: FX_Anubis_Targeting
[0050.26] TgSLO: Async Load: AUD_God_Anubis
[0050.26] TgSLO: Async Load: NPC_Phoenix
[0050.26] TgSLO: Async Load: NPC_Phoenix_Textures
[0050.26] TgSLO: Async Load: FX_Phoenix
[0050.26] TgSLO: Async Load: AUD_NPC_Phoenix
[0050.26] TgSLO: Async Load: FX_Tower
[0050.26] TgSLO: Async Load: FX_Greek_Tower
[0050.26] TgSLO: Async Load: AUD_Tower
[0050.26] TgSLO: Async Load: MDL_PseudoMesh
[0050.26] TgSLO: Async Load: NPC_Greek_Tower
[0050.26] TgSLO: Async Load: NPC_Greek_Tower_Textures
[0050.26] TgSLO: Async Load: FX_Mayan_Tower
[0050.26] TgSLO: Async Load: NPC_Mayan_Towers
[0050.26] TgSLO: Async Load: NPC_Olympus
[0050.26] TgSLO: Async Load: AUD_NPC_Olympus
[0050.26] TgSLO: Async Load: NPC_Minion_Universal
[0050.26] TgSLO: Async Load: FX_Roman
[0050.26] TgSLO: Async Load: FX_Minion_Death
[0050.26] TgSLO: Async Load: AUD_NPC_RomanArcher
[0050.26] TgSLO: Async Load: NPC_Mayan_Minions
[0050.26] TgSLO: Async Load: NPC_Cyclops_V2
[0050.26] TgSLO: Async Load: FX_NPC_Cyclops_V2
[0050.26] TgSLO: Async Load: AUD_NPC_Cyclops
[0050.26] TgSLO: Async Load: FX_Greek_Tower_Old
[0050.26] TgSLO: Async Load: NPC_Guardian_Female
[0050.26] TgSLO: Async Load: NPC_Guardian_Female_AT
[0050.26] TgSLO: Async Load: FX_Guardian_Female
[0050.26] TgSLO: Async Load: AUD_NPC_Guardian_Female
[0050.26] TgSLO: Async Load: NPC_Guardian_Male
[0050.26] TgSLO: Async Load: NPC_Guardian_Male_AT
[0050.26] TgSLO: Async Load: FX_Guardian_Male
[0050.27] TgSLO: Async Load: AUD_NPC_Guardian_Male
[0050.27] TgSLO: Async Load: NPC_SiegeJuggernaut
[0050.27] TgSLO: Async Load: FX_SiegeJuggernaut
[0050.27] TgSLO: Async Load: AUD_NPC_SiegeJuggernaut
[0050.27] Log: Flushing async loaders.
[0050.30] TgSLO: Finish Load: FX_Store_Items
[0050.32] TgSLO: Finish Load: FX_Store_Items_Targeting
[0050.32] TgSLO: Finish Load: FX_Status_Effects
[0050.33] TgSLO: Finish Load: GOD_CommonMaterialEffects
[0050.33] TgSLO: Finish Load: GOD_Common_AT
[0050.43] TgSLO: Finish Load: AUD_VOX_Narrator
[0050.44] TgSLO: Finish Load: NPC_Ward2
[0050.49] TgSLO: Finish Load: FX_Buff_Belts_V2
[0050.50] TgSLO: Finish Load: FX_Fist_Of_God_V2
[0050.51] TgSLO: Finish Load: GOD_AhMuzenCab
[0050.51] TgSLO: Finish Load: GOD_AhMuzenCab_Textures
[0050.56] TgSLO: Finish Load: FX_AhMuzenCab
[0050.66] TgSLO: Finish Load: AUD_God_AhMuzenCab
[0050.67] TgSLO: Finish Load: GOD_AhMuzenCab_Skin3
[0050.69] TgSLO: Finish Load: NPC_Ward_Apollo
[0050.69] TgSLO: Finish Load: NPC_Ward_BobbleHead_Base
[0050.72] TgSLO: Finish Load: FX_Common
[0050.72] TgSLO: Finish Load: AUD_UI
[0050.74] TgSLO: Finish Load: NPC_Ward_Eyeballs
[0050.76] TgSLO: Finish Load: NPC_Ward_Snowman
[0050.77] TgSLO: Finish Load: NPC_Ward_Roman
[0050.78] TgSLO: Finish Load: NPC_Ward_Thunderbolt
[0050.80] TgSLO: Finish Load: NPC_Ward_Norse
[0050.82] TgSLO: Finish Load: NPC_Ward_Greek
[0050.83] TgSLO: Finish Load: NPC_Ward_Manticore
[0050.84] TgSLO: Finish Load: NPC_Ward_Hindu
[0050.86] TgSLO: Finish Load: NPC_Ward_AresSWC
[0050.87] TgSLO: Finish Load: NPC_Ward_Helicopter
[0051.04] TgSLO: Finish Load: GOD_Awilix
[0051.04] TgSLO: Finish Load: GOD_Awilix_Textures
[0051.07] TgSLO: Finish Load: FX_Awilix
[0051.10] TgSLO: Finish Load: AUD_God_Awilix
[0051.23] TgSLO: Finish Load: GOD_Sobek
[0051.23] TgSLO: Finish Load: GOD_Sobek_Textures
[0051.25] TgSLO: Finish Load: FX_Sobek
[0051.30] TgSLO: Finish Load: AUD_God_Sobek
[0051.31] TgSLO: Finish Load: GOD_Sobek_Skins
[0051.33] TgSLO: Finish Load: NPC_Ward_Curse
[0051.47] TgSLO: Finish Load: GOD_Fenrir
[0051.47] TgSLO: Finish Load: GOD_Fenrir_Textures
[0051.49] TgSLO: Finish Load: FX_Fenrir
[0051.53] TgSLO: Finish Load: AUD_God_Fenrir
[0051.54] TgSLO: Finish Load: GOD_Fenrir_Skin2
[0051.56] TgSLO: Finish Load: FX_Fenrir_Skin2
[0051.57] TgSLO: Finish Load: FX_Fenrir_Targeting_Skin2
[0051.57] TgSLO: Finish Load: AnimNotify9513
[0051.58] TgSLO: Finish Load: GOD_Medusa
[0051.58] TgSLO: Finish Load: GOD_Medusa_Textures
[0051.61] TgSLO: Finish Load: FX_Medusa
[0051.63] TgSLO: Finish Load: AUD_God_Medusa
[0051.64] TgSLO: Finish Load: GOD_Ra
[0051.64] TgSLO: Finish Load: GOD_Ra_Textures
[0051.66] TgSLO: Finish Load: FX_Ra
[0051.70] TgSLO: Finish Load: AUD_God_Ra
[0051.71] TgSLO: Finish Load: GOD_Ra_Skins
[0051.81] TgSLO: Finish Load: GOD_Hades
[0051.82] TgSLO: Finish Load: GOD_Hades_Textures
[0051.83] TgSLO: Finish Load: FX_Hades
[0051.89] TgSLO: Finish Load: AUD_God_Hades
[0051.90] TgSLO: Finish Load: GOD_Hades_Skin2
[0051.92] TgSLO: Finish Load: FX_Hades_Skin2
[0051.94] TgSLO: Finish Load: FX_Hades_Targeting
[0051.94] TgSLO: Finish Load: AnimNotify8153
[0052.13] TgSLO: Finish Load: GOD_Anubis_V2
[0052.13] TgSLO: Finish Load: GOD_Anubis_V2_Textures
[0052.16] TgSLO: Finish Load: FX_Anubis_V2
[0052.17] Log: Missing cached shader map for material FX_Anubis_Targeting.Materials.FX_DeathGaze_STILL_MAT, quality 0, compiling.
[0052.17] Warning: Warning, Failed to compile Material FX_Anubis_Targeting.Materials.FX_DeathGaze_STILL_MAT for platform PC-D3D-SM3, Default Material will be used in game.
[0052.17] TgSLO: Finish Load: FX_Anubis_Targeting
[0052.25] TgSLO: Finish Load: AUD_God_Anubis
[0052.29] TgSLO: Finish Load: NPC_Phoenix
[0052.29] TgSLO: Finish Load: NPC_Phoenix_Textures
[0052.30] TgSLO: Finish Load: FX_Phoenix
[0052.33] TgSLO: Finish Load: AUD_NPC_Phoenix
[0052.34] TgSLO: Finish Load: FX_Tower
[0052.37] TgSLO: Finish Load: FX_Greek_Tower
[0052.45] TgSLO: Finish Load: AUD_Tower
[0052.45] TgSLO: Finish Load: MDL_PseudoMesh
[0052.58] TgSLO: Finish Load: NPC_Greek_Tower
[0052.60] TgSLO: Finish Load: NPC_Greek_Tower_Textures
[0052.62] TgSLO: Finish Load: FX_Mayan_Tower
[0052.65] TgSLO: Finish Load: NPC_Mayan_Towers
[0052.66] TgSLO: Finish Load: NPC_Olympus
[0052.68] TgSLO: Finish Load: AUD_NPC_Olympus
[0052.78] TgSLO: Finish Load: NPC_Minion_Universal
[0052.79] TgSLO: Finish Load: FX_Roman
[0052.79] TgSLO: Finish Load: FX_Minion_Death
[0052.83] TgSLO: Finish Load: AUD_NPC_RomanArcher
[0052.84] TgSLO: Finish Load: NPC_Mayan_Minions
[0052.94] TgSLO: Finish Load: NPC_Cyclops_V2
[0052.94] TgSLO: Finish Load: FX_NPC_Cyclops_V2
[0053.00] TgSLO: Finish Load: AUD_NPC_Cyclops
[0053.01] TgSLO: Finish Load: FX_Greek_Tower_Old
[0053.11] TgSLO: Finish Load: NPC_Guardian_Female
[0053.11] TgSLO: Finish Load: NPC_Guardian_Female_AT
[0053.12] TgSLO: Finish Load: FX_Guardian_Female
[0053.13] TgSLO: Finish Load: AUD_NPC_Guardian_Female
[0053.23] TgSLO: Finish Load: NPC_Guardian_Male
[0053.23] TgSLO: Finish Load: NPC_Guardian_Male_AT
[0053.25] TgSLO: Finish Load: FX_Guardian_Male
[0053.26] TgSLO: Finish Load: AUD_NPC_Guardian_Male
[0053.43] TgSLO: Finish Load: NPC_SiegeJuggernaut
[0053.44] TgSLO: Finish Load: FX_SiegeJuggernaut
[0053.45] TgSLO: Finish Load: AUD_NPC_SiegeJuggernaut
[0053.45] Log: Flushed async loaders.
[0053.49] Log: Primary PhysX scene will be in software.
[0053.49] Log: Creating Primary PhysX Scene.
[0053.51] Log: *** WARNING - PATHS MAY NOT BE VALID ***
[0053.51] Log: Bringing World mayan_siege.TheWorld up for play (595) at 2015.06.13-17.31.41
[0053.51] Log: Skipping initialization of FSMPartPool!
[0053.51] Log: Bringing up level for play took: 0.063491
[0053.52] Warning: Warning, Failed to load 'Class None.': Failed to find object 'Class None.'
[0053.52] Warning: Warning, Failed to find object 'Class None.'
[0053.52] Log: PlayerController class for the pending level is PlayerController
[0053.52] Log: ########### Finished loading level: 7.110692 seconds
[0053.52] Log: Flushing async loaders.
[0054.09] Log: Flushed async loaders.
[0054.11] Log: Chat[1]: Statut du clan : Tiny42SH
[0054.11] Log: ---- UpdateClanData
[0054.29] Warning: Warning, Failed to load 'Class None.None': Failed to find object 'Class None.None'
[0054.29] Warning: Warning, Failed to find object 'Class None.None'
[0054.29] Warning: Warning, Failed to load 'Class None.None': Failed to find object 'Class None.None'
[0054.29] Warning: Warning, Failed to find object 'Class None.None'
[0054.29] Warning: Warning, Failed to load 'Class None.None': Failed to find object 'Class None.None'
[0054.29] Warning: Warning, Failed to find object 'Class None.None'
[0054.29] Warning: Warning, Failed to load 'Class None.None': Failed to find object 'Class None.None'
[0054.29] Warning: Warning, Failed to find object 'Class None.None'
[0054.29] Warning: Warning, Failed to load 'Class None.None': Failed to find object 'Class None.None'
[0054.29] Warning: Warning, Failed to find object 'Class None.None'
[0054.31] DevNet: TgPlayerController_1 setplayer TgLocalPlayer_0
[0054.43] Log: Mark Effect Group 28503: Not of type HIT SPECIAL!
[0054.46] Log: AttachToOwner - Socket (CSO_FX_Origin_01) not found in owner mesh or its parent! (2958 to NONE)
[0054.46] Log: AttachToOwner - Socket (FX_ORIGIN_Origin) not found in owner mesh or its parent! (2702 to NONE)
[0054.46] Log: AttachToOwner - Socket (FX_ORIGIN_Origin) not found in owner mesh or its parent! (2702 to NONE)
[0054.46] Log: AttachToOwner - Socket (FX_ORIGIN_Origin) not found in owner mesh or its parent! (2702 to NONE)
[0054.46] Log: TeamIndex 1 has new leader: 5653435
[0054.47] Log: AttachToOwner - Socket (FX_ORIGIN_Origin) not found in owner mesh or its parent! (2702 to NONE)
[0054.47] Log: TeamIndex 2 has new leader: 3239698
[0055.59] Warning: Warning, Failed to load 'Texture None.blah': Failed to find object 'Texture None.blah'
[0057.14] Log: ---- UpdateClanData
[0057.15] Log: AttachToOwner - Socket (FX_ORIGIN_Origin) not found in owner mesh or its parent! (2702 to NONE)
[0057.15] Log: AttachToOwner - Socket (CSO_FX_Origin_01) not found in owner mesh or its parent! (2958 to NONE)
[0057.15] Log: AttachToOwner - Socket (CSO_FX_Origin_01) not found in owner mesh or its parent! (2958 to NONE)
[0057.15] Log: AttachToOwner - Socket (FX_ORIGIN_Origin) not found in owner mesh or its parent! (2702 to NONE)
[0057.16] Log: AttachToOwner - Socket (CSO_FX_Origin_01) not found in owner mesh or its parent! (2958 to NONE)
[0057.17] Log: AttachToOwner - Socket (CSO_FX_Origin_01) not found in owner mesh or its parent! (2958 to NONE)
[0057.37] Log: AttachToOwner - Socket (FX_ORIGIN_Origin) not found in owner mesh or its parent! (2702 to NONE)
[0057.38] Log: AttachToOwner - Socket (FX_ORIGIN_Origin) not found in owner mesh or its parent! (2702 to NONE)
[0057.38] Log: AttachToOwner - Socket (CSO_FX_Origin_01) not found in owner mesh or its parent! (2958 to NONE)
[0057.38] Log: AttachToOwner - Socket (CSO_FX_Origin_01) not found in owner mesh or its parent! (2958 to NONE)
[0057.38] Log: AttachToOwner - Socket (CSO_FX_Origin_01) not found in owner mesh or its parent! (2958 to NONE)
[0057.40] Log: Activated mayan_siege_assist 1 1 0
[0057.40] Log: ActivateLevel mayan_siege_assist 1 1 0
[0057.98] Log: Flushing async loaders.
[0058.00] Log: Flushed async loaders.
[0061.45] Log: SendChat[3] sorry
[0061.52] Log: Chat[3]: sorry
[0064.17] Log: Chat[3]: [VVGR] Pas de problème.
[0075.93] Log: Chat[3]: [VVA] D'accord !
[0077.47] Log: Chat[3]: [VSD1] Je défends le chemin à gauche!
[0078.85] Log: ---- UpdateClanData
[0078.97] Log: ---- UpdateClanData
[0078.97] Log: RequestingChannelMembers ch[1] [bobbybenj a rejoint la discussion.]
[0079.32] Log: Chat[3]: [VVA] D'accord !
[0102.66] Log: Chat[3]: [VVA] D'accord !
[0111.67] Log: Chat[3]: [VSD3] Je défends le chemin à droite!
[0130.26] Log: Chat[3]: [VF3] Ennemi manquant à droite !
[0131.87] Log: Chat[3]: [VVX] Annule ça !
[0133.50] Log: Chat[3]: [VVA] D'accord !
[0175.30] Log: PUSHING Accolade: grifone verse le Premier sang !, local: false
[0177.14] Log: Chat[3]: [VVGT] Dommage !
[0177.22] Log: Chat[3]: [VVGS] Malédiction !
[0178.24] Warning: Warning, Failed to load 'Class None.None': Failed to find object 'Class None.None'
[0178.24] Warning: Warning, Failed to find object 'Class None.None'
[0182.21] Log: PUSHING Accolade: grifone a fait un doublé !, local: false
[0182.25] Log: Suppressing Accolade: 
[0182.92] Log: Requesting purchase of itemId (10045) amount (1)
[0183.62] Log: Chat[3]: [VVGS] Malédiction !
[0183.77] Log: Chat[3]: [VVGS] Malédiction !
[0187.30] Log: Requesting purchase of itemId (8134) amount (1)
[0188.12] Log: Chat[3]: [VSD1] Je défends le chemin à gauche!
[0190.48] Log: Chat[3]: [VVA] D'accord !
[0190.66] Log: Chat[3]: [VC3] Attention à droite !
[0191.37] Log: Chat[3]: [VVGF] Bon jeu !
[0202.23] Log: ---- UpdateClanData
[0231.27] Log: Chat[3]: [VSR] Retraite!
[0234.43] Log: Chat[3]: [VVGB] Au revoir !
[0235.08] Log: Chat[3]: [VF3] Ennemi manquant à droite !
[0242.03] Log: Chat[3]: [VC1] Attention à gauche !
[0242.92] Log: Chat[3]: [VST3] Je reviens au chemin à droite!
[0247.83] Log: Chat[3]: [VVB] Je reviens !
[0249.32] Log: Chat[3]: [VVA] D'accord !
[0275.92] Log: Chat[3]: [VVVE] J'arrive !
[0278.33] Log: Chat[3]: [VVA] D'accord !
[0279.23] Log: Chat[3]: [VF3] Ennemi manquant à droite !
[0280.03] Log: Chat[3]: [VC1] Attention à gauche !
[0280.73] Log: Chat[3]: [VVA] D'accord !
[0294.73] Log: Chat[3]: [VVA] D'accord !
[0302.92] Log: PUSHING Accolade: grifone fait une tuerie ! (x3), local: false
[0306.32] Log: PUSHING Accolade: , local: false
[0308.73] Log: Chat[3]: [VVS] Désolé !
[0312.50] Log: Chat[3]: [VVGT] Dommage !
[0312.88] Log: Chat[3]: [VVGS] Malédiction !
[0315.02] Log: Requesting purchase of itemId (8136) amount (1)
[0346.29] Log: Chat[3]: [VSR] Retraite!
[0350.20] Log: Chat[3]: [VH3] Besoin d'aide à droite !
[0358.20] Log: Chat[3]: [VH3] Besoin d'aide à droite !
[0363.44] Log: Chat[3]: [VVVE] J'arrive !
[0379.26] Log: Chat[3]: [VSR] Retraite!
[0394.07] Log: PUSHING Accolade: , local: false
[0398.24] Log: Chat[3]: [VVA] D'accord !
[0406.10] Log: Chat[3]: [VF3] Ennemi manquant à droite !
[0414.15] Log: Chat[3]: [VVGS] Malédiction !
[0416.18] Log: PUSHING Accolade: , local: false
[0417.41] Log: Chat[3]: [VVGS] Malédiction !
[0429.10] Log: Chat[3]: [VF3] Ennemi manquant à droite !
[0460.61] Log: Chat[3]: [VF1] Ennemi manquant à gauche !
[0479.45] Log: Chat[3]: [VCC] Attention !
[0481.26] Log: Chat[3]: [VVA] D'accord !
[0489.37] Warning: GetSocketWorldLocationAndRotation : Could not find socket 'CSO_FX_L_Hand_01' in 'SKL_GOD_Awilix_Jaguar'
[0491.61] Log: Chat[3]: [VVGS] Malédiction !
[0496.36] Log: Chat[3]: [VER] Quel talent !
[0500.70] Log: Chat[3]: [VSG1] Je fais une attaque surprise sur le chemin à gauche!
[0502.73] Log: Chat[3]: [VVA] D'accord !
[0527.76] Log: Chat[3]: [VBE] Ennemis derrière nous!
[0528.62] Log: Chat[3]: [VBE] Ennemis derrière nous!
[0528.76] Log: Chat[3]: [VCC] Attention !
[0530.16] Log: Chat[3]: [VVA] D'accord !
[0532.08] Log: Chat[3]: [VVGR] Pas de problème.
[0538.88] Log: PUSHING Accolade: grifone a tué un joueur !, local: false
[0540.40] Log: Expiring Accolade: 
[0540.40] Log: PUSHING Accolade: grifone a fait un doublé !, local: false
[0540.40] Log: Suppressing Accolade: grifone fait un massacre ! (x5)
[0541.90] Log: PUSHING Accolade: ASSISTÉ, local: true
[0542.17] Log: Chat[3]: [VVGS] Malédiction !
[0543.72] Log: Chat[3]: [VVA] D'accord !
[0544.72] Log: Chat[3]: [VEA] Formidable !
[0548.12] Log: Chat[3]: [VVS] Désolé !
[0548.81] Log: Requesting purchase of itemId (8776) amount (1)
[0553.19] Log: PUSHING Accolade: , local: false
[0554.47] Log: Chat[3]: [VEA] Formidable !
[0555.37] Log: Requesting purchase of itemId (10220) amount (1)
[0555.87] Log: Chat[3]: [VVS] Désolé !
[0569.42] Log: Chat[3]: [VVGB] Au revoir !
[0570.13] Log: AttachToOwner - Socket (CSO_FX_Waist_01) not found in owner mesh or its parent! (6078 to TgDeployable_Medusa_Statue_0)
[0614.83] Log: Chat[3]: [VDG] Défendez la Furie dorée!
[0616.43] Log: Chat[3]: [VVA] D'accord !
[0625.37] Log: Chat[3]: [VSG1] Je fais une attaque surprise sur le chemin à gauche!
[0643.76] Log: PUSHING Accolade: MASTODONTE SAUVAGE TUÉ, local: true
[0645.56] Log: PUSHING Accolade: , local: false
[0648.09] ScriptWarning: Accessed array 'TgPawn_Sobek_Default_0.c_PoolCrocodilesMeshComponents' out of bounds (4/4)
	TgPawn_Sobek_Default mayan_siege.TheWorld:PersistentLevel.TgPawn_Sobek_Default_0
	Function TgGame.TgPawn_Sobek:OnDeviceFormStopFire:00D4
[0648.71] Log: PUSHING Accolade: , local: false
[0650.22] Log: PUSHING Accolade: ASSISTÉ, local: true
[0655.44] Log: Chat[3]: [VCC] Attention !
[0659.46] Log: PUSHING Accolade: Etsumii fait une tuerie ! (x3), local: false
[0662.79] Log: Chat[3]: [VRR] Reculez !
[0673.25] Log: PUSHING Accolade: Etsumii a tué un joueur !, local: false
[0675.05] Log: Chat[3]: [VEW] Woohoo !
[0679.05] Log: Requesting purchase of itemId (10222) amount (1)
[0707.80] Log: AttachToOwner - Socket (CSO_FX_Waist_01) not found in owner mesh or its parent! (6078 to TgDeployable_Medusa_Statue_1)
[0719.65] Log: PUSHING Accolade: MASTODONTE DE SIÈGE TUÉ, local: true
[0735.36] Log: Chat[3]: [VSS] J'augmente mes charges !
[0736.15] Log: Chat[3]: [VVT] Merci !
[0779.17] Log: Chat[3]: [VVGS] Malédiction !
[0780.16] Log: Chat[3]: [VVW] Attendez !
[0781.66] Log: Chat[3]: [VVS] Désolé !
[0800.94] Log: PUSHING Accolade: grifone EST INARRÊTABLE ! (x7), local: false
[0802.65] Log: PUSHING Accolade: Etsumii fait un massacre ! (x5), local: false
[0803.66] Log: Chat[3]: [VVGS] Malédiction !
[0835.97] Log: Chat[3]: [VCC] Attention !
[0853.72] Log: Chat[3]: [VBD] Ultime ennemi désactivé !
[0855.82] Log: Chat[3]: [VVA] D'accord !
[0857.27] Log: Chat[3]: [VSD3] Je défends le chemin à droite!
[0858.67] Log: Chat[3]: [VB1] Ennemis sur le chemin à gauche!
[0859.42] Log: Chat[3]: [VB1] Ennemis sur le chemin à gauche!
[0860.57] Log: Chat[3]: [VCC] Attention !
[0883.18] Log: Chat[3]: [VSA3] Jattaque le chemin à droite!
[0884.04] Log: Chat[3]: [VCC] Attention !
[0886.07] Log: PUSHING Accolade: grifone a tué un joueur !, local: false
[0890.19] Log: PUSHING Accolade: , local: false
[0893.97] Log: PUSHING Accolade: grifone a fait un doublé !, local: false
[0893.98] Log: Suppressing Accolade: grifone est DIVIN (x9) !
[0894.70] Log: Chat[3]: [VVGS] Malédiction !
[0895.35] Log: Chat[3]: Dopesorcerer a lancé un vote de reddition.  Tapez /surrender (F6) pour voter OUI, /nosurrender (F7) pour voter NON.
[0910.18] Log: Requesting purchase of itemId (8105) amount (1)
[0927.36] Log: Chat[9]: Vous avez voté CONTRE la reddition.
[0927.44] Log: Chat[3]: Votre équipe a refusé de capituler (1 contre 2) !
[0939.51] Log: Chat[3]: [VVGS] Malédiction !
[0953.22] Log: Chat[3]: [VSS] J'augmente mes charges !
[0954.07] Log: Chat[3]: [VVVT] C'est un piège !
[0967.40] Log: Chat[3]: [VVGS] Malédiction !
[0969.76] Log: Chat[3]: [VC1] Attention à gauche !
[0975.70] Log: PUSHING Accolade: , local: false
[0983.77] Log: Chat[3]: [VRR] Reculez !
[0983.96] Log: PUSHING Accolade: FonkyBanana a fait un doublé !, local: false
[0983.96] Log: Suppressing Accolade: FonkyBanana fait une tuerie ! (x3)
[0984.46] Log: Chat[3]: [VRR] Reculez !
[0985.12] Log: Chat[3]: [VRR] Reculez !
[0994.78] Log: Requesting purchase of itemId (10218) amount (1)
[1001.21] Log: Chat[3]: [VEA] Formidable !
[1021.51] Log: PUSHING Accolade: , local: false
[1050.71] Log: PUSHING Accolade: MASTODONTE DE SIÈGE TUÉ, local: true
[1052.63] Log: PUSHING Accolade: Etsumii EST INARRÊTABLE ! (x7), local: false
[1062.55] Log: PUSHING Accolade: MASTODONTE DE SIÈGE TUÉ, local: true
[1064.06] Log: PUSHING Accolade: , local: false
[1083.29] Log: PUSHING Accolade: , local: false
[1101.56] Log: Chat[3]: [VA3] Attaquez à droite !
[1105.37] Log: Chat[3]: [VF1] Ennemi manquant à gauche !
[1105.89] Log: Requesting purchase of itemId (10219) amount (1)
[1106.51] Log: Chat[3]: [VCC] Attention !
[1109.66] Log: Chat[3]: [VVGS] Malédiction !
[1114.96] Log: Chat[3]: [VVGT] Dommage !
[1132.86] Log: Chat[3]: [VB3] Ennemis sur le chemin à droite!
[1133.62] Log: Chat[3]: [VB3] Ennemis sur le chemin à droite!
[1134.41] Log: Chat[3]: [VB3] Ennemis sur le chemin à droite!
[1134.44] Log: PUSHING Accolade: FonkyBanana fait un massacre ! (x5), local: false
[1135.10] Log: Chat[3]: [VVA] D'accord !
[1138.35] Log: Chat[3]: [VVVE] J'arrive !
[1138.45] Log: Chat[3]: GUYS COME ON LOOK AT THE MAP
[1147.45] Log: Chat[3]: say help
[1147.54] Log: Chat[3]: im running all the way home and you guys go left
[1153.81] Log: Chat[3]: you guys dont make any sense
[1163.16] Log: Chat[3]: im not the one who is going bad
[1172.92] Log: Chat[3]: [VD1] Défendez à gauche !
[1179.52] Log: Chat[3]: [VSA3] Jattaque le chemin à droite!
[1184.71] Log: Chat[3]: Dopesorcerer a lancé un vote de reddition.  Tapez /surrender (F6) pour voter OUI, /nosurrender (F7) pour voter NON.
[1188.36] Log: Chat[9]: Vous avez voté CONTRE la reddition.
[1189.72] Log: Chat[3]: Votre équipe a refusé de capituler (1 contre 2) !
[1210.92] Log: Chat[3]: [VRR] Reculez !
[1212.75] Log: PUSHING Accolade: , local: false
[1214.18] Log: Chat[3]: [VEA] Formidable !
[1216.61] Log: Chat[3]: [VVGB] Au revoir !
[1216.97] Log: Chat[3]: [VVGQ] Silence !
[1224.80] Log: PUSHING Accolade: , local: false
[1225.62] Log: Chat[3]: [VVGS] Malédiction !
[1240.31] Log: PUSHING Accolade: grifone EST IMMORTEL ! (x11), local: false
[1254.43] Log: AttachToOwner - Socket (CSO_FX_Waist_01) not found in owner mesh or its parent! (6078 to TgDeployable_Medusa_Statue_2)
[1254.71] Log: PUSHING Accolade: Etsumii a tué un joueur !, local: false
[1255.68] Log: Chat[3]: [VVGS] Malédiction !
[1256.22] Log: PUSHING Accolade: DÉICIDE, local: true
[1274.01] Log: Requesting purchase of itemId (9213) amount (1)
[1279.12] Warning: Warning, Failed to load 'Class None.None': Failed to find object 'Class None.None'
[1279.12] Warning: Warning, Failed to find object 'Class None.None'
[1279.12] Warning: Warning, Failed to load 'Class None.None': Failed to find object 'Class None.None'
[1279.12] Warning: Warning, Failed to find object 'Class None.None'
[1307.50] Log: PUSHING Accolade: , local: false
[1326.84] Log: ---- UpdateClanData
[1330.52] Log: ---- UpdateClanData
[1330.60] Log: ---- UpdateClanData
[1331.98] Log: ---- UpdateClanData
[1335.81] DevNet: URL: Adding default option Team=255
[1335.81] Log: ReceiveChangeMap: mapGameId 1447
[1335.81] Log: RequestingChannelMembers ch[3] [GOZERTJE a quitté la discussion.]
[1335.81] Log: RequestingChannelMembers ch[3] [DarkPag a quitté la discussion.]
[1335.81] Log: ---- UpdateClanData
[1335.81] Log: ---- UpdateClanData
[1335.82] DevNet: URL: Adding default option Team=255
[1335.82] DevNet: Browse: LobbyMap?game=TgClient.TgGameLaunch?GameState=OGS_NoSession?GameMode=0?name=Player?Team=255
[1336.38] Log: LoadMap: LobbyMap?game=TgClient.TgGameLaunch?GameState=OGS_NoSession?GameMode=0?name=Player?Team=255
[1336.51] NetComeGo: Close PComNetDriver_0 PComNetConn_0 64.95.97.173:9097 06/13/15 17:53:04
[1336.75] Exit: PComNetDriver_0 shut down
[1337.13] Log: Map Game ID = 0
[1337.13] Log: Map Instance ID = 124209475
[1337.16] Log: Performance: Critical section Lock/Unlock 26 nsec
[1337.16] Log: Performance:  appCycles 11 nsec
[1337.18] Log: Performance:  memCopy per KB 70 nsec
[1337.19] Log: Performance:  memZero per KB 66 nsec
[1337.20] Log: Performance:  appInterlockedIncrement 10 nsec
[1337.21] Log: Performance:  GetTickCount 4 nsec
[1337.21] Log: Game class is 'TgGameLaunch'
[1337.21] TgSLO: Async Load: GodSkins_Portraits_and_Icons
[1337.21] Log: Flushing async loaders.
[1337.24] TgSLO: Finish Load: GodSkins_Portraits_and_Icons
[1337.24] Log: Flushed async loaders.
[1337.27] Log: Primary PhysX scene will be in software.
[1337.27] Log: Creating Primary PhysX Scene.
[1337.27] Log: *** WARNING - PATHS MAY NOT BE VALID ***
[1337.27] Log: Bringing World lobbymap.TheWorld up for play (0) at 2015.06.13-17.53.05
[1337.27] Log: Skipping initialization of FSMPartPool!
[1337.34] Log: Bringing up level for play took: 0.099074
[1338.51] Log: Flushing async loaders.
[1338.58] Log: Flushed async loaders.
[1338.59] TgSLO: Async Load: GOD_Anubis_V2
[1338.59] TgSLO: Async Load: GOD_Anubis_V2_Lobby
[1338.59] TgSLO: Async Load: FX_Anubis_V2
[1338.59] Log: Flushing async loaders.
[1338.77] TgSLO: Finish Load: GOD_Anubis_V2
[1338.82] TgSLO: Finish Load: GOD_Anubis_V2_Lobby
[1338.84] TgSLO: Finish Load: FX_Anubis_V2
[1338.84] Log: Flushed async loaders.
[1338.85] Log: ########### Finished loading level: 2.467899 seconds
[1338.90] Log: Flushing async loaders.
[1338.93] Log: Flushed async loaders.
[1338.93] Log: RequestingChannelMembers ch[8] [kimicol a rejoint la discussion.]
[1339.55] Warning: Warning, Failed to load 'Font None.Arial Unicode MS': Failed to find object 'Font None.Arial Unicode MS'
[1339.58] Warning: Warning, Failed to load 'Font None.Arial Unicode MS': Failed to find object 'Font None.Arial Unicode MS'
[1339.60] Warning: Warning, Failed to load 'Font None.Arial Unicode MS': Failed to find object 'Font None.Arial Unicode MS'
[1339.66] Log: RequestingChannelMembers ch[8] [FonkyBanana a rejoint la discussion.]
[1340.64] Log: RequestingChannelMembers ch[8] [Dopesorcerer a rejoint la discussion.]
[1341.11] Log: RequestingChannelMembers ch[8] [Etsumii a rejoint la discussion.]
[1341.24] Log: RequestingChannelMembers ch[8] [DarkPag a quitté la discussion.]
[1346.06] Log: Chat[8]: best team evah
[1347.37] Log: RequestingChannelMembers ch[8] [Amfafatima a rejoint la discussion.]
[1348.32] Log: Chat[9]: DarkPag vient de se déconnecter.
[1348.33] Log: Chat[6]: DarkPag vient de se déconnecter.
[1348.50] Log: Chat[1]: DarkPag vient de se déconnecter.
[1348.50] Log: ---- UpdateClanData
[1350.41] Log: Chat[8]: that awesome mwdusa :D
[1355.42] Log: Chat[8]: lool
[1366.69] Log: Chat[8]: thanks dude =') you awesome too ^^
[1372.27] Log: RequestingChannelMembers ch[8] [Dopesorcerer a quitté la discussion.]
[1374.31] Log: ERROR: Attempting to log in without settings.
[1378.84] Log: Closing by request
[1378.84] Log: appRequestExit(0)
[1378.84] Log: TgAIBehaviorTreeManager :: De-allocating 46 behavior trees
[1379.84] Exit: Preparing to exit.
[1380.17] Exit: Game engine shut down
[1380.32] Exit: Windows client shut down
[1380.34] Exit: XAudio2 Device shut down.
[1380.60] Exit: Object subsystem successfully closed.
[1382.14] Log: Shutting down FaceFX...
[1382.14] Log: FaceFX shutdown.
[1382.35] Exit: Exiting.
