[0000.17] Log: Async Log file open, 06/13/15 16:53:07
[0000.17] Init: WinSock: version 1.1 (2.2), MaxSocks=32767, MaxUdp=65467
[0000.17] Log:  ... running in INSTALLED mode
[0000.17] DevConfig: GConfig::Find has loaded file:  ..\..\Engine\Config\ConsoleVariables.ini
[0000.17] Init: Version: 10897
[0000.17] Init: Epic Internal: 0
[0000.17] Init: Compiled (32-bit): Jun  4 2015 12:52:54
[0000.17] Init: Changelist: 1532151
[0000.17] Init: Game is version 2.7.2767.0.
[0000.17] Init: Command line: -PGUID=f217e716-f401-4696-a0ce-3be9da5b0821  -host=             -host2              -seekfreeloading   -LANGUAGE=FRA -cnmg=72257226522823258326732073298424942464237520 -cnmg2=722972215223232583207323732484229427642125216522 -ASYNCTICK=FALSE -HiCommand -HEXX=FA917F2F
[0000.17] Init: Base directory: C:\Program Files (x86)\Hi-Rez Studios\HiRezGames\smite\binaries\Win32\
[0000.23] Init: Computer: PC-ARTHUR
[0000.24] Init: User: Arthur
[0000.24] Init: CPU Page size=4096, Processors=4, Cores=2
[0000.24] Init: High frequency timer resolution =2.240909 MHz
[0000.24] Init: Memory total: Physical=3.8GB (3GB approx) Pagefile=7.7GB Virtual=4.0GB
[0000.29] DevOnline: Initializing MCTS
[0000.30] Init: Presizing for 60000 objects not considered by GC, pre-allocating 0 bytes.
[0000.30] Init: Object subsystem initialized
[0000.30] Log: Overriding lang INT w/ command-line option of FRA
[0002.03] Log: TgAIBehaviorTreeManager :: Loading behavior trees
[0002.04] Log: TgAIBehaviorTreeManager :: Successfully loaded behavior trees
[0002.04] Log: ShadowPatch: Error -pid should be passed on command line.
[0002.25] Log: AsyncTickTasks DISABLED at startup
[0002.40] Log: SystemSettings based on: SystemSettings
[0002.41] Log: SystemSettings based on: SystemSettings
[0002.41] Log: SystemSettings based on: SystemSettings
[0002.41] Log: SystemSettings based on: SystemSettings
[0002.42] Log: SystemSettings based on: SystemSettings
[0003.25] Log: Found D3D11 adapter 0: Intel(R) HD Graphics Family
[0003.25] Log: Adapter has 1020MB of dedicated video memory, 0MB of dedicated system memory, and 1933MB of shared system memory
[0003.32] Log: Shader platform (RHI): PC-D3D-SM3
[0003.44] Log: PhysX GPU Support: DISABLED
[0004.56] Log: Assembly Loaded Version: DBExport: 06/04/2015 12:05:52,  Src=devsql.hirezcorp.com:smite_live_build, LangSrc=devsql.hirezcorp.com:smite_translations,
[0019.13] Log: Skipping adding Package OnlineSubsystemMcts to NetPackages
[0019.79] Log: 115933 objects as part of root set at end of initial load.
[0019.79] Log: 0 out of 0 bytes used by permanent object pool.
[0019.79] Log: Initializing Engine...
[0021.36] ScriptWarning: Script call stack:
	Function Engine.GameViewportClient:Init

	TgGameViewportClient Transient.TgGameEngine_0:TgGameViewportClient_0
	Function Engine.GameViewportClient:Init:0025
[0021.36] ScriptWarning: Assertion failed, line 672
	TgGameViewportClient Transient.TgGameEngine_0:TgGameViewportClient_0
	Function Engine.GameViewportClient:Init:0025
[0021.42] Warning: Warning, Failed to load 'SwfMovie None.Logos': Failed to find object 'SwfMovie None.Logos'
[0021.42] Log: GFx attempted to load missing object [Logos]
[0021.42] Warning: Warning, Failed to load 'Class None.': Failed to find object 'Class None.'
[0021.42] Warning: Warning, Failed to find object 'Class None.'
[0021.43] Warning: Warning, Failed to load 'Class None.': Failed to find object 'Class None.'
[0021.43] Warning: Warning, Failed to find object 'Class None.'
[0021.43] Warning: Warning, Failed to load 'Class None.': Failed to find object 'Class None.'
[0021.43] Warning: Warning, Failed to find object 'Class None.'
[0021.43] Warning: Warning, Failed to load 'Class None.': Failed to find object 'Class None.'
[0021.43] Warning: Warning, Failed to find object 'Class None.'
[0021.43] DevNet: Browse: lobbymap?Name=Player?Team=255?DefaultCharacter=TgGame.TgCharacter
[0021.50] Log: LoadMap: lobbymap?Name=Player?Team=255?DefaultCharacter=TgGame.TgCharacter
[0021.86] Log: Map Game ID = 0
[0021.86] Log: Map Instance ID = 124207209
[0021.88] Log: Performance: Critical section Lock/Unlock 24 nsec
[0021.88] Log: Performance:  appCycles 10 nsec
[0021.93] Log: Performance:  memCopy per KB 224 nsec
[0021.96] Log: Performance:  memZero per KB 142 nsec
[0021.97] Log: Performance:  appInterlockedIncrement 10 nsec
[0021.97] Log: Performance:  GetTickCount 4 nsec
[0021.97] Log: Game class is 'TgGameLaunch'
[0021.97] TgSLO: Async Load: GodSkins_Portraits_and_Icons
[0021.97] Log: Flushing async loaders.
[0022.07] TgSLO: Finish Load: GodSkins_Portraits_and_Icons
[0022.07] Log: Flushed async loaders.
[0022.14] Log: Primary PhysX scene will be in software.
[0022.14] Log: Creating Primary PhysX Scene.
[0022.67] Log: *** WARNING - PATHS MAY NOT BE VALID ***
[0022.67] Log: Bringing World lobbymap.TheWorld up for play (0) at 2015.06.13-16.53.30
[0022.67] Log: Skipping initialization of FSMPartPool!
[0022.87] Log: Bringing up level for play took: 0.786465
[0028.29] Log: Flushing async loaders.
[0028.80] Log: Flushed async loaders.
[0029.12] Warning: Warning, Failed to load 'Font None.ArialUnicode': Failed to find object 'Font None.ArialUnicode'
[0029.12] Warning: Warning, Failed to load 'Font None.ArialUnicode': Failed to find object 'Font None.ArialUnicode'
[0029.28] Log: GFx attempted to load missing object [UDKFrontEnd.udk_ime]
[0029.86] Log: ########### Finished loading level: 8.359926 seconds
[0030.09] Log: Flushing async loaders.
[0030.18] Log: Flushed async loaders.
[0030.21] Log: Initializing Engine Completed
[0030.21] Log: >>>>>>>>>>>>>> Initial startup: 30.21s <<<<<<<<<<<<<<<
[0030.21] Log: Browser user data directory is C:\ProgramData\Hi-Rez Studios\BrowserCache\Battle
[0030.27] Log: WebFactory created
[0045.11] Log: Login Success: kimicol
[0046.33] Log: Team/Instance chat routed to Instance Server.
[0046.34] Log: Chat[9]: Appuyez sur ENTRÉE pour accéder à la discussion.
[0046.35] Log: RequestingChannelMembers ch[1] [kimicol a rejoint la discussion.]
[0046.92] Warning: Warning, Failed to load 'Font None.Arial Unicode MS': Failed to find object 'Font None.Arial Unicode MS'
[0052.12] Log: Chat[1]: Statut du clan : Tiny42SH
[0052.12] Log: ---- UpdateClanData
[0824.72] Log: ---- UpdateClanData
[0884.55] Log: Chat[9]: DarkPag vient de se connecter.
[0884.55] Log: Chat[6]: DarkPag vient de se connecter.
[0884.72] Log: Chat[1]: DarkPag vient de se connecter.
[0884.72] Log: ---- UpdateClanData
[0884.72] Log: ---- UpdateClanData
[0884.72] Log: RequestingChannelMembers ch[1] [DarkPag a rejoint la discussion.]
[0892.80] Log: RequestingChannelMembers ch[4] [kimicol a rejoint la discussion.]
[0899.53] Log: RequestingChannelMembers ch[4] [DarkPag a rejoint la discussion.]
[0899.78] Log: Chat[4]: DarkPag a rejoint le groupe.
[0907.62] Log: Chat[9]: Vous avez rejoint une file d'attente.
[0907.62] Log: Chat[4]: kimicol a rejoint la file d'attente du groupe.
[0915.51] Warning: Warning, Failed to load 'Class None.None': Failed to find object 'Class None.None'
[0915.51] Warning: Warning, Failed to find object 'Class None.None'
[0915.51] Warning: Warning, Failed to load 'Class None.None': Failed to find object 'Class None.None'
[0915.51] Warning: Warning, Failed to find object 'Class None.None'
[0915.52] Warning: Warning, Failed to load 'Class None.None': Failed to find object 'Class None.None'
[0915.52] Warning: Warning, Failed to find object 'Class None.None'
[0915.52] Warning: Warning, Failed to load 'Class None.None': Failed to find object 'Class None.None'
[0915.52] Warning: Warning, Failed to find object 'Class None.None'
[0915.52] Warning: Warning, Failed to load 'Class None.None': Failed to find object 'Class None.None'
[0915.52] Warning: Warning, Failed to find object 'Class None.None'
[0920.93] TgSLO: Async Load: GOD_Aphrodite
[0920.93] TgSLO: Async Load: GOD_Aphrodite_Lobby
[0920.93] TgSLO: Async Load: FX_Aphrodite
[0922.14] TgSLO: Finish Load: GOD_Aphrodite
[0922.57] TgSLO: Finish Load: GOD_Aphrodite_Lobby
[0923.08] TgSLO: Finish Load: FX_Aphrodite
[0927.89] TgSLO: Async Load: GOD_Aphrodite_Skin4
[0927.89] TgSLO: Async Load: FX_Aphrodite_Skin4
[0927.89] TgSLO: Async Load: AUD_VOX_God_Aphrodite_Skin4
[0927.89] TgSLO: Async Load: AnimNotify11565
[0928.08] TgSLO: Finish Load: GOD_Aphrodite_Skin4
[0928.12] TgSLO: Finish Load: FX_Aphrodite_Skin4
[0928.33] TgSLO: Finish Load: AUD_VOX_God_Aphrodite_Skin4
[0928.34] TgSLO: Finish Load: AnimNotify11565
[0940.81] Log: RequestingChannelMembers ch[3] [kimicol a rejoint la discussion.]
[0942.27] Log: RequestingChannelMembers ch[3] [kimicol a rejoint la discussion.]
[0942.30] Log: RequestingChannelMembers ch[3] [DarkPag a rejoint la discussion.]
[0945.63] Log: RequestingChannelMembers ch[3] [lwolfhoodl a rejoint la discussion.]
[0951.59] Log: Chat[3]: hi
[0957.08] Log: SendChat[3] hi
[0957.37] Log: Chat[3]: hi
[0960.37] Log: Chat[3]: hi
[0962.86] TgSLO: Async Load: GOD_Ymir
[0962.86] TgSLO: Async Load: GOD_Ymir_Lobby
[0962.87] TgSLO: Async Load: FX_Ymir
[0964.23] TgSLO: Finish Load: GOD_Ymir
[0964.43] TgSLO: Finish Load: GOD_Ymir_Lobby
[0965.06] TgSLO: Finish Load: FX_Ymir
[0975.93] TgSLO: Async Load: GOD_Anubis_V2
[0975.93] TgSLO: Async Load: GOD_Anubis_V2_Lobby
[0975.93] TgSLO: Async Load: FX_Anubis_V2
[0977.27] TgSLO: Finish Load: GOD_Anubis_V2
[0977.47] TgSLO: Finish Load: GOD_Anubis_V2_Lobby
[0978.02] TgSLO: Finish Load: FX_Anubis_V2
[0988.81] Log: Chat[3]: need a tank
[1007.33] Log: Chat[3]: no need we can win like thaht
[1011.09] Log: Chat[3]: don t worrry
[1018.52] TgSLO: Async Load: GOD_Ram
[1018.52] TgSLO: Async Load: GOD_Ram_Lobby
[1018.52] TgSLO: Async Load: FX_Ram
[1019.80] TgSLO: Finish Load: GOD_Ram
[1019.99] TgSLO: Async Load: GOD_Fenrir
[1019.99] TgSLO: Async Load: GOD_Fenrir_Lobby
[1019.99] TgSLO: Async Load: FX_Fenrir
[1020.14] TgSLO: Finish Load: GOD_Ram_Lobby
[1020.37] Log: Chat[3]: ok
[1020.66] TgSLO: Finish Load: FX_Ram
[1020.71] Log: Flushing async loaders.
[1021.05] TgSLO: Finish Load: GOD_Fenrir
[1021.26] TgSLO: Finish Load: GOD_Fenrir_Lobby
[1021.31] TgSLO: Finish Load: FX_Fenrir
[1021.31] Log: Flushed async loaders.
[1021.95] Log: Chat[3]: :)
[1025.60] Log: Chat[3]: :)
[1030.81] DevNet: URL: Adding default option Team=255
[1030.81] Log: ReceiveChangeMap: mapGameId 1503
[1031.09] DevNet: URL: Adding default option Team=255
[1031.09] DevNet: Browse: 64.95.97.164:9260/lobbymap?GameState=OGS_NoSession?GameMode=0?name=Player?map_instance_id=162612487?Team=255
[1031.09] DevNet: Game client on port 9260, rate 25000
[1031.36] DevNet: Welcomed by server (Level: joust_v2_p, Game: TgGame.TgGame_Battle_Joust)
[1031.53] Log: LoadMap: 64.95.97.164:9260/joust_v2_p?GameState=OGS_NoSession?GameMode=0?name=Player?map_instance_id=162612487?Team=255?game=TgGame.TgGame_Battle_Joust
[1031.90] Log: Map Game ID = 0
[1031.90] Log: Map Instance ID = 124207209
[1031.92] Log: Performance: Critical section Lock/Unlock 24 nsec
[1031.92] Log: Performance:  appCycles 11 nsec
[1031.98] Log: Performance:  memCopy per KB 258 nsec
[1032.01] Log: Performance:  memZero per KB 171 nsec
[1032.02] Log: Performance:  appInterlockedIncrement 11 nsec
[1032.03] Log: Performance:  GetTickCount 5 nsec
[1042.70] TgSLO: Async Load: FX_Store_Items
[1042.70] TgSLO: Async Load: FX_Store_Items_Targeting
[1042.70] TgSLO: Async Load: FX_Status_Effects
[1042.70] TgSLO: Async Load: GOD_CommonMaterialEffects
[1042.70] TgSLO: Async Load: GOD_Common_AT
[1042.70] TgSLO: Async Load: AUD_VOX_Narrator
[1042.70] TgSLO: Async Load: NPC_Ward2
[1042.70] TgSLO: Async Load: FX_Buff_Belts_V2
[1042.70] TgSLO: Async Load: FX_Fist_Of_God_V2
[1042.70] TgSLO: Async Load: GOD_Neith
[1042.70] TgSLO: Async Load: GOD_Neith_Textures
[1042.70] TgSLO: Async Load: FX_Neith
[1042.70] TgSLO: Async Load: AUD_God_Neith
[1042.70] TgSLO: Async Load: GOD_Mercury
[1042.70] TgSLO: Async Load: GOD_Mercury_Textures
[1042.70] TgSLO: Async Load: FX_Mercury
[1042.70] TgSLO: Async Load: AUD_God_Mercury
[1042.70] TgSLO: Async Load: GOD_Mercury_Skin2
[1042.70] TgSLO: Async Load: FX_Mercury_Skin2
[1042.70] TgSLO: Async Load: FX_Mercury_Targeting_Skin2
[1042.71] TgSLO: Async Load: AnimNotify10386
[1042.71] TgSLO: Async Load: NPC_Ward_Apollo
[1042.71] TgSLO: Async Load: NPC_Ward_BobbleHead_Base
[1042.71] TgSLO: Async Load: FX_Common
[1042.71] TgSLO: Async Load: AUD_UI
[1042.71] TgSLO: Async Load: NPC_Ward_Eyeballs
[1042.71] TgSLO: Async Load: GOD_Thanatos
[1042.71] TgSLO: Async Load: GOD_Thanatos_Textures
[1042.71] TgSLO: Async Load: FX_Thanatos
[1042.71] TgSLO: Async Load: AUD_God_Thanatos
[1042.71] TgSLO: Async Load: GOD_Thanatos_Skins
[1042.71] TgSLO: Async Load: FX_Thanatos_skin1
[1042.71] TgSLO: Async Load: GOD_Fenrir
[1042.71] TgSLO: Async Load: GOD_Fenrir_Textures
[1042.71] TgSLO: Async Load: FX_Fenrir
[1042.71] TgSLO: Async Load: AUD_God_Fenrir
[1042.71] TgSLO: Async Load: GOD_Anubis_V2
[1042.71] TgSLO: Async Load: GOD_Anubis_V2_Textures
[1042.71] TgSLO: Async Load: FX_Anubis_V2
[1042.71] TgSLO: Async Load: FX_Anubis_Targeting
[1042.71] TgSLO: Async Load: AUD_God_Anubis
[1042.71] TgSLO: Async Load: GOD_Ram
[1042.71] TgSLO: Async Load: GOD_Ram_Textures
[1042.71] TgSLO: Async Load: FX_Ram
[1042.71] TgSLO: Async Load: AUD_God_Ram
[1042.71] TgSLO: Async Load: Joust_Tower
[1042.71] TgSLO: Async Load: FX_Tower
[1042.71] TgSLO: Async Load: FX_Greek_Tower
[1042.71] TgSLO: Async Load: AUD_Tower
[1042.71] TgSLO: Async Load: NPC_Phoenix
[1042.71] TgSLO: Async Load: NPC_Phoenix_Textures
[1042.71] TgSLO: Async Load: FX_Phoenix
[1042.71] TgSLO: Async Load: AUD_NPC_Phoenix
[1042.71] TgSLO: Async Load: MDL_PseudoMesh
[1042.72] TgSLO: Async Load: NPC_Joust_Minion
[1042.72] TgSLO: Async Load: NPC_Joust_Minion_Textures
[1042.72] TgSLO: Async Load: NPC_Minion_Universal
[1042.72] TgSLO: Async Load: FX_Roman
[1042.72] TgSLO: Async Load: FX_Minion_Death
[1042.72] TgSLO: Async Load: AUD_NPC_RomanArcher
[1042.72] TgSLO: Async Load: AUD_NPC_Olympus
[1042.72] TgSLO: Async Load: NPC_Guardian_Female
[1042.72] TgSLO: Async Load: NPC_Guardian_Female_AT
[1042.72] TgSLO: Async Load: FX_Guardian_Female
[1042.72] TgSLO: Async Load: AUD_NPC_Guardian_Female
[1042.72] TgSLO: Async Load: NPC_Guardian_Male
[1042.72] TgSLO: Async Load: NPC_Guardian_Male_AT
[1042.72] TgSLO: Async Load: FX_Guardian_Male
[1042.72] TgSLO: Async Load: AUD_NPC_Guardian_Male
[1042.72] TgSLO: Async Load: NPC_Cyclops_V2
[1042.72] TgSLO: Async Load: FX_NPC_Cyclops_V2
[1042.72] TgSLO: Async Load: AUD_NPC_Cyclops
[1042.72] Log: Flushing async loaders.
[1042.76] TgSLO: Finish Load: FX_Store_Items
[1042.83] TgSLO: Finish Load: FX_Store_Items_Targeting
[1042.84] TgSLO: Finish Load: FX_Status_Effects
[1042.88] TgSLO: Finish Load: GOD_CommonMaterialEffects
[1042.89] TgSLO: Finish Load: GOD_Common_AT
[1043.05] TgSLO: Finish Load: AUD_VOX_Narrator
[1043.08] TgSLO: Finish Load: NPC_Ward2
[1043.14] TgSLO: Finish Load: FX_Buff_Belts_V2
[1043.17] TgSLO: Finish Load: FX_Fist_Of_God_V2
[1043.60] TgSLO: Finish Load: GOD_Neith
[1043.60] TgSLO: Finish Load: GOD_Neith_Textures
[1043.66] TgSLO: Finish Load: FX_Neith
[1043.77] TgSLO: Finish Load: AUD_God_Neith
[1043.83] TgSLO: Finish Load: GOD_Mercury
[1043.83] TgSLO: Finish Load: GOD_Mercury_Textures
[1043.89] TgSLO: Finish Load: FX_Mercury
[1043.98] TgSLO: Finish Load: AUD_God_Mercury
[1043.98] TgSLO: Finish Load: GOD_Mercury_Skin2
[1044.03] TgSLO: Finish Load: FX_Mercury_Skin2
[1044.08] TgSLO: Finish Load: FX_Mercury_Targeting_Skin2
[1044.19] TgSLO: Finish Load: AnimNotify10386
[1044.34] TgSLO: Finish Load: NPC_Ward_Apollo
[1044.34] TgSLO: Finish Load: NPC_Ward_BobbleHead_Base
[1044.43] TgSLO: Finish Load: FX_Common
[1044.48] TgSLO: Finish Load: AUD_UI
[1044.60] TgSLO: Finish Load: NPC_Ward_Eyeballs
[1045.21] TgSLO: Finish Load: GOD_Thanatos
[1045.22] TgSLO: Finish Load: GOD_Thanatos_Textures
[1045.29] TgSLO: Finish Load: FX_Thanatos
[1045.42] TgSLO: Finish Load: AUD_God_Thanatos
[1045.52] TgSLO: Finish Load: GOD_Thanatos_Skins
[1045.53] TgSLO: Finish Load: FX_Thanatos_skin1
[1045.67] TgSLO: Finish Load: GOD_Fenrir
[1045.68] TgSLO: Finish Load: GOD_Fenrir_Textures
[1045.69] TgSLO: Finish Load: FX_Fenrir
[1045.72] TgSLO: Finish Load: AUD_God_Fenrir
[1045.92] TgSLO: Finish Load: GOD_Anubis_V2
[1046.02] TgSLO: Finish Load: GOD_Anubis_V2_Textures
[1046.06] TgSLO: Finish Load: FX_Anubis_V2
[1046.09] Log: Missing cached shader map for material FX_Anubis_Targeting.Materials.FX_DeathGaze_STILL_MAT, quality 0, compiling.
[1046.09] Warning: Warning, Failed to compile Material FX_Anubis_Targeting.Materials.FX_DeathGaze_STILL_MAT for platform PC-D3D-SM3, Default Material will be used in game.
[1046.10] TgSLO: Finish Load: FX_Anubis_Targeting
[1046.21] TgSLO: Finish Load: AUD_God_Anubis
[1046.34] TgSLO: Finish Load: GOD_Ram
[1046.38] TgSLO: Finish Load: GOD_Ram_Textures
[1046.42] TgSLO: Finish Load: FX_Ram
[1046.49] TgSLO: Finish Load: AUD_God_Ram
[1046.83] TgSLO: Finish Load: Joust_Tower
[1046.87] TgSLO: Finish Load: FX_Tower
[1046.92] TgSLO: Finish Load: FX_Greek_Tower
[1047.02] TgSLO: Finish Load: AUD_Tower
[1047.20] TgSLO: Finish Load: NPC_Phoenix
[1047.20] TgSLO: Finish Load: NPC_Phoenix_Textures
[1047.23] TgSLO: Finish Load: FX_Phoenix
[1047.30] TgSLO: Finish Load: AUD_NPC_Phoenix
[1047.31] TgSLO: Finish Load: MDL_PseudoMesh
[1047.37] TgSLO: Finish Load: NPC_Joust_Minion
[1047.37] TgSLO: Finish Load: NPC_Joust_Minion_Textures
[1047.57] TgSLO: Finish Load: NPC_Minion_Universal
[1047.61] TgSLO: Finish Load: FX_Roman
[1047.62] TgSLO: Finish Load: FX_Minion_Death
[1047.68] TgSLO: Finish Load: AUD_NPC_RomanArcher
[1047.68] TgSLO: Finish Load: AUD_NPC_Olympus
[1048.05] TgSLO: Finish Load: NPC_Guardian_Female
[1048.07] TgSLO: Finish Load: NPC_Guardian_Female_AT
[1048.10] TgSLO: Finish Load: FX_Guardian_Female
[1048.10] TgSLO: Finish Load: AUD_NPC_Guardian_Female
[1048.40] TgSLO: Finish Load: NPC_Guardian_Male
[1048.43] TgSLO: Finish Load: NPC_Guardian_Male_AT
[1048.46] TgSLO: Finish Load: FX_Guardian_Male
[1048.48] TgSLO: Finish Load: AUD_NPC_Guardian_Male
[1048.70] TgSLO: Finish Load: NPC_Cyclops_V2
[1048.70] TgSLO: Finish Load: FX_NPC_Cyclops_V2
[1048.79] TgSLO: Finish Load: AUD_NPC_Cyclops
[1048.79] Log: Flushed async loaders.
[1048.80] Log: Primary PhysX scene will be in software.
[1048.80] Log: Creating Primary PhysX Scene.
[1048.84] Log: *** WARNING - PATHS MAY NOT BE VALID ***
[1048.84] Log: Bringing World joust_v2_p.TheWorld up for play (595) at 2015.06.13-17.10.36
[1048.84] Log: Skipping initialization of FSMPartPool!
[1048.84] Log: Bringing up level for play took: 0.050752
[1048.84] Warning: Warning, Failed to load 'Class None.': Failed to find object 'Class None.'
[1048.84] Warning: Warning, Failed to find object 'Class None.'
[1048.84] Log: PlayerController class for the pending level is PlayerController
[1048.84] Log: ########### Finished loading level: 17.312424 seconds
[1048.84] Log: Flushing async loaders.
[1050.24] Log: Flushed async loaders.
[1050.55] DevNet: TgPlayerController_1 setplayer TgLocalPlayer_0
[1050.71] Log: Flushing async loaders.
[1050.78] Log: Flushed async loaders.
[1050.78] Warning: Flushed async loading to load replicated reference to 'TgPawn_Thanatos_Default TgGameContent.Default__TgPawn_Thanatos_Default'
[1050.81] Log: AttachToOwner - Socket (FX_ORIGIN_Origin) not found in owner mesh or its parent! (2702 to NONE)
[1050.81] Log: AttachToOwner - Socket (FX_ORIGIN_Origin) not found in owner mesh or its parent! (2702 to NONE)
[1050.82] Log: AttachToOwner - Socket (FX_ORIGIN_Origin) not found in owner mesh or its parent! (2702 to NONE)
[1050.82] Log: AttachToOwner - Socket (FX_ORIGIN_Origin) not found in owner mesh or its parent! (2702 to NONE)
[1050.82] Log: AttachToOwner - Socket (FX_ORIGIN_Origin) not found in owner mesh or its parent! (2702 to NONE)
[1050.82] Log: AttachToOwner - Socket (FX_ORIGIN_Origin) not found in owner mesh or its parent! (2702 to NONE)
[1050.83] Log: TeamIndex 2 has new leader: 6217798
[1050.83] Log: TeamIndex 1 has new leader: 2126150
[1050.87] Log: ---- UpdateClanData
[1050.88] Log: ---- UpdateClanData
[1050.88] Log: ActivateLevel joust_v2_crowd 1 1 0
[1050.88] Log: ActivateLevel joust_sound 1 1 0
[1050.88] Log: ActivateLevel joust_v2_p_assist 1 1 0
[1051.10] Log: Activated joust_v2_p_assist 1 1 0
[1063.83] Log: TeamIndex 1 has new leader: 2488432
[1063.84] Log: TeamIndex 1 has new leader: 2488432
[1066.19] Warning: Warning, Failed to load 'Texture None.blah': Failed to find object 'Texture None.blah'
[1078.38] Log: Requesting purchase of itemId (10040) amount (1)
[1081.53] Log: Requesting purchase of itemId (10220) amount (1)
[1088.33] Log: Chat[3]: [VVGL] Bonne chance!
[1092.23] Log: Chat[3]: u2
[1093.93] Log: Chat[3]: [VVGL] Bonne chance!
[1097.53] Log: Chat[3]: [VVGF] Bon jeu !
[1123.58] Log: AttachToOwner - Socket (WSO_FX_01) not found in owner mesh or its parent! (3196 to TgPawn_Thanatos_Default_0)
[1156.48] Log: PUSHING Accolade: DarkPag verse le Premier sang !, local: false
[1157.98] Log: PUSHING Accolade: ASSISTÉ, local: true
[1158.03] ScriptWarning: Accessed None 'r_GrabSource'
	TgPawn_Ram joust_v2_p.TheWorld:PersistentLevel.TgPawn_Ram_0
	Function TgGame.TgPawn:BaselessGrabEnd:0010
[1164.68] Log: PUSHING Accolade: DarkPag a fait un doublé !, local: false
[1164.73] Log: Suppressing Accolade: 
[1166.19] Log: PUSHING Accolade: ASSISTÉ, local: true
[1170.76] Log: Chat[3]: [VVGN] Bien joué !
[1180.44] Log: Requesting purchase of itemId (10045) amount (1)
[1183.80] Log: AttachToOwner - Socket (WSO_FX_01) not found in owner mesh or its parent! (3196 to TgPawn_Thanatos_Default_0)
[1213.04] Log: AttachToOwner - Socket (WSO_FX_01) not found in owner mesh or its parent! (3196 to TgPawn_Thanatos_Default_0)
[1226.69] Log: PUSHING Accolade: DarkPag fait une tuerie ! (x3), local: false
[1228.20] Log: PUSHING Accolade: ASSISTÉ, local: true
[1230.09] Log: PUSHING Accolade: DarkPag a fait un doublé !, local: false
[1230.09] Log: Suppressing Accolade: 
[1231.59] Log: PUSHING Accolade: ASSISTÉ, local: true
[1262.28] Log: AttachToOwner - Socket (WSO_FX_01) not found in owner mesh or its parent! (3196 to TgPawn_Thanatos_Default_0)
[1272.84] Log: PUSHING Accolade: , local: false
[1274.35] Log: PUSHING Accolade: ASSISTÉ, local: true
[1276.24] Log: Chat[3]: [VVGN] Bien joué !
[1279.70] Log: Chat[3]: ty
[1292.69] Log: AttachToOwner - Socket (WSO_FX_01) not found in owner mesh or its parent! (3196 to TgPawn_Thanatos_Default_0)
[1301.69] Log: Chat[3]: [VVB] Je reviens !
[1304.05] Log: Chat[3]: [VVA] D'accord !
[1314.87] Log: PUSHING Accolade: , local: false
[1315.30] Log: AttachToOwner - Socket (WSO_FX_01) not found in owner mesh or its parent! (3196 to TgPawn_Thanatos_Default_0)
[1323.70] Log: Chat[3]: sorry
[1328.78] Log: PUSHING Accolade: DarkPag fait un massacre ! (x5), local: false
[1329.36] Log: AttachToOwner - Socket (WSO_FX_01) not found in owner mesh or its parent! (3196 to TgPawn_Thanatos_Default_0)
[1355.32] Log: PUSHING Accolade: Ewena a tué un joueur !, local: false
[1359.33] Log: Requesting purchase of itemId (8776) amount (1)
[1359.54] Log: AttachToOwner - Socket (WSO_FX_01) not found in owner mesh or its parent! (3196 to TgPawn_Thanatos_Default_0)
[1361.68] Log: Requesting purchase of itemId (8134) amount (1)
[1361.86] Log: Requesting purchase of itemId (8134) amount (1)
[1363.41] Log: Requesting purchase of itemId (8135) amount (1)
[1367.62] Warning: Warning, Failed to load 'Class None.None': Failed to find object 'Class None.None'
[1367.62] Warning: Warning, Failed to find object 'Class None.None'
[1382.89] Log: PUSHING Accolade: , local: false
[1400.19] Log: AttachToOwner - Socket (WSO_FX_01) not found in owner mesh or its parent! (3196 to TgPawn_Thanatos_Default_0)
[1415.04] Log: AttachToOwner - Socket (WSO_FX_01) not found in owner mesh or its parent! (3196 to TgPawn_Thanatos_Default_0)
[1439.64] Log: AttachToOwner - Socket (WSO_FX_01) not found in owner mesh or its parent! (3196 to TgPawn_Thanatos_Default_0)
[1453.25] Log: Requesting purchase of itemId (10220) amount (1)
[1456.49] Log: Requesting purchase of itemId (8134) amount (1)
[1456.66] Log: Requesting purchase of itemId (8134) amount (1)
[1456.83] Log: Requesting purchase of itemId (8134) amount (1)
[1461.23] Log: PUSHING Accolade: XHattoriHanzoX a stoppé DarkPag dans son élan, local: false
[1461.23] Log: Suppressing Accolade: 
[1462.89] Log: PUSHING Accolade: , local: false
[1503.60] Log: AttachToOwner - Socket (WSO_FX_01) not found in owner mesh or its parent! (3196 to TgPawn_Thanatos_Default_0)
[1531.74] Log: AttachToOwner - Socket (WSO_FX_01) not found in owner mesh or its parent! (3196 to TgPawn_Thanatos_Default_0)
[1540.96] Log: PUSHING Accolade: , local: false
[1542.46] Log: Expiring Accolade: 
[1542.46] Log: PUSHING Accolade: ASSISTÉ, local: true
[1543.97] Log: PUSHING Accolade: ASSISTÉ, local: true
[1554.24] Log: PUSHING Accolade: , local: false
[1555.75] Log: PUSHING Accolade: ASSISTÉ, local: true
[1557.25] Log: PUSHING Accolade: DÉICIDE, local: true
[1563.90] Log: AttachToOwner - Socket (WSO_FX_01) not found in owner mesh or its parent! (3196 to TgPawn_Thanatos_Default_0)
[1567.01] Log: AttachToOwner - Socket (WSO_Emit_01) not found in owner mesh or its parent! (1027 to NONE)
[1586.16] Log: AttachToOwner - Socket (WSO_FX_01) not found in owner mesh or its parent! (3196 to TgPawn_Thanatos_Default_0)
[1586.56] Log: Chat[3]: [VVB] Je reviens !
[1603.26] Log: AttachToOwner - Socket (WSO_FX_01) not found in owner mesh or its parent! (3196 to TgPawn_Thanatos_Default_0)
[1606.05] Log: PUSHING Accolade: lwolfhoodl fait une tuerie ! (x3), local: false
[1607.55] Log: PUSHING Accolade: ASSISTÉ, local: true
[1626.61] Log: PUSHING Accolade: DarkPag fait une tuerie ! (x3), local: false
[1628.11] Log: PUSHING Accolade: ASSISTÉ, local: true
[1628.71] ScriptWarning: Accessed None 'r_GrabSource'
	TgPawn_Fenrir joust_v2_p.TheWorld:PersistentLevel.TgPawn_Fenrir_0
	Function TgGame.TgPawn:BaselessGrabEnd:0010
[1633.21] Log: AttachToOwner - Socket (WSO_FX_01) not found in owner mesh or its parent! (3196 to TgPawn_Thanatos_Default_0)
[1638.31] Log: PUSHING Accolade: , local: false
[1639.82] Log: PUSHING Accolade: ASSISTÉ, local: true
[1652.31] Log: AttachToOwner - Socket (WSO_FX_01) not found in owner mesh or its parent! (3196 to TgPawn_Thanatos_Default_0)
[1653.99] Log: PUSHING Accolade: , local: false
[1660.03] Log: Requesting purchase of itemId (8105) amount (1)
[1662.72] Log: Chat[3]: [VVVE] J'arrive !
[1679.60] Log: PUSHING Accolade: lwolfhoodl fait un massacre ! (x5), local: false
[1705.12] Log: AttachToOwner - Socket (WSO_FX_01) not found in owner mesh or its parent! (3196 to TgPawn_Thanatos_Default_0)
[1713.86] Log: PUSHING Accolade: , local: false
[1722.12] Log: AttachToOwner - Socket (WSO_FX_01) not found in owner mesh or its parent! (3196 to TgPawn_Thanatos_Default_0)
[1748.97] Log: AttachToOwner - Socket (WSO_FX_01) not found in owner mesh or its parent! (3196 to TgPawn_Thanatos_Default_0)
[1752.17] ScriptWarning: Accessed None 'r_GrabSource'
	TgPawn_Anubis_V2 joust_v2_p.TheWorld:PersistentLevel.TgPawn_Anubis_V2_0
	Function TgGame.TgPawn:BaselessGrabEnd:0010
[1757.71] Log: PUSHING Accolade: , local: false
[1761.48] Log: PUSHING Accolade: lwolfhoodl a fait un doublé !, local: false
[1761.48] Log: Suppressing Accolade: lwolfhoodl EST INARRÊTABLE ! (x7)
[1762.99] Log: Expiring Accolade: Solokick a tué un joueur !
[1762.99] Log: PUSHING Accolade: ASSISTÉ, local: true
[1770.79] Log: Requesting purchase of itemId (10218) amount (1)
[1772.08] Log: Requesting purchase of itemId (8134) amount (1)
[1810.42] Log: AttachToOwner - Socket (WSO_FX_01) not found in owner mesh or its parent! (3196 to TgPawn_Thanatos_Default_0)
[1810.53] Log: Chat[3]: [VVB] Je reviens !
[1824.58] Log: AttachToOwner - Socket (WSO_FX_01) not found in owner mesh or its parent! (3196 to TgPawn_Thanatos_Default_0)
[1827.56] Log: PUSHING Accolade: , local: false
[1829.06] Log: PUSHING Accolade: ASSISTÉ, local: true
[1844.72] Log: PUSHING Accolade: , local: false
[1846.22] Log: PUSHING Accolade: ASSISTÉ, local: true
[1848.63] ScriptWarning: Accessed None 'r_GrabSource'
	TgPawn_Ram joust_v2_p.TheWorld:PersistentLevel.TgPawn_Ram_0
	Function TgGame.TgPawn:BaselessGrabEnd:0010
[1848.65] Log: Chat[9]: Tuer XHattoriHanzoX vous a donné 401 XP et 359 pièces d'or.
[1848.83] Log: PUSHING Accolade: VICTIME, local: true
[1848.99] Log: ---- UpdateClanData
[1849.13] Log: ---- UpdateClanData
[1849.15] Log: Chat[3]: L'équipe ennemie a accepté de capituler (2 contre 0) !
[1850.35] Log: PUSHING Accolade: DÉICIDE, local: true
[1852.17] Log: Chat[3]: [VVGG] Belle partie !
[1854.29] Log: Chat[3]: [VVGG] Belle partie !
[1854.29] Log: SendChat[3] 
[1855.53] Log: Chat[3]: [VGG] Gankez !
[1857.86] Log: Chat[3]: [VVGG] Belle partie !
[1859.36] Log: ---- UpdateClanData
[1859.36] Log: ---- UpdateClanData
[1859.36] Log: ---- UpdateClanData
[1859.36] Log: ---- UpdateClanData
[1862.89] Log: ---- UpdateClanData
[1862.89] Log: ---- UpdateClanData
[1868.10] Log: RequestingChannelMembers ch[3] [lwolfhoodl a quitté la discussion.]
[1868.10] Log: RequestingChannelMembers ch[3] [DarkPag a quitté la discussion.]
[1868.10] DevNet: URL: Adding default option Team=255
[1868.10] Log: ReceiveChangeMap: mapGameId 1447
[1868.10] Log: ---- UpdateClanData
[1868.10] Log: ---- UpdateClanData
[1868.11] DevNet: URL: Adding default option Team=255
[1868.11] DevNet: Browse: LobbyMap?game=TgClient.TgGameLaunch?GameState=OGS_NoSession?GameMode=0?name=Player?Team=255
[1868.90] Log: LoadMap: LobbyMap?game=TgClient.TgGameLaunch?GameState=OGS_NoSession?GameMode=0?name=Player?Team=255
[1868.99] NetComeGo: Close PComNetDriver_0 PComNetConn_0 64.95.97.164:9260 06/13/15 17:24:16
[1869.08] Exit: PComNetDriver_0 shut down
[1869.38] Log: Map Game ID = 0
[1869.38] Log: Map Instance ID = 124207209
[1869.40] Log: Performance: Critical section Lock/Unlock 24 nsec
[1869.40] Log: Performance:  appCycles 11 nsec
[1869.44] Log: Performance:  memCopy per KB 216 nsec
[1869.47] Log: Performance:  memZero per KB 137 nsec
[1869.48] Log: Performance:  appInterlockedIncrement 10 nsec
[1869.49] Log: Performance:  GetTickCount 4 nsec
[1869.49] Log: Game class is 'TgGameLaunch'
[1869.49] TgSLO: Async Load: GodSkins_Portraits_and_Icons
[1869.49] Log: Flushing async loaders.
[1869.54] TgSLO: Finish Load: GodSkins_Portraits_and_Icons
[1869.54] Log: Flushed async loaders.
[1869.57] Log: Primary PhysX scene will be in software.
[1869.57] Log: Creating Primary PhysX Scene.
[1869.57] Log: *** WARNING - PATHS MAY NOT BE VALID ***
[1869.57] Log: Bringing World lobbymap.TheWorld up for play (0) at 2015.06.13-17.24.17
[1869.58] Log: Skipping initialization of FSMPartPool!
[1869.64] Log: Bringing up level for play took: 0.099765
[1870.82] Log: Flushing async loaders.
[1870.99] Log: Flushed async loaders.
[1870.99] TgSLO: Async Load: GOD_Anubis_V2
[1870.99] TgSLO: Async Load: GOD_Anubis_V2_Lobby
[1870.99] TgSLO: Async Load: FX_Anubis_V2
[1870.99] Log: Flushing async loaders.
[1871.17] TgSLO: Finish Load: GOD_Anubis_V2
[1871.20] TgSLO: Finish Load: GOD_Anubis_V2_Lobby
[1871.22] TgSLO: Finish Load: FX_Anubis_V2
[1871.22] Log: Flushed async loaders.
[1871.22] Log: ########### Finished loading level: 2.327860 seconds
[1871.27] Log: Flushing async loaders.
[1871.30] Log: Flushed async loaders.
[1871.30] Log: RequestingChannelMembers ch[8] [kimicol a rejoint la discussion.]
[1871.83] Log: RequestingChannelMembers ch[8] [lwolfhoodl a rejoint la discussion.]
[1872.63] Log: RequestingChannelMembers ch[8] [XHattoriHanzoX a rejoint la discussion.]
[1873.67] Log: RequestingChannelMembers ch[8] [Solokick a rejoint la discussion.]
[1873.79] Log: RequestingChannelMembers ch[8] [Ewena a quitté la discussion.]
[1879.22] Log: RequestingChannelMembers ch[8] [XHattoriHanzoX a quitté la discussion.]
[1880.47] Log: RequestingChannelMembers ch[8] [Solokick a quitté la discussion.]
[1883.09] Log: RequestingChannelMembers ch[8] [lwolfhoodl a quitté la discussion.]
[1886.79] Log: ---- UpdateClanData
[1969.69] Log: ERROR: Attempting to log in without settings.
[2000.19] Log: ---- UpdateClanData
[2009.41] Log: Chat[9]: Vous avez rejoint une file d'attente.
[2009.41] Log: Chat[4]: kimicol a rejoint la file d'attente du groupe.
[2055.33] Log: RequestingChannelMembers ch[3] [kimicol a rejoint la discussion.]
[2055.33] Log: RequestingChannelMembers ch[3] [GOZERTJE a quitté la discussion.]
[2056.19] Log: RequestingChannelMembers ch[3] [Dopesorcerer a rejoint la discussion.]
[2061.09] Log: RequestingChannelMembers ch[3] [GOZERTJE a rejoint la discussion.]
[2063.50] TgSLO: Async Load: Lobby_Pedestal_SWC
[2063.79] TgSLO: Finish Load: Lobby_Pedestal_SWC
[2073.19] Log: Chat[3]: Hai!
[2077.66] Log: Chat[3]: hallo
[2081.17] Log: Chat[3]: hi
[2084.91] Log: SendChat[3] hi
[2085.21] Log: Chat[3]: hi
[2107.58] TgSLO: Async Load: GOD_Awilix
[2107.58] TgSLO: Async Load: GOD_Awilix_Lobby
[2107.58] TgSLO: Async Load: FX_Awilix
[2108.95] TgSLO: Finish Load: GOD_Awilix
[2109.14] TgSLO: Finish Load: GOD_Awilix_Lobby
[2109.54] TgSLO: Finish Load: FX_Awilix
[2109.63] TgSLO: Async Load: GOD_AhMuzenCab
[2109.63] TgSLO: Async Load: GOD_AhMuzenCab_Lobby
[2109.63] TgSLO: Async Load: FX_AhMuzenCab
[2109.63] TgSLO: Async Load: GOD_AhMuzenCab_Skin2
[2109.63] TgSLO: Async Load: FX_AhMuzenCab_skin2
[2109.63] TgSLO: Async Load: GOD_AhMuzenCab_Skin2_Lobby
[2109.64] TgSLO: Async Load: AUD_God_AhMuzenCab
[2109.64] TgSLO: Async Load: fx_ahmuzencab_targeting_skin2
[2109.64] TgSLO: Async Load: AUD_VOX_God_AhMuzenCab_Skin2
[2109.64] TgSLO: Async Load: AnimNotify10029
[2113.04] TgSLO: Finish Load: GOD_AhMuzenCab
[2113.37] TgSLO: Finish Load: GOD_AhMuzenCab_Lobby
[2113.96] TgSLO: Finish Load: FX_AhMuzenCab
[2114.03] TgSLO: Async Load: GOD_Sobek
[2114.03] TgSLO: Async Load: GOD_Sobek_Lobby
[2114.03] TgSLO: Async Load: FX_Sobek
[2114.03] TgSLO: Async Load: GOD_Sobek_Skins
[2114.08] TgSLO: Cancel Load: GOD_AhMuzenCab_Skin2
[2114.08] TgSLO: Cancel Load: FX_AhMuzenCab_skin2
[2114.08] TgSLO: Cancel Load: GOD_AhMuzenCab_Skin2_Lobby
[2114.08] TgSLO: Cancel Load: AUD_God_AhMuzenCab
[2114.08] TgSLO: Cancel Load: fx_ahmuzencab_targeting_skin2
[2114.08] TgSLO: Cancel Load: AUD_VOX_God_AhMuzenCab_Skin2
[2114.08] TgSLO: Cancel Load: AnimNotify10029
[2114.09] TgSLO: Async Load: GOD_AhMuzenCab_Skin3
[2115.54] TgSLO: Finish Load: GOD_Sobek
[2115.88] TgSLO: Finish Load: GOD_Sobek_Lobby
[2116.25] TgSLO: Finish Load: FX_Sobek
[2116.33] TgSLO: Finish Load: GOD_Sobek_Skins
[2116.34] Log: Flushing async loaders.
[2116.39] TgSLO: Finish Load: GOD_AhMuzenCab_Skin3
[2116.39] Log: Flushed async loaders.
[2122.62] Log: Chat[3]: im duo with amc?
[2125.84] Log: Chat[3]: ja
[2131.63] Log: Chat[3]: oke
[2133.96] Log: Chat[3]: :D
[2143.37] Log: Chat[3]: :)
[2148.40] TgSLO: Async Load: GOD_AhMuzenCab_Skin1
[2148.47] TgSLO: Finish Load: GOD_AhMuzenCab_Skin1
[2163.54] DevNet: URL: Adding default option Team=255
[2163.54] Log: ReceiveChangeMap: mapGameId 1510
[2163.67] DevNet: URL: Adding default option Team=255
[2163.67] DevNet: Browse: 64.95.97.173:9097/lobbymap?GameState=OGS_NoSession?GameMode=0?name=Player?map_instance_id=162617183?Team=255
[2163.68] DevNet: Game client on port 9097, rate 25000
[2164.02] DevNet: Welcomed by server (Level: mayan_siege, Game: TgGame.TgGame_Battle_Conquest_Erez)
[2164.17] Log: LoadMap: 64.95.97.173:9097/mayan_siege?GameState=OGS_NoSession?GameMode=0?name=Player?map_instance_id=162617183?Team=255?game=TgGame.TgGame_Battle_Conquest_Erez
[2165.56] Log: Map Game ID = 0
[2165.56] Log: Map Instance ID = 124207209
[2165.60] Log: Performance: Critical section Lock/Unlock 36 nsec
[2165.60] Log: Performance:  appCycles 18 nsec
[2165.66] Log: Performance:  memCopy per KB 284 nsec
[2165.70] Log: Performance:  memZero per KB 175 nsec
[2165.71] Log: Performance:  appInterlockedIncrement 11 nsec
[2165.71] Log: Performance:  GetTickCount 4 nsec
[2173.19] TgSLO: Async Load: FX_Store_Items
[2173.19] TgSLO: Async Load: FX_Store_Items_Targeting
[2173.19] TgSLO: Async Load: FX_Status_Effects
[2173.19] TgSLO: Async Load: GOD_CommonMaterialEffects
[2173.19] TgSLO: Async Load: GOD_Common_AT
[2173.19] TgSLO: Async Load: AUD_VOX_Narrator
[2173.19] TgSLO: Async Load: NPC_Ward2
[2173.19] TgSLO: Async Load: FX_Buff_Belts_V2
[2173.19] TgSLO: Async Load: FX_Fist_Of_God_V2
[2173.19] TgSLO: Async Load: GOD_AhMuzenCab
[2173.19] TgSLO: Async Load: GOD_AhMuzenCab_Textures
[2173.19] TgSLO: Async Load: FX_AhMuzenCab
[2173.19] TgSLO: Async Load: AUD_God_AhMuzenCab
[2173.19] TgSLO: Async Load: GOD_AhMuzenCab_Skin3
[2173.19] TgSLO: Async Load: NPC_Ward_Apollo
[2173.19] TgSLO: Async Load: NPC_Ward_BobbleHead_Base
[2173.19] TgSLO: Async Load: FX_Common
[2173.19] TgSLO: Async Load: AUD_UI
[2173.19] TgSLO: Async Load: NPC_Ward_Eyeballs
[2173.19] TgSLO: Async Load: NPC_Ward_Snowman
[2173.19] TgSLO: Async Load: NPC_Ward_Roman
[2173.19] TgSLO: Async Load: NPC_Ward_Thunderbolt
[2173.19] TgSLO: Async Load: NPC_Ward_Norse
[2173.19] TgSLO: Async Load: NPC_Ward_Greek
[2173.19] TgSLO: Async Load: NPC_Ward_Manticore
[2173.19] TgSLO: Async Load: NPC_Ward_Hindu
[2173.19] TgSLO: Async Load: NPC_Ward_AresSWC
[2173.19] TgSLO: Async Load: NPC_Ward_Helicopter
[2173.20] TgSLO: Async Load: GOD_Awilix
[2173.20] TgSLO: Async Load: GOD_Awilix_Textures
[2173.20] TgSLO: Async Load: FX_Awilix
[2173.20] TgSLO: Async Load: AUD_God_Awilix
[2173.20] TgSLO: Async Load: GOD_Anubis_V2
[2173.20] TgSLO: Async Load: GOD_Anubis_V2_Textures
[2173.20] TgSLO: Async Load: FX_Anubis_V2
[2173.20] TgSLO: Async Load: FX_Anubis_Targeting
[2173.20] TgSLO: Async Load: AUD_God_Anubis
[2173.20] TgSLO: Async Load: GOD_Sobek
[2173.20] TgSLO: Async Load: GOD_Sobek_Textures
[2173.20] TgSLO: Async Load: FX_Sobek
[2173.20] TgSLO: Async Load: AUD_God_Sobek
[2173.20] TgSLO: Async Load: GOD_Sobek_Skins
[2173.20] TgSLO: Async Load: NPC_Ward_Curse
[2173.20] TgSLO: Async Load: GOD_Fenrir
[2173.20] TgSLO: Async Load: GOD_Fenrir_Textures
[2173.20] TgSLO: Async Load: FX_Fenrir
[2173.20] TgSLO: Async Load: AUD_God_Fenrir
[2173.20] TgSLO: Async Load: GOD_Fenrir_Skin2
[2173.20] TgSLO: Async Load: FX_Fenrir_Skin2
[2173.20] TgSLO: Async Load: FX_Fenrir_Targeting_Skin2
[2173.20] TgSLO: Async Load: AnimNotify9513
[2173.20] TgSLO: Async Load: GOD_Medusa
[2173.20] TgSLO: Async Load: GOD_Medusa_Textures
[2173.20] TgSLO: Async Load: FX_Medusa
[2173.20] TgSLO: Async Load: AUD_God_Medusa
[2173.20] TgSLO: Async Load: GOD_Ra
[2173.20] TgSLO: Async Load: GOD_Ra_Textures
[2173.20] TgSLO: Async Load: FX_Ra
[2173.20] TgSLO: Async Load: AUD_God_Ra
[2173.20] TgSLO: Async Load: GOD_Ra_Skins
[2173.20] TgSLO: Async Load: GOD_Hades
[2173.20] TgSLO: Async Load: GOD_Hades_Textures
[2173.20] TgSLO: Async Load: FX_Hades
[2173.20] TgSLO: Async Load: AUD_God_Hades
[2173.20] TgSLO: Async Load: GOD_Hades_Skin2
[2173.20] TgSLO: Async Load: FX_Hades_Skin2
[2173.20] TgSLO: Async Load: FX_Hades_Targeting
[2173.20] TgSLO: Async Load: AnimNotify8153
[2173.20] TgSLO: Async Load: NPC_Phoenix
[2173.20] TgSLO: Async Load: NPC_Phoenix_Textures
[2173.20] TgSLO: Async Load: FX_Phoenix
[2173.20] TgSLO: Async Load: AUD_NPC_Phoenix
[2173.20] TgSLO: Async Load: FX_Tower
[2173.20] TgSLO: Async Load: FX_Greek_Tower
[2173.20] TgSLO: Async Load: AUD_Tower
[2173.20] TgSLO: Async Load: MDL_PseudoMesh
[2173.20] TgSLO: Async Load: NPC_Greek_Tower
[2173.20] TgSLO: Async Load: NPC_Greek_Tower_Textures
[2173.20] TgSLO: Async Load: FX_Mayan_Tower
[2173.20] TgSLO: Async Load: NPC_Mayan_Towers
[2173.21] TgSLO: Async Load: NPC_Olympus
[2173.21] TgSLO: Async Load: AUD_NPC_Olympus
[2173.21] TgSLO: Async Load: NPC_Minion_Universal
[2173.21] TgSLO: Async Load: FX_Roman
[2173.21] TgSLO: Async Load: FX_Minion_Death
[2173.21] TgSLO: Async Load: AUD_NPC_RomanArcher
[2173.21] TgSLO: Async Load: NPC_Mayan_Minions
[2173.21] TgSLO: Async Load: NPC_Cyclops_V2
[2173.21] TgSLO: Async Load: FX_NPC_Cyclops_V2
[2173.21] TgSLO: Async Load: AUD_NPC_Cyclops
[2173.21] TgSLO: Async Load: FX_Greek_Tower_Old
[2173.21] TgSLO: Async Load: NPC_Guardian_Female
[2173.21] TgSLO: Async Load: NPC_Guardian_Female_AT
[2173.21] TgSLO: Async Load: FX_Guardian_Female
[2173.21] TgSLO: Async Load: AUD_NPC_Guardian_Female
[2173.21] TgSLO: Async Load: NPC_Guardian_Male
[2173.21] TgSLO: Async Load: NPC_Guardian_Male_AT
[2173.21] TgSLO: Async Load: FX_Guardian_Male
[2173.21] TgSLO: Async Load: AUD_NPC_Guardian_Male
[2173.21] TgSLO: Async Load: NPC_SiegeJuggernaut
[2173.21] TgSLO: Async Load: FX_SiegeJuggernaut
[2173.21] TgSLO: Async Load: AUD_NPC_SiegeJuggernaut
[2173.21] Log: Flushing async loaders.
[2173.25] TgSLO: Finish Load: FX_Store_Items
[2173.27] TgSLO: Finish Load: FX_Store_Items_Targeting
[2173.27] TgSLO: Finish Load: FX_Status_Effects
[2173.27] TgSLO: Finish Load: GOD_CommonMaterialEffects
[2173.28] TgSLO: Finish Load: GOD_Common_AT
[2173.38] TgSLO: Finish Load: AUD_VOX_Narrator
[2173.39] TgSLO: Finish Load: NPC_Ward2
[2173.43] TgSLO: Finish Load: FX_Buff_Belts_V2
[2173.43] TgSLO: Finish Load: FX_Fist_Of_God_V2
[2173.60] TgSLO: Finish Load: GOD_AhMuzenCab
[2173.60] TgSLO: Finish Load: GOD_AhMuzenCab_Textures
[2173.65] TgSLO: Finish Load: FX_AhMuzenCab
[2177.70] TgSLO: Finish Load: AUD_God_AhMuzenCab
[2177.72] TgSLO: Finish Load: GOD_AhMuzenCab_Skin3
[2177.73] TgSLO: Finish Load: NPC_Ward_Apollo
[2177.74] TgSLO: Finish Load: NPC_Ward_BobbleHead_Base
[2177.76] TgSLO: Finish Load: FX_Common
[2177.76] TgSLO: Finish Load: AUD_UI
[2177.78] TgSLO: Finish Load: NPC_Ward_Eyeballs
[2178.82] TgSLO: Finish Load: NPC_Ward_Snowman
[2179.58] TgSLO: Finish Load: NPC_Ward_Roman
[2180.19] TgSLO: Finish Load: NPC_Ward_Thunderbolt
[2183.74] TgSLO: Finish Load: NPC_Ward_Norse
[2184.50] TgSLO: Finish Load: NPC_Ward_Greek
[2185.05] TgSLO: Finish Load: NPC_Ward_Manticore
[2186.30] TgSLO: Finish Load: NPC_Ward_Hindu
[2187.19] TgSLO: Finish Load: NPC_Ward_AresSWC
[2188.26] TgSLO: Finish Load: NPC_Ward_Helicopter
[2188.47] TgSLO: Finish Load: GOD_Awilix
[2188.47] TgSLO: Finish Load: GOD_Awilix_Textures
[2188.50] TgSLO: Finish Load: FX_Awilix
[2189.55] TgSLO: Finish Load: AUD_God_Awilix
[2189.75] TgSLO: Finish Load: GOD_Anubis_V2
[2189.76] TgSLO: Finish Load: GOD_Anubis_V2_Textures
[2189.79] TgSLO: Finish Load: FX_Anubis_V2
[2189.79] Log: Missing cached shader map for material FX_Anubis_Targeting.Materials.FX_DeathGaze_STILL_MAT, quality 0, compiling.
[2189.79] Warning: Warning, Failed to compile Material FX_Anubis_Targeting.Materials.FX_DeathGaze_STILL_MAT for platform PC-D3D-SM3, Default Material will be used in game.
[2189.80] TgSLO: Finish Load: FX_Anubis_Targeting
[2189.87] TgSLO: Finish Load: AUD_God_Anubis
[2190.01] TgSLO: Finish Load: GOD_Sobek
[2190.01] TgSLO: Finish Load: GOD_Sobek_Textures
[2190.03] TgSLO: Finish Load: FX_Sobek
[2190.86] TgSLO: Finish Load: AUD_God_Sobek
[2190.88] TgSLO: Finish Load: GOD_Sobek_Skins
[2191.52] TgSLO: Finish Load: NPC_Ward_Curse
[2191.66] TgSLO: Finish Load: GOD_Fenrir
[2191.67] TgSLO: Finish Load: GOD_Fenrir_Textures
[2191.68] TgSLO: Finish Load: FX_Fenrir
[2191.71] TgSLO: Finish Load: AUD_God_Fenrir
[2192.58] TgSLO: Finish Load: GOD_Fenrir_Skin2
[2193.21] TgSLO: Finish Load: FX_Fenrir_Skin2
[2193.89] TgSLO: Finish Load: FX_Fenrir_Targeting_Skin2
[2194.01] TgSLO: Finish Load: AnimNotify9513
[2195.04] TgSLO: Finish Load: GOD_Medusa
[2195.17] TgSLO: Finish Load: GOD_Medusa_Textures
[2195.52] TgSLO: Finish Load: FX_Medusa
[2195.61] TgSLO: Finish Load: AUD_God_Medusa
[2195.64] TgSLO: Finish Load: GOD_Ra
[2195.65] TgSLO: Finish Load: GOD_Ra_Textures
[2195.68] TgSLO: Finish Load: FX_Ra
[2195.74] TgSLO: Finish Load: AUD_God_Ra
[2195.79] TgSLO: Finish Load: GOD_Ra_Skins
[2196.15] TgSLO: Finish Load: GOD_Hades
[2196.17] TgSLO: Finish Load: GOD_Hades_Textures
[2196.22] TgSLO: Finish Load: FX_Hades
[2196.32] TgSLO: Finish Load: AUD_God_Hades
[2196.40] TgSLO: Finish Load: GOD_Hades_Skin2
[2196.48] TgSLO: Finish Load: FX_Hades_Skin2
[2196.66] TgSLO: Finish Load: FX_Hades_Targeting
[2196.68] TgSLO: Finish Load: AnimNotify8153
[2196.73] TgSLO: Finish Load: NPC_Phoenix
[2196.73] TgSLO: Finish Load: NPC_Phoenix_Textures
[2196.74] TgSLO: Finish Load: FX_Phoenix
[2196.77] TgSLO: Finish Load: AUD_NPC_Phoenix
[2196.78] TgSLO: Finish Load: FX_Tower
[2196.81] TgSLO: Finish Load: FX_Greek_Tower
[2196.89] TgSLO: Finish Load: AUD_Tower
[2196.89] TgSLO: Finish Load: MDL_PseudoMesh
[2197.59] TgSLO: Finish Load: NPC_Greek_Tower
[2197.61] TgSLO: Finish Load: NPC_Greek_Tower_Textures
[2197.74] TgSLO: Finish Load: FX_Mayan_Tower
[2197.89] TgSLO: Finish Load: NPC_Mayan_Towers
[2197.95] TgSLO: Finish Load: NPC_Olympus
[2197.97] TgSLO: Finish Load: AUD_NPC_Olympus
[2198.08] TgSLO: Finish Load: NPC_Minion_Universal
[2198.09] TgSLO: Finish Load: FX_Roman
[2198.09] TgSLO: Finish Load: FX_Minion_Death
[2198.12] TgSLO: Finish Load: AUD_NPC_RomanArcher
[2198.20] TgSLO: Finish Load: NPC_Mayan_Minions
[2198.30] TgSLO: Finish Load: NPC_Cyclops_V2
[2198.30] TgSLO: Finish Load: FX_NPC_Cyclops_V2
[2198.36] TgSLO: Finish Load: AUD_NPC_Cyclops
[2198.39] TgSLO: Finish Load: FX_Greek_Tower_Old
[2198.49] TgSLO: Finish Load: NPC_Guardian_Female
[2198.49] TgSLO: Finish Load: NPC_Guardian_Female_AT
[2198.50] TgSLO: Finish Load: FX_Guardian_Female
[2198.50] TgSLO: Finish Load: AUD_NPC_Guardian_Female
[2198.60] TgSLO: Finish Load: NPC_Guardian_Male
[2198.60] TgSLO: Finish Load: NPC_Guardian_Male_AT
[2198.62] TgSLO: Finish Load: FX_Guardian_Male
[2198.63] TgSLO: Finish Load: AUD_NPC_Guardian_Male
[2199.40] TgSLO: Finish Load: NPC_SiegeJuggernaut
[2199.46] TgSLO: Finish Load: FX_SiegeJuggernaut
[2199.47] TgSLO: Finish Load: AUD_NPC_SiegeJuggernaut
[2199.47] Log: Flushed async loaders.
[2199.50] Log: Primary PhysX scene will be in software.
[2199.50] Log: Creating Primary PhysX Scene.
[2199.50] Log: *** WARNING - PATHS MAY NOT BE VALID ***
[2199.50] Log: Bringing World mayan_siege.TheWorld up for play (595) at 2015.06.13-17.29.47
[2199.51] Log: Skipping initialization of FSMPartPool!
[2199.51] Log: Bringing up level for play took: 0.044330
[2199.51] Warning: Warning, Failed to load 'Class None.': Failed to find object 'Class None.'
[2199.51] Warning: Warning, Failed to find object 'Class None.'
[2199.51] Log: PlayerController class for the pending level is PlayerController
[2199.51] Log: ########### Finished loading level: 35.342829 seconds
[2199.52] Log: Flushing async loaders.
[2215.74] Log: Flushed async loaders.
[2215.77] Log: ---- UpdateClanData
[2216.14] Log: ---- UpdateClanData
[2216.14] DevNet: TgPlayerController_3 setplayer TgLocalPlayer_0
[2216.37] Log: Mark Effect Group 28503: Not of type HIT SPECIAL!
[2216.38] Log: AttachToOwner - Socket (FX_ORIGIN_Origin) not found in owner mesh or its parent! (2702 to NONE)
[2216.38] Log: AttachToOwner - Socket (FX_ORIGIN_Origin) not found in owner mesh or its parent! (2702 to NONE)
[2216.38] Log: AttachToOwner - Socket (FX_ORIGIN_Origin) not found in owner mesh or its parent! (2702 to NONE)
[2216.38] Log: AttachToOwner - Socket (CSO_FX_Origin_01) not found in owner mesh or its parent! (2958 to NONE)
[2216.38] Log: AttachToOwner - Socket (CSO_FX_Origin_01) not found in owner mesh or its parent! (2958 to NONE)
[2216.39] Log: AttachToOwner - Socket (FX_ORIGIN_Origin) not found in owner mesh or its parent! (2702 to NONE)
[2216.39] Log: AttachToOwner - Socket (CSO_FX_Origin_01) not found in owner mesh or its parent! (2958 to NONE)
[2216.40] Log: AttachToOwner - Socket (CSO_FX_Origin_01) not found in owner mesh or its parent! (2958 to NONE)
[2216.40] Log: AttachToOwner - Socket (CSO_FX_Origin_01) not found in owner mesh or its parent! (2958 to NONE)
[2216.67] Log: AttachToOwner - Socket (FX_ORIGIN_Origin) not found in owner mesh or its parent! (2702 to NONE)
[2217.11] Log: AttachToOwner - Socket (FX_ORIGIN_Origin) not found in owner mesh or its parent! (2702 to NONE)
[2217.12] Log: AttachToOwner - Socket (CSO_FX_Origin_01) not found in owner mesh or its parent! (2958 to NONE)
[2217.12] Log: TeamIndex 2 has new leader: 3239698
[2217.12] Log: TeamIndex 1 has new leader: 5653435
[2217.13] Log: AttachToOwner - Socket (CSO_FX_Origin_01) not found in owner mesh or its parent! (2958 to NONE)
[2217.13] Log: AttachToOwner - Socket (CSO_FX_Origin_01) not found in owner mesh or its parent! (2958 to NONE)
[2217.43] Log: AttachToOwner - Socket (FX_ORIGIN_Origin) not found in owner mesh or its parent! (2702 to NONE)
[2217.43] Log: AttachToOwner - Socket (FX_ORIGIN_Origin) not found in owner mesh or its parent! (2702 to NONE)
[2217.48] Log: Activated mayan_siege_assist 1 1 0
[2217.48] Log: ActivateLevel mayan_siege_assist 1 1 0
[2217.60] Log: Flushing async loaders.
[2217.61] Log: Flushed async loaders.
[2218.52] Warning: Warning, Failed to load 'Texture None.blah': Failed to find object 'Texture None.blah'
[2218.52] Warning: Warning, Failed to load 'Texture None.undefined': Failed to find object 'Texture None.undefined'
[2218.52] Warning: Warning, Failed to load 'Texture None.undefined': Failed to find object 'Texture None.undefined'
[2218.52] Warning: Warning, Failed to load 'Texture None.undefined': Failed to find object 'Texture None.undefined'
[2218.52] Warning: Warning, Failed to load 'Texture None.undefined': Failed to find object 'Texture None.undefined'
[2227.94] Log: Requesting purchase of itemId (10040) amount (1)
[2230.19] Log: Requesting purchase of itemId (10220) amount (1)
[2234.97] Log: Requesting purchase of itemId (8134) amount (1)
[2235.11] Log: Requesting purchase of itemId (8134) amount (1)
[2236.59] Log: Requesting purchase of itemId (8135) amount (1)
[2241.21] Log: All Windows Closed
[2241.27] Log: appRequestExit(0)
[2241.30] Log: TgAIBehaviorTreeManager :: De-allocating 46 behavior trees
[2242.19] Exit: Preparing to exit.
[2243.93] NetComeGo: Close PComNetDriver_1 PComNetConn_1 64.95.97.173:9097 06/13/15 17:30:31
[2244.41] Exit: Game engine shut down
[2244.89] Exit: Windows client shut down
[2246.19] Exit: XAudio2 Device shut down.
[2246.20] Exit: PComNetDriver_1 shut down
[2247.72] Exit: Object subsystem successfully closed.
[2250.06] Log: Shutting down FaceFX...
[2250.08] Log: FaceFX shutdown.
[2250.77] Exit: Exiting.
