[0000.29] Log: Async Log file open, 07/20/15 22:42:49
[0000.29] Init: WinSock: version 1.1 (2.2), MaxSocks=32767, MaxUdp=65467
[0000.29] Log:  ... running in INSTALLED mode
[0000.29] DevConfig: GConfig::Find has loaded file:  ..\..\Engine\Config\ConsoleVariables.ini
[0000.29] Init: Version: 10897
[0000.29] Init: Epic Internal: 0
[0000.29] Init: Compiled (32-bit): Jul 10 2015 19:53:38
[0000.29] Init: Changelist: 1532151
[0000.29] Init: Game is version 2.9.2835.5.
[0000.29] Init: Command line: -PGUID=f217e716-f401-4696-a0ce-3be9da5b0821  -host=             -host2              -seekfreeloading   -LANGUAGE=FRA -cnmg=722772235220232783257321732884209426642335249529 -cnmg2=722672215226232483227327732584209425642025280627 -ASYNCTICK=FALSE -user=kimicol -epass=0318D48EB4424BC8453F77F6B393B2828309272591535BDEF1EF5A8AA7644D2A -HiCommand -HEXX=1C280AEF
[0000.29] Init: Base directory: C:\Program Files (x86)\Hi-Rez Studios\HiRezGames\smite\binaries\Win32\
[0000.29] Log: Deleting old log file Launch-backup-2015.07.07-19.41.48.log
[0000.34] Init: Computer: PC-ARTHUR
[0000.34] Init: User: Arthur
[0000.34] Init: CPU Page size=4096, Processors=4, Cores=2
[0000.34] Init: High frequency timer resolution =2.240907 MHz
[0000.34] Init: Memory total: Physical=3.8GB (3GB approx) Pagefile=7.7GB Virtual=4.0GB
[0000.42] DevOnline: Initializing MCTS
[0000.42] Init: Presizing for 60000 objects not considered by GC, pre-allocating 0 bytes.
[0000.42] Init: Object subsystem initialized
[0000.42] Log: Overriding lang INT w/ command-line option of FRA
[0001.46] Log: TgAIBehaviorTreeManager :: Loading behavior trees
[0001.47] Log: TgAIBehaviorTreeManager :: Successfully loaded behavior trees
[0001.48] Log: ShadowPatch: Error -pid should be passed on command line.
[0002.08] Log: AsyncTickTasks DISABLED at startup
[0002.10] Log: SystemSettings based on: SystemSettings
[0002.10] Log: SystemSettings based on: SystemSettings
[0002.10] Log: SystemSettings based on: SystemSettings
[0002.10] Log: SystemSettings based on: SystemSettings
[0002.10] Log: SystemSettings based on: SystemSettings
[0002.65] Log: Found D3D11 adapter 0: Intel(R) HD Graphics Family
[0002.65] Log: Adapter has 1020MB of dedicated video memory, 0MB of dedicated system memory, and 1933MB of shared system memory
[0002.67] Log: Shader platform (RHI): PC-D3D-SM3
[0002.70] Log: PhysX GPU Support: DISABLED
[0003.78] Log: Assembly Loaded Version: DBExport: 07/09/2015 15:51:40,  Src=devsql.hirezcorp.com:smite_live_build, LangSrc=devsql.hirezcorp.com:smite_translations,
[0018.67] Log: Skipping adding Package OnlineSubsystemMcts to NetPackages
[0019.44] Log: 117498 objects as part of root set at end of initial load.
[0019.44] Log: 0 out of 0 bytes used by permanent object pool.
[0019.44] Log: Initializing Engine...
[0020.78] ScriptWarning: Script call stack:
	Function Engine.GameViewportClient:Init

	TgGameViewportClient Transient.TgGameEngine_0:TgGameViewportClient_0
	Function Engine.GameViewportClient:Init:0025
[0020.78] ScriptWarning: Assertion failed, line 672
	TgGameViewportClient Transient.TgGameEngine_0:TgGameViewportClient_0
	Function Engine.GameViewportClient:Init:0025
[0020.78] Warning: Warning, Failed to load 'SwfMovie None.Logos': Failed to find object 'SwfMovie None.Logos'
[0020.78] Log: GFx attempted to load missing object [Logos]
[0020.78] Warning: Warning, Failed to load 'Class None.': Failed to find object 'Class None.'
[0020.79] Warning: Warning, Failed to find object 'Class None.'
[0020.79] Warning: Warning, Failed to load 'Class None.': Failed to find object 'Class None.'
[0020.79] Warning: Warning, Failed to find object 'Class None.'
[0020.79] Warning: Warning, Failed to load 'Class None.': Failed to find object 'Class None.'
[0020.79] Warning: Warning, Failed to find object 'Class None.'
[0020.79] Warning: Warning, Failed to load 'Class None.': Failed to find object 'Class None.'
[0020.79] Warning: Warning, Failed to find object 'Class None.'
[0020.79] DevNet: Browse: lobbymap?Name=Player?Team=255?DefaultCharacter=TgGame.TgCharacter
[0020.80] Log: LoadMap: lobbymap?Name=Player?Team=255?DefaultCharacter=TgGame.TgCharacter
[0021.06] Log: Map Game ID = 0
[0021.06] Log: Map Instance ID = 127424990
[0021.09] Log: Performance: Critical section Lock/Unlock 25 nsec
[0021.09] Log: Performance:  appCycles 12 nsec
[0021.14] Log: Performance:  memCopy per KB 217 nsec
[0021.16] Log: Performance:  memZero per KB 131 nsec
[0021.17] Log: Performance:  appInterlockedIncrement 10 nsec
[0021.18] Log: Performance:  GetTickCount 4 nsec
[0021.18] Log: Game class is 'TgGameLaunch'
[0021.19] TgSLO: Async Load: GodSkins_Portraits_and_Icons
[0021.19] Log: Flushing async loaders.
[0021.32] TgSLO: Finish Load: GodSkins_Portraits_and_Icons
[0021.32] Log: Flushed async loaders.
[0021.35] Log: Primary PhysX scene will be in software.
[0021.35] Log: Creating Primary PhysX Scene.
[0021.35] Log: *** WARNING - PATHS MAY NOT BE VALID ***
[0021.35] Log: Bringing World lobbymap.TheWorld up for play (0) at 2015.07.20-22.43.10
[0021.36] Log: Skipping initialization of FSMPartPool!
[0021.58] Log: Bringing up level for play took: 0.247584
[0024.03] Warning: Warning, Failed to load 'Font None.ArialUnicode': Failed to find object 'Font None.ArialUnicode'
[0024.03] Warning: Warning, Failed to load 'Font None.ArialUnicode': Failed to find object 'Font None.ArialUnicode'
[0024.18] Log: GFx attempted to load missing object [UDKFrontEnd.udk_ime]
[0025.17] Log: ########### Finished loading level: 4.376186 seconds
[0025.30] Log: Flushing async loaders.
[0025.53] Log: Flushed async loaders.
[0025.53] Log: Initializing Engine Completed
[0025.53] Log: >>>>>>>>>>>>>> Initial startup: 25.53s <<<<<<<<<<<<<<<
[0025.53] Log: Browser user data directory is C:\ProgramData\Hi-Rez Studios\BrowserCache\Battle
[0026.02] Log: WebFactory created
[0029.18] Log: Login Success: kimicol
[0029.91] Error: Failed to read file '..\..\BattleGame\LandingPanel\UncleSamChest33.jpg' error ()
[0029.91] Error: Failed to read file '..\..\BattleGame\LandingPanel\UltimateGodPack.jpg' error ()
[0029.91] Error: Failed to read file '..\..\BattleGame\LandingPanel\Ravana.jpg' error ()
[0029.91] Error: Failed to read file '..\..\BattleGame\LandingPanel\Skaliwagggg.jpg' error ()
[0029.91] Error: Failed to read file '..\..\BattleGame\LandingPanel\esportsseasonticketSkinNew.jpg' error ()
[0029.91] Error: Failed to read file '..\..\BattleGame\LandingPanel\UncleSamChest22.jpg' error ()
[0029.91] Error: Failed to read file '..\..\BattleGame\LandingPanel\AoKuangSkinDragonKing.jpg' error ()
[0029.91] Error: Failed to read file '..\..\BattleGame\LandingPanel\BizzyBCupid4.jpg' error ()
[0029.91] Error: Failed to read file '..\..\BattleGame\LandingPanel\Gebsss.jpg' error ()
[0029.91] Error: Failed to read file '..\..\BattleGame\LandingPanel\HercHunkulese.jpg' error ()
[0029.91] Error: Failed to read file '..\..\BattleGame\LandingPanel\MadameNoxLowerStore.jpg' error ()
[0029.91] Error: Failed to read file '..\..\BattleGame\LandingPanel\HeavenlyWarlord223.jpg' error ()
[0029.91] Error: Failed to read file '..\..\BattleGame\LandingPanel\TyrantRavana.jpg' error ()
[0029.91] Error: Failed to read file '..\..\BattleGame\LandingPanel\GodPackTest234.jpg' error ()
[0029.91] Error: Failed to read file '..\..\BattleGame\LandingPanel\GodPackTest234_thumb.jpg' error ()
[0029.91] Error: Failed to read file '..\..\BattleGame\LandingPanel\SizzyBSummerOfSmite44.jpg' error ()
[0029.91] Error: Failed to read file '..\..\BattleGame\LandingPanel\SizzyBSummerOfSmite44_thumb.jpg' error ()
[0029.91] Error: Failed to read file '..\..\BattleGame\LandingPanel\ReferAFriend22.jpg' error ()
[0029.91] Error: Failed to read file '..\..\BattleGame\LandingPanel\ReferAFriend22_thumb.jpg' error ()
[0029.91] Error: Failed to read file '..\..\BattleGame\LandingPanel\SwC2016.jpg' error ()
[0029.91] Error: Failed to read file '..\..\BattleGame\LandingPanel\SwC2016_thumb.jpg' error ()
[0029.91] Error: Failed to read file '..\..\BattleGame\LandingPanel\XboxOneOpenBeta.jpg' error ()
[0029.91] Error: Failed to read file '..\..\BattleGame\LandingPanel\XboxOneOpenBeta_thumb.jpg' error ()
[0029.91] Error: Failed to read file '..\..\BattleGame\LandingPanel\curse.jpg' error ()
[0029.91] Error: Failed to read file '..\..\BattleGame\LandingPanel\curse_thumb.jpg' error ()
[0029.92] Log: Team/Instance chat routed to Instance Server.
[0029.92] Log: Chat[9]: Appuyez sur ENTRÉE pour accéder à la discussion.
[0029.92] Log: RequestingChannelMembers ch[1] [kimicol a rejoint la discussion.]
[0030.90] Warning: Warning, Failed to load 'Font None.Arial Unicode MS': Failed to find object 'Font None.Arial Unicode MS'
[0062.64] Log: Chat[1]: Statut du clan : Tiny42SH
[0062.65] Log: ---- UpdateClanData
[0131.67] Log: Closing by request
[0131.67] Log: appRequestExit(0)
[0131.67] Log: TgAIBehaviorTreeManager :: De-allocating 47 behavior trees
[0132.26] Exit: Preparing to exit.
[0132.58] Exit: Game engine shut down
[0132.64] Exit: Windows client shut down
[0132.65] Exit: XAudio2 Device shut down.
[0132.91] Exit: Object subsystem successfully closed.
[0134.42] Log: >>>>>>>>>>>>>>>>>> ResubmitMCTSEvent PLAYER_LOGOFF
[0134.58] Log: >>>>>>>>>>>>>>>>>> ResubmitMCTSEvent PLAYER_LOGOFF
[0134.61] Log: Shutting down FaceFX...
[0134.61] Log: FaceFX shutdown.
[0134.82] Exit: Exiting.
