[0000.29] Log: Async Log file open, 08/03/15 17:26:20
[0000.29] Init: WinSock: version 1.1 (2.2), MaxSocks=32767, MaxUdp=65467
[0000.29] Log:  ... running in INSTALLED mode
[0000.29] DevConfig: GConfig::Find has loaded file:  ..\..\Engine\Config\ConsoleVariables.ini
[0000.29] Init: Version: 10897
[0000.29] Init: Epic Internal: 0
[0000.29] Init: Compiled (32-bit): Jul 27 2015 15:39:51
[0000.29] Init: Changelist: 1532151
[0000.29] Init: Game is version 2.10.2868.3.
[0000.29] Init: Command line: -PGUID=f217e716-f401-4696-a0ce-3be9da5b0821  -host=             -host2              -seekfreeloading   -LANGUAGE=FRA -cnmg=722872265220232783247323732384289427642325296526 -cnmg2=722772205229232983237327732684239425642825205520 -ASYNCTICK=FALSE -user=kimicol -epass=0318D48EB4424BC8453F77F6B393B2828309272591535BDEF1EF5A8AA7644D2A -HiCommand -HEXX=8FAF1246
[0000.29] Init: Base directory: C:\Program Files (x86)\Hi-Rez Studios\HiRezGames\smite\binaries\Win32\
[0000.29] Init: Computer: PC-ARTHUR
[0000.29] Init: User: Arthur
[0000.29] Init: CPU Page size=4096, Processors=4, Cores=2
[0000.29] Init: High frequency timer resolution =2.240911 MHz
[0000.29] Init: Memory total: Physical=3.8GB (3GB approx) Pagefile=4.5GB Virtual=4.0GB
[0000.36] DevOnline: Initializing MCTS
[0000.36] Init: Presizing for 60000 objects not considered by GC, pre-allocating 0 bytes.
[0000.36] Init: Object subsystem initialized
[0000.36] Log: Overriding lang INT w/ command-line option of FRA
[0001.98] Log: TgAIBehaviorTreeManager :: Loading behavior trees
[0002.01] Log: TgAIBehaviorTreeManager :: Successfully loaded behavior trees
[0002.01] Log: ShadowPatch: Error -pid should be passed on command line.
[0002.15] Log: AsyncTickTasks DISABLED at startup
[0002.18] Log: SystemSettings based on: SystemSettings
[0002.18] Log: SystemSettings based on: SystemSettings
[0002.18] Log: SystemSettings based on: SystemSettings
[0002.18] Log: SystemSettings based on: SystemSettings
[0002.19] Log: SystemSettings based on: SystemSettings
[0002.87] Log: Found D3D11 adapter 0: Intel(R) HD Graphics Family
[0002.87] Log: Adapter has 1020MB of dedicated video memory, 0MB of dedicated system memory, and 1933MB of shared system memory
[0002.90] Log: Shader platform (RHI): PC-D3D-SM3
[0002.97] Log: PhysX GPU Support: DISABLED
[0004.52] Log: Assembly Loaded Version: DBExport: 07/17/2015 17:51:11,  Src=devsql.hirezcorp.com:smite_live_build, LangSrc=devsql.hirezcorp.com:smite_translations,
[0019.06] Log: Skipping adding Package OnlineSubsystemMcts to NetPackages
[0019.77] Log: 118075 objects as part of root set at end of initial load.
[0019.77] Log: 0 out of 0 bytes used by permanent object pool.
[0019.77] Log: Initializing Engine...
[0021.03] ScriptWarning: Script call stack:
	Function Engine.GameViewportClient:Init

	TgGameViewportClient Transient.TgGameEngine_0:TgGameViewportClient_0
	Function Engine.GameViewportClient:Init:0025
[0021.03] ScriptWarning: Assertion failed, line 672
	TgGameViewportClient Transient.TgGameEngine_0:TgGameViewportClient_0
	Function Engine.GameViewportClient:Init:0025
[0021.03] Warning: Warning, Failed to load 'SwfMovie None.Logos': Failed to find object 'SwfMovie None.Logos'
[0021.03] Log: GFx attempted to load missing object [Logos]
[0021.03] Warning: Warning, Failed to load 'Class None.': Failed to find object 'Class None.'
[0021.03] Warning: Warning, Failed to find object 'Class None.'
[0021.03] Warning: Warning, Failed to load 'Class None.': Failed to find object 'Class None.'
[0021.03] Warning: Warning, Failed to find object 'Class None.'
[0021.03] Warning: Warning, Failed to load 'Class None.': Failed to find object 'Class None.'
[0021.03] Warning: Warning, Failed to find object 'Class None.'
[0021.03] Warning: Warning, Failed to load 'Class None.': Failed to find object 'Class None.'
[0021.03] Warning: Warning, Failed to find object 'Class None.'
[0021.03] DevNet: Browse: lobbymap?Name=Player?Team=255?DefaultCharacter=TgGame.TgCharacter
[0021.04] Log: LoadMap: lobbymap?Name=Player?Team=255?DefaultCharacter=TgGame.TgCharacter
[0021.20] Log: Map Game ID = 0
[0021.20] Log: Map Instance ID = 128615601
[0021.22] Log: Performance: Critical section Lock/Unlock 24 nsec
[0021.22] Log: Performance:  appCycles 11 nsec
[0021.27] Log: Performance:  memCopy per KB 253 nsec
[0021.31] Log: Performance:  memZero per KB 164 nsec
[0021.32] Log: Performance:  appInterlockedIncrement 10 nsec
[0021.32] Log: Performance:  GetTickCount 4 nsec
[0021.32] Log: Game class is 'TgGameLaunch'
[0021.32] TgSLO: Async Load: GodSkins_Portraits_and_Icons
[0021.32] Log: Flushing async loaders.
[0021.36] TgSLO: Finish Load: GodSkins_Portraits_and_Icons
[0021.36] Log: Flushed async loaders.
[0021.40] Log: Primary PhysX scene will be in software.
[0021.40] Log: Creating Primary PhysX Scene.
[0021.40] Log: *** WARNING - PATHS MAY NOT BE VALID ***
[0021.40] Log: Bringing World lobbymap.TheWorld up for play (0) at 2015.08.03-17.26.42
[0021.40] Log: Skipping initialization of FSMPartPool!
[0021.47] Log: Bringing up level for play took: 0.092586
[0022.48] Warning: Warning, Failed to load 'Font None.ArialUnicode': Failed to find object 'Font None.ArialUnicode'
[0022.48] Warning: Warning, Failed to load 'Font None.ArialUnicode': Failed to find object 'Font None.ArialUnicode'
[0022.59] Log: GFx attempted to load missing object [UDKFrontEnd.udk_ime]
[0023.15] Log: ########### Finished loading level: 2.108695 seconds
[0023.24] Log: Flushing async loaders.
[0023.41] Log: Flushed async loaders.
[0023.41] Log: Initializing Engine Completed
[0023.41] Log: >>>>>>>>>>>>>> Initial startup: 23.41s <<<<<<<<<<<<<<<
[0023.41] Log: Browser user data directory is C:\ProgramData\Hi-Rez Studios\BrowserCache\Battle
[0023.44] Log: WebFactory created
[0026.11] Log: Login Success: kimicol
[0026.44] Error: Failed to read file '..\..\BattleGame\LandingPanel\BootyChest.jpg' error ()
[0026.44] Error: Failed to read file '..\..\BattleGame\LandingPanel\UltimateGodPack.jpg' error ()
[0026.44] Error: Failed to read file '..\..\BattleGame\LandingPanel\esportsseasonticket.jpg' error ()
[0026.44] Error: Failed to read file '..\..\BattleGame\LandingPanel\DrSylvanusa.jpg' error ()
[0026.44] Error: Failed to read file '..\..\BattleGame\LandingPanel\esportsseasonticketSkinNew.jpg' error ()
[0026.44] Error: Failed to read file '..\..\BattleGame\LandingPanel\HBundle.jpg' error ()
[0026.44] Error: Failed to read file '..\..\BattleGame\LandingPanel\Tier2Medusa.jpg' error ()
[0026.44] Error: Failed to read file '..\..\BattleGame\LandingPanel\BizzyBCupid4.jpg' error ()
[0026.44] Error: Failed to read file '..\..\BattleGame\LandingPanel\PirateKali.jpg' error ()
[0026.44] Error: Failed to read file '..\..\BattleGame\LandingPanel\HercHunkulese.jpg' error ()
[0026.44] Error: Failed to read file '..\..\BattleGame\LandingPanel\NewGodRavana.jpg' error ()
[0026.44] Error: Failed to read file '..\..\BattleGame\LandingPanel\HeavenlyWarlord223.jpg' error ()
[0026.44] Error: Failed to read file '..\..\BattleGame\LandingPanel\TyrantRavana.jpg' error ()
[0026.44] Error: Failed to read file '..\..\BattleGame\LandingPanel\GodPackTest234.jpg' error ()
[0026.44] Error: Failed to read file '..\..\BattleGame\LandingPanel\GodPackTest234_thumb.jpg' error ()
[0026.44] Error: Failed to read file '..\..\BattleGame\LandingPanel\RetroHerc.jpg' error ()
[0026.44] Error: Failed to read file '..\..\BattleGame\LandingPanel\RetroHerc_thumb.jpg' error ()
[0026.44] Error: Failed to read file '..\..\BattleGame\LandingPanel\Loki.jpg' error ()
[0026.44] Error: Failed to read file '..\..\BattleGame\LandingPanel\Loki_thumb.jpg' error ()
[0026.45] Error: Failed to read file '..\..\BattleGame\LandingPanel\Madscientist.jpg' error ()
[0026.45] Error: Failed to read file '..\..\BattleGame\LandingPanel\Madscientist_thumb.jpg' error ()
[0026.45] Error: Failed to read file '..\..\BattleGame\LandingPanel\SoS.jpg' error ()
[0026.45] Error: Failed to read file '..\..\BattleGame\LandingPanel\SoS_thumb.jpg' error ()
[0026.45] Error: Failed to read file '..\..\BattleGame\LandingPanel\ReferAFriend22.jpg' error ()
[0026.45] Error: Failed to read file '..\..\BattleGame\LandingPanel\ReferAFriend22_thumb.jpg' error ()
[0026.45] Log: Team/Instance chat routed to Instance Server.
[0026.46] Log: Chat[9]: Appuyez sur ENTRÉE pour accéder à la discussion.
[0026.46] Log: RequestingChannelMembers ch[1] [kimicol a rejoint la discussion.]
[0026.86] Warning: Warning, Failed to load 'Font None.Arial Unicode MS': Failed to find object 'Font None.Arial Unicode MS'
[0064.92] Log: Chat[1]: Statut du clan : Tiny42SH
[0064.92] Log: ---- UpdateClanData
[0067.26] Log: ---- UpdateClanData
[0071.47] Log: ---- UpdateClanData
[0077.38] Log: Chat[9]: Vous avez rejoint une file d'attente.
[0175.83] Log: RequestingChannelMembers ch[3] [kimicol a rejoint la discussion.]
[0175.83] Log: RequestingChannelMembers ch[3] [TheWarriorDark3 a quitté la discussion.]
[0177.92] Log: RequestingChannelMembers ch[3] [kimicol a rejoint la discussion.]
[0178.31] Log: RequestingChannelMembers ch[3] [TheWarriorDark3 a rejoint la discussion.]
[0179.45] Log: RequestingChannelMembers ch[3] [BorjaDraft a rejoint la discussion.]
[0185.65] Warning: Warning, Failed to load 'Class None.None': Failed to find object 'Class None.None'
[0185.65] Warning: Warning, Failed to find object 'Class None.None'
[0185.65] Warning: Warning, Failed to load 'Class None.None': Failed to find object 'Class None.None'
[0185.65] Warning: Warning, Failed to find object 'Class None.None'
[0185.65] Warning: Warning, Failed to load 'Class None.None': Failed to find object 'Class None.None'
[0185.65] Warning: Warning, Failed to find object 'Class None.None'
[0185.65] Warning: Warning, Failed to load 'Class None.None': Failed to find object 'Class None.None'
[0185.65] Warning: Warning, Failed to find object 'Class None.None'
[0185.65] Warning: Warning, Failed to load 'Class None.None': Failed to find object 'Class None.None'
[0185.65] Warning: Warning, Failed to find object 'Class None.None'
[0188.55] TgSLO: Async Load: GOD_Poseidon
[0188.55] TgSLO: Async Load: GOD_Poseidon_Lobby
[0188.55] TgSLO: Async Load: FX_Poseidon
[0188.55] TgSLO: Async Load: NPC_Kraken
[0189.75] TgSLO: Finish Load: GOD_Poseidon
[0190.09] TgSLO: Finish Load: GOD_Poseidon_Lobby
[0190.77] TgSLO: Finish Load: FX_Poseidon
[0191.03] TgSLO: Finish Load: NPC_Kraken
[0197.35] TgSLO: Async Load: GOD_Neith
[0197.35] TgSLO: Async Load: GOD_Neith_Lobby
[0197.35] TgSLO: Async Load: FX_Neith
[0198.22] TgSLO: Finish Load: GOD_Neith
[0198.88] TgSLO: Finish Load: GOD_Neith_Lobby
[0199.31] TgSLO: Finish Load: FX_Neith
[0207.48] TgSLO: Async Load: GOD_Ymir
[0207.48] TgSLO: Async Load: GOD_Ymir_Lobby
[0207.48] TgSLO: Async Load: FX_Ymir
[0207.48] TgSLO: Async Load: GOD_Ymir_Skin3
[0207.48] TgSLO: Async Load: FX_Ymir_Skin3
[0207.48] TgSLO: Async Load: AUD_God_Ymir
[0207.48] TgSLO: Async Load: FX_Ymir_Targeting_Skin3
[0207.48] TgSLO: Async Load: AnimNotify8400
[0208.94] TgSLO: Finish Load: GOD_Ymir
[0209.19] TgSLO: Finish Load: GOD_Ymir_Lobby
[0209.88] TgSLO: Finish Load: FX_Ymir
[0210.13] TgSLO: Finish Load: GOD_Ymir_Skin3
[0210.54] TgSLO: Finish Load: FX_Ymir_Skin3
[0211.95] Log: Chat[3]: ymiy tank
[0212.05] TgSLO: Finish Load: AUD_God_Ymir
[0212.16] TgSLO: Finish Load: FX_Ymir_Targeting_Skin3
[0212.26] TgSLO: Finish Load: AnimNotify8400
[0217.21] Log: Chat[3]: ymir
[0219.88] DevNet: URL: Adding default option Team=255
[0219.88] Log: ReceiveChangeMap: mapGameId 1503
[0220.29] DevNet: URL: Adding default option Team=255
[0220.29] DevNet: Browse: 72.251.243.212:9074/lobbymap?GameState=OGS_NoSession?GameMode=0?name=Player?map_instance_id=174035223?Team=255
[0220.29] DevNet: Game client on port 9074, rate 25000
[0220.82] DevNet: Welcomed by server (Level: joust_v2_p, Game: TgGame.TgGame_Battle_Joust)
[0221.03] Log: LoadMap: 72.251.243.212:9074/joust_v2_p?GameState=OGS_NoSession?GameMode=0?name=Player?map_instance_id=174035223?Team=255?game=TgGame.TgGame_Battle_Joust
[0221.29] Log: Map Game ID = 0
[0221.29] Log: Map Instance ID = 128615601
[0221.32] Log: Performance: Critical section Lock/Unlock 25 nsec
[0221.32] Log: Performance:  appCycles 12 nsec
[0221.38] Log: Performance:  memCopy per KB 301 nsec
[0221.42] Log: Performance:  memZero per KB 191 nsec
[0221.43] Log: Performance:  appInterlockedIncrement 10 nsec
[0221.44] Log: Performance:  GetTickCount 4 nsec
[0234.88] TgSLO: Async Load: FX_Store_Items
[0234.88] TgSLO: Async Load: FX_Store_Items_Targeting
[0234.88] TgSLO: Async Load: FX_Status_Effects
[0234.88] TgSLO: Async Load: GOD_CommonMaterialEffects
[0234.88] TgSLO: Async Load: GOD_Common_AT
[0234.88] TgSLO: Async Load: AUD_VOX_Narrator
[0234.88] TgSLO: Async Load: NPC_Ward2
[0234.88] TgSLO: Async Load: FX_Buff_Belts_V2
[0234.88] TgSLO: Async Load: FX_Fist_Of_God_V2
[0234.88] TgSLO: Async Load: GOD_Ymir
[0234.88] TgSLO: Async Load: GOD_Ymir_Textures
[0234.88] TgSLO: Async Load: FX_Ymir
[0234.88] TgSLO: Async Load: AUD_God_Ymir
[0234.88] TgSLO: Async Load: GOD_Ymir_Skin3
[0234.88] TgSLO: Async Load: FX_Ymir_Skin3
[0234.88] TgSLO: Async Load: FX_Ymir_Targeting_Skin3
[0234.88] TgSLO: Async Load: AnimNotify8400
[0234.88] TgSLO: Async Load: NPC_Ward_Curse
[0234.88] TgSLO: Async Load: NPC_Ward_BobbleHead_Base
[0234.88] TgSLO: Async Load: NPC_Ward_Eyeballs
[0234.88] TgSLO: Async Load: FX_Common
[0234.88] TgSLO: Async Load: AUD_UI
[0234.88] TgSLO: Async Load: GOD_Poseidon
[0234.88] TgSLO: Async Load: GOD_Poseidon_Textures
[0234.88] TgSLO: Async Load: FX_Poseidon
[0234.88] TgSLO: Async Load: AUD_God_Poseidon
[0234.88] TgSLO: Async Load: NPC_Kraken
[0234.88] TgSLO: Async Load: NPC_Kraken_Textures
[0234.88] TgSLO: Async Load: AUD_NPC_Kraken
[0234.88] TgSLO: Async Load: GOD_Neith
[0234.88] TgSLO: Async Load: GOD_Neith_Textures
[0234.88] TgSLO: Async Load: FX_Neith
[0234.88] TgSLO: Async Load: FX_Neith_Targeting
[0234.88] TgSLO: Async Load: AUD_God_Neith
[0234.88] TgSLO: Async Load: GOD_Vamana
[0234.88] TgSLO: Async Load: GOD_Vamana_Textures
[0234.88] TgSLO: Async Load: FX_Vamana
[0234.88] TgSLO: Async Load: AUD_God_Vamana
[0234.88] TgSLO: Async Load: GOD_Aphrodite
[0234.88] TgSLO: Async Load: GOD_Aphrodite_Textures
[0234.88] TgSLO: Async Load: FX_Aphrodite
[0234.88] TgSLO: Async Load: AUD_God_Aphrodite
[0234.88] TgSLO: Async Load: GOD_Aphrodite_Skin4
[0234.88] TgSLO: Async Load: AUD_VOX_God_Aphrodite_Skin4
[0234.88] TgSLO: Async Load: FX_Aphrodite_Skin4
[0234.89] TgSLO: Async Load: AnimNotify11565
[0234.89] TgSLO: Async Load: FX_Emote_global_Fireworks_A
[0234.89] TgSLO: Async Load: GOD_Ullr
[0234.89] TgSLO: Async Load: GOD_Ullr_Textures
[0234.89] TgSLO: Async Load: FX_Ullr
[0234.89] TgSLO: Async Load: AUD_God_Ullr
[0234.89] TgSLO: Async Load: Joust_Tower
[0234.89] TgSLO: Async Load: FX_Tower
[0234.89] TgSLO: Async Load: FX_Greek_Tower
[0234.89] TgSLO: Async Load: AUD_Tower
[0234.89] TgSLO: Async Load: NPC_Phoenix
[0234.89] TgSLO: Async Load: NPC_Phoenix_Textures
[0234.89] TgSLO: Async Load: FX_Phoenix
[0234.89] TgSLO: Async Load: AUD_NPC_Phoenix
[0234.89] TgSLO: Async Load: MDL_PseudoMesh
[0234.89] TgSLO: Async Load: NPC_Joust_Minion
[0234.89] TgSLO: Async Load: NPC_Joust_Minion_Textures
[0234.89] TgSLO: Async Load: NPC_Minion_Universal
[0234.89] TgSLO: Async Load: FX_Roman
[0234.89] TgSLO: Async Load: FX_Minion_Death
[0234.89] TgSLO: Async Load: AUD_NPC_RomanArcher
[0234.89] TgSLO: Async Load: AUD_NPC_Olympus
[0234.89] TgSLO: Async Load: NPC_Guardian_Female
[0234.89] TgSLO: Async Load: NPC_Guardian_Female_AT
[0234.89] TgSLO: Async Load: FX_Guardian_Female
[0234.89] TgSLO: Async Load: AUD_NPC_Guardian_Female
[0234.89] TgSLO: Async Load: NPC_Guardian_Male
[0234.89] TgSLO: Async Load: NPC_Guardian_Male_AT
[0234.89] TgSLO: Async Load: FX_Guardian_Male
[0234.89] TgSLO: Async Load: AUD_NPC_Guardian_Male
[0234.89] TgSLO: Async Load: NPC_Cyclops_V2
[0234.89] TgSLO: Async Load: FX_NPC_Cyclops_V2
[0234.89] TgSLO: Async Load: AUD_NPC_Cyclops
[0234.89] Log: Flushing async loaders.
[0234.95] TgSLO: Finish Load: FX_Store_Items
[0234.98] TgSLO: Finish Load: FX_Store_Items_Targeting
[0235.00] TgSLO: Finish Load: FX_Status_Effects
[0235.02] TgSLO: Finish Load: GOD_CommonMaterialEffects
[0235.03] TgSLO: Finish Load: GOD_Common_AT
[0235.20] TgSLO: Finish Load: AUD_VOX_Narrator
[0235.23] TgSLO: Finish Load: NPC_Ward2
[0235.33] TgSLO: Finish Load: FX_Buff_Belts_V2
[0235.36] TgSLO: Finish Load: FX_Fist_Of_God_V2
[0235.52] TgSLO: Finish Load: GOD_Ymir
[0235.52] TgSLO: Finish Load: GOD_Ymir_Textures
[0235.58] TgSLO: Finish Load: FX_Ymir
[0235.71] TgSLO: Finish Load: AUD_God_Ymir
[0235.73] TgSLO: Finish Load: GOD_Ymir_Skin3
[0235.77] TgSLO: Finish Load: FX_Ymir_Skin3
[0235.78] TgSLO: Finish Load: FX_Ymir_Targeting_Skin3
[0235.79] TgSLO: Finish Load: AnimNotify8400
[0235.85] TgSLO: Finish Load: NPC_Ward_Curse
[0235.87] TgSLO: Finish Load: NPC_Ward_BobbleHead_Base
[0235.94] TgSLO: Finish Load: NPC_Ward_Eyeballs
[0236.13] TgSLO: Finish Load: FX_Common
[0236.18] TgSLO: Finish Load: AUD_UI
[0236.31] TgSLO: Finish Load: GOD_Poseidon
[0236.31] TgSLO: Finish Load: GOD_Poseidon_Textures
[0236.35] TgSLO: Finish Load: FX_Poseidon
[0236.42] TgSLO: Finish Load: AUD_God_Poseidon
[0236.46] TgSLO: Finish Load: NPC_Kraken
[0236.47] TgSLO: Finish Load: NPC_Kraken_Textures
[0236.52] TgSLO: Finish Load: AUD_NPC_Kraken
[0236.62] TgSLO: Finish Load: GOD_Neith
[0236.62] TgSLO: Finish Load: GOD_Neith_Textures
[0236.65] TgSLO: Finish Load: FX_Neith
[0236.76] TgSLO: Finish Load: FX_Neith_Targeting
[0236.85] TgSLO: Finish Load: AUD_God_Neith
[0237.49] TgSLO: Finish Load: GOD_Vamana
[0237.49] TgSLO: Finish Load: GOD_Vamana_Textures
[0237.52] TgSLO: Finish Load: FX_Vamana
[0237.57] TgSLO: Finish Load: AUD_God_Vamana
[0237.66] TgSLO: Finish Load: GOD_Aphrodite
[0237.66] TgSLO: Finish Load: GOD_Aphrodite_Textures
[0237.70] TgSLO: Finish Load: FX_Aphrodite
[0237.77] TgSLO: Finish Load: AUD_God_Aphrodite
[0237.85] TgSLO: Finish Load: GOD_Aphrodite_Skin4
[0238.02] TgSLO: Finish Load: AUD_VOX_God_Aphrodite_Skin4
[0238.04] TgSLO: Finish Load: FX_Aphrodite_Skin4
[0238.05] TgSLO: Finish Load: AnimNotify11565
[0238.07] TgSLO: Finish Load: FX_Emote_global_Fireworks_A
[0238.07] TgSLO: Finish Load: GOD_Ullr
[0238.08] TgSLO: Finish Load: GOD_Ullr_Textures
[0238.17] TgSLO: Finish Load: FX_Ullr
[0238.27] TgSLO: Finish Load: AUD_God_Ullr
[0238.61] TgSLO: Finish Load: Joust_Tower
[0238.64] TgSLO: Finish Load: FX_Tower
[0238.69] TgSLO: Finish Load: FX_Greek_Tower
[0238.79] TgSLO: Finish Load: AUD_Tower
[0238.97] TgSLO: Finish Load: NPC_Phoenix
[0238.99] TgSLO: Finish Load: NPC_Phoenix_Textures
[0239.01] TgSLO: Finish Load: FX_Phoenix
[0239.07] TgSLO: Finish Load: AUD_NPC_Phoenix
[0239.09] TgSLO: Finish Load: MDL_PseudoMesh
[0239.13] TgSLO: Finish Load: NPC_Joust_Minion
[0239.13] TgSLO: Finish Load: NPC_Joust_Minion_Textures
[0239.34] TgSLO: Finish Load: NPC_Minion_Universal
[0239.37] TgSLO: Finish Load: FX_Roman
[0239.39] TgSLO: Finish Load: FX_Minion_Death
[0239.43] TgSLO: Finish Load: AUD_NPC_RomanArcher
[0239.43] TgSLO: Finish Load: AUD_NPC_Olympus
[0239.83] TgSLO: Finish Load: NPC_Guardian_Female
[0239.86] TgSLO: Finish Load: NPC_Guardian_Female_AT
[0239.86] TgSLO: Finish Load: FX_Guardian_Female
[0239.87] TgSLO: Finish Load: AUD_NPC_Guardian_Female
[0240.24] TgSLO: Finish Load: NPC_Guardian_Male
[0240.26] TgSLO: Finish Load: NPC_Guardian_Male_AT
[0240.32] TgSLO: Finish Load: FX_Guardian_Male
[0240.38] TgSLO: Finish Load: AUD_NPC_Guardian_Male
[0240.60] TgSLO: Finish Load: NPC_Cyclops_V2
[0240.60] TgSLO: Finish Load: FX_NPC_Cyclops_V2
[0240.69] TgSLO: Finish Load: AUD_NPC_Cyclops
[0240.69] Log: Flushed async loaders.
[0240.70] Log: Primary PhysX scene will be in software.
[0240.70] Log: Creating Primary PhysX Scene.
[0240.70] Log: Bringing World joust_v2_p.TheWorld up for play (595) at 2015.08.03-17.30.21
[0240.70] Log: Skipping initialization of FSMPartPool!
[0240.70] Log: Bringing up level for play took: 0.018006
[0240.70] Warning: Warning, Failed to load 'Class None.': Failed to find object 'Class None.'
[0240.70] Warning: Warning, Failed to find object 'Class None.'
[0240.70] Log: PlayerController class for the pending level is PlayerController
[0240.71] Log: ########### Finished loading level: 19.670978 seconds
[0240.71] Log: Flushing async loaders.
[0242.02] Log: Flushed async loaders.
[0242.37] DevNet: TgPlayerController_1 setplayer TgLocalPlayer_0
[0242.55] Log: AttachToOwner - Socket (FX_ORIGIN_Origin) not found in owner mesh or its parent! (2702 to NONE)
[0242.55] Log: Flushing async loaders.
[0242.62] Log: Flushed async loaders.
[0242.65] Log: AttachToOwner - Socket (FX_ORIGIN_Origin) not found in owner mesh or its parent! (2702 to NONE)
[0242.66] Log: AttachToOwner - Socket (FX_ORIGIN_Origin) not found in owner mesh or its parent! (2702 to NONE)
[0242.66] Log: TeamIndex 2 has new leader: 1890807
[0242.67] Log: AttachToOwner - Socket (FX_ORIGIN_Origin) not found in owner mesh or its parent! (2702 to NONE)
[0242.70] Log: AttachToOwner - Socket (FX_ORIGIN_Origin) not found in owner mesh or its parent! (2702 to NONE)
[0242.70] Log: AttachToOwner - Socket (FX_ORIGIN_Origin) not found in owner mesh or its parent! (2702 to NONE)
[0242.70] Warning: Warning, The Outer object (Package FX_Aphrodite_ExtraBeam.Materials) for 'FX_Aphrodite_ExtraBeam.Materials.MIC_SineBeam_Ability2' couldn't be loaded [while loading package FX_Aphrodite_ExtraBeam]: Invalid linker index [couldn't load Package FX_Aphrodite_ExtraBeam.Materials]?
[0242.70] Warning: Warning, Failed to load 'MaterialInstanceConstant FX_Aphrodite_ExtraBeam.Materials.MIC_SineBeam_Ability2': Failed to find object 'MaterialInstanceConstant FX_Aphrodite_ExtraBeam.Materials.MIC_SineBeam_Ability2'
[0242.74] Log: ---- UpdateClanData
[0242.75] Log: ActivateLevel joust_v2_crowd 1 1 0
[0242.75] Log: ActivateLevel joust_sound 1 1 0
[0242.75] Log: ActivateLevel joust_v2_p_assist 1 1 0
[0242.92] Log: Activated joust_v2_p_assist 1 1 0
[0248.22] Log: RequestingChannelMembers ch[3] [TheWarriorDark3 a quitté la discussion.]
[0272.39] Warning: Warning, Failed to load 'Texture None.blah': Failed to find object 'Texture None.blah'
[0283.09] Log: Requesting purchase of itemId (10033) amount (1)
[0284.89] Log: Requesting purchase of itemId (10186) amount (1)
[0291.18] Log: Requesting purchase of itemId (8134) amount (1)
[0291.36] Log: Requesting purchase of itemId (8134) amount (1)
[0292.91] Log: Requesting purchase of itemId (8135) amount (1)
[0346.20] Log: TeamIndex 1 has new leader: 7120997
[0377.95] Log: RequestingChannelMembers ch[3] [TheWarriorDark3 a rejoint la discussion.]
[0382.70] Log: Chat[3]: [VVB] Je reviens !
[0399.07] Log: Requesting purchase of itemId (10032) amount (1)
[0402.95] Log: ---- UpdateClanData
[0403.74] Log: Requesting purchase of itemId (10036) amount (1)
[0408.11] Log: ---- UpdateClanData
[0430.27] Log: RequestingChannelMembers ch[3] [TheWarriorDark3 a quitté la discussion.]
[0439.40] Log: PUSHING Accolade: MrK4por4l verse le Premier sang !, local: false
[0444.16] Log: Requesting purchase of itemId (8134) amount (1)
[0444.64] Log: Requesting purchase of itemId (8134) amount (1)
[0453.21] Log: Requesting purchase of itemId (9011) amount (1)
[0454.10] Log: PlayCustomAnim Offhand_01_Jump, CustomChildIndex: 1, Animation Not Found!!
[0455.01] Log: PUSHING Accolade: , local: false
[0488.90] Log: PlayCustomAnim Offhand_01_Jump, CustomChildIndex: 1, Animation Not Found!!
[0562.76] Log: PlayCustomAnim Offhand_01_Jump, CustomChildIndex: 1, Animation Not Found!!
[0575.34] Log: Requesting purchase of itemId (10187) amount (1)
[0580.13] Log: Requesting purchase of itemId (9012) amount (1)
[0581.34] Log: Requesting purchase of itemId (8134) amount (1)
[0583.76] Warning: Warning, Material GOD_Aphrodite.Materials.MAT_PinkInvulnerability missing bUsedWithMorphTargets=True!
[0583.76] Warning: Warning, Material GOD_Aphrodite.Materials.MAT_PinkInvulnerability missing bUsedWithMorphTargets=True!
[0583.76] Warning: Warning, Material GOD_Aphrodite.Materials.MAT_PinkInvulnerability missing bUsedWithMorphTargets=True!
[0595.25] Log: RequestingChannelMembers ch[3] [TheWarriorDark3 a rejoint la discussion.]
[0605.97] Log: Inventory Error Recovery: Resubmitting an inventory item that could not find its device
[0605.97] Log: Inventory Error Recovery: Resubmitting an inventory item that could not find its device
[0609.52] Log: Inventory Error Recovery: Resubmitting an inventory item that could not find its device
[0609.52] Log: Inventory Error Recovery: Resubmitting an inventory item that could not find its device
[0609.53] Log: Inventory Error Recovery: Resubmitting an inventory item that could not find its device
[0609.55] Log: Inventory Error Recovery: Resubmitting an inventory item that could not find its device
[0609.56] Log: Inventory Error Recovery: Resubmitting an inventory item that could not find its device
[0609.57] Log: Inventory Error Recovery: Resubmitting an inventory item that could not find its device
[0609.59] Log: Inventory Error Recovery: Resubmitting an inventory item that could not find its device
[0609.61] Log: Inventory Error Recovery: Resubmitting an inventory item that could not find its device
[0642.39] Log: RequestingChannelMembers ch[3] [TheWarriorDark3 a quitté la discussion.]
[0706.00] Log: PUSHING Accolade: BangSilverFang a tué un joueur !, local: false
[0706.17] Log: Chat[9]: Tuer MrK4por4l vous a donné 260 XP et 392 pièces d'or.
[0707.51] Log: Expiring Accolade: VICTIME
[0716.22] Log: Requesting purchase of itemId (8254) amount (1)
[0721.32] Log: PlayCustomAnim Offhand_01_Jump, CustomChildIndex: 1, Animation Not Found!!
[0731.36] Log: Requesting purchase of itemId (8735) amount (1)
[0733.44] Log: Requesting purchase of itemId (8134) amount (1)
[0735.91] Log: AttachToOwner - Socket (WSO_Emit_01) not found in owner mesh or its parent! (1027 to NONE)
[0735.93] Log: Requesting purchase of itemId (8135) amount (1)
[0738.54] Log: Requesting purchase of itemId (9767) amount (1)
[0752.13] Log: RequestingChannelMembers ch[3] [TheWarriorDark3 a rejoint la discussion.]
[0809.04] Log: Requesting purchase of itemId (8736) amount (1)
[0831.16] Warning: Warning, Material GOD_Aphrodite.Materials.MAT_PinkInvulnerability missing bUsedWithMorphTargets=True!
[0831.16] Warning: Warning, Material GOD_Aphrodite.Materials.MAT_PinkInvulnerability missing bUsedWithMorphTargets=True!
[0831.16] Warning: Warning, Material GOD_Aphrodite.Materials.MAT_PinkInvulnerability missing bUsedWithMorphTargets=True!
[0833.45] Log: PlayCustomAnim Offhand_01_Jump, CustomChildIndex: 1, Animation Not Found!!
[0903.94] Log: PlayCustomAnim Offhand_01_Jump, CustomChildIndex: 1, Animation Not Found!!
[0905.30] Log: Inventory Error Recovery: Resubmitting an inventory item that could not find its device
[0905.30] Log: Inventory Error Recovery: Resubmitting an inventory item that could not find its device
[0924.49] Log: PlayCustomAnim Offhand_01_Jump, CustomChildIndex: 1, Animation Not Found!!
[0934.57] Log: Chat[3]: [VVM] Plus de mana !
[0983.21] Log: PUSHING Accolade: , local: false
[0984.57] Log: Requesting purchase of itemId (8087) amount (1)
[0987.39] Log: Requesting purchase of itemId (8134) amount (1)
[0987.57] Log: Requesting purchase of itemId (8134) amount (1)
[0988.09] Log: Requesting purchase of itemId (8134) amount (1)
[0992.90] Log: Requesting purchase of itemId (10179) amount (1)
[1011.41] Log: Inventory Error Recovery: Resubmitting an inventory item that could not find its device
[1011.41] Log: Inventory Error Recovery: Resubmitting an inventory item that could not find its device
[1041.50] Log: PUSHING Accolade: , local: false
[1043.02] Log: PUSHING Accolade: ASSISTÉ, local: true
[1097.24] Log: ---- UpdateClanData
[1103.21] Log: ---- UpdateClanData
[1127.68] Warning: Warning, Material GOD_Aphrodite.Materials.MAT_PinkInvulnerability missing bUsedWithMorphTargets=True!
[1127.68] Warning: Warning, Material GOD_Aphrodite.Materials.MAT_PinkInvulnerability missing bUsedWithMorphTargets=True!
[1127.68] Warning: Warning, Material GOD_Aphrodite.Materials.MAT_PinkInvulnerability missing bUsedWithMorphTargets=True!
[1151.58] Log: Chat[9]: Tuer BangSilverFang vous a donné 320 XP et 356 pièces d'or.
[1151.76] Log: PUSHING Accolade: VICTIME, local: true
[1153.28] Log: PUSHING Accolade: VENGEANCE, local: true
[1154.78] Log: PUSHING Accolade: Rester en ligne, local: true
[1158.16] Log: PUSHING Accolade: , local: false
[1159.67] Log: PUSHING Accolade: ASSISTÉ, local: true
[1176.29] Log: Requesting purchase of itemId (8655) amount (1)
[1178.16] Log: Requesting purchase of itemId (8134) amount (1)
[1179.77] Log: Requesting purchase of itemId (8135) amount (1)
[1180.78] Log: Requesting purchase of itemId (8135) amount (1)
[1184.43] Log: PUSHING Accolade: BorjaDraft fait une tuerie ! (x3), local: false
[1212.98] Log: Chat[1]: Staelos vient de se déconnecter.
[1212.98] Log: ---- UpdateClanData
[1321.90] Log: Chat[3]: defeended fenix
[1336.07] Log: Chat[3]: denfend phoenix
[1378.82] Warning: Warning, Material GOD_Aphrodite.Materials.MAT_PinkInvulnerability missing bUsedWithMorphTargets=True!
[1378.82] Warning: Warning, Material GOD_Aphrodite.Materials.MAT_PinkInvulnerability missing bUsedWithMorphTargets=True!
[1378.82] Warning: Warning, Material GOD_Aphrodite.Materials.MAT_PinkInvulnerability missing bUsedWithMorphTargets=True!
[1531.73] Log: Requesting purchase of itemId (8102) amount (1)
[1533.75] Log: Requesting purchase of itemId (8134) amount (1)
[1542.24] Log: PlayCustomAnim Offhand_01_Jump, CustomChildIndex: 1, Animation Not Found!!
[1621.63] Log: PlayCustomAnim Offhand_01_Jump, CustomChildIndex: 1, Animation Not Found!!
[1621.75] Warning: Warning, Material GOD_Aphrodite.Materials.MAT_PinkInvulnerability missing bUsedWithMorphTargets=True!
[1621.75] Warning: Warning, Material GOD_Aphrodite.Materials.MAT_PinkInvulnerability missing bUsedWithMorphTargets=True!
[1621.75] Warning: Warning, Material GOD_Aphrodite.Materials.MAT_PinkInvulnerability missing bUsedWithMorphTargets=True!
[1647.10] Log: SendChat[3] 
[1695.27] Log: PlayCustomAnim Offhand_01_Jump, CustomChildIndex: 1, Animation Not Found!!
[1704.87] Log: Inventory Error Recovery: Resubmitting an inventory item that could not find its device
[1704.87] Log: Inventory Error Recovery: Resubmitting an inventory item that could not find its device
[1704.87] Log: Inventory Error Recovery: Resubmitting an inventory item that could not find its device
[1704.87] Log: Inventory Error Recovery: Resubmitting an inventory item that could not find its device
[1728.88] Log: PUSHING Accolade: , local: false
[1730.39] Log: PUSHING Accolade: ASSISTÉ, local: true
[1757.19] Warning: Warning, Material GOD_Aphrodite.Materials.MAT_PinkInvulnerability missing bUsedWithMorphTargets=True!
[1757.19] Warning: Warning, Material GOD_Aphrodite.Materials.MAT_PinkInvulnerability missing bUsedWithMorphTargets=True!
[1757.19] Warning: Warning, Material GOD_Aphrodite.Materials.MAT_PinkInvulnerability missing bUsedWithMorphTargets=True!
[1815.59] Log: Inventory Error Recovery: Resubmitting an inventory item that could not find its device
[1815.60] Log: Inventory Error Recovery: Resubmitting an inventory item that could not find its device
[1815.62] Log: Inventory Error Recovery: Resubmitting an inventory item that could not find its device
[1832.22] Log: PlayCustomAnim Offhand_01_Jump, CustomChildIndex: 1, Animation Not Found!!
[1832.62] Log: Chat[9]: Tuer MrK4por4l vous a donné 500 XP et 418 pièces d'or.
[1832.82] Log: PUSHING Accolade: TUERIE (X3), local: true
[1908.65] Log: Requesting purchase of itemId (8251) amount (1)
[1909.02] Log: Chat[3]: kimicol a acheté l'objet Lame de la sorcière.
[1910.89] Log: Requesting purchase of itemId (8134) amount (1)
[1911.05] Log: Requesting purchase of itemId (8134) amount (1)
[1914.16] Log: PlayCustomAnim Offhand_01_Jump, CustomChildIndex: 1, Animation Not Found!!
[1946.60] Log: PUSHING Accolade: BorjaDraft fait un massacre ! (x5), local: false
[1948.10] Log: PUSHING Accolade: ASSISTÉ, local: true
[1974.35] Warning: Warning, Material GOD_Aphrodite.Materials.MAT_PinkInvulnerability missing bUsedWithMorphTargets=True!
[1974.35] Warning: Warning, Material GOD_Aphrodite.Materials.MAT_PinkInvulnerability missing bUsedWithMorphTargets=True!
[1974.35] Warning: Warning, Material GOD_Aphrodite.Materials.MAT_PinkInvulnerability missing bUsedWithMorphTargets=True!
[2041.84] Log: PlayCustomAnim Offhand_01_Jump, CustomChildIndex: 1, Animation Not Found!!
[2079.79] Log: Chat[9]: Tuer BangSilverFang vous a donné 440 XP et 286 pièces d'or.
[2079.98] Log: PUSHING Accolade: VICTIME, local: true
[2089.99] Log: AttachToOwner - Socket (WSO_Emit_01) not found in owner mesh or its parent! (1027 to NONE)
[2120.31] Warning: Warning, Material GOD_Aphrodite.Materials.MAT_PinkInvulnerability missing bUsedWithMorphTargets=True!
[2120.31] Warning: Warning, Material GOD_Aphrodite.Materials.MAT_PinkInvulnerability missing bUsedWithMorphTargets=True!
[2120.31] Warning: Warning, Material GOD_Aphrodite.Materials.MAT_PinkInvulnerability missing bUsedWithMorphTargets=True!
[2127.18] Log: Inventory Error Recovery: Resubmitting an inventory item that could not find its device
[2127.18] Log: Inventory Error Recovery: Resubmitting an inventory item that could not find its device
[2144.04] Log: PlayCustomAnim Offhand_01_Jump, CustomChildIndex: 1, Animation Not Found!!
[2199.27] Log: PlayCustomAnim Offhand_01_Jump, CustomChildIndex: 1, Animation Not Found!!
[2207.43] Log: PUSHING Accolade: BangSilverFang a stoppé BorjaDraft dans son élan, local: false
[2207.43] Log: Suppressing Accolade: 
[2225.22] Log: PlayCustomAnim Offhand_01_Jump, CustomChildIndex: 1, Animation Not Found!!
[2232.41] Log: PUSHING Accolade: BangSilverFang a tué un joueur !, local: false
[2244.70] Log: Requesting purchase of itemId (8134) amount (1)
[2244.86] Log: Requesting purchase of itemId (8134) amount (1)
[2245.69] Log: PlayCustomAnim Offhand_01_Jump, CustomChildIndex: 1, Animation Not Found!!
[2262.81] Log: Requesting purchase of itemId (8185) amount (1)
[2283.11] Log: Requesting purchase of itemId (8134) amount (1)
[2283.28] Log: Requesting purchase of itemId (8134) amount (1)
[2401.94] Log: PlayCustomAnim Offhand_01_Jump, CustomChildIndex: 1, Animation Not Found!!
[2405.25] Log: Chat[9]: Tuer MrK4por4l vous a donné 590 XP et 468 pièces d'or.
[2405.44] Log: PUSHING Accolade: VICTIME, local: true
[2423.36] Log: PlayCustomAnim Offhand_01_Jump, CustomChildIndex: 1, Animation Not Found!!
[2448.05] Log: PUSHING Accolade: BangSilverFang fait une tuerie ! (x3), local: false
[2569.24] Log: PlayCustomAnim Offhand_01_Jump, CustomChildIndex: 1, Animation Not Found!!
[2599.84] Log: PUSHING Accolade: CronosFR a tué un joueur !, local: false
[2605.88] Log: PlayCustomAnim Offhand_01_Jump, CustomChildIndex: 1, Animation Not Found!!
[2608.84] Log: PUSHING Accolade: CronosFR a fait un doublé !, local: false
[2608.84] Log: Suppressing Accolade: 
[2616.06] Log: PUSHING Accolade: CronosFR a fait un triplé !, local: false
[2616.06] Log: Suppressing Accolade: CronosFR fait une tuerie ! (x3)
[2618.07] Log: PUSHING Accolade: DÉICIDE, local: true
[2624.12] Log: ---- UpdateClanData
[2624.12] Log: ---- UpdateClanData
[2630.58] Log: PlayCustomAnim OffhandGigantor_SmallIn, CustomChildIndex: 1, Animation Not Found!!
[2637.82] Log: ---- UpdateClanData
[2643.04] DevNet: URL: Adding default option Team=255
[2643.04] Log: ReceiveChangeMap: mapGameId 1447
[2643.05] Log: ---- UpdateClanData
[2643.05] Log: RequestingChannelMembers ch[3] [BorjaDraft a quitté la discussion.]
[2643.06] DevNet: URL: Adding default option Team=255
[2643.06] DevNet: Browse: LobbyMap?game=TgClient.TgGameLaunch?GameState=OGS_NoSession?GameMode=0?name=Player?Team=255
[2643.19] Log: LoadMap: LobbyMap?game=TgClient.TgGameLaunch?GameState=OGS_NoSession?GameMode=0?name=Player?Team=255
[2643.29] NetComeGo: Close PComNetDriver_0 PComNetConn_0 72.251.243.212:9074 08/03/15 18:10:23
[2643.39] Exit: PComNetDriver_0 shut down
[2643.69] Log: Map Game ID = 0
[2643.69] Log: Map Instance ID = 128615601
[2643.71] Log: Performance: Critical section Lock/Unlock 24 nsec
[2643.71] Log: Performance:  appCycles 12 nsec
[2643.76] Log: Performance:  memCopy per KB 231 nsec
[2643.79] Log: Performance:  memZero per KB 149 nsec
[2643.80] Log: Performance:  appInterlockedIncrement 10 nsec
[2643.81] Log: Performance:  GetTickCount 4 nsec
[2643.81] Log: Game class is 'TgGameLaunch'
[2643.81] TgSLO: Async Load: GodSkins_Portraits_and_Icons
[2643.81] Log: Flushing async loaders.
[2643.84] TgSLO: Finish Load: GodSkins_Portraits_and_Icons
[2643.84] Log: Flushed async loaders.
[2643.90] Log: Primary PhysX scene will be in software.
[2643.90] Log: Creating Primary PhysX Scene.
[2643.90] Log: *** WARNING - PATHS MAY NOT BE VALID ***
[2643.90] Log: Bringing World lobbymap.TheWorld up for play (0) at 2015.08.03-18.10.24
[2643.90] Log: Skipping initialization of FSMPartPool!
[2643.97] Log: Bringing up level for play took: 0.126430
[2644.90] TgSLO: Async Load: GOD_Neith
[2644.90] TgSLO: Async Load: GOD_Neith_Lobby
[2644.90] TgSLO: Async Load: FX_Neith
[2644.90] Log: Flushing async loaders.
[2645.00] TgSLO: Finish Load: GOD_Neith
[2645.10] TgSLO: Finish Load: GOD_Neith_Lobby
[2645.12] TgSLO: Finish Load: FX_Neith
[2645.12] Log: Flushed async loaders.
[2645.13] Log: ########### Finished loading level: 1.937366 seconds
[2645.19] Log: Flushing async loaders.
[2645.35] Log: Flushed async loaders.
[2645.35] Log: RequestingChannelMembers ch[8] [kimicol a rejoint la discussion.]
[2645.35] Log: RequestingChannelMembers ch[8] [CronosFR a rejoint la discussion.]
[2651.89] Log: RequestingChannelMembers ch[8] [TheWarriorDark3 a rejoint la discussion.]
[2669.03] Log: RequestingChannelMembers ch[8] [BorjaDraft a quitté la discussion.]
[2673.43] Log: RequestingChannelMembers ch[8] [CronosFR a quitté la discussion.]
[2676.37] Log: RequestingChannelMembers ch[8] [BangSilverFang a quitté la discussion.]
[2678.65] Log: RequestingChannelMembers ch[8] [MrK4por4l a quitté la discussion.]
[2686.64] Log: RequestingChannelMembers ch[8] [TheWarriorDark3 a quitté la discussion.]
[2697.95] Log: ERROR: Attempting to log in without settings.
[2703.07] Log: ---- UpdateClanData
[2736.41] Log: TwitchTV Initialized: TTV_EC_SUCCESS
[2756.55] Log: ---- UpdateClanData
[2757.40] Log: ---- UpdateClanData
[2757.46] Log: GFx attempted to load missing object [MenuManager.undefined]
[2820.26] Log: Closing by request
[2820.26] Log: appRequestExit(0)
[2820.26] Log: TgAIBehaviorTreeManager :: De-allocating 47 behavior trees
[2821.52] Exit: Preparing to exit.
[2821.87] Exit: Game engine shut down
[2821.92] Exit: Windows client shut down
[2821.95] Exit: XAudio2 Device shut down.
[2822.26] Exit: Object subsystem successfully closed.
[2823.77] Log: >>>>>>>>>>>>>>>>>> ResubmitMCTSEvent PLAYER_LOGOFF
[2823.92] Log: >>>>>>>>>>>>>>>>>> ResubmitMCTSEvent PLAYER_LOGOFF
[2824.03] Log: TwitchTV ShutdownSDK: TTV_EC_SUCCESS
[2824.04] Log: Shutting down FaceFX...
[2824.04] Log: FaceFX shutdown.
[2824.42] Exit: Exiting.
