[0000.28] Log: Async Log file open, 06/21/15 23:04:42
[0000.28] Init: WinSock: version 1.1 (2.2), MaxSocks=32767, MaxUdp=65467
[0000.28] Log:  ... running in INSTALLED mode
[0000.28] DevConfig: GConfig::Find has loaded file:  ..\..\Engine\Config\ConsoleVariables.ini
[0000.28] Init: Version: 10897
[0000.28] Init: Epic Internal: 0
[0000.28] Init: Compiled (32-bit): Jun 17 2015 19:43:54
[0000.28] Init: Changelist: 1532151
[0000.28] Init: Game is version 2.8.2808.0.
[0000.28] Init: Command line: -PGUID=f217e716-f401-4696-a0ce-3be9da5b0821  -host=             -host2              -seekfreeloading   -LANGUAGE=FRA -cnmg=722672245229232383277323732284249425642625238528 -cnmg2=722372265227232083287323732784269420642925295522 -ASYNCTICK=FALSE -HiCommand -HEXX=14E9F054
[0000.28] Init: Base directory: C:\Program Files (x86)\Hi-Rez Studios\HiRezGames\smite\binaries\Win32\
[0000.29] Init: Computer: PC-ARTHUR
[0000.29] Init: User: Arthur
[0000.29] Init: CPU Page size=4096, Processors=4, Cores=2
[0000.29] Init: High frequency timer resolution =2.240908 MHz
[0000.29] Init: Memory total: Physical=3.8GB (3GB approx) Pagefile=7.7GB Virtual=4.0GB
[0000.36] DevOnline: Initializing MCTS
[0000.36] Init: Presizing for 60000 objects not considered by GC, pre-allocating 0 bytes.
[0000.36] Init: Object subsystem initialized
[0000.36] Log: Overriding lang INT w/ command-line option of FRA
[0000.42] Log: TgAIBehaviorTreeManager :: Loading behavior trees
[0000.43] Log: TgAIBehaviorTreeManager :: Successfully loaded behavior trees
[0000.43] Log: ShadowPatch: Error -pid should be passed on command line.
[0000.67] Log: AsyncTickTasks DISABLED at startup
[0000.68] Log: SystemSettings based on: SystemSettings
[0000.68] Log: SystemSettings based on: SystemSettings
[0000.68] Log: SystemSettings based on: SystemSettings
[0000.68] Log: SystemSettings based on: SystemSettings
[0000.69] Log: SystemSettings based on: SystemSettings
[0001.23] Log: Found D3D11 adapter 0: Intel(R) HD Graphics Family
[0001.23] Log: Adapter has 1020MB of dedicated video memory, 0MB of dedicated system memory, and 1933MB of shared system memory
[0001.25] Log: Shader platform (RHI): PC-D3D-SM3
[0001.28] Log: PhysX GPU Support: DISABLED
[0003.22] Log: Assembly Loaded Version: DBExport: 06/17/2015 19:03:54,  Src=devsql.hirezcorp.com:smite_live_build, LangSrc=devsql.hirezcorp.com:smite_translations,
[0020.18] Log: Skipping adding Package OnlineSubsystemMcts to NetPackages
[0021.00] Log: 116989 objects as part of root set at end of initial load.
[0021.00] Log: 0 out of 0 bytes used by permanent object pool.
[0021.00] Log: Initializing Engine...
[0022.06] ScriptWarning: Script call stack:
	Function Engine.GameViewportClient:Init

	TgGameViewportClient Transient.TgGameEngine_0:TgGameViewportClient_0
	Function Engine.GameViewportClient:Init:0025
[0022.06] ScriptWarning: Assertion failed, line 672
	TgGameViewportClient Transient.TgGameEngine_0:TgGameViewportClient_0
	Function Engine.GameViewportClient:Init:0025
[0022.07] Warning: Warning, Failed to load 'SwfMovie None.Logos': Failed to find object 'SwfMovie None.Logos'
[0022.07] Log: GFx attempted to load missing object [Logos]
[0022.07] Warning: Warning, Failed to load 'Class None.': Failed to find object 'Class None.'
[0022.07] Warning: Warning, Failed to find object 'Class None.'
[0022.07] Warning: Warning, Failed to load 'Class None.': Failed to find object 'Class None.'
[0022.07] Warning: Warning, Failed to find object 'Class None.'
[0022.07] Warning: Warning, Failed to load 'Class None.': Failed to find object 'Class None.'
[0022.07] Warning: Warning, Failed to find object 'Class None.'
[0022.07] Warning: Warning, Failed to load 'Class None.': Failed to find object 'Class None.'
[0022.07] Warning: Warning, Failed to find object 'Class None.'
[0022.07] DevNet: Browse: lobbymap?Name=Player?Team=255?DefaultCharacter=TgGame.TgCharacter
[0022.07] Log: LoadMap: lobbymap?Name=Player?Team=255?DefaultCharacter=TgGame.TgCharacter
[0022.31] Log: Map Game ID = 0
[0022.31] Log: Map Instance ID = 124920704
[0022.34] Log: Performance: Critical section Lock/Unlock 24 nsec
[0022.34] Log: Performance:  appCycles 12 nsec
[0022.39] Log: Performance:  memCopy per KB 228 nsec
[0022.41] Log: Performance:  memZero per KB 135 nsec
[0022.42] Log: Performance:  appInterlockedIncrement 10 nsec
[0022.43] Log: Performance:  GetTickCount 4 nsec
[0022.43] Log: Game class is 'TgGameLaunch'
[0022.43] TgSLO: Async Load: GodSkins_Portraits_and_Icons
[0022.43] Log: Flushing async loaders.
[0022.55] TgSLO: Finish Load: GodSkins_Portraits_and_Icons
[0022.55] Log: Flushed async loaders.
[0022.59] Log: Primary PhysX scene will be in software.
[0022.59] Log: Creating Primary PhysX Scene.
[0022.59] Log: *** WARNING - PATHS MAY NOT BE VALID ***
[0022.59] Log: Bringing World lobbymap.TheWorld up for play (0) at 2015.06.21-23.05.04
[0022.59] Log: Skipping initialization of FSMPartPool!
[0022.80] Log: Bringing up level for play took: 0.232069
[0024.68] Warning: Warning, Failed to load 'Font None.ArialUnicode': Failed to find object 'Font None.ArialUnicode'
[0024.68] Warning: Warning, Failed to load 'Font None.ArialUnicode': Failed to find object 'Font None.ArialUnicode'
[0024.91] Log: GFx attempted to load missing object [UDKFrontEnd.udk_ime]
[0025.91] Log: ########### Finished loading level: 3.832374 seconds
[0026.00] Log: Flushing async loaders.
[0026.24] Log: Flushed async loaders.
[0026.24] Log: Initializing Engine Completed
[0026.24] Log: >>>>>>>>>>>>>> Initial startup: 26.24s <<<<<<<<<<<<<<<
[0026.24] Log: Browser user data directory is C:\ProgramData\Hi-Rez Studios\BrowserCache\Battle
[0026.75] Log: WebFactory created
[0028.24] Log: FKAggregateGeom::InstanceNovodexGeom: () Cannot 3D-Scale rigid-body primitives (sphere, box, sphyl).
[0028.24] Log: URB_BodyInstance::InitBody : Could not create new Shape: 
[0039.48] Log: Login Success: kimicol
[0039.58] Error: Failed to read file '..\..\BattleGame\LandingPanel\c9chest2.jpg' error ()
[0039.58] Error: Failed to read file '..\..\BattleGame\LandingPanel\GodPackTest22.jpg' error ()
[0039.58] Error: Failed to read file '..\..\BattleGame\LandingPanel\MadameNox2.jpg' error ()
[0039.58] Error: Failed to read file '..\..\BattleGame\LandingPanel\FireworksEmote2.jpg' error ()
[0039.74] Error: Failed to read file '..\..\BattleGame\LandingPanel\HeavenlyWarlord.jpg' error ()
[0040.17] Error: Failed to read file '..\..\BattleGame\LandingPanel\GodPackTest.jpg' error ()
[0041.83] Log: Team/Instance chat routed to Instance Server.
[0041.83] Log: Chat[9]: Appuyez sur ENTRÉE pour accéder à la discussion.
[0041.83] Log: RequestingChannelMembers ch[1] [kimicol a rejoint la discussion.]
[0042.40] Warning: Warning, Failed to load 'Font None.Arial Unicode MS': Failed to find object 'Font None.Arial Unicode MS'
[0051.00] Log: Chat[1]: Statut du clan : Tiny42SH
[0051.00] Log: ---- UpdateClanData
[0055.04] Log: ---- UpdateClanData
[0075.28] Log: SendChat[6] hello ?
[0075.58] Log: Chat[6]: hello ?
[0090.63] Log: Chat[6]: dsl je re dans 1 heure
[0101.51] Log: SendChat[6] dommage :/
[0101.81] Log: Chat[6]: dommage :/
[0153.25] Log: Closing by request
[0153.25] Log: appRequestExit(0)
[0153.25] Log: TgAIBehaviorTreeManager :: De-allocating 47 behavior trees
[0153.95] Exit: Preparing to exit.
[0154.27] Exit: Game engine shut down
[0154.31] Exit: Windows client shut down
[0154.33] Exit: XAudio2 Device shut down.
[0154.57] Exit: Object subsystem successfully closed.
[0156.08] Log: >>>>>>>>>>>>>>>>>> ResubmitMCTSEvent PLAYER_LOGOFF
[0156.20] Log: >>>>>>>>>>>>>>>>>> ResubmitMCTSEvent PLAYER_LOGOFF
[0156.21] Log: Shutting down FaceFX...
[0156.21] Log: FaceFX shutdown.
[0156.41] Exit: Exiting.
