[0000.21] Log: Async Log file open, 07/21/15 22:27:33
[0000.21] Init: WinSock: version 1.1 (2.2), MaxSocks=32767, MaxUdp=65467
[0000.21] Log:  ... running in INSTALLED mode
[0000.21] DevConfig: GConfig::Find has loaded file:  ..\..\Engine\Config\ConsoleVariables.ini
[0000.21] Init: Version: 10897
[0000.21] Init: Epic Internal: 0
[0000.21] Init: Compiled (32-bit): Jul 17 2015 18:53:29
[0000.21] Init: Changelist: 1532151
[0000.21] Init: Game is version 2.10.2868.0.
[0000.21] Init: Command line: -PGUID=f217e716-f401-4696-a0ce-3be9da5b0821  -host=             -host2              -seekfreeloading   -LANGUAGE=FRA -cnmg=722972205221232383287325732784239422642125276522 -cnmg2=72217225522023268324732673248427942764267522 -ASYNCTICK=FALSE -user=kimicol -epass=0318D48EB4424BC8453F77F6B393B2828309272591535BDEF1EF5A8AA7644D2A -HiCommand -HEXX=7DD9C422
[0000.21] Init: Base directory: C:\Program Files (x86)\Hi-Rez Studios\HiRezGames\smite\binaries\Win32\
[0000.23] Log: Deleting old log file Launch-backup-2015.07.13-21.20.31.log
[0000.40] Init: Computer: PC-ARTHUR
[0000.40] Init: User: Arthur
[0000.40] Init: CPU Page size=4096, Processors=4, Cores=2
[0000.40] Init: High frequency timer resolution =2.240909 MHz
[0000.40] Init: Memory total: Physical=3.8GB (3GB approx) Pagefile=7.7GB Virtual=4.0GB
[0000.49] DevOnline: Initializing MCTS
[0000.49] Init: Presizing for 60000 objects not considered by GC, pre-allocating 0 bytes.
[0000.49] Init: Object subsystem initialized
[0000.49] Log: Overriding lang INT w/ command-line option of FRA
[0000.54] Log: TgAIBehaviorTreeManager :: Loading behavior trees
[0000.55] Log: TgAIBehaviorTreeManager :: Successfully loaded behavior trees
[0000.55] Log: ShadowPatch: Error -pid should be passed on command line.
[0004.55] Log: AsyncTickTasks DISABLED at startup
[0005.02] Log: SystemSettings based on: SystemSettings
[0005.02] Log: SystemSettings based on: SystemSettings
[0005.03] Log: SystemSettings based on: SystemSettings
[0005.03] Log: SystemSettings based on: SystemSettings
[0005.03] Log: SystemSettings based on: SystemSettings
[0005.57] Log: Found D3D11 adapter 0: Intel(R) HD Graphics Family
[0005.57] Log: Adapter has 1020MB of dedicated video memory, 0MB of dedicated system memory, and 1933MB of shared system memory
[0005.59] Log: Shader platform (RHI): PC-D3D-SM3
[0006.13] Log: PhysX GPU Support: DISABLED
[0008.44] Log: Assembly Loaded Version: DBExport: 07/17/2015 17:51:11,  Src=devsql.hirezcorp.com:smite_live_build, LangSrc=devsql.hirezcorp.com:smite_translations,
[0024.29] Log: Skipping adding Package OnlineSubsystemMcts to NetPackages
[0025.17] Log: 118075 objects as part of root set at end of initial load.
[0025.17] Log: 0 out of 0 bytes used by permanent object pool.
[0025.17] Log: Initializing Engine...
[0028.48] ScriptWarning: Script call stack:
	Function Engine.GameViewportClient:Init

	TgGameViewportClient Transient.TgGameEngine_0:TgGameViewportClient_0
	Function Engine.GameViewportClient:Init:0025
[0028.48] ScriptWarning: Assertion failed, line 672
	TgGameViewportClient Transient.TgGameEngine_0:TgGameViewportClient_0
	Function Engine.GameViewportClient:Init:0025
[0028.52] Warning: Warning, Failed to load 'SwfMovie None.Logos': Failed to find object 'SwfMovie None.Logos'
[0028.53] Log: GFx attempted to load missing object [Logos]
[0028.53] Warning: Warning, Failed to load 'Class None.': Failed to find object 'Class None.'
[0028.53] Warning: Warning, Failed to find object 'Class None.'
[0028.53] Warning: Warning, Failed to load 'Class None.': Failed to find object 'Class None.'
[0028.53] Warning: Warning, Failed to find object 'Class None.'
[0028.53] Warning: Warning, Failed to load 'Class None.': Failed to find object 'Class None.'
[0028.53] Warning: Warning, Failed to find object 'Class None.'
[0028.53] Warning: Warning, Failed to load 'Class None.': Failed to find object 'Class None.'
[0028.53] Warning: Warning, Failed to find object 'Class None.'
[0028.54] DevNet: Browse: lobbymap?Name=Player?Team=255?DefaultCharacter=TgGame.TgCharacter
[0028.54] Log: LoadMap: lobbymap?Name=Player?Team=255?DefaultCharacter=TgGame.TgCharacter
[0029.03] Log: Map Game ID = 0
[0029.03] Log: Map Instance ID = 127510482
[0029.06] Log: Performance: Critical section Lock/Unlock 25 nsec
[0029.06] Log: Performance:  appCycles 12 nsec
[0029.11] Log: Performance:  memCopy per KB 244 nsec
[0029.14] Log: Performance:  memZero per KB 133 nsec
[0029.15] Log: Performance:  appInterlockedIncrement 13 nsec
[0029.16] Log: Performance:  GetTickCount 4 nsec
[0029.16] Log: Game class is 'TgGameLaunch'
[0029.16] TgSLO: Async Load: GodSkins_Portraits_and_Icons
[0029.16] Log: Flushing async loaders.
[0029.45] TgSLO: Finish Load: GodSkins_Portraits_and_Icons
[0029.45] Log: Flushed async loaders.
[0029.48] Log: Primary PhysX scene will be in software.
[0029.48] Log: Creating Primary PhysX Scene.
[0029.79] Log: *** WARNING - PATHS MAY NOT BE VALID ***
[0029.79] Log: Bringing World lobbymap.TheWorld up for play (0) at 2015.07.21-22.28.02
[0029.79] Log: Skipping initialization of FSMPartPool!
[0030.08] Log: Bringing up level for play took: 0.622988
[0039.61] Warning: Warning, Failed to load 'Font None.ArialUnicode': Failed to find object 'Font None.ArialUnicode'
[0039.61] Warning: Warning, Failed to load 'Font None.ArialUnicode': Failed to find object 'Font None.ArialUnicode'
[0039.82] Log: GFx attempted to load missing object [UDKFrontEnd.udk_ime]
[0040.95] Log: ########### Finished loading level: 12.407088 seconds
[0041.15] Log: Flushing async loaders.
[0041.65] Log: Flushed async loaders.
[0041.65] Log: Initializing Engine Completed
[0041.65] Log: >>>>>>>>>>>>>> Initial startup: 41.65s <<<<<<<<<<<<<<<
[0041.66] Log: Browser user data directory is C:\ProgramData\Hi-Rez Studios\BrowserCache\Battle
[0041.76] Log: WebFactory created
[0046.19] Log: Login Success: kimicol
[0049.84] Error: Failed to read file '..\..\BattleGame\LandingPanel\BootyChest.jpg' error ()
[0049.84] Error: Failed to read file '..\..\BattleGame\LandingPanel\UltimateGodPack.jpg' error ()
[0049.84] Error: Failed to read file '..\..\BattleGame\LandingPanel\NewLokia.jpg' error ()
[0049.84] Error: Failed to read file '..\..\BattleGame\LandingPanel\DrSylvanusa.jpg' error ()
[0049.84] Error: Failed to read file '..\..\BattleGame\LandingPanel\esportsseasonticketSkinNew.jpg' error ()
[0049.84] Error: Failed to read file '..\..\BattleGame\LandingPanel\HBundle.jpg' error ()
[0049.84] Error: Failed to read file '..\..\BattleGame\LandingPanel\Tier2Medusa.jpg' error ()
[0049.84] Error: Failed to read file '..\..\BattleGame\LandingPanel\BizzyBCupid4.jpg' error ()
[0049.84] Error: Failed to read file '..\..\BattleGame\LandingPanel\PirateKali.jpg' error ()
[0049.84] Error: Failed to read file '..\..\BattleGame\LandingPanel\HercHunkulese.jpg' error ()
[0049.84] Error: Failed to read file '..\..\BattleGame\LandingPanel\NewGodRavana.jpg' error ()
[0049.84] Error: Failed to read file '..\..\BattleGame\LandingPanel\HeavenlyWarlord223.jpg' error ()
[0049.84] Error: Failed to read file '..\..\BattleGame\LandingPanel\TyrantRavana.jpg' error ()
[0049.84] Error: Failed to read file '..\..\BattleGame\LandingPanel\GodPackTest234.jpg' error ()
[0049.84] Error: Failed to read file '..\..\BattleGame\LandingPanel\GodPackTest234_thumb.jpg' error ()
[0049.84] Error: Failed to read file '..\..\BattleGame\LandingPanel\Kali.jpg' error ()
[0049.84] Error: Failed to read file '..\..\BattleGame\LandingPanel\Kali_thumb.jpg' error ()
[0049.88] Error: Failed to read file '..\..\BattleGame\LandingPanel\LANSummer.jpg' error ()
[0049.88] Error: Failed to read file '..\..\BattleGame\LandingPanel\LANSummer_thumb.jpg' error ()
[0049.88] Error: Failed to read file '..\..\BattleGame\LandingPanel\NewBundle.jpg' error ()
[0049.88] Error: Failed to read file '..\..\BattleGame\LandingPanel\NewBundle_thumb.jpg' error ()
[0049.88] Error: Failed to read file '..\..\BattleGame\LandingPanel\Loki.jpg' error ()
[0049.88] Error: Failed to read file '..\..\BattleGame\LandingPanel\Loki_thumb.jpg' error ()
[0049.88] Error: Failed to read file '..\..\BattleGame\LandingPanel\Madscientist.jpg' error ()
[0049.88] Error: Failed to read file '..\..\BattleGame\LandingPanel\Madscientist_thumb.jpg' error ()
[0053.45] Log: Team/Instance chat routed to Instance Server.
[0053.45] Log: Chat[9]: Appuyez sur ENTRÉE pour accéder à la discussion.
[0053.45] Log: RequestingChannelMembers ch[1] [kimicol a rejoint la discussion.]
[0059.61] Warning: Warning, Failed to load 'Font None.Arial Unicode MS': Failed to find object 'Font None.Arial Unicode MS'
[0059.91] Log: Chat[1]: Statut du clan : Tiny42SH
[0059.91] Log: ---- UpdateClanData
[0082.89] Critical: appError called: Rendering thread exception:
Fatal error!

Address = 0x1684723  (filename not found) [in C:\Program Files (x86)\Hi-Rez Studios\HiRezGames\smite\binaries\Win32\Smite.exe]

[0082.89] Critical: Windows GetLastError: Une opération dentrée/sortie avec chevauchement est en cours dexécution. (0)
[0082.94] Log: TgAIBehaviorTreeManager :: De-allocating 47 behavior trees
[0082.95] Critical: appError called: Rendering thread exception:
Fatal error!

Address = 0x1684723  (filename not found) [in C:\Program Files (x86)\Hi-Rez Studios\HiRezGames\smite\binaries\Win32\Smite.exe]

[0082.95] Critical: Windows GetLastError: Une opération dentrée/sortie avec chevauchement est en cours dexécution. (997)
[0082.97] Log: === Critical error: ===
Rendering thread exception:
Fatal error!

Address = 0x1684723  (filename not found) [in C:\Program Files (x86)\Hi-Rez Studios\HiRezGames\smite\binaries\Win32\Smite.exe]



[0083.31] Exit: Executing UObject::StaticShutdownAfterError
[0083.32] Exit: Executing UWindowsClient::ShutdownAfterError
[0083.33] Exit: Executing UWindowsClient::ShutdownAfterError
[0083.33] Exit: UXAudio2Device::ShutdownAfterError
[0083.43] Log: Shutting down FaceFX...
