[0000.27] Log: Async Log file open, 07/26/15 19:37:48
[0000.27] Init: WinSock: version 1.1 (2.2), MaxSocks=32767, MaxUdp=65467
[0000.27] Log:  ... running in INSTALLED mode
[0000.27] DevConfig: GConfig::Find has loaded file:  ..\..\Engine\Config\ConsoleVariables.ini
[0000.27] Init: Version: 10897
[0000.27] Init: Epic Internal: 0
[0000.27] Init: Compiled (32-bit): Jul 17 2015 18:53:29
[0000.27] Init: Changelist: 1532151
[0000.27] Init: Game is version 2.10.2868.0.
[0000.27] Init: Command line: -PGUID=f217e716-f401-4696-a0ce-3be9da5b0821  -host=             -host2              -seekfreeloading   -LANGUAGE=FRA -cnmg=72217221522823278324732473268421942864297525 -cnmg2=722272275223232483247323732684269429642935229520 -ASYNCTICK=FALSE -user=kimicol -epass=0318D48EB4424BC8453F77F6B393B2828309272591535BDEF1EF5A8AA7644D2A -HiCommand -HEXX=605311B9
[0000.27] Init: Base directory: C:\Program Files (x86)\Hi-Rez Studios\HiRezGames\smite\binaries\Win32\
[0000.27] Init: Computer: PC-ARTHUR
[0000.27] Init: User: Arthur
[0000.27] Init: CPU Page size=4096, Processors=4, Cores=2
[0000.27] Init: High frequency timer resolution =2.240906 MHz
[0000.27] Init: Memory total: Physical=3.8GB (3GB approx) Pagefile=7.7GB Virtual=4.0GB
[0000.33] DevOnline: Initializing MCTS
[0000.33] Init: Presizing for 60000 objects not considered by GC, pre-allocating 0 bytes.
[0000.33] Init: Object subsystem initialized
[0000.33] Log: Overriding lang INT w/ command-line option of FRA
[0000.77] Log: TgAIBehaviorTreeManager :: Loading behavior trees
[0000.78] Log: TgAIBehaviorTreeManager :: Successfully loaded behavior trees
[0000.78] Log: ShadowPatch: Error -pid should be passed on command line.
[0000.93] Log: AsyncTickTasks DISABLED at startup
[0000.96] Log: SystemSettings based on: SystemSettings
[0000.97] Log: SystemSettings based on: SystemSettings
[0000.97] Log: SystemSettings based on: SystemSettings
[0000.97] Log: SystemSettings based on: SystemSettings
[0000.97] Log: SystemSettings based on: SystemSettings
[0001.52] Log: Found D3D11 adapter 0: Intel(R) HD Graphics Family
[0001.52] Log: Adapter has 1020MB of dedicated video memory, 0MB of dedicated system memory, and 1933MB of shared system memory
[0001.54] Log: Shader platform (RHI): PC-D3D-SM3
[0001.58] Log: PhysX GPU Support: DISABLED
[0002.58] Log: Assembly Loaded Version: DBExport: 07/17/2015 17:51:11,  Src=devsql.hirezcorp.com:smite_live_build, LangSrc=devsql.hirezcorp.com:smite_translations,
[0021.39] Log: Skipping adding Package OnlineSubsystemMcts to NetPackages
[0022.55] Log: 118075 objects as part of root set at end of initial load.
[0022.55] Log: 0 out of 0 bytes used by permanent object pool.
[0022.55] Log: Initializing Engine...
[0026.14] ScriptWarning: Script call stack:
	Function Engine.GameViewportClient:Init

	TgGameViewportClient Transient.TgGameEngine_0:TgGameViewportClient_0
	Function Engine.GameViewportClient:Init:0025
[0026.14] ScriptWarning: Assertion failed, line 672
	TgGameViewportClient Transient.TgGameEngine_0:TgGameViewportClient_0
	Function Engine.GameViewportClient:Init:0025
[0026.14] Warning: Warning, Failed to load 'SwfMovie None.Logos': Failed to find object 'SwfMovie None.Logos'
[0026.14] Log: GFx attempted to load missing object [Logos]
[0026.15] Warning: Warning, Failed to load 'Class None.': Failed to find object 'Class None.'
[0026.15] Warning: Warning, Failed to find object 'Class None.'
[0026.15] Warning: Warning, Failed to load 'Class None.': Failed to find object 'Class None.'
[0026.15] Warning: Warning, Failed to find object 'Class None.'
[0026.15] Warning: Warning, Failed to load 'Class None.': Failed to find object 'Class None.'
[0026.15] Warning: Warning, Failed to find object 'Class None.'
[0026.15] Warning: Warning, Failed to load 'Class None.': Failed to find object 'Class None.'
[0026.15] Warning: Warning, Failed to find object 'Class None.'
[0026.21] DevNet: Browse: lobbymap?Name=Player?Team=255?DefaultCharacter=TgGame.TgCharacter
[0026.22] Log: LoadMap: lobbymap?Name=Player?Team=255?DefaultCharacter=TgGame.TgCharacter
[0026.45] Log: Map Game ID = 0
[0026.51] Log: Map Instance ID = 127932294
[0026.54] Log: Performance: Critical section Lock/Unlock 35 nsec
[0026.54] Log: Performance:  appCycles 24 nsec
[0026.63] Log: Performance:  memCopy per KB 442 nsec
[0026.68] Log: Performance:  memZero per KB 221 nsec
[0026.69] Log: Performance:  appInterlockedIncrement 12 nsec
[0026.70] Log: Performance:  GetTickCount 5 nsec
[0026.70] Log: Game class is 'TgGameLaunch'
[0026.70] TgSLO: Async Load: GodSkins_Portraits_and_Icons
[0026.70] Log: Flushing async loaders.
[0026.86] TgSLO: Finish Load: GodSkins_Portraits_and_Icons
[0026.86] Log: Flushed async loaders.
[0026.89] Log: Primary PhysX scene will be in software.
[0026.89] Log: Creating Primary PhysX Scene.
[0026.89] Log: *** WARNING - PATHS MAY NOT BE VALID ***
[0026.89] Log: Bringing World lobbymap.TheWorld up for play (0) at 2015.07.26-19.38.14
[0026.90] Log: Skipping initialization of FSMPartPool!
[0026.96] Log: Bringing up level for play took: 0.093638
[0030.05] Warning: Warning, Failed to load 'Font None.ArialUnicode': Failed to find object 'Font None.ArialUnicode'
[0030.05] Warning: Warning, Failed to load 'Font None.ArialUnicode': Failed to find object 'Font None.ArialUnicode'
[0030.36] Log: GFx attempted to load missing object [UDKFrontEnd.udk_ime]
[0031.90] Log: ########### Finished loading level: 5.687070 seconds
[0031.95] Log: Flushing async loaders.
[0032.19] Log: Flushed async loaders.
[0032.19] Log: Initializing Engine Completed
[0032.19] Log: >>>>>>>>>>>>>> Initial startup: 32.19s <<<<<<<<<<<<<<<
[0032.19] Log: Browser user data directory is C:\ProgramData\Hi-Rez Studios\BrowserCache\Battle
[0032.25] Log: WebFactory created
[0035.51] Log: Login Success: kimicol
[0036.10] Error: Failed to read file '..\..\BattleGame\LandingPanel\BootyChest.jpg' error ()
[0036.10] Error: Failed to read file '..\..\BattleGame\LandingPanel\UltimateGodPack.jpg' error ()
[0036.10] Error: Failed to read file '..\..\BattleGame\LandingPanel\esportsseasonticket.jpg' error ()
[0036.10] Error: Failed to read file '..\..\BattleGame\LandingPanel\DrSylvanusa.jpg' error ()
[0036.10] Error: Failed to read file '..\..\BattleGame\LandingPanel\esportsseasonticketSkinNew.jpg' error ()
[0036.10] Error: Failed to read file '..\..\BattleGame\LandingPanel\HBundle.jpg' error ()
[0036.10] Error: Failed to read file '..\..\BattleGame\LandingPanel\esportschest2030.jpg' error ()
[0036.10] Error: Failed to read file '..\..\BattleGame\LandingPanel\BizzyBCupid4.jpg' error ()
[0036.10] Error: Failed to read file '..\..\BattleGame\LandingPanel\PirateKali.jpg' error ()
[0036.10] Error: Failed to read file '..\..\BattleGame\LandingPanel\HercHunkulese.jpg' error ()
[0036.10] Error: Failed to read file '..\..\BattleGame\LandingPanel\NewGodRavana.jpg' error ()
[0036.10] Error: Failed to read file '..\..\BattleGame\LandingPanel\HeavenlyWarlord223.jpg' error ()
[0036.10] Error: Failed to read file '..\..\BattleGame\LandingPanel\TyrantRavana.jpg' error ()
[0036.10] Error: Failed to read file '..\..\BattleGame\LandingPanel\GodPackTest234.jpg' error ()
[0036.10] Error: Failed to read file '..\..\BattleGame\LandingPanel\GodPackTest234_thumb.jpg' error ()
[0036.10] Error: Failed to read file '..\..\BattleGame\LandingPanel\LANSummer22.jpg' error ()
[0036.10] Error: Failed to read file '..\..\BattleGame\LandingPanel\LANSummer22_thumb.jpg' error ()
[0036.10] Error: Failed to read file '..\..\BattleGame\LandingPanel\esportschest200.jpg' error ()
[0036.10] Error: Failed to read file '..\..\BattleGame\LandingPanel\esportschest200_thumb.jpg' error ()
[0036.10] Error: Failed to read file '..\..\BattleGame\LandingPanel\NewBundle.jpg' error ()
[0036.10] Error: Failed to read file '..\..\BattleGame\LandingPanel\NewBundle_thumb.jpg' error ()
[0036.10] Error: Failed to read file '..\..\BattleGame\LandingPanel\Loki.jpg' error ()
[0036.10] Error: Failed to read file '..\..\BattleGame\LandingPanel\Loki_thumb.jpg' error ()
[0036.10] Error: Failed to read file '..\..\BattleGame\LandingPanel\Madscientist.jpg' error ()
[0036.10] Error: Failed to read file '..\..\BattleGame\LandingPanel\Madscientist_thumb.jpg' error ()
[0036.20] Log: Team/Instance chat routed to Instance Server.
[0036.21] Log: Chat[9]: Appuyez sur ENTRÉE pour accéder à la discussion.
[0036.21] Log: RequestingChannelMembers ch[1] [kimicol a rejoint la discussion.]
[0036.92] Warning: Warning, Failed to load 'Font None.Arial Unicode MS': Failed to find object 'Font None.Arial Unicode MS'
[0070.44] Log: Chat[1]: Statut du clan : Tiny42SH
[0070.45] Log: ---- UpdateClanData
[0084.68] Log: Chat[9]: Vous avez rejoint une file d'attente.
[0094.09] Log: RequestingChannelMembers ch[3] [kimicol a rejoint la discussion.]
[0094.09] Log: RequestingChannelMembers ch[3] [p3dc a quitté la discussion.]
[0095.45] Log: RequestingChannelMembers ch[3] [kimicol a rejoint la discussion.]
[0095.54] Log: RequestingChannelMembers ch[3] [GoldMemberHax a rejoint la discussion.]
[0096.55] Log: RequestingChannelMembers ch[3] [p3dc a rejoint la discussion.]
[0098.06] Log: RequestingChannelMembers ch[3] [Eurodance a rejoint la discussion.]
[0098.83] Log: RequestingChannelMembers ch[3] [Anzarot a rejoint la discussion.]
[0099.99] Warning: Warning, Failed to load 'Class None.None': Failed to find object 'Class None.None'
[0099.99] Warning: Warning, Failed to find object 'Class None.None'
[0099.99] Warning: Warning, Failed to load 'Class None.None': Failed to find object 'Class None.None'
[0099.99] Warning: Warning, Failed to find object 'Class None.None'
[0100.00] Warning: Warning, Failed to load 'Class None.None': Failed to find object 'Class None.None'
[0100.00] Warning: Warning, Failed to find object 'Class None.None'
[0100.00] Warning: Warning, Failed to load 'Class None.None': Failed to find object 'Class None.None'
[0100.00] Warning: Warning, Failed to find object 'Class None.None'
[0100.00] Warning: Warning, Failed to load 'Class None.None': Failed to find object 'Class None.None'
[0100.00] Warning: Warning, Failed to find object 'Class None.None'
[0103.71] TgSLO: Async Load: GOD_Hades
[0103.71] TgSLO: Async Load: GOD_Hades_Lobby
[0103.72] TgSLO: Async Load: FX_Hades
[0104.51] TgSLO: Finish Load: GOD_Hades
[0104.77] TgSLO: Finish Load: GOD_Hades_Lobby
[0105.16] TgSLO: Finish Load: FX_Hades
[0105.34] TgSLO: Async Load: GOD_Loki_V2
[0105.34] TgSLO: Async Load: GOD_Loki_V2_Lobby
[0105.34] TgSLO: Async Load: FX_Loki_V2
[0106.33] TgSLO: Finish Load: GOD_Loki_V2
[0107.30] TgSLO: Finish Load: GOD_Loki_V2_Lobby
[0107.79] TgSLO: Finish Load: FX_Loki_V2
[0115.86] TgSLO: Async Load: GOD_Anubis_V2
[0115.87] TgSLO: Async Load: GOD_Anubis_V2_Lobby
[0115.87] TgSLO: Async Load: FX_Anubis_V2_Skin3
[0115.87] TgSLO: Async Load: GOD_Anubis_V2_Skin3
[0115.87] TgSLO: Async Load: FX_Anubis_Targeting_Skin3
[0115.87] TgSLO: Async Load: AUD_God_Anubis
[0115.87] TgSLO: Async Load: AnimNotify9578
[0116.69] TgSLO: Finish Load: GOD_Anubis_V2
[0116.81] TgSLO: Finish Load: GOD_Anubis_V2_Lobby
[0117.24] TgSLO: Finish Load: FX_Anubis_V2_Skin3
[0117.33] TgSLO: Finish Load: GOD_Anubis_V2_Skin3
[0117.44] TgSLO: Finish Load: FX_Anubis_Targeting_Skin3
[0117.70] TgSLO: Async Load: GOD_Thanatos
[0117.70] TgSLO: Async Load: GOD_Thanatos_Lobby
[0117.70] TgSLO: Async Load: FX_Thanatos
[0118.36] TgSLO: Finish Load: AUD_God_Anubis
[0118.37] TgSLO: Finish Load: AnimNotify9578
[0118.37] Log: Flushing async loaders.
[0119.05] TgSLO: Finish Load: GOD_Thanatos
[0119.49] TgSLO: Finish Load: GOD_Thanatos_Lobby
[0119.56] TgSLO: Finish Load: FX_Thanatos
[0119.56] Log: Flushed async loaders.
[0123.30] TgSLO: Async Load: GOD_Artemis
[0123.30] TgSLO: Async Load: GOD_Artemis_Lobby
[0123.30] TgSLO: Async Load: FX_Artemis
[0123.30] TgSLO: Async Load: GOD_Artemis_Skins
[0124.10] TgSLO: Finish Load: GOD_Artemis
[0124.21] TgSLO: Finish Load: GOD_Artemis_Lobby
[0124.67] TgSLO: Finish Load: FX_Artemis
[0124.79] TgSLO: Finish Load: GOD_Artemis_Skins
[0124.82] Warning: Failed to find notify DeactivateArrowFX on TgSkeletalMeshActor_Lobby_19 (No_SkeletalMesh)
[0126.44] Warning: Failed to find notify ActivateArrowFX on TgSkeletalMeshActor_Lobby_19 (No_SkeletalMesh)
[0135.56] DevNet: URL: Adding default option Team=255
[0135.56] Log: ReceiveChangeMap: mapGameId 1531
[0137.71] DevNet: URL: Adding default option Team=255
[0137.71] DevNet: Browse: 72.251.242.13:9209/lobbymap?GameState=OGS_NoSession?GameMode=0?name=Player?map_instance_id=172125392?Team=255
[0137.71] DevNet: Game client on port 9209, rate 25000
[0182.72] DevNet: Game client on port 9209, rate 25000
[0188.19] NetComeGo: Close PComNetDriver_1 PComNetConn_1 72.251.242.13:9209 07/26/15 19:40:56
[0188.20] Exit: PComNetDriver_1 shut down
[0227.72] Log: Pending connect to '72.251.242.13:9209/lobbymap?GameState=OGS_NoSession?GameMode=0?name=Player?map_instance_id=172125392?Team=255' failed; Your connection to the host timed out
[0227.72] Log: Player logoff handled in ATgLobbyHUD
[0227.89] Log: Player logoff handled in ATgLobbyHUD
[0235.26] Log: All Windows Closed
[0235.26] Log: appRequestExit(0)
[0235.26] Log: TgAIBehaviorTreeManager :: De-allocating 47 behavior trees
[0235.32] NetComeGo: Close PComNetDriver_0 PComNetConn_0 72.251.242.13:9209 07/26/15 19:41:43
[0235.32] Exit: PComNetDriver_0 shut down
[0235.35] Exit: Preparing to exit.
[0235.72] Exit: Game engine shut down
[0235.72] Exit: Windows client shut down
[0235.74] Exit: XAudio2 Device shut down.
[0236.02] Exit: Object subsystem successfully closed.
[0237.52] Log: Shutting down FaceFX...
[0237.52] Log: FaceFX shutdown.
[0237.78] Exit: Exiting.
