[0000.40] Log: Async Log file open, 06/11/15 19:14:56
[0000.40] Init: WinSock: version 1.1 (2.2), MaxSocks=32767, MaxUdp=65467
[0000.40] Log:  ... running in INSTALLED mode
[0000.40] DevConfig: GConfig::Find has loaded file:  ..\..\Engine\Config\ConsoleVariables.ini
[0000.40] Init: Version: 10897
[0000.40] Init: Epic Internal: 0
[0000.40] Init: Compiled (32-bit): Jun  4 2015 12:52:54
[0000.40] Init: Changelist: 1532151
[0000.40] Init: Game is version 2.7.2767.0.
[0000.40] Init: Command line: -PGUID=f217e716-f401-4696-a0ce-3be9da5b0821  -host=             -host2              -seekfreeloading  -LANGUAGE=FRA -cnmg=72287221522523208327732573288423942864287521 -cnmg2=722372205227232083267327732884269427642145236526 -ASYNCTICK=FALSE -HiCommand -HEXX=758ADBEA
[0000.40] Init: Base directory: C:\Program Files (x86)\Hi-Rez Studios\HiRezGames\smite\binaries\Win32\
[0000.43] Init: Computer: PC-ARTHUR
[0000.43] Init: User: Arthur
[0000.43] Init: CPU Page size=4096, Processors=4, Cores=2
[0000.43] Init: High frequency timer resolution =2.240911 MHz
[0000.43] Init: Memory total: Physical=3.8GB (3GB approx) Pagefile=7.7GB Virtual=4.0GB
[0000.53] DevOnline: Initializing MCTS
[0000.53] Init: Presizing for 60000 objects not considered by GC, pre-allocating 0 bytes.
[0000.53] Init: Object subsystem initialized
[0000.53] Log: Overriding lang INT w/ command-line option of FRA
[0004.99] Log: TgAIBehaviorTreeManager :: Loading behavior trees
[0005.00] Log: TgAIBehaviorTreeManager :: Successfully loaded behavior trees
[0005.00] Log: ShadowPatch: Error -pid should be passed on command line.
[0005.13] Log: AsyncTickTasks DISABLED at startup
[0005.32] Log: SystemSettings based on: SystemSettings
[0005.32] Log: SystemSettings based on: SystemSettings
[0005.32] Log: SystemSettings based on: SystemSettings
[0005.33] Log: SystemSettings based on: SystemSettings
[0005.33] Log: SystemSettings based on: SystemSettings
[0006.31] Log: Found D3D11 adapter 0: Intel(R) HD Graphics Family
[0006.31] Log: Adapter has 1020MB of dedicated video memory, 0MB of dedicated system memory, and 1933MB of shared system memory
[0006.50] Log: Shader platform (RHI): PC-D3D-SM3
[0006.73] Log: PhysX GPU Support: DISABLED
[0008.53] Log: Assembly Loaded Version: DBExport: 06/04/2015 12:05:52,  Src=devsql.hirezcorp.com:smite_live_build, LangSrc=devsql.hirezcorp.com:smite_translations,
[0025.94] Log: Skipping adding Package OnlineSubsystemMcts to NetPackages
[0026.73] Log: 115933 objects as part of root set at end of initial load.
[0026.73] Log: 0 out of 0 bytes used by permanent object pool.
[0026.73] Log: Initializing Engine...
[0029.17] ScriptWarning: Script call stack:
	Function Engine.GameViewportClient:Init

	TgGameViewportClient Transient.TgGameEngine_0:TgGameViewportClient_0
	Function Engine.GameViewportClient:Init:0025
[0029.17] ScriptWarning: Assertion failed, line 672
	TgGameViewportClient Transient.TgGameEngine_0:TgGameViewportClient_0
	Function Engine.GameViewportClient:Init:0025
[0029.18] Warning: Warning, Failed to load 'SwfMovie None.Logos': Failed to find object 'SwfMovie None.Logos'
[0029.18] Log: GFx attempted to load missing object [Logos]
[0029.18] Warning: Warning, Failed to load 'Class None.': Failed to find object 'Class None.'
[0029.18] Warning: Warning, Failed to find object 'Class None.'
[0029.18] Warning: Warning, Failed to load 'Class None.': Failed to find object 'Class None.'
[0029.18] Warning: Warning, Failed to find object 'Class None.'
[0029.18] Warning: Warning, Failed to load 'Class None.': Failed to find object 'Class None.'
[0029.18] Warning: Warning, Failed to find object 'Class None.'
[0029.18] Warning: Warning, Failed to load 'Class None.': Failed to find object 'Class None.'
[0029.18] Warning: Warning, Failed to find object 'Class None.'
[0029.19] DevNet: Browse: lobbymap?Name=Player?Team=255?DefaultCharacter=TgGame.TgCharacter
[0029.20] Log: LoadMap: lobbymap?Name=Player?Team=255?DefaultCharacter=TgGame.TgCharacter
[0029.36] Log: Map Game ID = 0
[0029.36] Log: Map Instance ID = 124042925
[0029.39] Log: Performance: Critical section Lock/Unlock 25 nsec
[0029.39] Log: Performance:  appCycles 11 nsec
[0029.49] Log: Performance:  memCopy per KB 504 nsec
[0029.52] Log: Performance:  memZero per KB 147 nsec
[0029.54] Log: Performance:  appInterlockedIncrement 13 nsec
[0029.54] Log: Performance:  GetTickCount 4 nsec
[0029.54] Log: Game class is 'TgGameLaunch'
[0029.54] TgSLO: Async Load: GodSkins_Portraits_and_Icons
[0029.54] Log: Flushing async loaders.
[0029.58] TgSLO: Finish Load: GodSkins_Portraits_and_Icons
[0029.58] Log: Flushed async loaders.
[0029.61] Log: Primary PhysX scene will be in software.
[0029.61] Log: Creating Primary PhysX Scene.
[0029.61] Log: *** WARNING - PATHS MAY NOT BE VALID ***
[0029.61] Log: Bringing World lobbymap.TheWorld up for play (0) at 2015.06.11-19.15.25
[0029.61] Log: Skipping initialization of FSMPartPool!
[0029.67] Log: Bringing up level for play took: 0.087077
[0030.87] Log: Flushing async loaders.
[0030.96] Log: Flushed async loaders.
[0031.43] Warning: Warning, Failed to load 'Font None.ArialUnicode': Failed to find object 'Font None.ArialUnicode'
[0031.43] Warning: Warning, Failed to load 'Font None.ArialUnicode': Failed to find object 'Font None.ArialUnicode'
[0031.63] Log: GFx attempted to load missing object [UDKFrontEnd.udk_ime]
[0032.59] Log: ########### Finished loading level: 3.391254 seconds
[0032.69] Log: Flushing async loaders.
[0032.72] Log: Flushed async loaders.
[0032.73] Log: Initializing Engine Completed
[0032.73] Log: >>>>>>>>>>>>>> Initial startup: 32.73s <<<<<<<<<<<<<<<
[0032.73] Log: Browser user data directory is C:\ProgramData\Hi-Rez Studios\BrowserCache\Battle
[0032.87] Log: WebFactory created
[0049.01] Log: Login Success: kimicol
[0049.21] Log: Team/Instance chat routed to Instance Server.
[0049.21] Log: Chat[9]: Appuyez sur ENTRÉE pour accéder à la discussion.
[0049.34] Log: RequestingChannelMembers ch[1] [kimicol a rejoint la discussion.]
[0049.34] Log: RequestingChannelMembers ch[3] [kimicol a rejoint la discussion.]
[0049.85] Warning: Warning, Failed to load 'Font None.Arial Unicode MS': Failed to find object 'Font None.Arial Unicode MS'
[0053.63] Log: Chat[1]: Statut du clan : Tiny42SH
[0053.63] Log: ---- UpdateClanData
[0055.41] Warning: Warning, Failed to load 'Class None.None': Failed to find object 'Class None.None'
[0055.41] Warning: Warning, Failed to find object 'Class None.None'
[0055.41] Warning: Warning, Failed to load 'Class None.None': Failed to find object 'Class None.None'
[0055.41] Warning: Warning, Failed to find object 'Class None.None'
[0055.41] Warning: Warning, Failed to load 'Class None.None': Failed to find object 'Class None.None'
[0055.41] Warning: Warning, Failed to find object 'Class None.None'
[0055.41] Warning: Warning, Failed to load 'Class None.None': Failed to find object 'Class None.None'
[0055.41] Warning: Warning, Failed to find object 'Class None.None'
[0055.41] Warning: Warning, Failed to load 'Class None.None': Failed to find object 'Class None.None'
[0055.41] Warning: Warning, Failed to find object 'Class None.None'
[0057.79] Log: Closing by request
[0057.79] Log: appRequestExit(0)
[0057.79] Log: TgAIBehaviorTreeManager :: De-allocating 46 behavior trees
[0058.63] Exit: Preparing to exit.
[0058.95] Exit: Game engine shut down
[0058.99] Exit: Windows client shut down
[0059.28] Exit: XAudio2 Device shut down.
[0059.50] Exit: Object subsystem successfully closed.
[0061.13] Log: Shutting down FaceFX...
[0061.13] Log: FaceFX shutdown.
[0061.32] Exit: Exiting.
