[0000.26] Log: Async Log file open, 08/14/15 21:45:17
[0000.26] Init: WinSock: version 1.1 (2.2), MaxSocks=32767, MaxUdp=65467
[0000.26] Log:  ... running in INSTALLED mode
[0000.26] DevConfig: GConfig::Find has loaded file:  ..\..\Engine\Config\ConsoleVariables.ini
[0000.26] Init: Version: 10897
[0000.26] Init: Epic Internal: 0
[0000.26] Init: Compiled (32-bit): Aug  7 2015 15:46:08
[0000.26] Init: Changelist: 1532151
[0000.26] Init: Game is version 2.11.2894.0.
[0000.26] Init: Command line: -PGUID=f217e716-f401-4696-a0ce-3be9da5b0821  -host=             -host2              -seekfreeloading   -LANGUAGE=FRA -cnmg=722972295225232083277323732084259423642725295521 -cnmg2=722172245227232283207327732084259428642935229526 -ASYNCTICK=FALSE -user=kimicol -epass=0318D48EB4424BC8453F77F6B393B2828309272591535BDEF1EF5A8AA7644D2A -HiCommand -HEXX=4606D06A
[0000.26] Init: Base directory: C:\Program Files (x86)\Hi-Rez Studios\HiRezGames\smite\binaries\Win32\
[0000.26] Log: Deleting old log file Launch-backup-2015.07.31-18.47.35.log
[0000.26] Log: Deleting old log file Launch-backup-2015.07.31-20.47.03.log
[0000.27] Init: Computer: PC-ARTHUR
[0000.27] Init: User: Arthur
[0000.27] Init: CPU Page size=4096, Processors=4, Cores=2
[0000.27] Init: High frequency timer resolution =2.240907 MHz
[0000.27] Init: Memory total: Physical=3.8GB (3GB approx) Pagefile=4.5GB Virtual=4.0GB
[0000.34] DevOnline: Initializing MCTS
[0000.34] Init: Presizing for 60000 objects not considered by GC, pre-allocating 0 bytes.
[0000.34] Init: Object subsystem initialized
[0000.34] Log: Overriding lang INT w/ command-line option of FRA
[0001.70] Log: TgAIBehaviorTreeManager :: Loading behavior trees
[0001.71] Log: TgAIBehaviorTreeManager :: Successfully loaded behavior trees
[0001.71] Log: ShadowPatch: Error -pid should be passed on command line.
[0001.80] Log: AsyncTickTasks DISABLED at startup
[0001.99] Log: SystemSettings based on: SystemSettings
[0001.99] Log: SystemSettings based on: SystemSettings
[0001.99] Log: SystemSettings based on: SystemSettings
[0001.99] Log: SystemSettings based on: SystemSettings
[0002.00] Log: SystemSettings based on: SystemSettings
[0002.61] Log: Found D3D11 adapter 0: Intel(R) HD Graphics Family
[0002.61] Log: Adapter has 1020MB of dedicated video memory, 0MB of dedicated system memory, and 1933MB of shared system memory
[0002.64] Log: Shader platform (RHI): PC-D3D-SM3
[0002.73] Log: PhysX GPU Support: DISABLED
[0003.85] Log: Assembly Loaded Version: 
[0019.47] Log: Skipping adding Package OnlineSubsystemMcts to NetPackages
[0020.21] Log: 118726 objects as part of root set at end of initial load.
[0020.21] Log: 0 out of 0 bytes used by permanent object pool.
[0020.21] Log: Initializing Engine...
[0021.37] ScriptWarning: Script call stack:
	Function Engine.GameViewportClient:Init

	TgGameViewportClient Transient.TgGameEngine_0:TgGameViewportClient_0
	Function Engine.GameViewportClient:Init:0025
[0021.37] ScriptWarning: Assertion failed, line 672
	TgGameViewportClient Transient.TgGameEngine_0:TgGameViewportClient_0
	Function Engine.GameViewportClient:Init:0025
[0021.38] Warning: Warning, Failed to load 'SwfMovie None.Logos': Failed to find object 'SwfMovie None.Logos'
[0021.38] Log: GFx attempted to load missing object [Logos]
[0021.38] Warning: Warning, Failed to load 'Class None.': Failed to find object 'Class None.'
[0021.38] Warning: Warning, Failed to find object 'Class None.'
[0021.38] Warning: Warning, Failed to load 'Class None.': Failed to find object 'Class None.'
[0021.38] Warning: Warning, Failed to find object 'Class None.'
[0021.38] Warning: Warning, Failed to load 'Class None.': Failed to find object 'Class None.'
[0021.38] Warning: Warning, Failed to find object 'Class None.'
[0021.38] Warning: Warning, Failed to load 'Class None.': Failed to find object 'Class None.'
[0021.38] Warning: Warning, Failed to find object 'Class None.'
[0021.38] DevNet: Browse: lobbymap?Name=Player?Team=255?DefaultCharacter=TgGame.TgCharacter
[0021.38] Log: LoadMap: lobbymap?Name=Player?Team=255?DefaultCharacter=TgGame.TgCharacter
[0021.63] Log: Map Game ID = 0
[0021.63] Log: Map Instance ID = 129581539
[0021.65] Log: Performance: Critical section Lock/Unlock 24 nsec
[0021.65] Log: Performance:  appCycles 12 nsec
[0021.70] Log: Performance:  memCopy per KB 236 nsec
[0021.73] Log: Performance:  memZero per KB 134 nsec
[0021.74] Log: Performance:  appInterlockedIncrement 13 nsec
[0021.75] Log: Performance:  GetTickCount 4 nsec
[0021.75] Log: Game class is 'TgGameLaunch'
[0021.78] TgSLO: Async Load: GodSkins_Portraits_and_Icons
[0021.78] Log: Flushing async loaders.
[0021.89] TgSLO: Finish Load: GodSkins_Portraits_and_Icons
[0021.89] Log: Flushed async loaders.
[0021.93] Log: Primary PhysX scene will be in software.
[0021.93] Log: Creating Primary PhysX Scene.
[0021.93] Log: *** WARNING - PATHS MAY NOT BE VALID ***
[0021.93] Log: Bringing World lobbymap.TheWorld up for play (0) at 2015.08.14-21.45.39
[0021.93] Log: Skipping initialization of FSMPartPool!
[0022.20] Log: Bringing up level for play took: 0.300615
[0024.39] Warning: Warning, Failed to load 'Font None.ArialUnicode': Failed to find object 'Font None.ArialUnicode'
[0024.39] Warning: Warning, Failed to load 'Font None.ArialUnicode': Failed to find object 'Font None.ArialUnicode'
[0024.58] Log: GFx attempted to load missing object [UDKFrontEnd.udk_ime]
[0025.52] Log: ########### Finished loading level: 4.133600 seconds
[0025.62] Log: Initializing Engine Completed
[0025.62] Log: >>>>>>>>>>>>>> Initial startup: 25.62s <<<<<<<<<<<<<<<
[0025.62] Log: Browser user data directory is C:\ProgramData\Hi-Rez Studios\BrowserCache\Battle
[0025.67] Log: WebFactory created
[0030.65] Log: Login Success: kimicol
[0030.84] Error: Failed to read file '..\..\BattleGame\LandingPanel\UltimateGodPack.jpg' error ()
[0031.04] Error: Failed to read file '..\..\BattleGame\LandingPanel\Renegade Awilix.jpg' error ()
[0031.04] Error: Failed to read file '..\..\BattleGame\LandingPanel\Gamma Slam Cabrakan.jpg' error ()
[0031.04] Error: Failed to read file '..\..\BattleGame\LandingPanel\Imperator Khepri.jpg' error ()
[0031.04] Error: Failed to read file '..\..\BattleGame\LandingPanel\DrSylvanusa.jpg' error ()
[0031.38] Error: Failed to read file '..\..\BattleGame\LandingPanel\GodPackTest234.jpg' error ()
[0031.38] Error: Failed to read file '..\..\BattleGame\LandingPanel\GodPackTest234_thumb.jpg' error ()
[0031.57] Error: Failed to read file '..\..\BattleGame\LandingPanel\RetroHerc.jpg' error ()
[0032.17] Log: Team/Instance chat routed to Instance Server.
[0032.17] Log: Chat[9]: Appuyez sur ENTRÉE pour accéder à la discussion.
[0032.17] Log: RequestingChannelMembers ch[1] [kimicol a rejoint la discussion.]
[0032.84] Warning: Warning, Failed to load 'Font None.Arial Unicode MS': Failed to find object 'Font None.Arial Unicode MS'
[0047.01] Log: Chat[1]: Statut du clan : Tiny42SH
[0047.01] Log: ---- UpdateClanData
[0071.22] Log: ---- UpdateClanData
[0096.67] Log: Chat[9]: Vous avez rejoint une file d'attente.
[0185.21] Log: RequestingChannelMembers ch[3] [kimicol a rejoint la discussion.]
[0186.35] Log: RequestingChannelMembers ch[3] [josebgpg a rejoint la discussion.]
[0191.96] Log: RequestingChannelMembers ch[3] [ÇilginCIVCIV a rejoint la discussion.]
[0193.06] Warning: Warning, Failed to load 'Class None.None': Failed to find object 'Class None.None'
[0193.06] Warning: Warning, Failed to find object 'Class None.None'
[0193.06] Warning: Warning, Failed to load 'Class None.None': Failed to find object 'Class None.None'
[0193.06] Warning: Warning, Failed to find object 'Class None.None'
[0193.06] Warning: Warning, Failed to load 'Class None.None': Failed to find object 'Class None.None'
[0193.06] Warning: Warning, Failed to find object 'Class None.None'
[0193.06] Warning: Warning, Failed to load 'Class None.None': Failed to find object 'Class None.None'
[0193.06] Warning: Warning, Failed to find object 'Class None.None'
[0193.07] Warning: Warning, Failed to load 'Class None.None': Failed to find object 'Class None.None'
[0193.07] Warning: Warning, Failed to find object 'Class None.None'
[0198.51] TgSLO: Async Load: GOD_Janus
[0198.51] TgSLO: Async Load: GOD_Janus_Lobby
[0198.51] TgSLO: Async Load: FX_Janus
[0199.64] TgSLO: Finish Load: GOD_Janus
[0200.03] TgSLO: Finish Load: GOD_Janus_Lobby
[0200.69] TgSLO: Finish Load: FX_Janus
[0222.18] TgSLO: Async Load: GOD_Bellona
[0222.18] TgSLO: Async Load: GOD_Bellona_Lobby
[0222.19] TgSLO: Async Load: FX_Bellona
[0224.59] TgSLO: Finish Load: GOD_Bellona
[0225.39] TgSLO: Finish Load: GOD_Bellona_Lobby
[0226.31] TgSLO: Finish Load: FX_Bellona
[0244.45] TgSLO: Async Load: FX_Cupid
[0244.45] TgSLO: Async Load: GOD_Cupid_V2
[0244.45] TgSLO: Async Load: GOD_Cupid_V2_Lobby
[0244.79] TgSLO: Finish Load: FX_Cupid
[0245.36] TgSLO: Finish Load: GOD_Cupid_V2
[0245.55] TgSLO: Finish Load: GOD_Cupid_V2_Lobby
[0249.09] TgSLO: Async Load: GOD_Scylla
[0249.09] TgSLO: Async Load: GOD_Scylla_Lobby
[0249.09] TgSLO: Async Load: FX_Scylla
[0250.65] TgSLO: Finish Load: GOD_Scylla
[0251.04] TgSLO: Finish Load: GOD_Scylla_Lobby
[0251.82] TgSLO: Finish Load: FX_Scylla
[0267.92] TgSLO: Async Load: GOD_Loki_V2
[0267.92] TgSLO: Async Load: GOD_Loki_V2_Lobby
[0267.92] TgSLO: Async Load: FX_Loki_V2
[0269.35] TgSLO: Finish Load: GOD_Loki_V2
[0270.57] TgSLO: Finish Load: GOD_Loki_V2_Lobby
[0271.12] TgSLO: Finish Load: FX_Loki_V2
[0288.22] DevNet: URL: Adding default option Team=255
[0288.22] Log: ReceiveChangeMap: mapGameId 1531
[0288.75] DevNet: URL: Adding default option Team=255
[0288.75] DevNet: Browse: 64.95.97.171:9025/lobbymap?GameState=OGS_NoSession?GameMode=0?name=Player?map_instance_id=176525911?Team=255
[0288.75] DevNet: Game client on port 9025, rate 25000
[0289.23] DevNet: Welcomed by server (Level: roman_arena_p, Game: TgGame.TgGame_Arena_Escort)
[0289.46] Log: LoadMap: 64.95.97.171:9025/roman_arena_p?GameState=OGS_NoSession?GameMode=0?name=Player?map_instance_id=176525911?Team=255?game=TgGame.TgGame_Arena_Escort
[0289.98] Log: Map Game ID = 0
[0289.98] Log: Map Instance ID = 129581539
[0290.01] Log: Performance: Critical section Lock/Unlock 25 nsec
[0290.01] Log: Performance:  appCycles 11 nsec
[0290.06] Log: Performance:  memCopy per KB 256 nsec
[0290.10] Log: Performance:  memZero per KB 165 nsec
[0290.11] Log: Performance:  appInterlockedIncrement 13 nsec
[0290.12] Log: Performance:  GetTickCount 4 nsec
[0300.67] TgSLO: Async Load: FX_Store_Items
[0300.67] TgSLO: Async Load: FX_Store_Items_Targeting
[0300.67] TgSLO: Async Load: FX_Status_Effects
[0300.67] TgSLO: Async Load: GOD_CommonMaterialEffects
[0300.67] TgSLO: Async Load: GOD_Common_AT
[0300.67] TgSLO: Async Load: AUD_VOX_Narrator
[0300.68] TgSLO: Async Load: NPC_Ward2
[0300.68] TgSLO: Async Load: FX_Buff_Belts_V2
[0300.68] TgSLO: Async Load: FX_Fist_Of_God_V2
[0300.68] TgSLO: Async Load: GOD_Bellona
[0300.68] TgSLO: Async Load: GOD_Bellona_Textures
[0300.68] TgSLO: Async Load: FX_Bellona
[0300.68] TgSLO: Async Load: AUD_God_Bellona
[0300.68] TgSLO: Async Load: GOD_Loki_V2
[0300.68] TgSLO: Async Load: GOD_Loki_V2_Textures
[0300.68] TgSLO: Async Load: FX_Loki_V2
[0300.68] TgSLO: Async Load: AUD_God_Loki_V2
[0300.68] TgSLO: Async Load: GOD_Scylla
[0300.68] TgSLO: Async Load: GOD_Scylla_Textures
[0300.68] TgSLO: Async Load: FX_Scylla
[0300.68] TgSLO: Async Load: AUD_God_Scylla
[0300.68] TgSLO: Async Load: NPC_Ward_Curse
[0300.68] TgSLO: Async Load: NPC_Ward_BobbleHead_Base
[0300.68] TgSLO: Async Load: NPC_Ward_Eyeballs
[0300.70] TgSLO: Async Load: FX_Common
[0300.70] TgSLO: Async Load: AUD_UI
[0300.70] TgSLO: Async Load: FX_Cupid
[0300.70] TgSLO: Async Load: AUD_God_Cupid
[0300.71] TgSLO: Async Load: GOD_Cupid_V2
[0300.71] TgSLO: Async Load: GOD_Cupid_V2_Textures
[0300.71] TgSLO: Async Load: GOD_Janus
[0300.71] TgSLO: Async Load: GOD_Janus_Textures
[0300.71] TgSLO: Async Load: FX_Janus
[0300.71] TgSLO: Async Load: FX_Janus_Targeting
[0300.71] TgSLO: Async Load: AUD_God_Janus
[0300.71] TgSLO: Async Load: GOD_SunWukong
[0300.71] TgSLO: Async Load: GOD_SunWukong_Textures
[0300.71] TgSLO: Async Load: FX_SunWukong
[0300.71] TgSLO: Async Load: AUD_God_SunWukong
[0300.71] TgSLO: Async Load: GOD_AoKuang_V2
[0300.71] TgSLO: Async Load: GOD_AoKuang_V2_Textures
[0300.71] TgSLO: Async Load: FX_AoKuang_V2
[0300.71] TgSLO: Async Load: AUD_God_AoKuang_V2
[0300.71] TgSLO: Async Load: GOD_Xbalanque
[0300.71] TgSLO: Async Load: GOD_Xbalanque_Textures
[0300.71] TgSLO: Async Load: FX_Xbalanque
[0300.71] TgSLO: Async Load: AUD_God_Xbalanque
[0300.71] TgSLO: Async Load: GOD_Xbalanque_Skin1
[0300.71] TgSLO: Async Load: GOD_Medusa
[0300.71] TgSLO: Async Load: GOD_Medusa_Textures
[0300.71] TgSLO: Async Load: FX_Medusa
[0300.71] TgSLO: Async Load: AUD_God_Medusa
[0300.71] TgSLO: Async Load: GOD_Ram
[0300.71] TgSLO: Async Load: GOD_Ram_Textures
[0300.71] TgSLO: Async Load: FX_Ram
[0300.71] TgSLO: Async Load: AUD_God_Ram
[0300.71] TgSLO: Async Load: FX_Roman_Arena
[0300.71] TgSLO: Async Load: AUD_ENV_Roman_Arena
[0300.71] TgSLO: Async Load: FX_Tower
[0300.72] TgSLO: Async Load: FX_Greek_Tower
[0300.72] TgSLO: Async Load: AUD_Tower
[0300.72] TgSLO: Async Load: NPC_Tower_RA2015a
[0300.72] TgSLO: Async Load: MDL_PseudoMesh
[0300.72] TgSLO: Async Load: NPC_Arena_Basilisk
[0300.72] TgSLO: Async Load: FX_NPC_Arena_Basilisk
[0300.72] TgSLO: Async Load: AUD_NPC_Arena_Basilisk
[0300.72] TgSLO: Async Load: NPC_Arena_Lion
[0300.72] TgSLO: Async Load: FX_NPC_Arena_Lion
[0300.72] TgSLO: Async Load: AUD_NPC_Arena_Lion
[0300.72] TgSLO: Async Load: NPC_Arena_Boar
[0300.72] TgSLO: Async Load: FX_NPC_Arena_Boar
[0300.72] TgSLO: Async Load: AUD_NPC_Arena_Boar
[0300.72] TgSLO: Async Load: NPC_Arena_Minion
[0300.72] TgSLO: Async Load: NPC_Minion_Universal
[0300.72] TgSLO: Async Load: FX_Roman
[0300.72] TgSLO: Async Load: FX_Minion_Death
[0300.72] TgSLO: Async Load: AUD_NPC_RomanArcher
[0300.72] TgSLO: Async Load: AUD_NPC_Olympus
[0300.72] TgSLO: Async Load: NPC_Arena_Brute
[0300.72] TgSLO: Async Load: NPC_Arena_Juggernaut
[0300.72] TgSLO: Async Load: FX_NPC_Arena_Juggernaut
[0300.72] TgSLO: Async Load: AUD_NPC_Arena_Juggernaut
[0300.72] Log: Flushing async loaders.
[0300.78] TgSLO: Finish Load: FX_Store_Items
[0300.87] TgSLO: Finish Load: FX_Store_Items_Targeting
[0300.90] TgSLO: Finish Load: FX_Status_Effects
[0300.94] TgSLO: Finish Load: GOD_CommonMaterialEffects
[0300.95] TgSLO: Finish Load: GOD_Common_AT
[0301.11] TgSLO: Finish Load: AUD_VOX_Narrator
[0301.16] TgSLO: Finish Load: NPC_Ward2
[0301.24] TgSLO: Finish Load: FX_Buff_Belts_V2
[0301.24] TgSLO: Finish Load: FX_Fist_Of_God_V2
[0301.44] TgSLO: Finish Load: GOD_Bellona
[0301.44] TgSLO: Finish Load: GOD_Bellona_Textures
[0301.49] TgSLO: Finish Load: FX_Bellona
[0301.56] TgSLO: Finish Load: AUD_God_Bellona
[0301.68] TgSLO: Finish Load: GOD_Loki_V2
[0301.68] TgSLO: Finish Load: GOD_Loki_V2_Textures
[0301.70] TgSLO: Finish Load: FX_Loki_V2
[0301.77] TgSLO: Finish Load: AUD_God_Loki_V2
[0302.10] TgSLO: Finish Load: GOD_Scylla
[0302.10] TgSLO: Finish Load: GOD_Scylla_Textures
[0302.15] TgSLO: Finish Load: FX_Scylla
[0302.23] TgSLO: Finish Load: AUD_God_Scylla
[0302.33] TgSLO: Finish Load: NPC_Ward_Curse
[0302.33] TgSLO: Finish Load: NPC_Ward_BobbleHead_Base
[0302.42] TgSLO: Finish Load: NPC_Ward_Eyeballs
[0302.59] TgSLO: Finish Load: FX_Common
[0302.65] TgSLO: Finish Load: AUD_UI
[0302.68] TgSLO: Finish Load: FX_Cupid
[0302.78] TgSLO: Finish Load: AUD_God_Cupid
[0302.81] TgSLO: Finish Load: GOD_Cupid_V2
[0302.82] TgSLO: Finish Load: GOD_Cupid_V2_Textures
[0302.98] TgSLO: Finish Load: GOD_Janus
[0302.98] TgSLO: Finish Load: GOD_Janus_Textures
[0303.02] TgSLO: Finish Load: FX_Janus
[0303.06] TgSLO: Finish Load: FX_Janus_Targeting
[0303.13] TgSLO: Finish Load: AUD_God_Janus
[0303.93] TgSLO: Finish Load: GOD_SunWukong
[0303.97] TgSLO: Finish Load: GOD_SunWukong_Textures
[0304.02] TgSLO: Finish Load: FX_SunWukong
[0304.13] TgSLO: Finish Load: AUD_God_SunWukong
[0304.94] TgSLO: Finish Load: GOD_AoKuang_V2
[0304.95] TgSLO: Finish Load: GOD_AoKuang_V2_Textures
[0305.08] TgSLO: Finish Load: FX_AoKuang_V2
[0305.15] TgSLO: Finish Load: AUD_God_AoKuang_V2
[0305.54] TgSLO: Finish Load: GOD_Xbalanque
[0305.54] TgSLO: Finish Load: GOD_Xbalanque_Textures
[0305.62] TgSLO: Finish Load: FX_Xbalanque
[0305.75] TgSLO: Finish Load: AUD_God_Xbalanque
[0305.78] TgSLO: Finish Load: GOD_Xbalanque_Skin1
[0306.21] TgSLO: Finish Load: GOD_Medusa
[0306.24] TgSLO: Finish Load: GOD_Medusa_Textures
[0306.30] TgSLO: Finish Load: FX_Medusa
[0306.37] TgSLO: Finish Load: AUD_God_Medusa
[0307.02] TgSLO: Finish Load: GOD_Ram
[0307.06] TgSLO: Finish Load: GOD_Ram_Textures
[0307.15] TgSLO: Finish Load: FX_Ram
[0307.30] TgSLO: Finish Load: AUD_God_Ram
[0307.53] TgSLO: Finish Load: FX_Roman_Arena
[0307.63] TgSLO: Finish Load: AUD_ENV_Roman_Arena
[0307.66] TgSLO: Finish Load: FX_Tower
[0307.76] TgSLO: Finish Load: FX_Greek_Tower
[0307.88] TgSLO: Finish Load: AUD_Tower
[0307.94] TgSLO: Finish Load: NPC_Tower_RA2015a
[0307.95] TgSLO: Finish Load: MDL_PseudoMesh
[0308.27] TgSLO: Finish Load: NPC_Arena_Basilisk
[0308.28] TgSLO: Finish Load: FX_NPC_Arena_Basilisk
[0308.33] TgSLO: Finish Load: AUD_NPC_Arena_Basilisk
[0308.59] TgSLO: Finish Load: NPC_Arena_Lion
[0308.60] TgSLO: Finish Load: FX_NPC_Arena_Lion
[0308.64] TgSLO: Finish Load: AUD_NPC_Arena_Lion
[0309.05] TgSLO: Finish Load: NPC_Arena_Boar
[0309.06] TgSLO: Finish Load: FX_NPC_Arena_Boar
[0309.10] TgSLO: Finish Load: AUD_NPC_Arena_Boar
[0309.28] TgSLO: Finish Load: NPC_Arena_Minion
[0309.40] TgSLO: Finish Load: NPC_Minion_Universal
[0309.44] TgSLO: Finish Load: FX_Roman
[0309.45] TgSLO: Finish Load: FX_Minion_Death
[0309.51] TgSLO: Finish Load: AUD_NPC_RomanArcher
[0309.51] TgSLO: Finish Load: AUD_NPC_Olympus
[0309.56] TgSLO: Finish Load: NPC_Arena_Brute
[0309.80] TgSLO: Finish Load: NPC_Arena_Juggernaut
[0309.84] TgSLO: Finish Load: FX_NPC_Arena_Juggernaut
[0309.85] TgSLO: Finish Load: AUD_NPC_Arena_Juggernaut
[0309.85] Log: Flushed async loaders.
[0309.86] Log: Primary PhysX scene will be in software.
[0309.86] Log: Creating Primary PhysX Scene.
[0309.89] Log: *** WARNING - PATHS MAY NOT BE VALID ***
[0309.89] Log: Bringing World roman_arena_p.TheWorld up for play (595) at 2015.08.14-21.50.27
[0309.89] Log: Skipping initialization of FSMPartPool!
[0309.89] Log: Bringing up level for play took: 0.047168
[0309.89] Warning: Warning, Failed to load 'Class None.': Failed to find object 'Class None.'
[0309.89] Warning: Warning, Failed to find object 'Class None.'
[0309.89] Log: PlayerController class for the pending level is PlayerController
[0309.89] Log: ########### Finished loading level: 20.433796 seconds
[0309.90] Log: Flushing async loaders.
[0310.68] Log: Flushed async loaders.
[0311.10] Log: ---- UpdateClanData
[0311.11] DevNet: TgPlayerController_1 setplayer TgLocalPlayer_0
[0311.43] Log: AttachToOwner - Socket (FX_ORIGIN_Origin) not found in owner mesh or its parent! (2702 to NONE)
[0311.44] Log: AttachToOwner - Socket (CSO_FX_Origin_01) not found in owner mesh or its parent! (2958 to NONE)
[0311.44] Log: AttachToOwner - Socket (FX_ORIGIN_Origin) not found in owner mesh or its parent! (2702 to NONE)
[0311.44] Log: AttachToOwner - Socket (FX_ORIGIN_Origin) not found in owner mesh or its parent! (2702 to NONE)
[0311.44] Log: AttachToOwner - Socket (FX_ORIGIN_Origin) not found in owner mesh or its parent! (2702 to NONE)
[0311.44] Log: AttachToOwner - Socket (CSO_FX_Origin_01) not found in owner mesh or its parent! (2958 to NONE)
[0311.44] Log: AttachToOwner - Socket (CSO_FX_Origin_01) not found in owner mesh or its parent! (2958 to NONE)
[0311.44] Log: AttachToOwner - Socket (CSO_FX_Origin_01) not found in owner mesh or its parent! (2958 to NONE)
[0311.44] Log: AttachToOwner - Socket (FX_ORIGIN_Origin) not found in owner mesh or its parent! (2702 to NONE)
[0311.45] Log: AttachToOwner - Socket (FX_ORIGIN_Origin) not found in owner mesh or its parent! (2702 to NONE)
[0311.45] Log: AttachToOwner - Socket (FX_ORIGIN_Origin) not found in owner mesh or its parent! (2702 to NONE)
[0311.45] Log: AttachToOwner - Socket (FX_ORIGIN_Origin) not found in owner mesh or its parent! (2702 to NONE)
[0311.46] Log: TeamIndex 2 has new leader: 7202453
[0311.46] Log: TeamIndex 1 has new leader: 1909239
[0311.46] Log: AttachToOwner - Socket (FX_ORIGIN_Origin) not found in owner mesh or its parent! (2702 to NONE)
[0311.46] Log: AttachToOwner - Socket (FX_ORIGIN_Origin) not found in owner mesh or its parent! (2702 to NONE)
[0311.48] Log: Activated roman_arena_assist 1 1 0
[0311.48] Log: ActivateLevel roman_arena_assist 1 1 0
[0315.02] Log: TeamIndex 1 has new leader: 2036327
[0341.41] Log: TeamIndex 2 has new leader: 1599358
[0343.53] Warning: Warning, Failed to load 'Texture None.blah': Failed to find object 'Texture None.blah'
[0349.93] Log: Chat[3]: ooo çapulcu
[0351.32] Log: Requesting purchase of itemId (10040) amount (1)
[0353.68] Log: Requesting purchase of itemId (10220) amount (1)
[0358.03] Log: Chat[3]: [VVGH] Bonjour !
[0363.14] Log: Chat[3]: [VVGH] Bonjour !
[0370.68] Log: Chat[3]: as
[0372.70] Log: SendChat[3] 
[0379.53] Log: Chat[3]: sa
[0382.78] Log: Chat[3]: as
[0385.08] Log: Chat[3]: xD
[0440.66] Log: Chat[9]: Tuer eLCo vous a donné 102 XP et 400 pièces d'or.
[0440.85] Log: PUSHING Accolade: PREMIER SANG, local: true
[0442.35] Log: PUSHING Accolade: , local: false
[0443.74] Log: Chat[3]: [VVGN] Bien joué !
[0452.03] Log: Chat[3]: :/
[0460.28] Log: PUSHING Accolade: , local: false
[0464.03] Log: PlayCustomAnim Offhand_04_Outro_FromCom, CustomChildIndex: 1, Animation Not Found!!
[0470.13] Log: PUSHING Accolade: eLCo a tué un joueur !, local: false
[0474.93] Log: PUSHING Accolade: , local: false
[0476.21] Log: Requesting purchase of itemId (10045) amount (1)
[0476.44] Log: PUSHING Accolade: ASSISTÉ, local: true
[0476.68] ScriptWarning: Control reached the end of non-void function (make certain that all paths through the function 'return <value>'
	TgPawn_Ram roman_arena_p.TheWorld:PersistentLevel.TgPawn_Ram_0
	Function TgGame.TgPawn_Ram:IsInClassSpecificMovement:0022
[0476.70] ScriptWarning: Control reached the end of non-void function (make certain that all paths through the function 'return <value>'
	TgPawn_Ram roman_arena_p.TheWorld:PersistentLevel.TgPawn_Ram_0
	Function TgGame.TgPawn_Ram:IsInClassSpecificMovement:0022
[0476.73] ScriptWarning: Control reached the end of non-void function (make certain that all paths through the function 'return <value>'
	TgPawn_Ram roman_arena_p.TheWorld:PersistentLevel.TgPawn_Ram_0
	Function TgGame.TgPawn_Ram:IsInClassSpecificMovement:0022
[0476.75] ScriptWarning: Control reached the end of non-void function (make certain that all paths through the function 'return <value>'
	TgPawn_Ram roman_arena_p.TheWorld:PersistentLevel.TgPawn_Ram_0
	Function TgGame.TgPawn_Ram:IsInClassSpecificMovement:0022
[0476.76] ScriptWarning: Control reached the end of non-void function (make certain that all paths through the function 'return <value>'
	TgPawn_Ram roman_arena_p.TheWorld:PersistentLevel.TgPawn_Ram_0
	Function TgGame.TgPawn_Ram:IsInClassSpecificMovement:0022
[0476.78] ScriptWarning: Control reached the end of non-void function (make certain that all paths through the function 'return <value>'
	TgPawn_Ram roman_arena_p.TheWorld:PersistentLevel.TgPawn_Ram_0
	Function TgGame.TgPawn_Ram:IsInClassSpecificMovement:0022
[0476.79] ScriptWarning: Control reached the end of non-void function (make certain that all paths through the function 'return <value>'
	TgPawn_Ram roman_arena_p.TheWorld:PersistentLevel.TgPawn_Ram_0
	Function TgGame.TgPawn_Ram:IsInClassSpecificMovement:0022
[0476.81] ScriptWarning: Control reached the end of non-void function (make certain that all paths through the function 'return <value>'
	TgPawn_Ram roman_arena_p.TheWorld:PersistentLevel.TgPawn_Ram_0
	Function TgGame.TgPawn_Ram:IsInClassSpecificMovement:0022
[0476.83] ScriptWarning: Control reached the end of non-void function (make certain that all paths through the function 'return <value>'
	TgPawn_Ram roman_arena_p.TheWorld:PersistentLevel.TgPawn_Ram_0
	Function TgGame.TgPawn_Ram:IsInClassSpecificMovement:0022
[0476.84] ScriptWarning: Control reached the end of non-void function (make certain that all paths through the function 'return <value>'
	TgPawn_Ram roman_arena_p.TheWorld:PersistentLevel.TgPawn_Ram_0
	Function TgGame.TgPawn_Ram:IsInClassSpecificMovement:0022
[0476.86] ScriptWarning: Control reached the end of non-void function (make certain that all paths through the function 'return <value>'
	TgPawn_Ram roman_arena_p.TheWorld:PersistentLevel.TgPawn_Ram_0
	Function TgGame.TgPawn_Ram:IsInClassSpecificMovement:0022
[0476.87] ScriptWarning: Control reached the end of non-void function (make certain that all paths through the function 'return <value>'
	TgPawn_Ram roman_arena_p.TheWorld:PersistentLevel.TgPawn_Ram_0
	Function TgGame.TgPawn_Ram:IsInClassSpecificMovement:0022
[0476.89] ScriptWarning: Control reached the end of non-void function (make certain that all paths through the function 'return <value>'
	TgPawn_Ram roman_arena_p.TheWorld:PersistentLevel.TgPawn_Ram_0
	Function TgGame.TgPawn_Ram:IsInClassSpecificMovement:0022
[0476.90] ScriptWarning: Control reached the end of non-void function (make certain that all paths through the function 'return <value>'
	TgPawn_Ram roman_arena_p.TheWorld:PersistentLevel.TgPawn_Ram_0
	Function TgGame.TgPawn_Ram:IsInClassSpecificMovement:0022
[0476.92] ScriptWarning: Control reached the end of non-void function (make certain that all paths through the function 'return <value>'
	TgPawn_Ram roman_arena_p.TheWorld:PersistentLevel.TgPawn_Ram_0
	Function TgGame.TgPawn_Ram:IsInClassSpecificMovement:0022
[0476.94] ScriptWarning: Control reached the end of non-void function (make certain that all paths through the function 'return <value>'
	TgPawn_Ram roman_arena_p.TheWorld:PersistentLevel.TgPawn_Ram_0
	Function TgGame.TgPawn_Ram:IsInClassSpecificMovement:0022
[0476.95] ScriptWarning: Control reached the end of non-void function (make certain that all paths through the function 'return <value>'
	TgPawn_Ram roman_arena_p.TheWorld:PersistentLevel.TgPawn_Ram_0
	Function TgGame.TgPawn_Ram:IsInClassSpecificMovement:0022
[0476.97] ScriptWarning: Control reached the end of non-void function (make certain that all paths through the function 'return <value>'
	TgPawn_Ram roman_arena_p.TheWorld:PersistentLevel.TgPawn_Ram_0
	Function TgGame.TgPawn_Ram:IsInClassSpecificMovement:0022
[0476.99] ScriptWarning: Control reached the end of non-void function (make certain that all paths through the function 'return <value>'
	TgPawn_Ram roman_arena_p.TheWorld:PersistentLevel.TgPawn_Ram_0
	Function TgGame.TgPawn_Ram:IsInClassSpecificMovement:0022
[0477.00] ScriptWarning: Control reached the end of non-void function (make certain that all paths through the function 'return <value>'
	TgPawn_Ram roman_arena_p.TheWorld:PersistentLevel.TgPawn_Ram_0
	Function TgGame.TgPawn_Ram:IsInClassSpecificMovement:0022
[0477.02] ScriptWarning: Control reached the end of non-void function (make certain that all paths through the function 'return <value>'
	TgPawn_Ram roman_arena_p.TheWorld:PersistentLevel.TgPawn_Ram_0
	Function TgGame.TgPawn_Ram:IsInClassSpecificMovement:0022
[0477.05] ScriptWarning: Control reached the end of non-void function (make certain that all paths through the function 'return <value>'
	TgPawn_Ram roman_arena_p.TheWorld:PersistentLevel.TgPawn_Ram_0
	Function TgGame.TgPawn_Ram:IsInClassSpecificMovement:0022
[0477.07] ScriptWarning: Control reached the end of non-void function (make certain that all paths through the function 'return <value>'
	TgPawn_Ram roman_arena_p.TheWorld:PersistentLevel.TgPawn_Ram_0
	Function TgGame.TgPawn_Ram:IsInClassSpecificMovement:0022
[0477.08] ScriptWarning: Control reached the end of non-void function (make certain that all paths through the function 'return <value>'
	TgPawn_Ram roman_arena_p.TheWorld:PersistentLevel.TgPawn_Ram_0
	Function TgGame.TgPawn_Ram:IsInClassSpecificMovement:0022
[0477.10] ScriptWarning: Control reached the end of non-void function (make certain that all paths through the function 'return <value>'
	TgPawn_Ram roman_arena_p.TheWorld:PersistentLevel.TgPawn_Ram_0
	Function TgGame.TgPawn_Ram:IsInClassSpecificMovement:0022
[0477.11] ScriptWarning: Control reached the end of non-void function (make certain that all paths through the function 'return <value>'
	TgPawn_Ram roman_arena_p.TheWorld:PersistentLevel.TgPawn_Ram_0
	Function TgGame.TgPawn_Ram:IsInClassSpecificMovement:0022
[0477.13] ScriptWarning: Control reached the end of non-void function (make certain that all paths through the function 'return <value>'
	TgPawn_Ram roman_arena_p.TheWorld:PersistentLevel.TgPawn_Ram_0
	Function TgGame.TgPawn_Ram:IsInClassSpecificMovement:0022
[0477.14] ScriptWarning: Control reached the end of non-void function (make certain that all paths through the function 'return <value>'
	TgPawn_Ram roman_arena_p.TheWorld:PersistentLevel.TgPawn_Ram_0
	Function TgGame.TgPawn_Ram:IsInClassSpecificMovement:0022
[0477.16] ScriptWarning: Control reached the end of non-void function (make certain that all paths through the function 'return <value>'
	TgPawn_Ram roman_arena_p.TheWorld:PersistentLevel.TgPawn_Ram_0
	Function TgGame.TgPawn_Ram:IsInClassSpecificMovement:0022
[0477.17] ScriptWarning: Control reached the end of non-void function (make certain that all paths through the function 'return <value>'
	TgPawn_Ram roman_arena_p.TheWorld:PersistentLevel.TgPawn_Ram_0
	Function TgGame.TgPawn_Ram:IsInClassSpecificMovement:0022
[0477.19] ScriptWarning: Control reached the end of non-void function (make certain that all paths through the function 'return <value>'
	TgPawn_Ram roman_arena_p.TheWorld:PersistentLevel.TgPawn_Ram_0
	Function TgGame.TgPawn_Ram:IsInClassSpecificMovement:0022
[0477.20] ScriptWarning: Control reached the end of non-void function (make certain that all paths through the function 'return <value>'
	TgPawn_Ram roman_arena_p.TheWorld:PersistentLevel.TgPawn_Ram_0
	Function TgGame.TgPawn_Ram:IsInClassSpecificMovement:0022
[0477.22] ScriptWarning: Control reached the end of non-void function (make certain that all paths through the function 'return <value>'
	TgPawn_Ram roman_arena_p.TheWorld:PersistentLevel.TgPawn_Ram_0
	Function TgGame.TgPawn_Ram:IsInClassSpecificMovement:0022
[0477.23] ScriptWarning: Control reached the end of non-void function (make certain that all paths through the function 'return <value>'
	TgPawn_Ram roman_arena_p.TheWorld:PersistentLevel.TgPawn_Ram_0
	Function TgGame.TgPawn_Ram:IsInClassSpecificMovement:0022
[0477.25] ScriptWarning: Control reached the end of non-void function (make certain that all paths through the function 'return <value>'
	TgPawn_Ram roman_arena_p.TheWorld:PersistentLevel.TgPawn_Ram_0
	Function TgGame.TgPawn_Ram:IsInClassSpecificMovement:0022
[0477.26] ScriptWarning: Control reached the end of non-void function (make certain that all paths through the function 'return <value>'
	TgPawn_Ram roman_arena_p.TheWorld:PersistentLevel.TgPawn_Ram_0
	Function TgGame.TgPawn_Ram:IsInClassSpecificMovement:0022
[0477.29] ScriptWarning: Control reached the end of non-void function (make certain that all paths through the function 'return <value>'
	TgPawn_Ram roman_arena_p.TheWorld:PersistentLevel.TgPawn_Ram_0
	Function TgGame.TgPawn_Ram:IsInClassSpecificMovement:0022
[0477.30] ScriptWarning: Control reached the end of non-void function (make certain that all paths through the function 'return <value>'
	TgPawn_Ram roman_arena_p.TheWorld:PersistentLevel.TgPawn_Ram_0
	Function TgGame.TgPawn_Ram:IsInClassSpecificMovement:0022
[0477.31] ScriptWarning: Control reached the end of non-void function (make certain that all paths through the function 'return <value>'
	TgPawn_Ram roman_arena_p.TheWorld:PersistentLevel.TgPawn_Ram_0
	Function TgGame.TgPawn_Ram:IsInClassSpecificMovement:0022
[0477.33] ScriptWarning: Control reached the end of non-void function (make certain that all paths through the function 'return <value>'
	TgPawn_Ram roman_arena_p.TheWorld:PersistentLevel.TgPawn_Ram_0
	Function TgGame.TgPawn_Ram:IsInClassSpecificMovement:0022
[0477.34] ScriptWarning: Control reached the end of non-void function (make certain that all paths through the function 'return <value>'
	TgPawn_Ram roman_arena_p.TheWorld:PersistentLevel.TgPawn_Ram_0
	Function TgGame.TgPawn_Ram:IsInClassSpecificMovement:0022
[0477.36] ScriptWarning: Control reached the end of non-void function (make certain that all paths through the function 'return <value>'
	TgPawn_Ram roman_arena_p.TheWorld:PersistentLevel.TgPawn_Ram_0
	Function TgGame.TgPawn_Ram:IsInClassSpecificMovement:0022
[0477.37] ScriptWarning: Control reached the end of non-void function (make certain that all paths through the function 'return <value>'
	TgPawn_Ram roman_arena_p.TheWorld:PersistentLevel.TgPawn_Ram_0
	Function TgGame.TgPawn_Ram:IsInClassSpecificMovement:0022
[0478.94] Log: PUSHING Accolade: , local: false
[0491.39] Log: PUSHING Accolade: , local: false
[0509.33] Log: Chat[3]: [VVGW] De rien !
[0524.86] Log: Chat[3]: [VVGF] Bon jeu !
[0537.02] Log: Chat[3]: [VEG] Je suis le meilleur!
[0549.78] Log: Chat[3]: [VEW] Woohoo !
[0577.17] Log: PUSHING Accolade: , local: false
[0578.68] Log: PUSHING Accolade: ASSISTÉ, local: true
[0596.04] Log: PUSHING Accolade: , local: false
[0597.54] Log: PUSHING Accolade: ASSISTÉ, local: true
[0599.13] Log: PUSHING Accolade: , local: false
[0606.78] Log: PUSHING Accolade: CHESTEER a tué un joueur !, local: false
[0609.33] Warning: Warning, Failed to load 'Class None.None': Failed to find object 'Class None.None'
[0609.33] Warning: Warning, Failed to find object 'Class None.None'
[0611.33] Log: Requesting purchase of itemId (8776) amount (1)
[0612.23] Log: PlayCustomAnim Offhand_04_Outro_FromCom, CustomChildIndex: 1, Animation Not Found!!
[0614.14] Log: PUSHING Accolade: CHESTEER a fait un doublé !, local: false
[0614.14] Log: Suppressing Accolade: CHESTEER fait une tuerie ! (x3)
[0614.90] Log: Requesting purchase of itemId (8134) amount (1)
[0622.38] Log: Chat[3]: [VVS] Désolé !
[0640.27] Log: Chat[3]: [VVA] D'accord !
[0640.54] Log: Chat[9]: Tuer jjooojjjuy vous a donné 167 XP et 240 pièces d'or.
[0640.74] Log: PUSHING Accolade: VICTIME, local: true
[0643.02] Log: Chat[3]: [VEW] Woohoo !
[0654.78] Log: Chat[3]: sesim mükemmel :D
[0659.28] Log: Chat[3]: [VAA] Attaquez !
[0660.28] Log: PUSHING Accolade: , local: false
[0672.28] Log: PUSHING Accolade: eLCo a tué un joueur !, local: false
[0672.93] Log: AttachToOwner - Socket (CSO_FX_HeadBuff) not found in owner mesh or its parent! (2179 to TgPawn_Cyclops_Default_5)
[0680.13] Log: Requesting purchase of itemId (10220) amount (1)
[0681.65] Log: PUSHING Accolade: , local: false
[0690.64] Log: PUSHING Accolade: , local: false
[0692.15] Log: PUSHING Accolade: ASSISTÉ, local: true
[0701.07] Log: Chat[3]: [VAA] Attaquez !
[0704.32] Log: PUSHING Accolade: , local: false
[0707.19] Log: PUSHING Accolade: , local: false
[0717.93] Log: Chat[3]: [VVGN] Bien joué !
[0734.52] Log: Chat[3]: [VAA] Attaquez !
[0749.07] Log: PUSHING Accolade: , local: false
[0750.59] Log: PUSHING Accolade: ASSISTÉ, local: true
[0769.93] Log: PUSHING Accolade: CAPULCU96 fait une tuerie ! (x3), local: false
[0769.95] Log: Requesting purchase of itemId (10222) amount (1)
[0777.24] Log: PUSHING Accolade: , local: false
[0782.92] Log: Chat[3]: [VHH] Besoin d'aide !
[0783.88] Log: Chat[3]: [VHH] Besoin d'aide !
[0786.09] Log: PUSHING Accolade: CoC41N fait une tuerie ! (x3), local: false
[0791.62] Log: Chat[3]: [VER] Quel talent !
[0794.73] Log: Chat[3]: [VVT] Merci !
[0796.22] Log: Chat[9]: Tuer jjooojjjuy vous a donné 206 XP et 153 pièces d'or.
[0796.40] Log: PUSHING Accolade: VICTIME, local: true
[0799.35] Log: Chat[3]: [VRR] Reculez !
[0802.60] Log: PUSHING Accolade: CoC41N a tué un joueur !, local: false
[0803.78] Log: Chat[3]: [VVN] Non !
[0809.59] Log: Requesting purchase of itemId (9012) amount (1)
[0812.62] Log: Chat[3]: [VAA] Attaquez !
[0818.63] Log: Chat[3]: [VAA] Attaquez !
[0820.58] Log: Chat[3]: [VAG] Attaquez la furie d'or !
[0826.65] Log: Chat[3]: [VAA] Attaquez !
[0832.08] Log: PUSHING Accolade: CHESTEER fait un massacre ! (x5), local: false
[0839.51] Log: PUSHING Accolade: josebgpg a fait un doublé !, local: false
[0839.51] Log: Suppressing Accolade: 
[0839.51] Log: Suppressing Accolade: josebgpg a stoppé CHESTEER dans son élan
[0839.51] Log: Suppressing Accolade: josebgpg fait une tuerie ! (x3)
[0841.01] Log: Expiring Accolade: 
[0841.01] Log: PUSHING Accolade: ASSISTÉ, local: true
[0842.51] Log: PUSHING Accolade: ASSISTÉ, local: true
[0844.02] Log: Expiring Accolade: ASSISTÉ
[0853.33] Log: PUSHING Accolade: CoC41N fait un massacre ! (x5), local: false
[0854.59] Log: Chat[3]: [VAA] Attaquez !
[0855.23] Log: Chat[3]: [VAA] Attaquez !
[0864.13] Log: PUSHING Accolade: , local: false
[0865.63] Log: PUSHING Accolade: ASSISTÉ, local: true
[0881.63] Log: Requesting purchase of itemId (9767) amount (1)
[0882.77] Log: PUSHING Accolade: , local: false
[0888.59] Log: PlayCustomAnim Offhand_04_Outro_FromCom, CustomChildIndex: 1, Animation Not Found!!
[0893.36] Log: PUSHING Accolade: , local: false
[0895.83] Log: Chat[3]: [VHH] Besoin d'aide !
[0896.93] Log: PUSHING Accolade: , local: false
[0898.44] Log: PUSHING Accolade: ASSISTÉ, local: true
[0901.88] Log: PUSHING Accolade: CAPULCU96 a fait un doublé !, local: false
[0901.88] Log: Suppressing Accolade: CAPULCU96 fait un massacre ! (x5)
[0903.40] Log: PUSHING Accolade: ASSISTÉ, local: true
[0904.27] Log: Chat[3]: [VVGN] Bien joué !
[0906.62] Log: PUSHING Accolade: CoC41N a stoppé CAPULCU96 dans son élan, local: false
[0906.62] Log: Suppressing Accolade: 
[0918.23] Log: PUSHING Accolade: , local: false
[0919.74] Log: PUSHING Accolade: ASSISTÉ, local: true
[0924.92] Log: PUSHING Accolade: , local: false
[0927.92] Log: PUSHING Accolade: josebgpg a fait un doublé !, local: false
[0927.93] Log: Suppressing Accolade: 
[0929.43] Log: PUSHING Accolade: ASSISTÉ, local: true
[0934.89] Log: PUSHING Accolade: CoC41N EST INARRÊTABLE ! (x7), local: false
[0938.45] Log: Requesting purchase of itemId (8105) amount (1)
[0943.72] Log: PUSHING Accolade: , local: false
[0953.23] Log: PUSHING Accolade: , local: false
[0953.93] Log: Chat[3]: [VHH] Besoin d'aide !
[0956.38] Log: Chat[3]: agh
[0970.77] Log: Chat[3]: [VAA] Attaquez !
[0984.43] Log: Requesting purchase of itemId (10218) amount (1)
[1007.68] Log: PUSHING Accolade: , local: false
[1034.37] Log: PUSHING Accolade: , local: false
[1036.88] Log: Chat[3]: [VVGN] Bien joué !
[1037.89] Log: Chat[9]: Tuer eLCo vous a donné 258 XP et 300 pièces d'or.
[1038.09] Log: PUSHING Accolade: VICTIME, local: true
[1048.24] Log: Chat[3]: shaco
[1051.74] Log: PUSHING Accolade: CAPULCU96 a stoppé CoC41N dans son élan, local: false
[1051.74] Log: Suppressing Accolade: 
[1053.26] Log: PUSHING Accolade: ASSISTÉ, local: true
[1064.24] Log: Chat[9]: Tuer sorko vous a donné 258 XP et 240 pièces d'or.
[1064.43] Log: PUSHING Accolade: VICTIME, local: true
[1065.97] Log: Chat[3]: [VHH] Besoin d'aide !
[1067.27] Log: Chat[3]: :)
[1067.73] Log: Chat[3]: [VHH] Besoin d'aide !
[1068.44] Log: PUSHING Accolade: , local: false
[1070.03] Log: Chat[3]: [VVT] Merci !
[1077.58] Log: PUSHING Accolade: eLCo a fait un doublé !, local: false
[1077.58] Log: Suppressing Accolade: eLCo a tué un joueur !
[1080.73] Log: PUSHING Accolade: CAPULCU96 fait une tuerie ! (x3), local: false
[1082.24] Log: PUSHING Accolade: ASSISTÉ, local: true
[1082.74] Warning: Warning, Failed to load 'Class None.None': Failed to find object 'Class None.None'
[1082.74] Warning: Warning, Failed to find object 'Class None.None'
[1083.75] Log: PUSHING Accolade: , local: false
[1089.38] Log: PUSHING Accolade: , local: false
[1095.04] Log: Requesting purchase of itemId (10219) amount (1)
[1100.73] Log: Chat[3]: [VDD] Défendez !
[1104.28] Log: Chat[3]: [VDD] Défendez !
[1109.33] Log: PUSHING Accolade: , local: false
[1111.57] Log: Chat[3]: [VVT] Merci !
[1118.57] Log: Chat[3]: np
[1135.75] Log: PUSHING Accolade: , local: false
[1141.28] Log: PUSHING Accolade: NourKiller fait une tuerie ! (x3), local: false
[1146.03] Log: PUSHING Accolade: , local: false
[1152.93] Log: PUSHING Accolade: , local: false
[1155.13] Log: PUSHING Accolade: , local: false
[1156.63] Log: PUSHING Accolade: ASSISTÉ, local: true
[1159.20] Log: Requesting purchase of itemId (9213) amount (1)
[1172.38] Log: PUSHING Accolade: , local: false
[1194.34] Log: PUSHING Accolade: , local: false
[1195.84] Log: PUSHING Accolade: ASSISTÉ, local: true
[1211.06] Log: PUSHING Accolade: , local: false
[1212.56] Log: PUSHING Accolade: ASSISTÉ, local: true
[1212.85] Log: Chat[9]: Tuer CHESTEER vous a donné 297 XP et 192 pièces d'or.
[1214.07] Log: Expiring Accolade: VICTIME
[1227.34] Log: PUSHING Accolade: , local: false
[1233.73] Log: PUSHING Accolade: , local: false
[1235.23] Log: PUSHING Accolade: ASSISTÉ, local: true
[1236.74] Log: Expiring Accolade: 
[1258.32] Log: Chat[3]: [VHH] Besoin d'aide !
[1259.38] Log: PUSHING Accolade: CAPULCU96 fait une tuerie ! (x3), local: false
[1264.01] Log: ---- UpdateClanData
[1264.16] Log: ---- UpdateClanData
[1264.16] Log: Chat[6]: Namarand vient de se connecter.
[1264.16] Log: RequestingChannelMembers ch[1] [Namarand a rejoint la discussion.]
[1267.99] Log: Requesting purchase of itemId (10216) amount (1)
[1268.08] Warning: Warning, Failed to load 'Class None.None': Failed to find object 'Class None.None'
[1268.08] Warning: Warning, Failed to find object 'Class None.None'
[1290.53] Log: PUSHING Accolade: josebgpg fait une tuerie ! (x3), local: false
[1291.98] Log: Chat[3]: [VVGN] Bien joué !
[1297.94] Log: PUSHING Accolade: , local: false
[1299.44] Log: PUSHING Accolade: ASSISTÉ, local: true
[1302.34] Log: PUSHING Accolade: , local: false
[1303.86] Log: PUSHING Accolade: ASSISTÉ, local: true
[1305.34] Log: Chat[9]: Tuer CoC41N vous a donné 310 XP et 240 pièces d'or.
[1305.53] Log: Expiring Accolade: 
[1305.53] Log: PUSHING Accolade: VICTIME, local: true
[1307.04] Log: PUSHING Accolade: ASSISTÉ, local: true
[1308.55] Log: PUSHING Accolade: DÉICIDE, local: true
[1312.18] Log: Chat[3]: [VVGG] Belle partie !
[1314.22] Log: Chat[3]: [VVGG] Belle partie !
[1317.98] Log: Chat[3]: [VVGG] Belle partie !
[1324.40] Log: PUSHING Accolade: , local: false
[1326.75] Log: PUSHING Accolade: , local: false
[1328.26] Log: PUSHING Accolade: ASSISTÉ, local: true
[1330.29] Log: Chat[3]: [VVGG] Belle partie !
[1334.34] Log: PUSHING Accolade: , local: false
[1337.58] Log: PUSHING Accolade: , local: false
[1340.00] Log: PUSHING Accolade: eLCo a tué un joueur !, local: false
[1340.38] Log: Chat[3]: NOOOO
[1341.13] Log: PlayCustomAnim Offhand_04_Outro_FromCom, CustomChildIndex: 1, Animation Not Found!!
[1345.29] Log: PUSHING Accolade: CAPULCU96 fait un massacre ! (x5), local: false
[1346.10] Log: ---- UpdateClanData
[1346.10] Log: ---- UpdateClanData
[1346.11] Log: ---- UpdateClanData
[1346.80] Log: PUSHING Accolade: ASSISTÉ, local: true
[1347.63] Log: Chat[3]: [VVGG] Belle partie !
[1348.19] Log: Chat[3]: [VVGG] Belle partie !
[1348.59] Log: Chat[3]: [VVGG] Belle partie !
[1349.93] Log: Chat[3]: [VVGG] Belle partie !
[1351.03] Log: Chat[3]: [VVGG] Belle partie !
[1353.63] Log: Chat[3]: [VVGG] Belle partie !
[1354.93] Log: Chat[3]: [VEG] Je suis le meilleur!
[1359.32] Log: ---- UpdateClanData
[1364.47] DevNet: URL: Adding default option Team=255
[1364.47] Log: ReceiveChangeMap: mapGameId 1447
[1364.47] Log: ---- UpdateClanData
[1364.47] Log: RequestingChannelMembers ch[3] [josebgpg a quitté la discussion.]
[1364.47] Log: RequestingChannelMembers ch[3] [NourKiller a quitté la discussion.]
[1364.47] Log: RequestingChannelMembers ch[3] [ÇilginCIVCIV a quitté la discussion.]
[1364.47] Log: RequestingChannelMembers ch[3] [CAPULCU96 a quitté la discussion.]
[1364.48] DevNet: URL: Adding default option Team=255
[1364.48] DevNet: Browse: LobbyMap?game=TgClient.TgGameLaunch?GameState=OGS_NoSession?GameMode=0?name=Player?Team=255
[1364.95] Log: LoadMap: LobbyMap?game=TgClient.TgGameLaunch?GameState=OGS_NoSession?GameMode=0?name=Player?Team=255
[1365.21] NetComeGo: Close PComNetDriver_0 PComNetConn_0 64.95.97.171:9025 08/14/15 22:08:02
[1365.38] Exit: PComNetDriver_0 shut down
[1365.70] Log: Map Game ID = 0
[1365.70] Log: Map Instance ID = 129581539
[1365.73] Log: Performance: Critical section Lock/Unlock 24 nsec
[1365.73] Log: Performance:  appCycles 12 nsec
[1365.78] Log: Performance:  memCopy per KB 246 nsec
[1365.81] Log: Performance:  memZero per KB 142 nsec
[1365.82] Log: Performance:  appInterlockedIncrement 14 nsec
[1365.83] Log: Performance:  GetTickCount 4 nsec
[1365.83] Log: Game class is 'TgGameLaunch'
[1365.83] TgSLO: Async Load: GodSkins_Portraits_and_Icons
[1365.83] Log: Flushing async loaders.
[1365.86] TgSLO: Finish Load: GodSkins_Portraits_and_Icons
[1365.86] Log: Flushed async loaders.
[1365.90] Log: Primary PhysX scene will be in software.
[1365.90] Log: Creating Primary PhysX Scene.
[1365.90] Log: *** WARNING - PATHS MAY NOT BE VALID ***
[1365.90] Log: Bringing World lobbymap.TheWorld up for play (0) at 2015.08.14-22.08.03
[1365.90] Log: Skipping initialization of FSMPartPool!
[1365.98] Log: Bringing up level for play took: 0.117129
[1367.21] TgSLO: Async Load: GOD_Janus
[1367.21] TgSLO: Async Load: GOD_Janus_Lobby
[1367.21] TgSLO: Async Load: FX_Janus
[1367.21] Log: Flushing async loaders.
[1367.36] TgSLO: Finish Load: GOD_Janus
[1367.44] TgSLO: Finish Load: GOD_Janus_Lobby
[1367.48] TgSLO: Finish Load: FX_Janus
[1367.48] Log: Flushed async loaders.
[1367.49] Log: ########### Finished loading level: 2.540192 seconds
[1367.65] Log: RequestingChannelMembers ch[8] [kimicol a rejoint la discussion.]
[1368.22] Log: RequestingChannelMembers ch[8] [CoC41N a rejoint la discussion.]
[1369.09] Log: RequestingChannelMembers ch[8] [NourKiller a rejoint la discussion.]
[1369.63] Log: RequestingChannelMembers ch[8] [eLCo a rejoint la discussion.]
[1374.37] Log: RequestingChannelMembers ch[8] [CoC41N a quitté la discussion.]
[1375.18] Log: RequestingChannelMembers ch[8] [ÇilginCIVCIV a rejoint la discussion.]
[1375.61] Log: RequestingChannelMembers ch[8] [CHESTEER a quitté la discussion.]
[1375.76] Log: RequestingChannelMembers ch[8] [jjooojjjuy a rejoint la discussion.]
[1376.90] Log: RequestingChannelMembers ch[8] [sorko a quitté la discussion.]
[1379.57] Log: Chat[8]: die alot -_-
[1380.88] Log: RequestingChannelMembers ch[8] [eLCo a quitté la discussion.]
[1382.28] Log: RequestingChannelMembers ch[4] [kimicol a rejoint la discussion.]
[1398.22] Log: RequestingChannelMembers ch[8] [jjooojjjuy a quitté la discussion.]
[1398.37] Log: RequestingChannelMembers ch[8] [NourKiller a quitté la discussion.]
[1400.75] Log: Chat[8]: gg
[1400.90] Log: RequestingChannelMembers ch[8] [ÇilginCIVCIV a quitté la discussion.]
[1411.40] Log: RequestingChannelMembers ch[8] [josebgpg a quitté la discussion.]
[1418.61] Log: Chat[8]: yep it was
[1421.70] Log: RequestingChannelMembers ch[4] [Fullife a rejoint la discussion.]
[1421.89] Log: Chat[4]: Fullife a rejoint le groupe.
[1422.52] Log: ---- UpdateClanData
[1428.64] Log: Chat[9]: Vous avez rejoint une file d'attente.
[1428.64] Log: Chat[4]: Namarand a rejoint la file d'attente du groupe.
[1432.91] Log: Chat[9]: CAPULCU96 vous a déjà envoyé une demande d'amitié.
[1436.52] Log: RequestingChannelMembers ch[8] [CAPULCU96 a quitté la discussion.]
[1442.90] Log: ERROR: Attempting to log in without settings.
[1503.95] Warning: GetSocketWorldLocationAndRotation : Could not find socket 'R_Front_Paw' in 'SKL_GOD_Awilix_Jaguar_Skin3'
[1504.63] Warning: GetSocketWorldLocationAndRotation : Could not find socket 'R_Front_Paw' in 'SKL_GOD_Awilix_Jaguar_Skin3'
[1506.54] Log: RequestingChannelMembers ch[3] [kimicol a rejoint la discussion.]
[1506.54] Log: RequestingChannelMembers ch[3] [Fullife a quitté la discussion.]
[1506.54] Log: RequestingChannelMembers ch[3] [Namarand a quitté la discussion.]
[1507.39] Log: RequestingChannelMembers ch[3] [kimicol a rejoint la discussion.]
[1509.08] Log: RequestingChannelMembers ch[3] [Namarand a rejoint la discussion.]
[1511.01] Log: RequestingChannelMembers ch[3] [Fullife a rejoint la discussion.]
[1511.21] TgSLO: Async Load: Lobby_Pedestal_Beach
[1511.45] TgSLO: Finish Load: Lobby_Pedestal_Beach
[1513.21] TgSLO: Async Load: GOD_GuanYu_V2
[1513.21] TgSLO: Async Load: GOD_GuanYu_V2_Lobby
[1513.21] TgSLO: Async Load: FX_GuanYu_V2
[1514.63] TgSLO: Finish Load: GOD_GuanYu_V2
[1514.73] TgSLO: Finish Load: GOD_GuanYu_V2_Lobby
[1515.25] TgSLO: Finish Load: FX_GuanYu_V2
[1564.26] TgSLO: Async Load: GOD_Agni_V2
[1564.26] TgSLO: Async Load: GOD_Agni_V2_Lobby
[1565.26] TgSLO: Finish Load: GOD_Agni_V2
[1565.62] TgSLO: Finish Load: GOD_Agni_V2_Lobby
[1577.82] TgSLO: Async Load: GOD_Hou_Yi
[1577.86] TgSLO: Async Load: GOD_Hou_Yi_Lobby
[1577.86] TgSLO: Async Load: FX_Hou_Yi
[1578.83] TgSLO: Finish Load: GOD_Hou_Yi
[1579.06] TgSLO: Finish Load: GOD_Hou_Yi_Lobby
[1579.43] TgSLO: Finish Load: FX_Hou_Yi
[1590.77] DevNet: URL: Adding default option Team=255
[1590.77] Log: ReceiveChangeMap: mapGameId 1503
[1590.85] DevNet: URL: Adding default option Team=255
[1590.85] DevNet: Browse: 72.251.242.14:9262/lobbymap?GameState=OGS_NoSession?GameMode=0?name=Player?map_instance_id=176530169?Team=255
[1590.85] DevNet: Game client on port 9262, rate 25000
[1591.19] DevNet: Welcomed by server (Level: joust_v2_p, Game: TgGame.TgGame_Battle_Joust)
[1591.35] Log: LoadMap: 72.251.242.14:9262/joust_v2_p?GameState=OGS_NoSession?GameMode=0?name=Player?map_instance_id=176530169?Team=255?game=TgGame.TgGame_Battle_Joust
[1591.63] Log: Map Game ID = 0
[1591.63] Log: Map Instance ID = 129581539
[1591.66] Log: Performance: Critical section Lock/Unlock 25 nsec
[1591.66] Log: Performance:  appCycles 14 nsec
[1591.72] Log: Performance:  memCopy per KB 290 nsec
[1591.77] Log: Performance:  memZero per KB 232 nsec
[1591.78] Log: Performance:  appInterlockedIncrement 14 nsec
[1591.79] Log: Performance:  GetTickCount 4 nsec
[1594.69] TgSLO: Async Load: FX_Store_Items
[1594.69] TgSLO: Async Load: FX_Store_Items_Targeting
[1594.70] TgSLO: Async Load: FX_Status_Effects
[1594.70] TgSLO: Async Load: GOD_CommonMaterialEffects
[1594.70] TgSLO: Async Load: GOD_Common_AT
[1594.70] TgSLO: Async Load: AUD_VOX_Narrator
[1594.70] TgSLO: Async Load: NPC_Ward2
[1594.70] TgSLO: Async Load: FX_Buff_Belts_V2
[1594.70] TgSLO: Async Load: FX_Fist_Of_God_V2
[1594.70] TgSLO: Async Load: GOD_Hou_Yi
[1594.70] TgSLO: Async Load: GOD_Hou_Yi_Textures
[1594.70] TgSLO: Async Load: FX_Hou_Yi
[1594.70] TgSLO: Async Load: AUD_God_Hou_Yi
[1594.70] TgSLO: Async Load: NPC_Ward_Snowman
[1594.70] TgSLO: Async Load: NPC_Ward_BobbleHead_Base
[1594.70] TgSLO: Async Load: NPC_Ward_Eyeballs
[1594.70] TgSLO: Async Load: FX_Common
[1594.70] TgSLO: Async Load: AUD_UI
[1594.70] TgSLO: Async Load: FX_Emote_global_Fireworks_A
[1594.70] TgSLO: Async Load: GOD_Agni_V2
[1594.70] TgSLO: Async Load: GOD_Agni_V2_Textures
[1594.70] TgSLO: Async Load: FX_Agni_B
[1594.70] TgSLO: Async Load: AUD_God_Agni
[1594.70] TgSLO: Async Load: NPC_Ward_Chinese
[1594.70] TgSLO: Async Load: GOD_GuanYu_V2
[1594.70] TgSLO: Async Load: GOD_GuanYu_V2_Textures
[1594.70] TgSLO: Async Load: FX_GuanYu_V2
[1594.70] TgSLO: Async Load: FX_GuanYu_V2_Targeting
[1594.70] TgSLO: Async Load: AUD_God_GuanYu_V2
[1594.70] TgSLO: Async Load: AUD_God_GuanYu
[1594.70] TgSLO: Async Load: GOD_Thor
[1594.70] TgSLO: Async Load: GOD_Thor_Textures
[1594.72] TgSLO: Async Load: FX_Thor
[1594.72] TgSLO: Async Load: AUD_God_Thor
[1594.72] TgSLO: Async Load: GOD_Thor_Skin4
[1594.72] TgSLO: Async Load: GOD_Hel_V3
[1594.73] TgSLO: Async Load: GOD_Hel_V3_Skin3
[1594.73] TgSLO: Async Load: FX_Hel_V3_Skin3
[1594.73] TgSLO: Async Load: AUD_God_Hel
[1594.73] TgSLO: Async Load: AnimNotify11022
[1594.73] TgSLO: Async Load: GOD_Medusa
[1594.73] TgSLO: Async Load: GOD_Medusa_Textures
[1594.73] TgSLO: Async Load: FX_Medusa
[1594.73] TgSLO: Async Load: AUD_God_Medusa
[1594.74] TgSLO: Async Load: Joust_Tower
[1594.74] TgSLO: Async Load: FX_Tower
[1594.74] TgSLO: Async Load: FX_Greek_Tower
[1594.74] TgSLO: Async Load: AUD_Tower
[1594.74] TgSLO: Async Load: NPC_Phoenix
[1594.74] TgSLO: Async Load: NPC_Phoenix_Textures
[1594.74] TgSLO: Async Load: FX_Phoenix
[1594.74] TgSLO: Async Load: AUD_NPC_Phoenix
[1594.74] TgSLO: Async Load: MDL_PseudoMesh
[1594.74] TgSLO: Async Load: NPC_Joust_Minion
[1594.74] TgSLO: Async Load: NPC_Joust_Minion_Textures
[1594.74] TgSLO: Async Load: NPC_Minion_Universal
[1594.74] TgSLO: Async Load: FX_Roman
[1594.75] TgSLO: Async Load: FX_Minion_Death
[1594.75] TgSLO: Async Load: AUD_NPC_RomanArcher
[1594.75] TgSLO: Async Load: AUD_NPC_Olympus
[1594.75] TgSLO: Async Load: NPC_Guardian_Female
[1594.75] TgSLO: Async Load: NPC_Guardian_Female_AT
[1594.75] TgSLO: Async Load: FX_Guardian_Female
[1594.75] TgSLO: Async Load: AUD_NPC_Guardian_Female
[1594.76] TgSLO: Async Load: NPC_Guardian_Male
[1594.76] TgSLO: Async Load: NPC_Guardian_Male_AT
[1594.76] TgSLO: Async Load: FX_Guardian_Male
[1594.76] TgSLO: Async Load: AUD_NPC_Guardian_Male
[1594.76] TgSLO: Async Load: NPC_Cyclops_V2
[1594.76] TgSLO: Async Load: FX_NPC_Cyclops_V2
[1594.76] TgSLO: Async Load: AUD_NPC_Cyclops
[1594.76] Log: Flushing async loaders.
[1594.79] TgSLO: Finish Load: FX_Store_Items
[1594.81] TgSLO: Finish Load: FX_Store_Items_Targeting
[1594.82] TgSLO: Finish Load: FX_Status_Effects
[1594.82] TgSLO: Finish Load: GOD_CommonMaterialEffects
[1594.82] TgSLO: Finish Load: GOD_Common_AT
[1594.94] TgSLO: Finish Load: AUD_VOX_Narrator
[1594.94] TgSLO: Finish Load: NPC_Ward2
[1594.98] TgSLO: Finish Load: FX_Buff_Belts_V2
[1594.98] TgSLO: Finish Load: FX_Fist_Of_God_V2
[1595.11] TgSLO: Finish Load: GOD_Hou_Yi
[1595.14] TgSLO: Finish Load: GOD_Hou_Yi_Textures
[1595.17] TgSLO: Finish Load: FX_Hou_Yi
[1595.22] TgSLO: Finish Load: AUD_God_Hou_Yi
[1595.28] TgSLO: Finish Load: NPC_Ward_Snowman
[1595.29] TgSLO: Finish Load: NPC_Ward_BobbleHead_Base
[1595.31] TgSLO: Finish Load: NPC_Ward_Eyeballs
[1595.33] TgSLO: Finish Load: FX_Common
[1595.33] TgSLO: Finish Load: AUD_UI
[1595.35] TgSLO: Finish Load: FX_Emote_global_Fireworks_A
[1595.47] TgSLO: Finish Load: GOD_Agni_V2
[1595.48] TgSLO: Finish Load: GOD_Agni_V2_Textures
[1595.71] TgSLO: Finish Load: FX_Agni_B
[1595.91] TgSLO: Finish Load: AUD_God_Agni
[1596.01] TgSLO: Finish Load: NPC_Ward_Chinese
[1596.18] TgSLO: Finish Load: GOD_GuanYu_V2
[1596.19] TgSLO: Finish Load: GOD_GuanYu_V2_Textures
[1596.20] TgSLO: Finish Load: FX_GuanYu_V2
[1596.24] TgSLO: Finish Load: FX_GuanYu_V2_Targeting
[1596.26] TgSLO: Finish Load: AUD_God_GuanYu_V2
[1596.30] TgSLO: Finish Load: AUD_God_GuanYu
[1596.87] TgSLO: Finish Load: GOD_Thor
[1596.88] TgSLO: Finish Load: GOD_Thor_Textures
[1596.96] TgSLO: Finish Load: FX_Thor
[1597.08] TgSLO: Finish Load: AUD_God_Thor
[1597.18] TgSLO: Finish Load: GOD_Thor_Skin4
[1597.79] TgSLO: Finish Load: GOD_Hel_V3
[1597.93] TgSLO: Finish Load: GOD_Hel_V3_Skin3
[1598.01] TgSLO: Finish Load: FX_Hel_V3_Skin3
[1598.14] TgSLO: Finish Load: AUD_God_Hel
[1598.19] TgSLO: Finish Load: AnimNotify11022
[1598.34] TgSLO: Finish Load: GOD_Medusa
[1598.35] TgSLO: Finish Load: GOD_Medusa_Textures
[1598.38] TgSLO: Finish Load: FX_Medusa
[1598.42] TgSLO: Finish Load: AUD_God_Medusa
[1598.69] TgSLO: Finish Load: Joust_Tower
[1598.69] TgSLO: Finish Load: FX_Tower
[1598.72] TgSLO: Finish Load: FX_Greek_Tower
[1598.80] TgSLO: Finish Load: AUD_Tower
[1598.97] TgSLO: Finish Load: NPC_Phoenix
[1599.00] TgSLO: Finish Load: NPC_Phoenix_Textures
[1599.02] TgSLO: Finish Load: FX_Phoenix
[1599.08] TgSLO: Finish Load: AUD_NPC_Phoenix
[1599.08] TgSLO: Finish Load: MDL_PseudoMesh
[1599.14] TgSLO: Finish Load: NPC_Joust_Minion
[1599.14] TgSLO: Finish Load: NPC_Joust_Minion_Textures
[1599.29] TgSLO: Finish Load: NPC_Minion_Universal
[1599.29] TgSLO: Finish Load: FX_Roman
[1599.29] TgSLO: Finish Load: FX_Minion_Death
[1599.34] TgSLO: Finish Load: AUD_NPC_RomanArcher
[1599.34] TgSLO: Finish Load: AUD_NPC_Olympus
[1599.68] TgSLO: Finish Load: NPC_Guardian_Female
[1599.71] TgSLO: Finish Load: NPC_Guardian_Female_AT
[1599.71] TgSLO: Finish Load: FX_Guardian_Female
[1599.72] TgSLO: Finish Load: AUD_NPC_Guardian_Female
[1600.09] TgSLO: Finish Load: NPC_Guardian_Male
[1600.12] TgSLO: Finish Load: NPC_Guardian_Male_AT
[1600.17] TgSLO: Finish Load: FX_Guardian_Male
[1600.18] TgSLO: Finish Load: AUD_NPC_Guardian_Male
[1600.48] TgSLO: Finish Load: NPC_Cyclops_V2
[1600.48] TgSLO: Finish Load: FX_NPC_Cyclops_V2
[1600.56] TgSLO: Finish Load: AUD_NPC_Cyclops
[1600.56] Log: Flushed async loaders.
[1600.58] Log: Primary PhysX scene will be in software.
[1600.58] Log: Creating Primary PhysX Scene.
[1600.59] Log: Bringing World joust_v2_p.TheWorld up for play (595) at 2015.08.14-22.11.58
[1600.59] Log: Skipping initialization of FSMPartPool!
[1600.60] Log: Bringing up level for play took: 0.030421
[1600.60] Warning: Warning, Failed to load 'Class None.': Failed to find object 'Class None.'
[1600.60] Warning: Warning, Failed to find object 'Class None.'
[1600.60] Log: PlayerController class for the pending level is PlayerController
[1600.60] Log: ########### Finished loading level: 9.243559 seconds
[1600.60] Log: Flushing async loaders.
[1602.03] Log: Flushed async loaders.
[1602.35] DevNet: TgPlayerController_3 setplayer TgLocalPlayer_0
[1602.42] Log: Flushing async loaders.
[1602.49] Log: Flushed async loaders.
[1602.49] Warning: Flushed async loading to load replicated reference to 'TgPawn_HelV3_Default TgGameContent.Default__TgPawn_HelV3_Default'
[1602.50] Log: AttachToOwner - Socket (FX_ORIGIN_Origin) not found in owner mesh or its parent! (2702 to NONE)
[1602.50] Log: AttachToOwner - Socket (FX_ORIGIN_Origin) not found in owner mesh or its parent! (2702 to NONE)
[1602.50] Log: AttachToOwner - Socket (FX_ORIGIN_Origin) not found in owner mesh or its parent! (2702 to NONE)
[1602.50] Log: AttachToOwner - Socket (FX_ORIGIN_Origin) not found in owner mesh or its parent! (2702 to NONE)
[1602.50] Log: TeamIndex 1 has new leader: 3659208
[1602.52] Log: AttachToOwner - Socket (FX_ORIGIN_Origin) not found in owner mesh or its parent! (2702 to NONE)
[1602.52] Log: AttachToOwner - Socket (FX_ORIGIN_Origin) not found in owner mesh or its parent! (2702 to NONE)
[1602.56] Log: ---- UpdateClanData
[1602.56] Log: ActivateLevel joust_v2_crowd 1 1 0
[1602.56] Log: ActivateLevel joust_sound 1 1 0
[1602.56] Log: ActivateLevel joust_v2_p_assist 1 1 0
[1602.77] Log: Activated joust_v2_p_assist 1 1 0
[1607.08] Log: TeamIndex 2 has new leader: 3499464
[1610.31] Log: ---- UpdateClanData
[1618.08] Log: TeamIndex 2 has new leader: 3494679
[1626.87] Log: ---- UpdateClanData
[1626.88] Log: TeamIndex 1 has new leader: 6609504
[1627.71] Warning: Warning, Failed to load 'Texture None.blah': Failed to find object 'Texture None.blah'
[1627.71] Warning: Warning, Failed to load 'Texture None.undefined': Failed to find object 'Texture None.undefined'
[1627.71] Warning: Warning, Failed to load 'Texture None.undefined': Failed to find object 'Texture None.undefined'
[1627.71] Warning: Warning, Failed to load 'Texture None.undefined': Failed to find object 'Texture None.undefined'
[1627.71] Warning: Warning, Failed to load 'Texture None.undefined': Failed to find object 'Texture None.undefined'
[1637.40] Log: Requesting purchase of itemId (10033) amount (1)
[1641.67] Log: Requesting purchase of itemId (10201) amount (1)
[1641.79] Warning: Warning, Failed to load 'Class None.None': Failed to find object 'Class None.None'
[1641.79] Warning: Warning, Failed to find object 'Class None.None'
[1647.73] Log: Requesting purchase of itemId (8134) amount (1)
[1647.88] Log: Requesting purchase of itemId (8134) amount (1)
[1649.34] Log: Requesting purchase of itemId (8135) amount (1)
[1651.60] Log: Requesting purchase of itemId (9013) amount (1)
[1662.35] Log: Chat[3]: [VVGH] Bonjour !
[1665.29] Log: Chat[3]: [VVGH] Bonjour !
[1749.31] Log: Chat[9]: Tuer Tilumos vous a donné 140 XP et 488 pièces d'or.
[1749.49] Log: PUSHING Accolade: PREMIER SANG, local: true
[1751.01] Log: PUSHING Accolade: Tower Dive, local: true
[1765.79] Log: Requesting purchase of itemId (10038) amount (1)
[1768.55] Log: Requesting purchase of itemId (8134) amount (1)
[1768.71] Log: Requesting purchase of itemId (8134) amount (1)
[1781.55] Log: AttachToOwner - Socket (CSO_FX_Head) not found in owner mesh or its parent! (3342 to TgProj_SimulatedReturnStroke_0)
[1800.44] Log: Chat[3]: [VVVE] J'arrive !
[1805.50] Log: PUSHING Accolade: Phenixis a tué un joueur !, local: false
[1810.77] Log: Requesting purchase of itemId (9014) amount (1)
[1812.33] Log: Requesting purchase of itemId (8134) amount (1)
[1828.26] Log: AttachToOwner - Socket (CSO_FX_Head) not found in owner mesh or its parent! (3342 to TgProj_SimulatedReturnStroke_1)
[1830.95] Log: PUSHING Accolade: , local: false
[1853.72] Log: Chat[3]: [VSS] J'augmente mes charges !
[1865.16] Log: AttachToOwner - Socket (CSO_FX_Head) not found in owner mesh or its parent! (3342 to TgProj_SimulatedReturnStroke_2)
[1888.63] Log: PUSHING Accolade: , local: false
[1889.31] Log: Inventory Error Recovery: Resubmitting an inventory item that could not find its device
[1889.31] Log: Inventory Error Recovery: Resubmitting an inventory item that could not find its device
[1890.05] Log: Inventory Error Recovery: Resubmitting an inventory item that could not find its device
[1890.05] Log: Inventory Error Recovery: Resubmitting an inventory item that could not find its device
[1901.71] Log: Requesting purchase of itemId (9496) amount (1)
[1904.51] Log: Requesting purchase of itemId (8135) amount (1)
[1961.24] Log: AttachToOwner - Socket (CSO_FX_Head) not found in owner mesh or its parent! (3342 to TgProj_SimulatedReturnStroke_3)
[1963.46] Log: PUSHING Accolade: , local: false
[1964.96] Log: PUSHING Accolade: , local: false
[1966.47] Log: PUSHING Accolade: ASSISTÉ, local: true
[1968.02] Log: Expiring Accolade: Airizxxx a tué un joueur !
[1968.02] Log: Expiring Accolade: 
[1968.02] Log: PUSHING Accolade: Airizxxx a fait un doublé !, local: false
[1969.54] Log: Expiring Accolade: 
[1969.54] Log: PUSHING Accolade: ASSISTÉ, local: true
[1971.04] Log: PUSHING Accolade: DÉICIDE, local: true
[1978.49] Log: Requesting purchase of itemId (9153) amount (1)
[1981.42] Log: Requesting purchase of itemId (8134) amount (1)
[1981.57] Log: Requesting purchase of itemId (8134) amount (1)
[1981.75] Log: Requesting purchase of itemId (8134) amount (1)
[2009.01] Log: Chat[3]: [VSS] J'augmente mes charges !
[2040.51] Log: Requesting purchase of itemId (8134) amount (1)
[2047.62] Log: Requesting purchase of itemId (9497) amount (1)
[2083.91] Log: Chat[9]: Tuer Phenixis vous a donné 290 XP et 429 pièces d'or.
[2084.09] Log: PUSHING Accolade: VICTIME, local: true
[2084.53] Log: Inventory Error Recovery: Resubmitting an inventory item that could not find its device
[2085.60] Log: PUSHING Accolade: Tower Dive, local: true
[2087.11] Log: PUSHING Accolade: Tilumos a tué un joueur !, local: false
[2088.62] Log: Expiring Accolade: 
[2088.62] Log: PUSHING Accolade: ASSISTÉ, local: true
[2102.73] Log: AttachToOwner - Socket (WSO_Emit_01) not found in owner mesh or its parent! (1027 to NONE)
[2108.58] Log: Requesting purchase of itemId (8711) amount (1)
[2109.86] Log: Requesting purchase of itemId (8134) amount (1)
[2110.75] Log: Requesting purchase of itemId (8135) amount (1)
[2166.62] Log: PUSHING Accolade: , local: false
[2168.13] Log: PUSHING Accolade: ASSISTÉ, local: true
[2188.89] Log: PUSHING Accolade: , local: false
[2203.69] Log: PUSHING Accolade: , local: false
[2235.32] Log: PUSHING Accolade: , local: false
[2236.19] Log: Requesting purchase of itemId (8712) amount (1)
[2237.68] Log: Requesting purchase of itemId (8134) amount (1)
[2238.50] Log: Requesting purchase of itemId (8135) amount (1)
[2242.33] Log: PUSHING Accolade: , local: false
[2339.45] Log: AttachToOwner - Socket (CSO_FX_Head) not found in owner mesh or its parent! (3342 to TgProj_SimulatedReturnStroke_4)
[2349.47] Log: PUSHING Accolade: Airizxxx fait une tuerie ! (x3), local: false
[2351.03] Log: PUSHING Accolade: Airizxxx a fait un doublé !, local: false
[2351.03] Log: Suppressing Accolade: 
[2358.34] Log: Inventory Error Recovery: Resubmitting an inventory item that could not find its device
[2359.11] Log: Inventory Error Recovery: Resubmitting an inventory item that could not find its device
[2436.96] Log: PUSHING Accolade: , local: false
[2438.48] Log: PUSHING Accolade: Namarand a fait un doublé !, local: false
[2438.48] Log: Suppressing Accolade: 
[2439.99] Log: PUSHING Accolade: ASSISTÉ, local: true
[2441.50] Log: PUSHING Accolade: ASSISTÉ, local: true
[2443.19] Log: AttachToOwner - Socket (CSO_FX_Waist_01) not found in owner mesh or its parent! (6078 to TgDeployable_Medusa_Statue_0)
[2443.46] Log: PUSHING Accolade: Tilumos a tué un joueur !, local: false
[2444.97] Log: PUSHING Accolade: , local: false
[2445.46] Log: ---- UpdateClanData
[2445.60] Log: ---- UpdateClanData
[2445.60] Log: ---- UpdateClanData
[2446.48] Log: PUSHING Accolade: ASSISTÉ, local: true
[2447.99] Log: PUSHING Accolade: DÉICIDE, local: true
[2454.78] Log: Requesting purchase of itemId (8063) amount (1)
[2458.89] Log: Requesting purchase of itemId (8809) amount (1)
[2458.96] Log: ---- UpdateClanData
[2460.41] Log: Requesting purchase of itemId (8134) amount (1)
[2460.58] Log: Requesting purchase of itemId (8134) amount (1)
[2461.73] Log: Requesting purchase of itemId (8135) amount (1)
[2464.03] Log: ---- UpdateClanData
[2473.29] Log: AttachToOwner - Socket (CSO_FX_Waist_01) not found in owner mesh or its parent! (6078 to TgDeployable_Medusa_Statue_1)
[2492.07] Log: Chat[1]: Staelos vient de se déconnecter.
[2492.07] Log: ---- UpdateClanData
[2501.83] Log: Inventory Error Recovery: Resubmitting an inventory item that could not find its device
[2502.24] Log: AttachToOwner - Socket (CSO_FX_Waist_01) not found in owner mesh or its parent! (6078 to TgDeployable_Medusa_Statue_2)
[2505.04] Log: Inventory Error Recovery: Resubmitting an inventory item that could not find its device
[2507.34] Log: PUSHING Accolade: Namarand fait une tuerie ! (x3), local: false
[2508.84] Log: PUSHING Accolade: , local: false
[2510.35] Log: PUSHING Accolade: ASSISTÉ, local: true
[2511.87] Log: PUSHING Accolade: Fullife a fait un doublé !, local: false
[2511.87] Log: Suppressing Accolade: Fullife fait une tuerie ! (x3)
[2513.38] Log: Expiring Accolade: ASSISTÉ
[2513.38] Log: PUSHING Accolade: ASSISTÉ, local: true
[2514.88] Log: PUSHING Accolade: DÉICIDE, local: true
[2529.02] Log: ---- UpdateClanData
[2529.02] Log: ---- UpdateClanData
[2529.59] Log: ---- UpdateClanData
[2529.59] Log: ---- UpdateClanData
[2529.59] Log: ---- UpdateClanData
[2529.59] Log: ---- UpdateClanData
[2529.78] Log: ---- UpdateClanData
[2529.78] Log: ---- UpdateClanData
[2530.23] Log: ---- UpdateClanData
[2530.48] Log: ---- UpdateClanData
[2530.48] Log: ---- UpdateClanData
[2532.06] Log: Chat[3]: [VVGG] Belle partie !
[2542.03] Log: ---- UpdateClanData
[2542.20] Log: ---- UpdateClanData
[2542.51] Log: ---- UpdateClanData
[2547.10] DevNet: URL: Adding default option Team=255
[2547.10] Log: ReceiveChangeMap: mapGameId 1447
[2547.10] Log: ---- UpdateClanData
[2547.11] DevNet: URL: Adding default option Team=255
[2547.11] DevNet: Browse: LobbyMap?game=TgClient.TgGameLaunch?GameState=OGS_NoSession?GameMode=0?name=Player?Team=255
[2547.88] Log: LoadMap: LobbyMap?game=TgClient.TgGameLaunch?GameState=OGS_NoSession?GameMode=0?name=Player?Team=255
[2548.02] NetComeGo: Close PComNetDriver_1 PComNetConn_1 72.251.242.14:9262 08/14/15 22:27:45
[2548.10] Exit: PComNetDriver_1 shut down
[2548.34] Log: Map Game ID = 0
[2548.34] Log: Map Instance ID = 129581539
[2548.37] Log: Performance: Critical section Lock/Unlock 25 nsec
[2548.37] Log: Performance:  appCycles 12 nsec
[2548.41] Log: Performance:  memCopy per KB 231 nsec
[2548.44] Log: Performance:  memZero per KB 142 nsec
[2548.46] Log: Performance:  appInterlockedIncrement 13 nsec
[2548.46] Log: Performance:  GetTickCount 4 nsec
[2548.46] Log: Game class is 'TgGameLaunch'
[2548.46] TgSLO: Async Load: GodSkins_Portraits_and_Icons
[2548.46] Log: Flushing async loaders.
[2548.50] TgSLO: Finish Load: GodSkins_Portraits_and_Icons
[2548.50] Log: Flushed async loaders.
[2548.55] Log: Primary PhysX scene will be in software.
[2548.55] Log: Creating Primary PhysX Scene.
[2548.55] Log: *** WARNING - PATHS MAY NOT BE VALID ***
[2548.55] Log: Bringing World lobbymap.TheWorld up for play (0) at 2015.08.14-22.27.46
[2548.55] Log: Skipping initialization of FSMPartPool!
[2548.63] Log: Bringing up level for play took: 0.130025
[2549.91] TgSLO: Async Load: GOD_GuanYu_V2
[2549.91] TgSLO: Async Load: GOD_GuanYu_V2_Lobby
[2549.91] TgSLO: Async Load: FX_GuanYu_V2
[2549.91] Log: Flushing async loaders.
[2550.07] TgSLO: Finish Load: GOD_GuanYu_V2
[2550.08] TgSLO: Finish Load: GOD_GuanYu_V2_Lobby
[2550.10] TgSLO: Finish Load: FX_GuanYu_V2
[2550.10] Log: Flushed async loaders.
[2550.10] Log: ########### Finished loading level: 2.220674 seconds
[2550.14] Log: ---- UpdateClanData
[2550.14] Log: ---- UpdateClanData
[2550.66] Log: RequestingChannelMembers ch[8] [kimicol a rejoint la discussion.]
[2551.11] Log: RequestingChannelMembers ch[8] [Namarand a rejoint la discussion.]
[2552.05] Log: RequestingChannelMembers ch[8] [Tilumos a rejoint la discussion.]
[2552.87] Log: RequestingChannelMembers ch[8] [Phenixis a quitté la discussion.]
[2555.87] Log: RequestingChannelMembers ch[8] [Fullife a rejoint la discussion.]
[2571.91] Log: RequestingChannelMembers ch[8] [Namarand a quitté la discussion.]
[2575.86] Log: RequestingChannelMembers ch[8] [Fullife a quitté la discussion.]
[2578.65] Log: Chat[9]: Vous avez rejoint une file d'attente.
[2578.65] Log: Chat[4]: Namarand a rejoint la file d'attente du groupe.
[2581.65] Log: Chat[4]: kimicol a quitté la file d'attente.
[2585.96] Log: Chat[9]: Vous avez été sorti du groupe.
[2590.50] Log: ERROR: Attempting to log in without settings.
[2623.45] Log: Closing by request
[2623.45] Log: appRequestExit(0)
[2623.45] Log: TgAIBehaviorTreeManager :: De-allocating 47 behavior trees
[2624.15] Exit: Preparing to exit.
[2624.49] Exit: Game engine shut down
[2624.63] Exit: Windows client shut down
[2624.67] Exit: XAudio2 Device shut down.
[2624.99] Exit: Object subsystem successfully closed.
[2626.54] Log: >>>>>>>>>>>>>>>>>> ResubmitMCTSEvent PLAYER_LOGOFF
[2626.67] Log: >>>>>>>>>>>>>>>>>> ResubmitMCTSEvent PLAYER_LOGOFF
[2627.03] Exit: Exiting.
