[0000.26] Log: Async Log file open, 07/19/15 21:05:26
[0000.27] Init: WinSock: version 1.1 (2.2), MaxSocks=32767, MaxUdp=65467
[0000.27] Log:  ... running in INSTALLED mode
[0000.27] DevConfig: GConfig::Find has loaded file:  ..\..\Engine\Config\ConsoleVariables.ini
[0000.27] Init: Version: 10897
[0000.27] Init: Epic Internal: 0
[0000.27] Init: Compiled (32-bit): Jul 10 2015 19:53:38
[0000.27] Init: Changelist: 1532151
[0000.27] Init: Game is version 2.9.2835.5.
[0000.27] Init: Command line: -PGUID=f217e716-f401-4696-a0ce-3be9da5b0821  -host=             -host2              -seekfreeloading   -LANGUAGE=FRA -cnmg=722672265228232583227329732684279427642725201624 -cnmg2=722372255227232483287327732184299427642425260620 -ASYNCTICK=FALSE -HiCommand
[0000.27] Init: Base directory: C:\Program Files (x86)\Hi-Rez Studios\HiRezGames\smite\binaries\Win32\
[0000.28] Init: Computer: PC-ARTHUR
[0000.28] Init: User: Arthur
[0000.28] Init: CPU Page size=4096, Processors=4, Cores=2
[0000.28] Init: High frequency timer resolution =2.240908 MHz
[0000.28] Init: Memory total: Physical=3.8GB (3GB approx) Pagefile=7.7GB Virtual=4.0GB
[0000.37] DevOnline: Initializing MCTS
[0000.37] Init: Presizing for 60000 objects not considered by GC, pre-allocating 0 bytes.
[0000.37] Init: Object subsystem initialized
[0000.37] Log: Overriding lang INT w/ command-line option of FRA
[0000.43] Log: TgAIBehaviorTreeManager :: Loading behavior trees
[0000.44] Log: TgAIBehaviorTreeManager :: Successfully loaded behavior trees
[0000.44] Log: ShadowPatch: Error -pid should be passed on command line.
[0001.20] Log: AsyncTickTasks DISABLED at startup
[0001.21] Log: SystemSettings based on: SystemSettings
[0001.22] Log: SystemSettings based on: SystemSettings
[0001.22] Log: SystemSettings based on: SystemSettings
[0001.22] Log: SystemSettings based on: SystemSettings
[0001.22] Log: SystemSettings based on: SystemSettings
[0001.86] Log: Found D3D11 adapter 0: Intel(R) HD Graphics Family
[0001.86] Log: Adapter has 1020MB of dedicated video memory, 0MB of dedicated system memory, and 1933MB of shared system memory
[0001.87] Log: Shader platform (RHI): PC-D3D-SM3
[0001.90] Log: PhysX GPU Support: DISABLED
[0002.95] Log: Assembly Loaded Version: DBExport: 07/09/2015 15:51:40,  Src=devsql.hirezcorp.com:smite_live_build, LangSrc=devsql.hirezcorp.com:smite_translations,
[0007.99] Log: Internal Error -205
[0011.79] Log: appRequestExit(1)
