[0000.54] Log: Async Log file open, 06/17/15 21:20:46
[0000.54] Init: WinSock: version 1.1 (2.2), MaxSocks=32767, MaxUdp=65467
[0000.54] Log:  ... running in INSTALLED mode
[0000.54] DevConfig: GConfig::Find has loaded file:  ..\..\Engine\Config\ConsoleVariables.ini
[0000.54] Init: Version: 10897
[0000.54] Init: Epic Internal: 0
[0000.54] Init: Compiled (32-bit): Jun 16 2015 13:37:25
[0000.54] Init: Changelist: 1532151
[0000.54] Init: Game is version 2.8.2806.1.
[0000.54] Init: Command line: -PGUID=f217e716-f401-4696-a0ce-3be9da5b0821  -host=             -host2              -seekfreeloading   -LANGUAGE=FRA -cnmg=722672235227232483237325732784249429642725226529 -cnmg2=722772215228232883277324732484299422642925211629 -ASYNCTICK=FALSE -HiCommand -HEXX=9320BDD2
[0000.54] Init: Base directory: C:\Program Files (x86)\Hi-Rez Studios\HiRezGames\smite\binaries\Win32\
[0000.85] Init: Computer: PC-ARTHUR
[0000.85] Init: User: Arthur
[0000.85] Init: CPU Page size=4096, Processors=4, Cores=2
[0000.85] Init: High frequency timer resolution =2.240911 MHz
[0000.85] Init: Memory total: Physical=3.8GB (3GB approx) Pagefile=7.7GB Virtual=4.0GB
[0001.17] DevOnline: Initializing MCTS
[0001.22] Init: Presizing for 60000 objects not considered by GC, pre-allocating 0 bytes.
[0001.22] Init: Object subsystem initialized
[0001.22] Log: Overriding lang INT w/ command-line option of FRA
[0003.97] Log: TgAIBehaviorTreeManager :: Loading behavior trees
[0004.02] Log: TgAIBehaviorTreeManager :: Successfully loaded behavior trees
[0004.02] Log: ShadowPatch: Error -pid should be passed on command line.
[0008.02] Log: AsyncTickTasks DISABLED at startup
[0008.04] Log: SystemSettings based on: SystemSettings
[0008.04] Log: SystemSettings based on: SystemSettings
[0008.04] Log: SystemSettings based on: SystemSettings
[0008.04] Log: SystemSettings based on: SystemSettings
[0008.04] Log: SystemSettings based on: SystemSettings
[0008.59] Log: Found D3D11 adapter 0: Intel(R) HD Graphics Family
[0008.59] Log: Adapter has 1020MB of dedicated video memory, 0MB of dedicated system memory, and 1933MB of shared system memory
[0008.61] Log: Shader platform (RHI): PC-D3D-SM3
[0008.65] Log: PhysX GPU Support: DISABLED
[0010.75] Log: Assembly Loaded Version: DBExport: 06/15/2015 12:52:10,  Src=devsql.hirezcorp.com:smite_live_build, LangSrc=devsql.hirezcorp.com:smite_translations,
[0027.23] Log: Skipping adding Package OnlineSubsystemMcts to NetPackages
[0028.04] Log: 116966 objects as part of root set at end of initial load.
[0028.04] Log: 0 out of 0 bytes used by permanent object pool.
[0028.04] Log: Initializing Engine...
[0030.49] ScriptWarning: Script call stack:
	Function Engine.GameViewportClient:Init

	TgGameViewportClient Transient.TgGameEngine_0:TgGameViewportClient_0
	Function Engine.GameViewportClient:Init:0025
[0030.49] ScriptWarning: Assertion failed, line 672
	TgGameViewportClient Transient.TgGameEngine_0:TgGameViewportClient_0
	Function Engine.GameViewportClient:Init:0025
[0030.51] Warning: Warning, Failed to load 'SwfMovie None.Logos': Failed to find object 'SwfMovie None.Logos'
[0030.51] Log: GFx attempted to load missing object [Logos]
[0030.51] Warning: Warning, Failed to load 'Class None.': Failed to find object 'Class None.'
[0030.51] Warning: Warning, Failed to find object 'Class None.'
[0030.51] Warning: Warning, Failed to load 'Class None.': Failed to find object 'Class None.'
[0030.51] Warning: Warning, Failed to find object 'Class None.'
[0030.51] Warning: Warning, Failed to load 'Class None.': Failed to find object 'Class None.'
[0030.51] Warning: Warning, Failed to find object 'Class None.'
[0030.51] Warning: Warning, Failed to load 'Class None.': Failed to find object 'Class None.'
[0030.51] Warning: Warning, Failed to find object 'Class None.'
[0030.53] DevNet: Browse: lobbymap?Name=Player?Team=255?DefaultCharacter=TgGame.TgCharacter
[0030.54] Log: LoadMap: lobbymap?Name=Player?Team=255?DefaultCharacter=TgGame.TgCharacter
[0030.91] Log: Map Game ID = 0
[0030.91] Log: Map Instance ID = 124568876
[0030.93] Log: Performance: Critical section Lock/Unlock 24 nsec
[0030.93] Log: Performance:  appCycles 11 nsec
[0030.98] Log: Performance:  memCopy per KB 219 nsec
[0031.01] Log: Performance:  memZero per KB 134 nsec
[0031.02] Log: Performance:  appInterlockedIncrement 13 nsec
[0031.02] Log: Performance:  GetTickCount 4 nsec
[0031.02] Log: Game class is 'TgGameLaunch'
[0031.05] TgSLO: Async Load: GodSkins_Portraits_and_Icons
[0031.05] Log: Flushing async loaders.
[0031.27] TgSLO: Finish Load: GodSkins_Portraits_and_Icons
[0031.27] Log: Flushed async loaders.
[0031.33] Log: Primary PhysX scene will be in software.
[0031.33] Log: Creating Primary PhysX Scene.
[0031.71] Log: *** WARNING - PATHS MAY NOT BE VALID ***
[0031.71] Log: Bringing World lobbymap.TheWorld up for play (0) at 2015.06.17-21.21.17
[0031.71] Log: Skipping initialization of FSMPartPool!
[0032.23] Log: Bringing up level for play took: 0.945325
[0041.94] Warning: Warning, Failed to load 'Font None.ArialUnicode': Failed to find object 'Font None.ArialUnicode'
[0041.94] Warning: Warning, Failed to load 'Font None.ArialUnicode': Failed to find object 'Font None.ArialUnicode'
[0042.11] Log: GFx attempted to load missing object [UDKFrontEnd.udk_ime]
[0043.34] Log: ########### Finished loading level: 12.795123 seconds
[0043.50] Log: Flushing async loaders.
[0043.78] Log: Flushed async loaders.
[0043.78] Log: Initializing Engine Completed
[0043.78] Log: >>>>>>>>>>>>>> Initial startup: 43.78s <<<<<<<<<<<<<<<
[0043.78] Log: Browser user data directory is C:\ProgramData\Hi-Rez Studios\BrowserCache\Battle
[0043.85] Log: WebFactory created
[0045.31] Log: FKAggregateGeom::InstanceNovodexGeom: () Cannot 3D-Scale rigid-body primitives (sphere, box, sphyl).
