[0000.28] Log: Async Log file open, 07/18/15 16:45:22
[0000.29] Init: WinSock: version 1.1 (2.2), MaxSocks=32767, MaxUdp=65467
[0000.29] Log:  ... running in INSTALLED mode
[0000.29] DevConfig: GConfig::Find has loaded file:  ..\..\Engine\Config\ConsoleVariables.ini
[0000.29] Init: Version: 10897
[0000.29] Init: Epic Internal: 0
[0000.29] Init: Compiled (32-bit): Jul 10 2015 19:53:38
[0000.29] Init: Changelist: 1532151
[0000.29] Init: Game is version 2.9.2835.5.
[0000.29] Init: Command line: -PGUID=f217e716-f401-4696-a0ce-3be9da5b0821  -host=             -host2              -seekfreeloading   -LANGUAGE=FRA -cnmg=722372255227232483287327732184299427642425260620 -cnmg2=722372245225232583267322732284289420642625258529 -ASYNCTICK=FALSE -HiCommand -HEXX=37645776
[0000.29] Init: Base directory: C:\Program Files (x86)\Hi-Rez Studios\HiRezGames\smite\binaries\Win32\
[0000.45] Init: Computer: PC-ARTHUR
[0000.45] Init: User: Arthur
[0000.45] Init: CPU Page size=4096, Processors=4, Cores=2
[0000.45] Init: High frequency timer resolution =2.240907 MHz
[0000.45] Init: Memory total: Physical=3.8GB (3GB approx) Pagefile=7.7GB Virtual=4.0GB
[0000.53] DevOnline: Initializing MCTS
[0000.53] Init: Presizing for 60000 objects not considered by GC, pre-allocating 0 bytes.
[0000.53] Init: Object subsystem initialized
[0000.54] Log: Overriding lang INT w/ command-line option of FRA
[0001.54] Log: TgAIBehaviorTreeManager :: Loading behavior trees
[0001.55] Log: TgAIBehaviorTreeManager :: Successfully loaded behavior trees
[0001.55] Log: ShadowPatch: Error -pid should be passed on command line.
[0001.77] Log: AsyncTickTasks DISABLED at startup
[0002.57] Log: SystemSettings based on: SystemSettings
[0002.57] Log: SystemSettings based on: SystemSettings
[0002.57] Log: SystemSettings based on: SystemSettings
[0002.58] Log: SystemSettings based on: SystemSettings
[0002.58] Log: SystemSettings based on: SystemSettings
[0003.62] Log: Found D3D11 adapter 0: Intel(R) HD Graphics Family
[0003.62] Log: Adapter has 1020MB of dedicated video memory, 0MB of dedicated system memory, and 1933MB of shared system memory
[0003.77] Log: Shader platform (RHI): PC-D3D-SM3
[0004.02] Log: PhysX GPU Support: DISABLED
[0006.48] Log: Assembly Loaded Version: DBExport: 07/09/2015 15:51:40,  Src=devsql.hirezcorp.com:smite_live_build, LangSrc=devsql.hirezcorp.com:smite_translations,
[0022.90] Log: Skipping adding Package OnlineSubsystemMcts to NetPackages
[0023.77] Log: 117498 objects as part of root set at end of initial load.
[0023.77] Log: 0 out of 0 bytes used by permanent object pool.
[0023.77] Log: Initializing Engine...
[0025.29] ScriptWarning: Script call stack:
	Function Engine.GameViewportClient:Init

	TgGameViewportClient Transient.TgGameEngine_0:TgGameViewportClient_0
	Function Engine.GameViewportClient:Init:0025
[0025.29] ScriptWarning: Assertion failed, line 672
	TgGameViewportClient Transient.TgGameEngine_0:TgGameViewportClient_0
	Function Engine.GameViewportClient:Init:0025
[0025.36] Warning: Warning, Failed to load 'SwfMovie None.Logos': Failed to find object 'SwfMovie None.Logos'
[0025.36] Log: GFx attempted to load missing object [Logos]
[0025.36] Warning: Warning, Failed to load 'Class None.': Failed to find object 'Class None.'
[0025.36] Warning: Warning, Failed to find object 'Class None.'
[0025.36] Warning: Warning, Failed to load 'Class None.': Failed to find object 'Class None.'
[0025.36] Warning: Warning, Failed to find object 'Class None.'
[0025.36] Warning: Warning, Failed to load 'Class None.': Failed to find object 'Class None.'
[0025.36] Warning: Warning, Failed to find object 'Class None.'
[0025.36] Warning: Warning, Failed to load 'Class None.': Failed to find object 'Class None.'
[0025.36] Warning: Warning, Failed to find object 'Class None.'
[0025.37] DevNet: Browse: lobbymap?Name=Player?Team=255?DefaultCharacter=TgGame.TgCharacter
[0025.38] Log: LoadMap: lobbymap?Name=Player?Team=255?DefaultCharacter=TgGame.TgCharacter
[0025.74] Log: Map Game ID = 0
[0025.75] Log: Map Instance ID = 127230747
[0025.77] Log: Performance: Critical section Lock/Unlock 24 nsec
[0025.77] Log: Performance:  appCycles 11 nsec
[0025.81] Log: Performance:  memCopy per KB 207 nsec
[0025.85] Log: Performance:  memZero per KB 157 nsec
[0025.86] Log: Performance:  appInterlockedIncrement 10 nsec
[0025.86] Log: Performance:  GetTickCount 4 nsec
[0025.86] Log: Game class is 'TgGameLaunch'
[0025.87] TgSLO: Async Load: GodSkins_Portraits_and_Icons
[0025.87] Log: Flushing async loaders.
[0026.00] TgSLO: Finish Load: GodSkins_Portraits_and_Icons
[0026.00] Log: Flushed async loaders.
[0026.04] Log: Primary PhysX scene will be in software.
[0026.04] Log: Creating Primary PhysX Scene.
[0026.13] Log: *** WARNING - PATHS MAY NOT BE VALID ***
[0026.13] Log: Bringing World lobbymap.TheWorld up for play (0) at 2015.07.18-16.45.48
[0026.13] Log: Skipping initialization of FSMPartPool!
[0026.42] Log: Bringing up level for play took: 0.403397
[0034.92] Warning: Warning, Failed to load 'Font None.ArialUnicode': Failed to find object 'Font None.ArialUnicode'
[0034.92] Warning: Warning, Failed to load 'Font None.ArialUnicode': Failed to find object 'Font None.ArialUnicode'
[0035.11] Log: GFx attempted to load missing object [UDKFrontEnd.udk_ime]
[0036.12] Log: ########### Finished loading level: 10.739486 seconds
[0036.30] Log: Flushing async loaders.
[0036.61] Log: Flushed async loaders.
[0036.61] Log: Initializing Engine Completed
[0036.61] Log: >>>>>>>>>>>>>> Initial startup: 36.61s <<<<<<<<<<<<<<<
[0036.61] Log: Browser user data directory is C:\ProgramData\Hi-Rez Studios\BrowserCache\Battle
[0037.47] Log: WebFactory created
[0051.25] Log: Login Success: kimicol
[0051.89] Error: Failed to read file '..\..\BattleGame\LandingPanel\UncleSamChest33.jpg' error ()
[0051.89] Error: Failed to read file '..\..\BattleGame\LandingPanel\UltimateGodPack.jpg' error ()
[0051.89] Error: Failed to read file '..\..\BattleGame\LandingPanel\Ravana.jpg' error ()
[0051.89] Error: Failed to read file '..\..\BattleGame\LandingPanel\Skaliwagggg.jpg' error ()
[0051.89] Error: Failed to read file '..\..\BattleGame\LandingPanel\esportsseasonticketSkinNew.jpg' error ()
[0051.89] Error: Failed to read file '..\..\BattleGame\LandingPanel\UncleSamChest22.jpg' error ()
[0051.89] Error: Failed to read file '..\..\BattleGame\LandingPanel\AoKuangSkinDragonKing.jpg' error ()
[0051.89] Error: Failed to read file '..\..\BattleGame\LandingPanel\BizzyBCupid4.jpg' error ()
[0051.89] Error: Failed to read file '..\..\BattleGame\LandingPanel\Gebsss.jpg' error ()
[0051.89] Error: Failed to read file '..\..\BattleGame\LandingPanel\HercHunkulese.jpg' error ()
[0051.89] Error: Failed to read file '..\..\BattleGame\LandingPanel\MadameNoxLowerStore.jpg' error ()
[0051.89] Error: Failed to read file '..\..\BattleGame\LandingPanel\HeavenlyWarlord223.jpg' error ()
[0051.89] Error: Failed to read file '..\..\BattleGame\LandingPanel\TyrantRavana.jpg' error ()
[0051.89] Error: Failed to read file '..\..\BattleGame\LandingPanel\GodPackTest234.jpg' error ()
[0051.89] Error: Failed to read file '..\..\BattleGame\LandingPanel\GodPackTest234_thumb.jpg' error ()
[0051.89] Error: Failed to read file '..\..\BattleGame\LandingPanel\SizzyBSummerOfSmite44.jpg' error ()
[0051.89] Error: Failed to read file '..\..\BattleGame\LandingPanel\SizzyBSummerOfSmite44_thumb.jpg' error ()
[0051.89] Error: Failed to read file '..\..\BattleGame\LandingPanel\ReferAFriend22.jpg' error ()
[0051.89] Error: Failed to read file '..\..\BattleGame\LandingPanel\ReferAFriend22_thumb.jpg' error ()
[0051.89] Error: Failed to read file '..\..\BattleGame\LandingPanel\SwC2016.jpg' error ()
[0051.89] Error: Failed to read file '..\..\BattleGame\LandingPanel\SwC2016_thumb.jpg' error ()
[0051.89] Error: Failed to read file '..\..\BattleGame\LandingPanel\XboxOneOpenBeta.jpg' error ()
[0051.89] Error: Failed to read file '..\..\BattleGame\LandingPanel\XboxOneOpenBeta_thumb.jpg' error ()
[0051.89] Error: Failed to read file '..\..\BattleGame\LandingPanel\DblEvcurse.jpg' error ()
[0051.89] Error: Failed to read file '..\..\BattleGame\LandingPanel\DblEvcurse_thumb.jpg' error ()
[0051.90] Log: Team/Instance chat routed to Instance Server.
[0051.90] Log: Chat[9]: Appuyez sur ENTRÉE pour accéder à la discussion.
[0051.90] Log: RequestingChannelMembers ch[1] [kimicol a rejoint la discussion.]
[0053.09] Warning: Warning, Failed to load 'Font None.Arial Unicode MS': Failed to find object 'Font None.Arial Unicode MS'
[0087.76] Log: Chat[1]: Statut du clan : Tiny42SH
[0087.76] Log: ---- UpdateClanData
[0429.27] Log: Chat[9]: Vous avez rejoint une file d'attente.
[0440.84] Warning: Warning, Failed to load 'Class None.None': Failed to find object 'Class None.None'
[0440.84] Warning: Warning, Failed to find object 'Class None.None'
[0440.84] Warning: Warning, Failed to load 'Class None.None': Failed to find object 'Class None.None'
[0440.84] Warning: Warning, Failed to find object 'Class None.None'
[0440.85] Warning: Warning, Failed to load 'Class None.None': Failed to find object 'Class None.None'
[0440.85] Warning: Warning, Failed to find object 'Class None.None'
[0440.85] Warning: Warning, Failed to load 'Class None.None': Failed to find object 'Class None.None'
[0440.85] Warning: Warning, Failed to find object 'Class None.None'
[0440.85] Warning: Warning, Failed to load 'Class None.None': Failed to find object 'Class None.None'
[0440.85] Warning: Warning, Failed to find object 'Class None.None'
[0480.78] TgSLO: Async Load: GOD_Odin_V2
[0480.78] TgSLO: Async Load: GOD_Odin_V2_Lobby
[0480.78] TgSLO: Async Load: FX_Odin_V2
[0482.36] TgSLO: Finish Load: GOD_Odin_V2
[0482.70] TgSLO: Finish Load: GOD_Odin_V2_Lobby
[0483.66] TgSLO: Finish Load: FX_Odin_V2
[0492.18] Log: RequestingChannelMembers ch[3] [kimicol a rejoint la discussion.]
[0492.18] Log: RequestingChannelMembers ch[3] [lepaczekpl a quitté la discussion.]
[0494.16] Log: RequestingChannelMembers ch[3] [kimicol a rejoint la discussion.]
[0495.66] Log: RequestingChannelMembers ch[3] [lepaczekpl a rejoint la discussion.]
[0501.44] TgSLO: Async Load: GOD_Ratatoskr
[0501.44] TgSLO: Async Load: GOD_Ratatoskr_Lobby
[0501.44] TgSLO: Async Load: FX_Ratatoskr
[0501.44] TgSLO: Async Load: GOD_Ratatoskr_Skin1
[0501.44] TgSLO: Async Load: AUD_God_Ratatoskr
[0501.85] TgSLO: Async Load: GOD_Anubis_V2
[0501.85] TgSLO: Async Load: GOD_Anubis_V2_Lobby
[0501.85] TgSLO: Async Load: FX_Anubis_V2
[0502.94] TgSLO: Finish Load: GOD_Ratatoskr
[0503.91] TgSLO: Finish Load: GOD_Ratatoskr_Lobby
[0505.10] TgSLO: Finish Load: FX_Ratatoskr
[0505.18] TgSLO: Finish Load: GOD_Ratatoskr_Skin1
[0505.66] TgSLO: Finish Load: AUD_God_Ratatoskr
[0505.67] Log: Flushing async loaders.
[0506.38] TgSLO: Finish Load: GOD_Anubis_V2
[0506.43] TgSLO: Finish Load: GOD_Anubis_V2_Lobby
[0506.49] TgSLO: Finish Load: FX_Anubis_V2
[0506.49] Log: Flushed async loaders.
[0507.47] TgSLO: Async Load: GOD_Athena
[0507.50] TgSLO: Async Load: GOD_Athena_Lobby
[0507.50] TgSLO: Async Load: FX_Athena
[0508.86] TgSLO: Finish Load: GOD_Athena
[0509.21] TgSLO: Finish Load: GOD_Athena_Lobby
[0509.80] TgSLO: Finish Load: FX_Athena
[0509.84] Log: AttachToOwner - Socket (CSO_FX_BuffBelt_01) not found in owner mesh or its parent! (2762 to TgSkeletalMeshActor_Lobby_0)
[0534.42] DevNet: URL: Adding default option Team=255
[0534.42] Log: ReceiveChangeMap: mapGameId 1503
[0534.76] DevNet: URL: Adding default option Team=255
[0534.76] DevNet: Browse: 37.48.125.43:9212/lobbymap?GameState=OGS_NoSession?GameMode=0?name=Player?map_instance_id=170342701?Team=255
[0534.76] DevNet: Game client on port 9212, rate 25000
[0535.28] DevNet: Welcomed by server (Level: joust_v2_p, Game: TgGame.TgGame_Battle_Joust)
[0535.60] Log: LoadMap: 37.48.125.43:9212/joust_v2_p?GameState=OGS_NoSession?GameMode=0?name=Player?map_instance_id=170342701?Team=255?game=TgGame.TgGame_Battle_Joust
[0536.05] Log: Map Game ID = 0
[0536.05] Log: Map Instance ID = 127230747
[0536.08] Log: Performance: Critical section Lock/Unlock 25 nsec
[0536.08] Log: Performance:  appCycles 11 nsec
[0536.13] Log: Performance:  memCopy per KB 257 nsec
[0536.17] Log: Performance:  memZero per KB 167 nsec
[0536.18] Log: Performance:  appInterlockedIncrement 10 nsec
[0536.18] Log: Performance:  GetTickCount 4 nsec
[0549.04] TgSLO: Async Load: FX_Store_Items
[0549.04] TgSLO: Async Load: FX_Store_Items_Targeting
[0549.04] TgSLO: Async Load: FX_Status_Effects
[0549.04] TgSLO: Async Load: GOD_CommonMaterialEffects
[0549.04] TgSLO: Async Load: GOD_Common_AT
[0549.04] TgSLO: Async Load: AUD_VOX_Narrator
[0549.04] TgSLO: Async Load: NPC_Ward2
[0549.04] TgSLO: Async Load: FX_Buff_Belts_V2
[0549.04] TgSLO: Async Load: FX_Fist_Of_God_V2
[0549.04] TgSLO: Async Load: GOD_GuanYu_V2
[0549.04] TgSLO: Async Load: GOD_GuanYu_V2_Textures
[0549.04] TgSLO: Async Load: FX_GuanYu_V2
[0549.07] TgSLO: Async Load: AUD_God_GuanYu_V2
[0549.07] TgSLO: Async Load: AUD_God_GuanYu
[0549.07] TgSLO: Async Load: GOD_Scylla
[0549.07] TgSLO: Async Load: GOD_Scylla_Textures
[0549.07] TgSLO: Async Load: FX_Scylla
[0549.07] TgSLO: Async Load: AUD_God_Scylla
[0549.07] TgSLO: Async Load: GOD_Odin_V2
[0549.07] TgSLO: Async Load: GOD_Odin_V2_Textures
[0549.07] TgSLO: Async Load: FX_Odin_V2
[0549.07] TgSLO: Async Load: AUD_God_Odin
[0549.07] TgSLO: Async Load: FX_Odin_Targeting
[0549.07] TgSLO: Async Load: GOD_Athena
[0549.07] TgSLO: Async Load: GOD_Athena_Textures
[0549.07] TgSLO: Async Load: FX_Athena
[0549.07] TgSLO: Async Load: FX_Athena_Targeting
[0549.07] TgSLO: Async Load: AUD_God_Athena
[0549.07] TgSLO: Async Load: GOD_Ratatoskr
[0549.07] TgSLO: Async Load: GOD_Ratatoskr_Textures
[0549.07] TgSLO: Async Load: FX_Ratatoskr
[0549.07] TgSLO: Async Load: AUD_God_Ratatoskr
[0549.07] TgSLO: Async Load: GOD_Ratatoskr_Skin1
[0549.07] TgSLO: Async Load: GOD_Ratatoskr_Lobby
[0549.07] TgSLO: Async Load: GOD_Anubis_V2
[0549.08] TgSLO: Async Load: GOD_Anubis_V2_Textures
[0549.08] TgSLO: Async Load: FX_Anubis_V2
[0549.08] TgSLO: Async Load: AUD_God_Anubis
[0549.09] TgSLO: Async Load: Joust_Tower
[0549.09] TgSLO: Async Load: FX_Tower
[0549.10] TgSLO: Async Load: FX_Greek_Tower
[0549.10] TgSLO: Async Load: AUD_Tower
[0549.10] TgSLO: Async Load: NPC_Phoenix
[0549.10] TgSLO: Async Load: NPC_Phoenix_Textures
[0549.10] TgSLO: Async Load: FX_Phoenix
[0549.10] TgSLO: Async Load: AUD_NPC_Phoenix
[0549.10] TgSLO: Async Load: MDL_PseudoMesh
[0549.10] TgSLO: Async Load: NPC_Joust_Minion
[0549.10] TgSLO: Async Load: NPC_Joust_Minion_Textures
[0549.11] TgSLO: Async Load: NPC_Minion_Universal
[0549.11] TgSLO: Async Load: FX_Roman
[0549.11] TgSLO: Async Load: FX_Minion_Death
[0549.11] TgSLO: Async Load: AUD_NPC_RomanArcher
[0549.11] TgSLO: Async Load: AUD_NPC_Olympus
[0549.11] TgSLO: Async Load: NPC_Guardian_Female
[0549.11] TgSLO: Async Load: NPC_Guardian_Female_AT
[0549.11] TgSLO: Async Load: FX_Guardian_Female
[0549.11] TgSLO: Async Load: AUD_NPC_Guardian_Female
[0549.11] TgSLO: Async Load: NPC_Guardian_Male
[0549.11] TgSLO: Async Load: NPC_Guardian_Male_AT
[0549.12] TgSLO: Async Load: FX_Guardian_Male
[0549.12] TgSLO: Async Load: AUD_NPC_Guardian_Male
[0549.12] TgSLO: Async Load: NPC_Cyclops_V2
[0549.12] TgSLO: Async Load: FX_NPC_Cyclops_V2
[0549.12] TgSLO: Async Load: AUD_NPC_Cyclops
[0549.12] Log: Flushing async loaders.
[0549.15] TgSLO: Finish Load: FX_Store_Items
[0549.23] TgSLO: Finish Load: FX_Store_Items_Targeting
[0549.25] TgSLO: Finish Load: FX_Status_Effects
[0549.29] TgSLO: Finish Load: GOD_CommonMaterialEffects
[0549.29] TgSLO: Finish Load: GOD_Common_AT
[0549.46] TgSLO: Finish Load: AUD_VOX_Narrator
[0549.51] TgSLO: Finish Load: NPC_Ward2
[0549.54] TgSLO: Finish Load: FX_Buff_Belts_V2
[0549.58] TgSLO: Finish Load: FX_Fist_Of_God_V2
[0550.15] TgSLO: Finish Load: GOD_GuanYu_V2
[0550.15] TgSLO: Finish Load: GOD_GuanYu_V2_Textures
[0550.17] TgSLO: Finish Load: FX_GuanYu_V2
[0550.18] TgSLO: Finish Load: AUD_God_GuanYu_V2
[0550.21] TgSLO: Finish Load: AUD_God_GuanYu
[0550.98] TgSLO: Finish Load: GOD_Scylla
[0550.99] TgSLO: Finish Load: GOD_Scylla_Textures
[0551.11] TgSLO: Finish Load: FX_Scylla
[0551.20] TgSLO: Finish Load: AUD_God_Scylla
[0551.37] TgSLO: Finish Load: GOD_Odin_V2
[0551.38] TgSLO: Finish Load: GOD_Odin_V2_Textures
[0551.41] TgSLO: Finish Load: FX_Odin_V2
[0551.51] TgSLO: Finish Load: AUD_God_Odin
[0551.56] TgSLO: Finish Load: FX_Odin_Targeting
[0551.72] TgSLO: Finish Load: GOD_Athena
[0551.72] TgSLO: Finish Load: GOD_Athena_Textures
[0551.74] TgSLO: Finish Load: FX_Athena
[0551.78] TgSLO: Finish Load: FX_Athena_Targeting
[0551.84] TgSLO: Finish Load: AUD_God_Athena
[0552.02] TgSLO: Finish Load: GOD_Ratatoskr
[0552.02] TgSLO: Finish Load: GOD_Ratatoskr_Textures
[0552.07] TgSLO: Finish Load: FX_Ratatoskr
[0552.11] TgSLO: Finish Load: AUD_God_Ratatoskr
[0552.12] TgSLO: Finish Load: GOD_Ratatoskr_Skin1
[0552.23] TgSLO: Finish Load: GOD_Ratatoskr_Lobby
[0552.42] TgSLO: Finish Load: GOD_Anubis_V2
[0552.50] TgSLO: Finish Load: GOD_Anubis_V2_Textures
[0552.53] TgSLO: Finish Load: FX_Anubis_V2
[0552.65] TgSLO: Finish Load: AUD_God_Anubis
[0553.45] TgSLO: Finish Load: Joust_Tower
[0553.55] TgSLO: Finish Load: FX_Tower
[0553.70] TgSLO: Finish Load: FX_Greek_Tower
[0554.06] TgSLO: Finish Load: AUD_Tower
[0554.49] TgSLO: Finish Load: NPC_Phoenix
[0554.54] TgSLO: Finish Load: NPC_Phoenix_Textures
[0554.55] TgSLO: Finish Load: FX_Phoenix
[0554.62] TgSLO: Finish Load: AUD_NPC_Phoenix
[0554.66] TgSLO: Finish Load: MDL_PseudoMesh
[0554.71] TgSLO: Finish Load: NPC_Joust_Minion
[0554.71] TgSLO: Finish Load: NPC_Joust_Minion_Textures
[0554.89] TgSLO: Finish Load: NPC_Minion_Universal
[0554.93] TgSLO: Finish Load: FX_Roman
[0554.95] TgSLO: Finish Load: FX_Minion_Death
[0554.98] TgSLO: Finish Load: AUD_NPC_RomanArcher
[0554.99] TgSLO: Finish Load: AUD_NPC_Olympus
[0555.38] TgSLO: Finish Load: NPC_Guardian_Female
[0555.43] TgSLO: Finish Load: NPC_Guardian_Female_AT
[0555.44] TgSLO: Finish Load: FX_Guardian_Female
[0555.44] TgSLO: Finish Load: AUD_NPC_Guardian_Female
[0555.74] TgSLO: Finish Load: NPC_Guardian_Male
[0555.84] TgSLO: Finish Load: NPC_Guardian_Male_AT
[0555.90] TgSLO: Finish Load: FX_Guardian_Male
[0556.04] TgSLO: Finish Load: AUD_NPC_Guardian_Male
[0556.55] TgSLO: Finish Load: NPC_Cyclops_V2
[0556.55] TgSLO: Finish Load: FX_NPC_Cyclops_V2
[0556.65] TgSLO: Finish Load: AUD_NPC_Cyclops
[0556.65] Log: Flushed async loaders.
[0556.66] Log: Primary PhysX scene will be in software.
[0556.66] Log: Creating Primary PhysX Scene.
[0556.71] Log: Bringing World joust_v2_p.TheWorld up for play (595) at 2015.07.18-16.54.38
[0556.71] Log: Skipping initialization of FSMPartPool!
[0556.71] Log: Bringing up level for play took: 0.062209
[0556.71] Warning: Warning, Failed to load 'Class None.': Failed to find object 'Class None.'
[0556.71] Warning: Warning, Failed to find object 'Class None.'
[0556.71] Log: PlayerController class for the pending level is PlayerController
[0556.71] Log: ########### Finished loading level: 21.115883 seconds
[0556.71] Log: Flushing async loaders.
[0562.89] Log: Flushed async loaders.
[0563.11] DevNet: TgPlayerController_1 setplayer TgLocalPlayer_0
[0563.19] Log: AttachToOwner - Socket (CSO_FX_BuffBelt_01) not found in owner mesh or its parent! (2762 to TgPawn_Athena_0)
[0563.34] Log: AttachToOwner - Socket (FX_ORIGIN_Origin) not found in owner mesh or its parent! (2702 to NONE)
[0563.35] Log: AttachToOwner - Socket (FX_ORIGIN_Origin) not found in owner mesh or its parent! (2702 to NONE)
[0563.47] Log: AttachToOwner - Socket (FX_ORIGIN_Origin) not found in owner mesh or its parent! (2702 to NONE)
[0563.48] Log: AttachToOwner - Socket (FX_ORIGIN_Origin) not found in owner mesh or its parent! (2702 to NONE)
[0563.48] Log: AttachToOwner - Socket (FX_ORIGIN_Origin) not found in owner mesh or its parent! (2702 to NONE)
[0563.49] Log: TeamIndex 1 has new leader: 7066222
[0563.49] Log: TeamIndex 2 has new leader: 2431219
[0563.70] Log: ---- UpdateClanData
[0563.71] Log: AttachToOwner - Socket (FX_ORIGIN_Origin) not found in owner mesh or its parent! (2702 to NONE)
[0563.71] Log: ActivateLevel joust_v2_crowd 1 1 0
[0563.71] Log: ActivateLevel joust_sound 1 1 0
[0563.71] Log: ActivateLevel joust_v2_p_assist 1 1 0
[0565.13] Warning: Warning, Failed to load 'Texture None.blah': Failed to find object 'Texture None.blah'
[0565.94] Log: Inventory Error Recovery: Resubmitting an inventory item that could not find its device
[0565.94] Log: Inventory Error Recovery: Resubmitting an inventory item that could not find its device
[0565.94] Log: Inventory Error Recovery: Resubmitting an inventory item that could not find its device
[0565.94] Log: Inventory Error Recovery: Resubmitting an inventory item that could not find its device
[0565.96] Log: Flushing async loaders.
[0565.99] Log: Flushed async loaders.
[0566.18] Log: Activated joust_v2_p_assist 1 1 0
[0575.12] Log: Requesting purchase of itemId (10044) amount (1)
[0616.11] Log: Inventory Error Recovery: Resubmitting an inventory item that could not find its device
[0632.78] Log: Inventory Error Recovery: Resubmitting an inventory item that could not find its device
[0632.78] Log: Inventory Error Recovery: Resubmitting an inventory item that could not find its device
[0634.27] Log: Inventory Error Recovery: Resubmitting an inventory item that could not find its device
[0634.27] Log: Inventory Error Recovery: Resubmitting an inventory item that could not find its device
[0653.97] Log: Inventory Error Recovery: Resubmitting an inventory item that could not find its device
[0653.97] Log: Inventory Error Recovery: Resubmitting an inventory item that could not find its device
[0653.98] Log: Inventory Error Recovery: Resubmitting an inventory item that could not find its device
[0653.98] Log: Inventory Error Recovery: Resubmitting an inventory item that could not find its device
[0656.17] Log: Inventory Error Recovery: Resubmitting an inventory item that could not find its device
[0658.08] Log: Inventory Error Recovery: Resubmitting an inventory item that could not find its device
[0658.08] Log: Inventory Error Recovery: Resubmitting an inventory item that could not find its device
[0662.58] Log: Chat[3]: [VVB] Je reviens !
[0671.55] Log: Requesting purchase of itemId (8134) amount (1)
[0671.70] Log: Requesting purchase of itemId (8134) amount (1)
[0672.96] Log: Requesting purchase of itemId (8135) amount (1)
[0680.62] Log: Inventory Error Recovery: Resubmitting an inventory item that could not find its device
[0680.62] Log: Inventory Error Recovery: Resubmitting an inventory item that could not find its device
[0682.52] Log: Inventory Error Recovery: Resubmitting an inventory item that could not find its device
[0682.52] Log: Inventory Error Recovery: Resubmitting an inventory item that could not find its device
[0691.22] Log: Inventory Error Recovery: Resubmitting an inventory item that could not find its device
[0691.22] Log: Inventory Error Recovery: Resubmitting an inventory item that could not find its device
[0691.23] Log: Inventory Error Recovery: Resubmitting an inventory item that could not find its device
[0691.23] Log: Inventory Error Recovery: Resubmitting an inventory item that could not find its device
[0692.87] Log: Inventory Error Recovery: Resubmitting an inventory item that could not find its device
[0692.87] Log: Inventory Error Recovery: Resubmitting an inventory item that could not find its device
[0692.88] Log: Inventory Error Recovery: Resubmitting an inventory item that could not find its device
[0692.88] Log: Inventory Error Recovery: Resubmitting an inventory item that could not find its device
[0692.90] Log: Inventory Error Recovery: Resubmitting an inventory item that could not find its device
[0692.91] Log: Inventory Error Recovery: Resubmitting an inventory item that could not find its device
[0695.38] Log: Inventory Error Recovery: Resubmitting an inventory item that could not find its device
[0695.38] Log: Inventory Error Recovery: Resubmitting an inventory item that could not find its device
[0696.72] Log: Inventory Error Recovery: Resubmitting an inventory item that could not find its device
[0696.72] Log: Inventory Error Recovery: Resubmitting an inventory item that could not find its device
[0696.72] Log: PUSHING Accolade: grzesieke45b verse le Premier sang !, local: false
[0696.76] Log: Inventory Error Recovery: Resubmitting an inventory item that could not find its device
[0696.76] Log: Inventory Error Recovery: Resubmitting an inventory item that could not find its device
[0697.76] Log: Inventory Error Recovery: Resubmitting an inventory item that could not find its device
[0697.76] Log: Inventory Error Recovery: Resubmitting an inventory item that could not find its device
[0698.23] Log: PUSHING Accolade: , local: false
[0698.68] Log: Inventory Error Recovery: Resubmitting an inventory item that could not find its device
[0698.68] Log: Inventory Error Recovery: Resubmitting an inventory item that could not find its device
[0699.74] Log: PUSHING Accolade: ASSISTÉ, local: true
[0705.82] Log: Inventory Error Recovery: Resubmitting an inventory item that could not find its device
[0705.82] Log: Inventory Error Recovery: Resubmitting an inventory item that could not find its device
[0718.84] Log: Inventory Error Recovery: Resubmitting an inventory item that could not find its device
[0718.84] Log: Inventory Error Recovery: Resubmitting an inventory item that could not find its device
[0720.07] Log: Inventory Error Recovery: Resubmitting an inventory item that could not find its device
[0720.07] Log: Inventory Error Recovery: Resubmitting an inventory item that could not find its device
[0720.08] Log: Inventory Error Recovery: Resubmitting an inventory item that could not find its device
[0720.10] Log: Inventory Error Recovery: Resubmitting an inventory item that could not find its device
[0720.11] Log: Inventory Error Recovery: Resubmitting an inventory item that could not find its device
[0720.12] Log: Inventory Error Recovery: Resubmitting an inventory item that could not find its device
[0720.97] Log: Inventory Error Recovery: Resubmitting an inventory item that could not find its device
[0722.52] Log: Inventory Error Recovery: Resubmitting an inventory item that could not find its device
[0722.52] Log: Inventory Error Recovery: Resubmitting an inventory item that could not find its device
[0722.53] Log: Inventory Error Recovery: Resubmitting an inventory item that could not find its device
[0722.53] Log: Inventory Error Recovery: Resubmitting an inventory item that could not find its device
[0722.54] Log: Inventory Error Recovery: Resubmitting an inventory item that could not find its device
[0722.54] Log: Inventory Error Recovery: Resubmitting an inventory item that could not find its device
[0722.56] Log: Inventory Error Recovery: Resubmitting an inventory item that could not find its device
[0722.56] Log: Inventory Error Recovery: Resubmitting an inventory item that could not find its device
[0722.57] Log: Inventory Error Recovery: Resubmitting an inventory item that could not find its device
[0722.57] Log: Inventory Error Recovery: Resubmitting an inventory item that could not find its device
[0726.19] Log: AttachToOwner - Socket (CSO_FX_BuffBelt_01) not found in owner mesh or its parent! (3787 to TgPawn_Athena_0)
[0728.92] Log: Chat[3]: [VVB] Je reviens !
[0730.18] Log: PUSHING Accolade: , local: false
[0740.51] Log: Requesting purchase of itemId (8711) amount (1)
[0771.08] Log: AttachToOwner - Socket (CSO_FX_BuffBelt_01) not found in owner mesh or its parent! (3787 to TgPawn_Athena_0)
[0787.87] Log: Inventory Error Recovery: Resubmitting an inventory item that could not find its device
[0787.87] Log: Inventory Error Recovery: Resubmitting an inventory item that could not find its device
[0787.88] Log: Inventory Error Recovery: Resubmitting an inventory item that could not find its device
[0787.88] Log: Inventory Error Recovery: Resubmitting an inventory item that could not find its device
[0787.90] Log: Inventory Error Recovery: Resubmitting an inventory item that could not find its device
[0787.90] Log: Inventory Error Recovery: Resubmitting an inventory item that could not find its device
[0787.91] Log: Inventory Error Recovery: Resubmitting an inventory item that could not find its device
[0787.91] Log: Inventory Error Recovery: Resubmitting an inventory item that could not find its device
[0790.88] Log: Inventory Error Recovery: Resubmitting an inventory item that could not find its device
[0790.88] Log: Inventory Error Recovery: Resubmitting an inventory item that could not find its device
[0791.44] Log: Inventory Error Recovery: Resubmitting an inventory item that could not find its device
[0791.44] Log: Inventory Error Recovery: Resubmitting an inventory item that could not find its device
[0791.45] Log: Inventory Error Recovery: Resubmitting an inventory item that could not find its device
[0791.46] Log: Inventory Error Recovery: Resubmitting an inventory item that could not find its device
[0791.48] Log: Inventory Error Recovery: Resubmitting an inventory item that could not find its device
[0793.23] Log: Inventory Error Recovery: Resubmitting an inventory item that could not find its device
[0793.23] Log: Inventory Error Recovery: Resubmitting an inventory item that could not find its device
[0794.17] Log: PUSHING Accolade: , local: false
[0794.29] Log: Inventory Error Recovery: Resubmitting an inventory item that could not find its device
[0794.29] Log: Inventory Error Recovery: Resubmitting an inventory item that could not find its device
[0794.30] Log: Inventory Error Recovery: Resubmitting an inventory item that could not find its device
[0794.32] Log: Inventory Error Recovery: Resubmitting an inventory item that could not find its device
[0795.94] Log: PUSHING Accolade: , local: false
[0801.58] Log: PUSHING Accolade: Kataballo a fait un doublé !, local: false
[0801.58] Log: Suppressing Accolade: Kataballo fait une tuerie ! (x3)
[0805.27] Log: Requesting purchase of itemId (8712) amount (1)
[0821.08] Log: PUSHING Accolade: , local: false
[0848.27] Log: Inventory Error Recovery: Resubmitting an inventory item that could not find its device
[0848.27] Log: Inventory Error Recovery: Resubmitting an inventory item that could not find its device
[0850.68] Log: Inventory Error Recovery: Resubmitting an inventory item that could not find its device
[0850.68] Log: Inventory Error Recovery: Resubmitting an inventory item that could not find its device
[0850.69] Log: Inventory Error Recovery: Resubmitting an inventory item that could not find its device
[0850.69] Log: Inventory Error Recovery: Resubmitting an inventory item that could not find its device
[0850.70] Log: Inventory Error Recovery: Resubmitting an inventory item that could not find its device
[0850.70] Log: Inventory Error Recovery: Resubmitting an inventory item that could not find its device
[0850.71] Log: Inventory Error Recovery: Resubmitting an inventory item that could not find its device
[0850.71] Log: Inventory Error Recovery: Resubmitting an inventory item that could not find its device
[0850.73] Log: Inventory Error Recovery: Resubmitting an inventory item that could not find its device
[0850.73] Log: Inventory Error Recovery: Resubmitting an inventory item that could not find its device
[0905.24] Log: AttachToOwner - Socket (CSO_FX_BuffBelt_01) not found in owner mesh or its parent! (3787 to TgPawn_Athena_0)
[0913.19] Log: PUSHING Accolade: , local: false
[0914.69] Log: PUSHING Accolade: ASSISTÉ, local: true
[0916.30] Log: PUSHING Accolade: , local: false
[0916.38] Log: Inventory Error Recovery: Resubmitting an inventory item that could not find its device
[0916.38] Log: Inventory Error Recovery: Resubmitting an inventory item that could not find its device
[0917.81] Log: PUSHING Accolade: ASSISTÉ, local: true
[0919.13] Log: Inventory Error Recovery: Resubmitting an inventory item that could not find its device
[0919.13] Log: Inventory Error Recovery: Resubmitting an inventory item that could not find its device
[0919.14] Log: Inventory Error Recovery: Resubmitting an inventory item that could not find its device
[0919.15] Log: Inventory Error Recovery: Resubmitting an inventory item that could not find its device
[0919.17] Log: Inventory Error Recovery: Resubmitting an inventory item that could not find its device
[0922.13] Log: Inventory Error Recovery: Resubmitting an inventory item that could not find its device
[0922.13] Log: Inventory Error Recovery: Resubmitting an inventory item that could not find its device
[0922.14] Log: Inventory Error Recovery: Resubmitting an inventory item that could not find its device
[0922.15] Log: Inventory Error Recovery: Resubmitting an inventory item that could not find its device
[0922.16] Log: Inventory Error Recovery: Resubmitting an inventory item that could not find its device
[0922.17] Log: Inventory Error Recovery: Resubmitting an inventory item that could not find its device
[0926.09] Log: AttachToOwner - Socket (CSO_FX_BuffBelt_01) not found in owner mesh or its parent! (1946 to TgPawn_Athena_0)
[0926.58] Log: AttachToOwner - Socket (CSO_FX_BuffBelt_01) not found in owner mesh or its parent! (1948 to TgPawn_Athena_0)
[0939.16] Log: Requesting purchase of itemId (8057) amount (1)
[0942.69] Log: Requesting purchase of itemId (10201) amount (1)
[0942.84] Warning: Warning, Failed to load 'Class None.None': Failed to find object 'Class None.None'
[0942.84] Warning: Warning, Failed to find object 'Class None.None'
[0942.84] Warning: Warning, Failed to load 'Class None.None': Failed to find object 'Class None.None'
[0942.84] Warning: Warning, Failed to find object 'Class None.None'
[0944.99] Log: Requesting purchase of itemId (8134) amount (1)
[0945.16] Log: Requesting purchase of itemId (8134) amount (1)
[0946.52] Log: Requesting purchase of itemId (8135) amount (1)
[0948.77] Log: Inventory Error Recovery: Resubmitting an inventory item that could not find its device
[0948.77] Log: Inventory Error Recovery: Resubmitting an inventory item that could not find its device
[0948.78] Log: Inventory Error Recovery: Resubmitting an inventory item that could not find its device
[0948.78] Log: Inventory Error Recovery: Resubmitting an inventory item that could not find its device
[0952.97] Log: Inventory Error Recovery: Resubmitting an inventory item that could not find its device
[0952.97] Log: Inventory Error Recovery: Resubmitting an inventory item that could not find its device
[0952.98] Log: Inventory Error Recovery: Resubmitting an inventory item that could not find its device
[0952.98] Log: Inventory Error Recovery: Resubmitting an inventory item that could not find its device
[0953.53] Log: Inventory Error Recovery: Resubmitting an inventory item that could not find its device
[0953.53] Log: Inventory Error Recovery: Resubmitting an inventory item that could not find its device
[0959.78] Log: Inventory Error Recovery: Resubmitting an inventory item that could not find its device
[0959.78] Log: Inventory Error Recovery: Resubmitting an inventory item that could not find its device
[0959.79] Log: Inventory Error Recovery: Resubmitting an inventory item that could not find its device
[0959.81] Log: Inventory Error Recovery: Resubmitting an inventory item that could not find its device
[0959.83] Log: Inventory Error Recovery: Resubmitting an inventory item that could not find its device
[0962.18] Log: PUSHING Accolade: Kataballo fait un massacre ! (x5), local: false
[0962.43] Log: Inventory Error Recovery: Resubmitting an inventory item that could not find its device
[0962.43] Log: Inventory Error Recovery: Resubmitting an inventory item that could not find its device
[0964.72] Log: Inventory Error Recovery: Resubmitting an inventory item that could not find its device
[0964.72] Log: Inventory Error Recovery: Resubmitting an inventory item that could not find its device
[0964.73] Log: Inventory Error Recovery: Resubmitting an inventory item that could not find its device
[0964.73] Log: Inventory Error Recovery: Resubmitting an inventory item that could not find its device
[0967.79] Log: AttachToOwner - Socket (CSO_FX_BuffBelt_01) not found in owner mesh or its parent! (3787 to TgPawn_Athena_0)
[0968.72] Log: Inventory Error Recovery: Resubmitting an inventory item that could not find its device
[0968.72] Log: Inventory Error Recovery: Resubmitting an inventory item that could not find its device
[0968.73] Log: Inventory Error Recovery: Resubmitting an inventory item that could not find its device
[0968.73] Log: Inventory Error Recovery: Resubmitting an inventory item that could not find its device
[0972.79] Log: Inventory Error Recovery: Resubmitting an inventory item that could not find its device
[0972.79] Log: Inventory Error Recovery: Resubmitting an inventory item that could not find its device
[0972.80] Log: Inventory Error Recovery: Resubmitting an inventory item that could not find its device
[0972.80] Log: Inventory Error Recovery: Resubmitting an inventory item that could not find its device
[0972.81] Log: Inventory Error Recovery: Resubmitting an inventory item that could not find its device
[0972.81] Log: Inventory Error Recovery: Resubmitting an inventory item that could not find its device
[0972.83] Log: Inventory Error Recovery: Resubmitting an inventory item that could not find its device
[0972.83] Log: Inventory Error Recovery: Resubmitting an inventory item that could not find its device
[0972.84] Log: Inventory Error Recovery: Resubmitting an inventory item that could not find its device
[0972.84] Log: Inventory Error Recovery: Resubmitting an inventory item that could not find its device
[0972.85] Log: Inventory Error Recovery: Resubmitting an inventory item that could not find its device
[0972.85] Log: Inventory Error Recovery: Resubmitting an inventory item that could not find its device
[0972.86] Log: Inventory Error Recovery: Resubmitting an inventory item that could not find its device
[0972.86] Log: Inventory Error Recovery: Resubmitting an inventory item that could not find its device
[0972.88] Log: Inventory Error Recovery: Resubmitting an inventory item that could not find its device
[0972.88] Log: Inventory Error Recovery: Resubmitting an inventory item that could not find its device
[0972.89] Log: Inventory Error Recovery: Resubmitting an inventory item that could not find its device
[0972.89] Log: Inventory Error Recovery: Resubmitting an inventory item that could not find its device
[0972.91] Log: Inventory Error Recovery: Resubmitting an inventory item that could not find its device
[0972.91] Log: Inventory Error Recovery: Resubmitting an inventory item that could not find its device
[0972.93] Log: Inventory Error Recovery: Resubmitting an inventory item that could not find its device
[0972.93] Log: Inventory Error Recovery: Resubmitting an inventory item that could not find its device
[0972.94] Log: Inventory Error Recovery: Resubmitting an inventory item that could not find its device
[0972.96] Log: Inventory Error Recovery: Resubmitting an inventory item that could not find its device
[0972.97] Log: Inventory Error Recovery: Resubmitting an inventory item that could not find its device
[0974.79] Log: AttachToOwner - Socket (CSO_FX_BuffBelt_01) not found in owner mesh or its parent! (1948 to TgPawn_Athena_0)
[0979.18] Log: AttachToOwner - Socket (CSO_FX_BuffBelt_01) not found in owner mesh or its parent! (3787 to TgPawn_Athena_0)
[0980.22] Log: Inventory Error Recovery: Resubmitting an inventory item that could not find its device
[0980.22] Log: Inventory Error Recovery: Resubmitting an inventory item that could not find its device
[0997.28] Log: Inventory Error Recovery: Resubmitting an inventory item that could not find its device
[0997.28] Log: Inventory Error Recovery: Resubmitting an inventory item that could not find its device
[0998.59] Log: AttachToOwner - Socket (CSO_FX_BuffBelt_01) not found in owner mesh or its parent! (3787 to TgPawn_Athena_0)
[0998.68] Log: Inventory Error Recovery: Resubmitting an inventory item that could not find its device
[1002.99] Log: Chat[3]: [VVB] Je reviens !
[1020.85] Log: Requesting purchase of itemId (10203) amount (1)
[1024.47] Log: Inventory Error Recovery: Resubmitting an inventory item that could not find its device
[1024.47] Log: Inventory Error Recovery: Resubmitting an inventory item that could not find its device
[1026.54] Log: Inventory Error Recovery: Resubmitting an inventory item that could not find its device
[1026.54] Log: Inventory Error Recovery: Resubmitting an inventory item that could not find its device
[1034.38] Log: Inventory Error Recovery: Resubmitting an inventory item that could not find its device
[1034.38] Log: Inventory Error Recovery: Resubmitting an inventory item that could not find its device
[1044.17] Log: Inventory Error Recovery: Resubmitting an inventory item that could not find its device
[1044.17] Log: Inventory Error Recovery: Resubmitting an inventory item that could not find its device
[1044.18] Log: Inventory Error Recovery: Resubmitting an inventory item that could not find its device
[1044.18] Log: Inventory Error Recovery: Resubmitting an inventory item that could not find its device
[1045.98] Log: Inventory Error Recovery: Resubmitting an inventory item that could not find its device
[1045.98] Log: Inventory Error Recovery: Resubmitting an inventory item that could not find its device
[1045.99] Log: Inventory Error Recovery: Resubmitting an inventory item that could not find its device
[1045.99] Log: Inventory Error Recovery: Resubmitting an inventory item that could not find its device
[1046.02] Log: Inventory Error Recovery: Resubmitting an inventory item that could not find its device
[1046.02] Log: Inventory Error Recovery: Resubmitting an inventory item that could not find its device
[1046.03] Log: Inventory Error Recovery: Resubmitting an inventory item that could not find its device
[1046.03] Log: Inventory Error Recovery: Resubmitting an inventory item that could not find its device
[1048.67] Log: Inventory Error Recovery: Resubmitting an inventory item that could not find its device
[1048.67] Log: Inventory Error Recovery: Resubmitting an inventory item that could not find its device
[1056.54] Log: PUSHING Accolade: grzesieke45b a stoppé Kataballo dans son élan, local: false
[1056.54] Log: Suppressing Accolade: 
[1058.97] Log: Inventory Error Recovery: Resubmitting an inventory item that could not find its device
[1058.97] Log: Inventory Error Recovery: Resubmitting an inventory item that could not find its device
[1061.63] Log: Inventory Error Recovery: Resubmitting an inventory item that could not find its device
[1061.64] Log: Inventory Error Recovery: Resubmitting an inventory item that could not find its device
[1065.43] Log: Inventory Error Recovery: Resubmitting an inventory item that could not find its device
[1065.43] Log: Inventory Error Recovery: Resubmitting an inventory item that could not find its device
[1065.44] Log: Inventory Error Recovery: Resubmitting an inventory item that could not find its device
[1065.44] Log: Inventory Error Recovery: Resubmitting an inventory item that could not find its device
[1066.52] Log: AttachToOwner - Socket (CSO_FX_BuffBelt_01) not found in owner mesh or its parent! (1946 to TgPawn_Athena_0)
[1088.93] Log: Inventory Error Recovery: Resubmitting an inventory item that could not find its device
[1088.93] Log: Inventory Error Recovery: Resubmitting an inventory item that could not find its device
[1088.94] Log: Inventory Error Recovery: Resubmitting an inventory item that could not find its device
[1088.96] Log: Inventory Error Recovery: Resubmitting an inventory item that could not find its device
[1088.98] Log: Inventory Error Recovery: Resubmitting an inventory item that could not find its device
[1091.58] Log: Inventory Error Recovery: Resubmitting an inventory item that could not find its device
[1091.58] Log: Inventory Error Recovery: Resubmitting an inventory item that could not find its device
[1123.62] Log: Inventory Error Recovery: Resubmitting an inventory item that could not find its device
[1123.62] Log: Inventory Error Recovery: Resubmitting an inventory item that could not find its device
[1123.63] Log: Inventory Error Recovery: Resubmitting an inventory item that could not find its device
[1123.63] Log: Inventory Error Recovery: Resubmitting an inventory item that could not find its device
[1123.65] Log: Inventory Error Recovery: Resubmitting an inventory item that could not find its device
[1123.67] Log: Inventory Error Recovery: Resubmitting an inventory item that could not find its device
[1123.68] Log: Inventory Error Recovery: Resubmitting an inventory item that could not find its device
[1125.53] Log: Inventory Error Recovery: Resubmitting an inventory item that could not find its device
[1125.53] Log: Inventory Error Recovery: Resubmitting an inventory item that could not find its device
[1128.79] Log: Inventory Error Recovery: Resubmitting an inventory item that could not find its device
[1128.79] Log: Inventory Error Recovery: Resubmitting an inventory item that could not find its device
[1133.39] Log: PUSHING Accolade: , local: false
[1139.84] Log: AttachToOwner - Socket (CSO_FX_BuffBelt_01) not found in owner mesh or its parent! (3787 to TgPawn_Athena_0)
[1145.03] Log: AttachToOwner - Socket (CSO_FX_BuffBelt_01) not found in owner mesh or its parent! (1948 to TgPawn_Athena_0)
[1145.38] Log: Inventory Error Recovery: Resubmitting an inventory item that could not find its device
[1145.38] Log: Inventory Error Recovery: Resubmitting an inventory item that could not find its device
[1149.09] Log: PUSHING Accolade: , local: false
[1149.29] Log: AttachToOwner - Socket (CSO_FX_BuffBelt_01) not found in owner mesh or its parent! (3787 to TgPawn_Athena_0)
[1152.94] Log: PUSHING Accolade: Fechinside a tué un joueur !, local: false
[1154.45] Log: PUSHING Accolade: DÉICIDE, local: true
[1155.89] Log: Requesting purchase of itemId (9469) amount (1)
[1158.01] Log: Requesting purchase of itemId (8134) amount (1)
[1159.40] Log: Requesting purchase of itemId (8135) amount (1)
[1161.50] Log: Requesting purchase of itemId (8134) amount (1)
[1163.59] Log: AttachToOwner - Socket (WSO_Emit_01) not found in owner mesh or its parent! (1027 to NONE)
[1163.79] Warning: Warning, Failed to load 'Class None.None': Failed to find object 'Class None.None'
[1163.79] Warning: Warning, Failed to find object 'Class None.None'
[1167.69] Log: SendChat[3] 
[1214.13] Log: Inventory Error Recovery: Resubmitting an inventory item that could not find its device
[1214.13] Log: Inventory Error Recovery: Resubmitting an inventory item that could not find its device
[1214.14] Log: Inventory Error Recovery: Resubmitting an inventory item that could not find its device
[1214.14] Log: Inventory Error Recovery: Resubmitting an inventory item that could not find its device
[1218.94] Log: PUSHING Accolade: , local: false
[1219.03] Log: Inventory Error Recovery: Resubmitting an inventory item that could not find its device
[1219.03] Log: Inventory Error Recovery: Resubmitting an inventory item that could not find its device
[1219.04] Log: Inventory Error Recovery: Resubmitting an inventory item that could not find its device
[1219.04] Log: Inventory Error Recovery: Resubmitting an inventory item that could not find its device
[1221.40] Log: PUSHING Accolade: , local: false
[1222.19] Log: Inventory Error Recovery: Resubmitting an inventory item that could not find its device
[1222.19] Log: Inventory Error Recovery: Resubmitting an inventory item that could not find its device
[1222.20] Log: Inventory Error Recovery: Resubmitting an inventory item that could not find its device
[1222.22] Log: Inventory Error Recovery: Resubmitting an inventory item that could not find its device
[1222.24] Log: Inventory Error Recovery: Resubmitting an inventory item that could not find its device
[1222.91] Log: PUSHING Accolade: ASSISTÉ, local: true
[1227.69] Log: AttachToOwner - Socket (CSO_FX_BuffBelt_01) not found in owner mesh or its parent! (3787 to TgPawn_Athena_0)
[1229.64] Log: PUSHING Accolade: grzesieke45b a fait un doublé !, local: false
[1229.64] Log: Suppressing Accolade: 
[1230.88] Log: Inventory Error Recovery: Resubmitting an inventory item that could not find its device
[1230.88] Log: Inventory Error Recovery: Resubmitting an inventory item that could not find its device
[1231.15] Log: PUSHING Accolade: ASSISTÉ, local: true
[1233.74] Log: AttachToOwner - Socket (CSO_FX_BuffBelt_01) not found in owner mesh or its parent! (1948 to TgPawn_Athena_0)
[1234.93] Log: Inventory Error Recovery: Resubmitting an inventory item that could not find its device
[1234.93] Log: Inventory Error Recovery: Resubmitting an inventory item that could not find its device
[1236.84] Log: Inventory Error Recovery: Resubmitting an inventory item that could not find its device
[1236.84] Log: Inventory Error Recovery: Resubmitting an inventory item that could not find its device
[1236.86] Log: Inventory Error Recovery: Resubmitting an inventory item that could not find its device
[1236.87] Log: Inventory Error Recovery: Resubmitting an inventory item that could not find its device
[1236.89] Log: Inventory Error Recovery: Resubmitting an inventory item that could not find its device
[1255.48] Log: Requesting purchase of itemId (10201) amount (1)
[1256.81] Log: Requesting purchase of itemId (8134) amount (1)
[1265.59] Warning: Warning, Failed to load 'Class None.None': Failed to find object 'Class None.None'
[1265.59] Warning: Warning, Failed to find object 'Class None.None'
[1271.24] Log: Inventory Error Recovery: Resubmitting an inventory item that could not find its device
[1271.24] Log: Inventory Error Recovery: Resubmitting an inventory item that could not find its device
[1274.43] Log: Inventory Error Recovery: Resubmitting an inventory item that could not find its device
[1274.43] Log: Inventory Error Recovery: Resubmitting an inventory item that could not find its device
[1274.44] Log: Inventory Error Recovery: Resubmitting an inventory item that could not find its device
[1274.44] Log: Inventory Error Recovery: Resubmitting an inventory item that could not find its device
[1274.69] Log: Inventory Error Recovery: Resubmitting an inventory item that could not find its device
[1274.69] Log: Inventory Error Recovery: Resubmitting an inventory item that could not find its device
[1279.93] Log: Inventory Error Recovery: Resubmitting an inventory item that could not find its device
[1279.93] Log: Inventory Error Recovery: Resubmitting an inventory item that could not find its device
[1279.94] Log: Inventory Error Recovery: Resubmitting an inventory item that could not find its device
[1279.94] Log: Inventory Error Recovery: Resubmitting an inventory item that could not find its device
[1279.96] Log: Inventory Error Recovery: Resubmitting an inventory item that could not find its device
[1279.96] Log: Inventory Error Recovery: Resubmitting an inventory item that could not find its device
[1279.98] Log: Inventory Error Recovery: Resubmitting an inventory item that could not find its device
[1279.98] Log: Inventory Error Recovery: Resubmitting an inventory item that could not find its device
[1298.75] Log: PUSHING Accolade: , local: false
[1300.40] Log: PUSHING Accolade: , local: false
[1302.91] Log: PUSHING Accolade: Fechinside a fait un doublé !, local: false
[1302.91] Log: Suppressing Accolade: Fechinside a tué un joueur !
[1304.41] Log: PUSHING Accolade: DÉICIDE, local: true
[1307.38] Log: Requesting purchase of itemId (9496) amount (1)
[1312.44] Log: SendChat[3] 
[1327.23] Log: SendChat[3] 
[1412.94] Log: Inventory Error Recovery: Resubmitting an inventory item that could not find its device
[1412.94] Log: Inventory Error Recovery: Resubmitting an inventory item that could not find its device
[1416.71] Log: PUSHING Accolade: , local: false
[1420.95] Log: PUSHING Accolade: , local: false
[1421.34] Log: Inventory Error Recovery: Resubmitting an inventory item that could not find its device
[1421.34] Log: Inventory Error Recovery: Resubmitting an inventory item that could not find its device
[1421.36] Log: Inventory Error Recovery: Resubmitting an inventory item that could not find its device
[1421.38] Log: Inventory Error Recovery: Resubmitting an inventory item that could not find its device
[1422.47] Log: PUSHING Accolade: ASSISTÉ, local: true
[1424.79] Log: Inventory Error Recovery: Resubmitting an inventory item that could not find its device
[1424.79] Log: Inventory Error Recovery: Resubmitting an inventory item that could not find its device
[1424.80] Log: Inventory Error Recovery: Resubmitting an inventory item that could not find its device
[1424.81] Log: Inventory Error Recovery: Resubmitting an inventory item that could not find its device
[1424.83] Log: Inventory Error Recovery: Resubmitting an inventory item that could not find its device
[1427.76] Log: PUSHING Accolade: grzesieke45b a fait un doublé !, local: false
[1427.76] Log: Suppressing Accolade: 
[1427.89] Log: Inventory Error Recovery: Resubmitting an inventory item that could not find its device
[1427.89] Log: Inventory Error Recovery: Resubmitting an inventory item that could not find its device
[1429.27] Log: PUSHING Accolade: ASSISTÉ, local: true
[1430.77] Log: PUSHING Accolade: Kataballo fait une tuerie ! (x3), local: false
[1434.19] Log: Inventory Error Recovery: Resubmitting an inventory item that could not find its device
[1434.19] Log: Inventory Error Recovery: Resubmitting an inventory item that could not find its device
[1434.20] Log: Inventory Error Recovery: Resubmitting an inventory item that could not find its device
[1434.20] Log: Inventory Error Recovery: Resubmitting an inventory item that could not find its device
[1435.42] Log: Chat[9]: Tuer Kataballo vous a donné 410 XP et 607 pièces d'or.
[1435.61] Log: PUSHING Accolade: VICTIME, local: true
[1437.12] Log: PUSHING Accolade: DÉICIDE, local: true
[1439.48] Log: Inventory Error Recovery: Resubmitting an inventory item that could not find its device
[1439.48] Log: Inventory Error Recovery: Resubmitting an inventory item that could not find its device
[1449.29] Log: Inventory Error Recovery: Resubmitting an inventory item that could not find its device
[1449.29] Log: Inventory Error Recovery: Resubmitting an inventory item that could not find its device
[1449.30] Log: Inventory Error Recovery: Resubmitting an inventory item that could not find its device
[1449.32] Log: Inventory Error Recovery: Resubmitting an inventory item that could not find its device
[1449.32] Log: Inventory Error Recovery: Resubmitting an inventory item that could not find its device
[1449.35] Log: Inventory Error Recovery: Resubmitting an inventory item that could not find its device
[1450.34] Log: Inventory Error Recovery: Resubmitting an inventory item that could not find its device
[1450.34] Log: Inventory Error Recovery: Resubmitting an inventory item that could not find its device
[1468.94] Log: Inventory Error Recovery: Resubmitting an inventory item that could not find its device
[1468.94] Log: Inventory Error Recovery: Resubmitting an inventory item that could not find its device
[1469.50] Log: AttachToOwner - Socket (CSO_FX_BuffBelt_01) not found in owner mesh or its parent! (2921 to TgPawn_Athena_0)
[1469.50] Log: AttachToOwner - Socket (CSO_FX_BuffBelt_01) not found in owner mesh or its parent! (3787 to TgPawn_Athena_0)
[1470.83] Log: Inventory Error Recovery: Resubmitting an inventory item that could not find its device
[1470.84] Log: Inventory Error Recovery: Resubmitting an inventory item that could not find its device
[1470.85] Log: Inventory Error Recovery: Resubmitting an inventory item that could not find its device
[1470.85] Log: Inventory Error Recovery: Resubmitting an inventory item that could not find its device
[1470.87] Log: Inventory Error Recovery: Resubmitting an inventory item that could not find its device
[1470.89] Log: Inventory Error Recovery: Resubmitting an inventory item that could not find its device
[1473.48] Log: Inventory Error Recovery: Resubmitting an inventory item that could not find its device
[1473.48] Log: Inventory Error Recovery: Resubmitting an inventory item that could not find its device
[1473.49] Log: Inventory Error Recovery: Resubmitting an inventory item that could not find its device
[1473.49] Log: Inventory Error Recovery: Resubmitting an inventory item that could not find its device
[1473.51] Log: Inventory Error Recovery: Resubmitting an inventory item that could not find its device
[1473.53] Log: Inventory Error Recovery: Resubmitting an inventory item that could not find its device
[1473.54] Log: Inventory Error Recovery: Resubmitting an inventory item that could not find its device
[1483.64] Log: AttachToOwner - Socket (CSO_FX_BuffBelt_01) not found in owner mesh or its parent! (1948 to TgPawn_Athena_0)
[1506.15] Log: AttachToOwner - Socket (CSO_FX_BuffBelt_01) not found in owner mesh or its parent! (3787 to TgPawn_Athena_0)
[1509.04] Log: AttachToOwner - Socket (CSO_FX_BuffBelt_01) not found in owner mesh or its parent! (1948 to TgPawn_Athena_0)
[1514.34] Log: Inventory Error Recovery: Resubmitting an inventory item that could not find its device
[1514.34] Log: Inventory Error Recovery: Resubmitting an inventory item that could not find its device
[1515.30] Log: PUSHING Accolade: , local: false
[1516.81] Log: PUSHING Accolade: ASSISTÉ, local: true
[1517.09] Log: Inventory Error Recovery: Resubmitting an inventory item that could not find its device
[1520.25] Log: Inventory Error Recovery: Resubmitting an inventory item that could not find its device
[1520.25] Log: Inventory Error Recovery: Resubmitting an inventory item that could not find its device
[1522.96] Log: PUSHING Accolade: grzesieke45b a fait un doublé !, local: false
[1522.96] Log: Suppressing Accolade: 
[1524.47] Log: PUSHING Accolade: ASSISTÉ, local: true
[1525.65] Log: Inventory Error Recovery: Resubmitting an inventory item that could not find its device
[1525.65] Log: Inventory Error Recovery: Resubmitting an inventory item that could not find its device
[1527.64] Log: Inventory Error Recovery: Resubmitting an inventory item that could not find its device
[1527.64] Log: Inventory Error Recovery: Resubmitting an inventory item that could not find its device
[1530.80] Log: Inventory Error Recovery: Resubmitting an inventory item that could not find its device
[1530.80] Log: Inventory Error Recovery: Resubmitting an inventory item that could not find its device
[1532.59] Log: Inventory Error Recovery: Resubmitting an inventory item that could not find its device
[1532.59] Log: Inventory Error Recovery: Resubmitting an inventory item that could not find its device
[1532.61] Log: Inventory Error Recovery: Resubmitting an inventory item that could not find its device
[1532.62] Log: Inventory Error Recovery: Resubmitting an inventory item that could not find its device
[1532.63] Log: Inventory Error Recovery: Resubmitting an inventory item that could not find its device
[1536.99] Log: AttachToOwner - Socket (CSO_FX_BuffBelt_01) not found in owner mesh or its parent! (1946 to TgPawn_Athena_0)
[1544.95] Log: AttachToOwner - Socket (CSO_FX_BuffBelt_01) not found in owner mesh or its parent! (1948 to TgPawn_Athena_0)
[1557.40] Log: AttachToOwner - Socket (WSO_Emit_01) not found in owner mesh or its parent! (1027 to NONE)
[1557.71] Log: PUSHING Accolade: TOUR DÉTRUITE, local: true
[1562.86] Log: PUSHING Accolade: grzesieke45b fait une tuerie ! (x3), local: false
[1564.36] Log: PUSHING Accolade: ASSISTÉ, local: true
[1569.29] Log: Inventory Error Recovery: Resubmitting an inventory item that could not find its device
[1569.29] Log: Inventory Error Recovery: Resubmitting an inventory item that could not find its device
[1569.80] Log: Inventory Error Recovery: Resubmitting an inventory item that could not find its device
[1569.80] Log: Inventory Error Recovery: Resubmitting an inventory item that could not find its device
[1571.69] Log: Inventory Error Recovery: Resubmitting an inventory item that could not find its device
[1571.69] Log: Inventory Error Recovery: Resubmitting an inventory item that could not find its device
[1571.70] Log: Inventory Error Recovery: Resubmitting an inventory item that could not find its device
[1571.70] Log: Inventory Error Recovery: Resubmitting an inventory item that could not find its device
[1571.73] Log: Inventory Error Recovery: Resubmitting an inventory item that could not find its device
[1572.96] Log: Chat[3]: [VVB] Je reviens !
[1588.20] Log: Inventory Error Recovery: Resubmitting an inventory item that could not find its device
[1588.20] Log: Inventory Error Recovery: Resubmitting an inventory item that could not find its device
[1589.65] Log: PUSHING Accolade: , local: false
[1591.16] Log: PUSHING Accolade: ASSISTÉ, local: true
[1598.76] Log: Requesting purchase of itemId (9497) amount (1)
[1601.31] Log: Requesting purchase of itemId (8063) amount (1)
[1601.55] Log: Chat[3]: kimicol a acheté l'objet Maille mystique.
[1605.79] Log: Requesting purchase of itemId (8134) amount (1)
[1605.95] Log: Requesting purchase of itemId (8134) amount (1)
[1606.12] Log: Requesting purchase of itemId (8134) amount (1)
[1606.27] Log: Requesting purchase of itemId (8134) amount (1)
[1607.51] Log: Requesting purchase of itemId (8135) amount (1)
[1651.50] Log: AttachToOwner - Socket (CSO_FX_BuffBelt_01) not found in owner mesh or its parent! (2921 to TgPawn_Athena_0)
[1651.50] Log: AttachToOwner - Socket (CSO_FX_BuffBelt_01) not found in owner mesh or its parent! (3787 to TgPawn_Athena_0)
[1653.00] Log: AttachToOwner - Socket (CSO_FX_BuffBelt_01) not found in owner mesh or its parent! (1948 to TgPawn_Athena_0)
[1660.20] Log: AttachToOwner - Socket (CSO_FX_BuffBelt_01) not found in owner mesh or its parent! (3787 to TgPawn_Athena_0)
[1700.63] Log: PUSHING Accolade: , local: false
[1702.10] Log: Inventory Error Recovery: Resubmitting an inventory item that could not find its device
[1702.10] Log: Inventory Error Recovery: Resubmitting an inventory item that could not find its device
[1702.16] Log: PUSHING Accolade: ASSISTÉ, local: true
[1703.40] Log: AttachToOwner - Socket (CSO_FX_BuffBelt_01) not found in owner mesh or its parent! (3787 to TgPawn_Athena_0)
[1707.34] Log: Inventory Error Recovery: Resubmitting an inventory item that could not find its device
[1707.34] Log: Inventory Error Recovery: Resubmitting an inventory item that could not find its device
[1707.35] Log: Inventory Error Recovery: Resubmitting an inventory item that could not find its device
[1707.35] Log: Inventory Error Recovery: Resubmitting an inventory item that could not find its device
[1709.57] Log: PUSHING Accolade: , local: false
[1711.09] Log: PUSHING Accolade: ASSISTÉ, local: true
[1712.66] Log: Inventory Error Recovery: Resubmitting an inventory item that could not find its device
[1712.66] Log: Inventory Error Recovery: Resubmitting an inventory item that could not find its device
[1719.59] Log: Inventory Error Recovery: Resubmitting an inventory item that could not find its device
[1719.59] Log: Inventory Error Recovery: Resubmitting an inventory item that could not find its device
[1719.60] Log: Inventory Error Recovery: Resubmitting an inventory item that could not find its device
[1719.60] Log: Inventory Error Recovery: Resubmitting an inventory item that could not find its device
[1721.09] Log: Inventory Error Recovery: Resubmitting an inventory item that could not find its device
[1721.09] Log: Inventory Error Recovery: Resubmitting an inventory item that could not find its device
[1721.11] Log: Inventory Error Recovery: Resubmitting an inventory item that could not find its device
[1721.11] Log: Inventory Error Recovery: Resubmitting an inventory item that could not find its device
[1724.85] Log: AttachToOwner - Socket (CSO_FX_BuffBelt_01) not found in owner mesh or its parent! (1948 to TgPawn_Athena_0)
[1729.26] Log: Inventory Error Recovery: Resubmitting an inventory item that could not find its device
[1729.26] Log: Inventory Error Recovery: Resubmitting an inventory item that could not find its device
[1730.70] Log: Inventory Error Recovery: Resubmitting an inventory item that could not find its device
[1730.70] Log: Inventory Error Recovery: Resubmitting an inventory item that could not find its device
[1730.71] Log: Inventory Error Recovery: Resubmitting an inventory item that could not find its device
[1730.73] Log: Inventory Error Recovery: Resubmitting an inventory item that could not find its device
[1730.74] Log: Inventory Error Recovery: Resubmitting an inventory item that could not find its device
[1758.95] Log: Inventory Error Recovery: Resubmitting an inventory item that could not find its device
[1758.95] Log: Inventory Error Recovery: Resubmitting an inventory item that could not find its device
[1760.76] Log: Inventory Error Recovery: Resubmitting an inventory item that could not find its device
[1760.76] Log: Inventory Error Recovery: Resubmitting an inventory item that could not find its device
[1760.78] Log: Inventory Error Recovery: Resubmitting an inventory item that could not find its device
[1760.79] Log: Inventory Error Recovery: Resubmitting an inventory item that could not find its device
[1760.96] Log: AttachToOwner - Socket (CSO_FX_BuffBelt_01) not found in owner mesh or its parent! (2921 to TgPawn_Athena_0)
[1762.91] Log: Inventory Error Recovery: Resubmitting an inventory item that could not find its device
[1762.91] Log: Inventory Error Recovery: Resubmitting an inventory item that could not find its device
[1764.43] Log: PUSHING Accolade: Fechinside a fait un doublé !, local: false
[1764.43] Log: Suppressing Accolade: Fechinside a tué un joueur !
[1764.43] Log: Suppressing Accolade: 
[1775.27] Log: Requesting purchase of itemId (11206) amount (1)
[1778.98] Log: Requesting purchase of itemId (8134) amount (1)
[1779.13] Log: Requesting purchase of itemId (8134) amount (1)
[1789.88] Log: Requesting purchase of itemId (11204) amount (1)
[1790.15] Log: AttachToOwner - Socket (CSO_FX_BuffBelt_01) not found in owner mesh or its parent! (4918 to TgPawn_Athena_0)
[1798.56] Log: Chat[3]: lepaczekpl a acheté l'objet Pièce de Pythagore I.
[1806.15] Log: AttachToOwner - Socket (CSO_FX_BuffBelt_01) not found in owner mesh or its parent! (4918 to TgPawn_Athena_0)
[1806.16] Log: AttachToOwner - Socket (CSO_FX_BuffBelt_01) not found in owner mesh or its parent! (4918 to TgPawn_Athena_0)
[1815.56] Log: AttachToOwner - Socket (CSO_FX_BuffBelt_01) not found in owner mesh or its parent! (3787 to TgPawn_Athena_0)
[1860.10] Log: Inventory Error Recovery: Resubmitting an inventory item that could not find its device
[1860.10] Log: Inventory Error Recovery: Resubmitting an inventory item that could not find its device
[1860.11] Log: Inventory Error Recovery: Resubmitting an inventory item that could not find its device
[1860.11] Log: Inventory Error Recovery: Resubmitting an inventory item that could not find its device
[1860.13] Log: Inventory Error Recovery: Resubmitting an inventory item that could not find its device
[1860.13] Log: Inventory Error Recovery: Resubmitting an inventory item that could not find its device
[1860.14] Log: Inventory Error Recovery: Resubmitting an inventory item that could not find its device
[1860.14] Log: Inventory Error Recovery: Resubmitting an inventory item that could not find its device
[1860.15] Log: Inventory Error Recovery: Resubmitting an inventory item that could not find its device
[1860.15] Log: Inventory Error Recovery: Resubmitting an inventory item that could not find its device
[1864.80] Log: Inventory Error Recovery: Resubmitting an inventory item that could not find its device
[1864.80] Log: Inventory Error Recovery: Resubmitting an inventory item that could not find its device
[1864.80] Log: Inventory Error Recovery: Resubmitting an inventory item that could not find its device
[1864.80] Log: Inventory Error Recovery: Resubmitting an inventory item that could not find its device
[1871.86] Log: Inventory Error Recovery: Resubmitting an inventory item that could not find its device
[1871.86] Log: Inventory Error Recovery: Resubmitting an inventory item that could not find its device
[1871.87] Log: Inventory Error Recovery: Resubmitting an inventory item that could not find its device
[1871.89] Log: Inventory Error Recovery: Resubmitting an inventory item that could not find its device
[1871.99] Log: PUSHING Accolade: , local: false
[1873.36] Log: Inventory Error Recovery: Resubmitting an inventory item that could not find its device
[1873.36] Log: Inventory Error Recovery: Resubmitting an inventory item that could not find its device
[1873.49] Log: PUSHING Accolade: grzesieke45b fait un massacre ! (x5), local: false
[1875.01] Log: PUSHING Accolade: ASSISTÉ, local: true
[1876.27] Log: AttachToOwner - Socket (CSO_FX_BuffBelt_01) not found in owner mesh or its parent! (3787 to TgPawn_Athena_0)
[1876.75] Log: Inventory Error Recovery: Resubmitting an inventory item that could not find its device
[1876.75] Log: Inventory Error Recovery: Resubmitting an inventory item that could not find its device
[1876.76] Log: Inventory Error Recovery: Resubmitting an inventory item that could not find its device
[1876.78] Log: Inventory Error Recovery: Resubmitting an inventory item that could not find its device
[1876.79] Log: Inventory Error Recovery: Resubmitting an inventory item that could not find its device
[1882.76] Log: Inventory Error Recovery: Resubmitting an inventory item that could not find its device
[1882.76] Log: Inventory Error Recovery: Resubmitting an inventory item that could not find its device
[1882.77] Log: Inventory Error Recovery: Resubmitting an inventory item that could not find its device
[1882.79] Log: Inventory Error Recovery: Resubmitting an inventory item that could not find its device
[1884.60] Log: Inventory Error Recovery: Resubmitting an inventory item that could not find its device
[1884.60] Log: Inventory Error Recovery: Resubmitting an inventory item that could not find its device
[1886.61] Log: AttachToOwner - Socket (CSO_FX_BuffBelt_01) not found in owner mesh or its parent! (1948 to TgPawn_Athena_0)
[1888.30] Log: Inventory Error Recovery: Resubmitting an inventory item that could not find its device
[1888.31] Log: Inventory Error Recovery: Resubmitting an inventory item that could not find its device
[1888.97] Log: AttachToOwner - Socket (CSO_FX_BuffBelt_01) not found in owner mesh or its parent! (3787 to TgPawn_Athena_0)
[1899.46] Log: AttachToOwner - Socket (CSO_FX_BuffBelt_01) not found in owner mesh or its parent! (3787 to TgPawn_Athena_0)
[1901.71] Log: Inventory Error Recovery: Resubmitting an inventory item that could not find its device
[1901.71] Log: Inventory Error Recovery: Resubmitting an inventory item that could not find its device
[1901.73] Log: Inventory Error Recovery: Resubmitting an inventory item that could not find its device
[1901.74] Log: Inventory Error Recovery: Resubmitting an inventory item that could not find its device
[1901.76] Log: Inventory Error Recovery: Resubmitting an inventory item that could not find its device
[1908.17] Log: AttachToOwner - Socket (CSO_FX_BuffBelt_01) not found in owner mesh or its parent! (3787 to TgPawn_Athena_0)
[1908.76] Log: Inventory Error Recovery: Resubmitting an inventory item that could not find its device
[1908.76] Log: Inventory Error Recovery: Resubmitting an inventory item that could not find its device
[1908.96] Log: PUSHING Accolade: Fechinside fait une tuerie ! (x3), local: false
[1937.12] Log: Requesting purchase of itemId (8140) amount (1)
[1937.36] Log: Chat[3]: kimicol a acheté l'objet Agilité céleste.
[1953.77] Log: AttachToOwner - Socket (CSO_FX_BuffBelt_01) not found in owner mesh or its parent! (4918 to TgPawn_Athena_0)
[1956.65] Log: Inventory Error Recovery: Resubmitting an inventory item that could not find its device
[1956.65] Log: Inventory Error Recovery: Resubmitting an inventory item that could not find its device
[1956.66] Log: Inventory Error Recovery: Resubmitting an inventory item that could not find its device
[1956.66] Log: Inventory Error Recovery: Resubmitting an inventory item that could not find its device
[1958.26] Log: Inventory Error Recovery: Resubmitting an inventory item that could not find its device
[1958.26] Log: Inventory Error Recovery: Resubmitting an inventory item that could not find its device
[1958.28] Log: Inventory Error Recovery: Resubmitting an inventory item that could not find its device
[1958.29] Log: Inventory Error Recovery: Resubmitting an inventory item that could not find its device
[1959.15] Log: Inventory Error Recovery: Resubmitting an inventory item that could not find its device
[1959.15] Log: Inventory Error Recovery: Resubmitting an inventory item that could not find its device
[1959.17] Log: Inventory Error Recovery: Resubmitting an inventory item that could not find its device
[1959.17] Log: Inventory Error Recovery: Resubmitting an inventory item that could not find its device
[1963.45] Log: Inventory Error Recovery: Resubmitting an inventory item that could not find its device
[1963.45] Log: Inventory Error Recovery: Resubmitting an inventory item that could not find its device
[1963.45] Log: Inventory Error Recovery: Resubmitting an inventory item that could not find its device
[1963.45] Log: Inventory Error Recovery: Resubmitting an inventory item that could not find its device
[1963.47] Log: Inventory Error Recovery: Resubmitting an inventory item that could not find its device
[1963.48] Log: Inventory Error Recovery: Resubmitting an inventory item that could not find its device
[1963.50] Log: Inventory Error Recovery: Resubmitting an inventory item that could not find its device
[1964.00] Log: Inventory Error Recovery: Resubmitting an inventory item that could not find its device
[1964.00] Log: Inventory Error Recovery: Resubmitting an inventory item that could not find its device
[1964.01] Log: Inventory Error Recovery: Resubmitting an inventory item that could not find its device
[1964.01] Log: Inventory Error Recovery: Resubmitting an inventory item that could not find its device
[1973.70] Log: Inventory Error Recovery: Resubmitting an inventory item that could not find its device
[1973.70] Log: Inventory Error Recovery: Resubmitting an inventory item that could not find its device
[1974.96] Log: Inventory Error Recovery: Resubmitting an inventory item that could not find its device
[1974.96] Log: Inventory Error Recovery: Resubmitting an inventory item that could not find its device
[1974.97] Log: Inventory Error Recovery: Resubmitting an inventory item that could not find its device
[1974.97] Log: Inventory Error Recovery: Resubmitting an inventory item that could not find its device
[1979.76] Log: Inventory Error Recovery: Resubmitting an inventory item that could not find its device
[1979.76] Log: Inventory Error Recovery: Resubmitting an inventory item that could not find its device
[1979.76] Log: PUSHING Accolade: , local: false
[1979.77] Log: Inventory Error Recovery: Resubmitting an inventory item that could not find its device
[1979.80] Log: Inventory Error Recovery: Resubmitting an inventory item that could not find its device
[1980.37] Log: Inventory Error Recovery: Resubmitting an inventory item that could not find its device
[1980.37] Log: Inventory Error Recovery: Resubmitting an inventory item that could not find its device
[1982.41] Log: Inventory Error Recovery: Resubmitting an inventory item that could not find its device
[1982.41] Log: Inventory Error Recovery: Resubmitting an inventory item that could not find its device
[1982.43] Log: Inventory Error Recovery: Resubmitting an inventory item that could not find its device
[1982.44] Log: Inventory Error Recovery: Resubmitting an inventory item that could not find its device
[1982.46] Log: Inventory Error Recovery: Resubmitting an inventory item that could not find its device
[1992.10] Log: Inventory Error Recovery: Resubmitting an inventory item that could not find its device
[1992.10] Log: Inventory Error Recovery: Resubmitting an inventory item that could not find its device
[1992.12] Log: Inventory Error Recovery: Resubmitting an inventory item that could not find its device
[1992.14] Log: Inventory Error Recovery: Resubmitting an inventory item that could not find its device
[1994.15] Log: Inventory Error Recovery: Resubmitting an inventory item that could not find its device
[1994.15] Log: Inventory Error Recovery: Resubmitting an inventory item that could not find its device
[1994.17] Log: Inventory Error Recovery: Resubmitting an inventory item that could not find its device
[1994.17] Log: Inventory Error Recovery: Resubmitting an inventory item that could not find its device
[1994.19] Log: Inventory Error Recovery: Resubmitting an inventory item that could not find its device
[1994.20] Log: Inventory Error Recovery: Resubmitting an inventory item that could not find its device
[2000.97] Log: Chat[3]: lepaczekpl a acheté l'objet Sentinelle.
[2001.92] Log: Chat[3]: lepaczekpl a acheté l'objet Sentinelle.
[2013.71] Log: AttachToOwner - Socket (CSO_FX_BuffBelt_01) not found in owner mesh or its parent! (2921 to TgPawn_Athena_0)
[2013.71] Log: AttachToOwner - Socket (CSO_FX_BuffBelt_01) not found in owner mesh or its parent! (3787 to TgPawn_Athena_0)
[2015.31] Log: AttachToOwner - Socket (CSO_FX_BuffBelt_01) not found in owner mesh or its parent! (1948 to TgPawn_Athena_0)
[2029.77] Log: Inventory Error Recovery: Resubmitting an inventory item that could not find its device
[2029.77] Log: Inventory Error Recovery: Resubmitting an inventory item that could not find its device
[2031.56] Log: Inventory Error Recovery: Resubmitting an inventory item that could not find its device
[2031.56] Log: Inventory Error Recovery: Resubmitting an inventory item that could not find its device
[2037.20] Log: PUSHING Accolade: , local: false
[2038.71] Log: PUSHING Accolade: Kataballo a stoppé grzesieke45b dans son élan, local: false
[2038.71] Log: Suppressing Accolade: 
[2040.22] Log: PUSHING Accolade: ASSISTÉ, local: true
[2040.95] Log: Inventory Error Recovery: Resubmitting an inventory item that could not find its device
[2040.95] Log: Inventory Error Recovery: Resubmitting an inventory item that could not find its device
[2040.97] Log: Inventory Error Recovery: Resubmitting an inventory item that could not find its device
[2040.99] Log: Inventory Error Recovery: Resubmitting an inventory item that could not find its device
[2043.98] Log: PUSHING Accolade: , local: false
[2045.49] Log: PUSHING Accolade: ASSISTÉ, local: true
[2048.01] Log: AttachToOwner - Socket (CSO_FX_BuffBelt_01) not found in owner mesh or its parent! (4918 to TgPawn_Athena_0)
[2055.51] Log: AttachToOwner - Socket (CSO_FX_BuffBelt_01) not found in owner mesh or its parent! (1946 to TgPawn_Athena_0)
[2056.46] Log: AttachToOwner - Socket (CSO_FX_BuffBelt_01) not found in owner mesh or its parent! (1948 to TgPawn_Athena_0)
[2073.66] Log: AttachToOwner - Socket (CSO_FX_BuffBelt_01) not found in owner mesh or its parent! (2921 to TgPawn_Athena_0)
[2073.66] Log: AttachToOwner - Socket (CSO_FX_BuffBelt_01) not found in owner mesh or its parent! (3787 to TgPawn_Athena_0)
[2082.55] Log: Inventory Error Recovery: Resubmitting an inventory item that could not find its device
[2082.55] Log: Inventory Error Recovery: Resubmitting an inventory item that could not find its device
[2082.56] Log: Inventory Error Recovery: Resubmitting an inventory item that could not find its device
[2082.56] Log: Inventory Error Recovery: Resubmitting an inventory item that could not find its device
[2082.57] Log: Inventory Error Recovery: Resubmitting an inventory item that could not find its device
[2082.59] Log: Inventory Error Recovery: Resubmitting an inventory item that could not find its device
[2082.60] Log: Inventory Error Recovery: Resubmitting an inventory item that could not find its device
[2084.45] Log: Inventory Error Recovery: Resubmitting an inventory item that could not find its device
[2084.45] Log: Inventory Error Recovery: Resubmitting an inventory item that could not find its device
[2084.46] Log: Inventory Error Recovery: Resubmitting an inventory item that could not find its device
[2084.46] Log: Inventory Error Recovery: Resubmitting an inventory item that could not find its device
[2093.85] Log: Requesting purchase of itemId (8134) amount (1)
[2093.99] Log: Requesting purchase of itemId (8134) amount (1)
[2094.14] Log: Requesting purchase of itemId (8134) amount (1)
[2094.32] Log: Requesting purchase of itemId (8134) amount (1)
[2098.85] Log: Requesting purchase of itemId (8138) amount (1)
[2099.01] Log: Requesting purchase of itemId (8138) amount (1)
[2099.07] Log: Chat[3]: kimicol a acheté l'objet Sentinelle.
[2099.18] Log: Chat[3]: kimicol a acheté l'objet Sentinelle.
[2120.25] Log: Inventory Error Recovery: Resubmitting an inventory item that could not find its device
[2120.25] Log: Inventory Error Recovery: Resubmitting an inventory item that could not find its device
[2134.70] Log: Inventory Error Recovery: Resubmitting an inventory item that could not find its device
[2134.70] Log: Inventory Error Recovery: Resubmitting an inventory item that could not find its device
[2134.72] Log: Inventory Error Recovery: Resubmitting an inventory item that could not find its device
[2134.72] Log: Inventory Error Recovery: Resubmitting an inventory item that could not find its device
[2134.73] Log: Inventory Error Recovery: Resubmitting an inventory item that could not find its device
[2134.73] Log: Inventory Error Recovery: Resubmitting an inventory item that could not find its device
[2134.74] Log: Inventory Error Recovery: Resubmitting an inventory item that could not find its device
[2134.74] Log: Inventory Error Recovery: Resubmitting an inventory item that could not find its device
[2134.77] Log: Inventory Error Recovery: Resubmitting an inventory item that could not find its device
[2134.79] Log: Inventory Error Recovery: Resubmitting an inventory item that could not find its device
[2134.80] Log: Inventory Error Recovery: Resubmitting an inventory item that could not find its device
[2134.82] Log: Inventory Error Recovery: Resubmitting an inventory item that could not find its device
[2134.83] Log: Inventory Error Recovery: Resubmitting an inventory item that could not find its device
[2134.85] Log: Inventory Error Recovery: Resubmitting an inventory item that could not find its device
[2134.87] Log: Inventory Error Recovery: Resubmitting an inventory item that could not find its device
[2134.88] Log: Inventory Error Recovery: Resubmitting an inventory item that could not find its device
[2134.89] Log: Inventory Error Recovery: Resubmitting an inventory item that could not find its device
[2134.91] Log: Inventory Error Recovery: Resubmitting an inventory item that could not find its device
[2134.92] Log: Inventory Error Recovery: Resubmitting an inventory item that could not find its device
[2134.94] Log: Inventory Error Recovery: Resubmitting an inventory item that could not find its device
[2134.95] Log: Inventory Error Recovery: Resubmitting an inventory item that could not find its device
[2134.97] Log: Inventory Error Recovery: Resubmitting an inventory item that could not find its device
[2134.98] Log: Inventory Error Recovery: Resubmitting an inventory item that could not find its device
[2134.99] Log: Inventory Error Recovery: Resubmitting an inventory item that could not find its device
[2136.66] Log: Inventory Error Recovery: Resubmitting an inventory item that could not find its device
[2136.66] Log: Inventory Error Recovery: Resubmitting an inventory item that could not find its device
[2139.76] Log: Inventory Error Recovery: Resubmitting an inventory item that could not find its device
[2139.76] Log: Inventory Error Recovery: Resubmitting an inventory item that could not find its device
[2141.53] Log: PUSHING Accolade: , local: false
[2143.67] Log: AttachToOwner - Socket (CSO_FX_BuffBelt_01) not found in owner mesh or its parent! (2921 to TgPawn_Athena_0)
[2145.23] Log: AttachToOwner - Socket (CSO_FX_BuffBelt_01) not found in owner mesh or its parent! (3787 to TgPawn_Athena_0)
[2150.27] Log: PUSHING Accolade: Kataballo a fait un doublé !, local: false
[2150.27] Log: Suppressing Accolade: Kataballo a tué un joueur !
[2154.88] Log: Chat[3]: lepaczekpl a acheté l'objet Sentinelle.
[2161.51] Log: Requesting purchase of itemId (8138) amount (1)
[2161.73] Log: Chat[3]: kimicol a acheté l'objet Sentinelle.
[2187.54] Log: PUSHING Accolade: , local: false
[2206.34] Log: TeamIndex 2 has new leader: 2606160
[2206.56] Log: ---- UpdateClanData
[2211.92] DevNet: URL: Adding default option Team=255
[2211.92] Log: ReceiveChangeMap: mapGameId 1447
[2211.92] Log: ---- UpdateClanData
[2211.93] DevNet: URL: Adding default option Team=255
[2211.93] DevNet: Browse: LobbyMap?game=TgClient.TgGameLaunch?GameState=OGS_NoSession?GameMode=0?name=Player?Team=255
[2211.99] Log: LoadMap: LobbyMap?game=TgClient.TgGameLaunch?GameState=OGS_NoSession?GameMode=0?name=Player?Team=255
[2212.10] NetComeGo: Close PComNetDriver_0 PComNetConn_0 37.48.125.43:9212 07/18/15 17:22:14
[2212.20] Exit: PComNetDriver_0 shut down
[2212.76] Log: Map Game ID = 0
[2212.76] Log: Map Instance ID = 127230747
[2212.78] Log: Performance: Critical section Lock/Unlock 25 nsec
[2212.78] Log: Performance:  appCycles 11 nsec
[2212.83] Log: Performance:  memCopy per KB 239 nsec
[2212.86] Log: Performance:  memZero per KB 152 nsec
[2212.88] Log: Performance:  appInterlockedIncrement 10 nsec
[2212.88] Log: Performance:  GetTickCount 4 nsec
[2212.88] Log: Game class is 'TgGameLaunch'
[2212.88] TgSLO: Async Load: GodSkins_Portraits_and_Icons
[2212.88] Log: Flushing async loaders.
[2212.99] TgSLO: Finish Load: GodSkins_Portraits_and_Icons
[2212.99] Log: Flushed async loaders.
[2213.03] Log: Primary PhysX scene will be in software.
[2213.03] Log: Creating Primary PhysX Scene.
[2213.03] Log: *** WARNING - PATHS MAY NOT BE VALID ***
[2213.03] Log: Bringing World lobbymap.TheWorld up for play (0) at 2015.07.18-17.22.15
[2213.04] Log: Skipping initialization of FSMPartPool!
[2213.12] Log: Bringing up level for play took: 0.136609
[2214.16] TgSLO: Async Load: GOD_Athena
[2214.16] TgSLO: Async Load: GOD_Athena_Lobby
[2214.16] TgSLO: Async Load: FX_Athena
[2214.16] Log: Flushing async loaders.
[2214.30] TgSLO: Finish Load: GOD_Athena
[2214.36] TgSLO: Finish Load: GOD_Athena_Lobby
[2214.38] TgSLO: Finish Load: FX_Athena
[2214.38] Log: Flushed async loaders.
[2214.39] Log: ########### Finished loading level: 2.391425 seconds
[2214.44] Log: Flushing async loaders.
[2214.65] Log: Flushed async loaders.
[2214.65] Log: RequestingChannelMembers ch[8] [kimicol a rejoint la discussion.]
[2214.65] Log: RequestingChannelMembers ch[8] [Kataballo a rejoint la discussion.]
[2215.12] Log: AttachToOwner - Socket (CSO_FX_BuffBelt_01) not found in owner mesh or its parent! (2762 to TgSkeletalMeshActor_Lobby_5)
[2215.41] Log: RequestingChannelMembers ch[8] [grzesieke45b a rejoint la discussion.]
[2219.36] Log: RequestingChannelMembers ch[8] [lepaczekpl a rejoint la discussion.]
[2224.91] Log: RequestingChannelMembers ch[8] [lepaczekpl a quitté la discussion.]
[2227.53] Log: RequestingChannelMembers ch[8] [Fechinside a quitté la discussion.]
[2229.82] Log: RequestingChannelMembers ch[8] [Klautharca a quitté la discussion.]
[2234.03] Log: RequestingChannelMembers ch[8] [Kataballo a quitté la discussion.]
[2235.76] Log: RequestingChannelMembers ch[8] [grzesieke45b a quitté la discussion.]
[2247.32] Log: ERROR: Attempting to log in without settings.
[2251.19] Log: Closing by request
[2251.19] Log: appRequestExit(0)
[2251.19] Log: TgAIBehaviorTreeManager :: De-allocating 47 behavior trees
[2252.38] Exit: Preparing to exit.
[2252.73] Exit: Game engine shut down
[2252.84] Exit: Windows client shut down
[2252.90] Exit: XAudio2 Device shut down.
[2253.21] Exit: Object subsystem successfully closed.
[2254.72] Log: >>>>>>>>>>>>>>>>>> ResubmitMCTSEvent PLAYER_LOGOFF
[2254.91] Log: >>>>>>>>>>>>>>>>>> ResubmitMCTSEvent PLAYER_LOGOFF
[2254.99] Log: Shutting down FaceFX...
[2254.99] Log: FaceFX shutdown.
[2255.26] Exit: Exiting.
