[0000.43] Log: Async Log file open, 06/20/15 11:15:13
[0000.43] Init: WinSock: version 1.1 (2.2), MaxSocks=32767, MaxUdp=65467
[0000.43] Log:  ... running in INSTALLED mode
[0000.43] DevConfig: GConfig::Find has loaded file:  ..\..\Engine\Config\ConsoleVariables.ini
[0000.43] Init: Version: 10897
[0000.43] Init: Epic Internal: 0
[0000.43] Init: Compiled (32-bit): Jun 17 2015 19:43:54
[0000.43] Init: Changelist: 1532151
[0000.43] Init: Game is version 2.8.2808.0.
[0000.43] Init: Command line: -PGUID=f217e716-f401-4696-a0ce-3be9da5b0821  -host=             -host2              -seekfreeloading   -LANGUAGE=FRA -cnmg=722572225227232483217328732084239423642125217523 -cnmg2=722572235228232483227322732784289426642425286523 -ASYNCTICK=FALSE -HiCommand -HEXX=4BB038F4
[0000.43] Init: Base directory: C:\Program Files (x86)\Hi-Rez Studios\HiRezGames\smite\binaries\Win32\
[0001.22] Init: Computer: PC-ARTHUR
[0001.22] Init: User: Arthur
[0001.22] Init: CPU Page size=4096, Processors=4, Cores=2
[0001.22] Init: High frequency timer resolution =2.240906 MHz
[0001.22] Init: Memory total: Physical=3.8GB (3GB approx) Pagefile=7.7GB Virtual=4.0GB
[0001.67] DevOnline: Initializing MCTS
[0001.67] Init: Presizing for 60000 objects not considered by GC, pre-allocating 0 bytes.
[0001.67] Init: Object subsystem initialized
[0001.67] Log: Overriding lang INT w/ command-line option of FRA
[0005.47] Log: TgAIBehaviorTreeManager :: Loading behavior trees
[0005.48] Log: TgAIBehaviorTreeManager :: Successfully loaded behavior trees
[0005.48] Log: ShadowPatch: Error -pid should be passed on command line.
[0005.69] Log: AsyncTickTasks DISABLED at startup
[0005.81] Log: SystemSettings based on: SystemSettings
[0005.81] Log: SystemSettings based on: SystemSettings
[0005.82] Log: SystemSettings based on: SystemSettings
[0005.82] Log: SystemSettings based on: SystemSettings
[0005.82] Log: SystemSettings based on: SystemSettings
[0007.04] Log: Found D3D11 adapter 0: Intel(R) HD Graphics Family
[0007.04] Log: Adapter has 1020MB of dedicated video memory, 0MB of dedicated system memory, and 1933MB of shared system memory
[0007.30] Log: Shader platform (RHI): PC-D3D-SM3
[0007.51] Log: PhysX GPU Support: DISABLED
[0009.94] Log: Assembly Loaded Version: DBExport: 06/17/2015 19:03:54,  Src=devsql.hirezcorp.com:smite_live_build, LangSrc=devsql.hirezcorp.com:smite_translations,
[0029.12] Log: Skipping adding Package OnlineSubsystemMcts to NetPackages
[0029.88] Log: 116989 objects as part of root set at end of initial load.
[0029.88] Log: 0 out of 0 bytes used by permanent object pool.
[0029.88] Log: Initializing Engine...
[0031.42] ScriptWarning: Script call stack:
	Function Engine.GameViewportClient:Init

	TgGameViewportClient Transient.TgGameEngine_0:TgGameViewportClient_0
	Function Engine.GameViewportClient:Init:0025
[0031.42] ScriptWarning: Assertion failed, line 672
	TgGameViewportClient Transient.TgGameEngine_0:TgGameViewportClient_0
	Function Engine.GameViewportClient:Init:0025
[0031.50] Warning: Warning, Failed to load 'SwfMovie None.Logos': Failed to find object 'SwfMovie None.Logos'
[0031.50] Log: GFx attempted to load missing object [Logos]
[0031.52] Warning: Warning, Failed to load 'Class None.': Failed to find object 'Class None.'
[0031.52] Warning: Warning, Failed to find object 'Class None.'
[0031.52] Warning: Warning, Failed to load 'Class None.': Failed to find object 'Class None.'
[0031.52] Warning: Warning, Failed to find object 'Class None.'
[0031.52] Warning: Warning, Failed to load 'Class None.': Failed to find object 'Class None.'
[0031.52] Warning: Warning, Failed to find object 'Class None.'
[0031.52] Warning: Warning, Failed to load 'Class None.': Failed to find object 'Class None.'
[0031.52] Warning: Warning, Failed to find object 'Class None.'
[0031.54] DevNet: Browse: lobbymap?Name=Player?Team=255?DefaultCharacter=TgGame.TgCharacter
[0031.55] Log: LoadMap: lobbymap?Name=Player?Team=255?DefaultCharacter=TgGame.TgCharacter
[0031.98] Log: Map Game ID = 0
[0031.98] Log: Map Instance ID = 124791745
[0032.01] Log: Performance: Critical section Lock/Unlock 25 nsec
[0032.01] Log: Performance:  appCycles 11 nsec
[0032.12] Log: Performance:  memCopy per KB 541 nsec
[0032.16] Log: Performance:  memZero per KB 192 nsec
[0032.17] Log: Performance:  appInterlockedIncrement 15 nsec
[0032.18] Log: Performance:  GetTickCount 5 nsec
[0032.18] Log: Game class is 'TgGameLaunch'
[0032.20] TgSLO: Async Load: GodSkins_Portraits_and_Icons
[0032.20] Log: Flushing async loaders.
[0033.47] TgSLO: Finish Load: GodSkins_Portraits_and_Icons
[0033.47] Log: Flushed async loaders.
[0033.57] Log: Primary PhysX scene will be in software.
[0033.57] Log: Creating Primary PhysX Scene.
[0034.15] Log: *** WARNING - PATHS MAY NOT BE VALID ***
[0034.15] Log: Bringing World lobbymap.TheWorld up for play (0) at 2015.06.20-11.15.47
[0034.15] Log: Skipping initialization of FSMPartPool!
[0034.80] Log: Bringing up level for play took: 1.309882
[0044.64] Warning: Warning, Failed to load 'Font None.ArialUnicode': Failed to find object 'Font None.ArialUnicode'
[0044.64] Warning: Warning, Failed to load 'Font None.ArialUnicode': Failed to find object 'Font None.ArialUnicode'
[0044.98] Log: GFx attempted to load missing object [UDKFrontEnd.udk_ime]
[0046.38] Log: ########### Finished loading level: 14.830953 seconds
[0046.76] Log: Flushing async loaders.
[0047.34] Log: Flushed async loaders.
[0047.34] Log: Initializing Engine Completed
[0047.34] Log: >>>>>>>>>>>>>> Initial startup: 47.34s <<<<<<<<<<<<<<<
[0047.34] Log: Browser user data directory is C:\ProgramData\Hi-Rez Studios\BrowserCache\Battle
[0047.47] Log: WebFactory created
[0049.03] Log: FKAggregateGeom::InstanceNovodexGeom: () Cannot 3D-Scale rigid-body primitives (sphere, box, sphyl).
[0049.03] Log: URB_BodyInstance::InitBody : Could not create new Shape: 
[0066.47] Log: Login Success: kimicol
[0067.06] Error: Failed to read file '..\..\BattleGame\LandingPanel\c9chest2.jpg' error ()
[0067.06] Error: Failed to read file '..\..\BattleGame\LandingPanel\GodPackTest22.jpg' error ()
[0067.06] Error: Failed to read file '..\..\BattleGame\LandingPanel\MadameNox2.jpg' error ()
[0067.06] Error: Failed to read file '..\..\BattleGame\LandingPanel\FireworksEmote2.jpg' error ()
[0067.06] Error: Failed to read file '..\..\BattleGame\LandingPanel\esportsseasonticket.jpg' error ()
[0067.06] Error: Failed to read file '..\..\BattleGame\LandingPanel\KhaliSkin.jpg' error ()
[0067.06] Error: Failed to read file '..\..\BattleGame\LandingPanel\HeavenlyWarlord.jpg' error ()
[0067.06] Error: Failed to read file '..\..\BattleGame\LandingPanel\FnaticChest.jpg' error ()
[0067.06] Error: Failed to read file '..\..\BattleGame\LandingPanel\DIG.jpg' error ()
[0067.06] Error: Failed to read file '..\..\BattleGame\LandingPanel\Denial.jpg' error ()
[0067.06] Error: Failed to read file '..\..\BattleGame\LandingPanel\Sharky.jpg' error ()
[0067.06] Error: Failed to read file '..\..\BattleGame\LandingPanel\Hunculese.jpg' error ()
[0067.06] Error: Failed to read file '..\..\BattleGame\LandingPanel\Ratatork.jpg' error ()
[0067.06] Error: Failed to read file '..\..\BattleGame\LandingPanel\GodPackTest.jpg' error ()
[0067.06] Error: Failed to read file '..\..\BattleGame\LandingPanel\GodPackTest_thumb.jpg' error ()
[0067.06] Error: Failed to read file '..\..\BattleGame\LandingPanel\Arena.jpg' error ()
[0067.06] Error: Failed to read file '..\..\BattleGame\LandingPanel\Arena_thumb.jpg' error ()
[0067.06] Error: Failed to read file '..\..\BattleGame\LandingPanel\SumSmite22.jpg' error ()
[0067.06] Error: Failed to read file '..\..\BattleGame\LandingPanel\SumSmite22_thumb.jpg' error ()
[0067.06] Error: Failed to read file '..\..\BattleGame\LandingPanel\FriendswithBenefits.jpg' error ()
[0067.06] Error: Failed to read file '..\..\BattleGame\LandingPanel\FriendswithBenefits_thumb.jpg' error ()
[0067.06] Error: Failed to read file '..\..\BattleGame\LandingPanel\curse.jpg' error ()
[0067.06] Error: Failed to read file '..\..\BattleGame\LandingPanel\curse_thumb.jpg' error ()
[0067.06] Error: Failed to read file '..\..\BattleGame\LandingPanel\ReferAFriend22.jpg' error ()
[0067.06] Error: Failed to read file '..\..\BattleGame\LandingPanel\ReferAFriend22_thumb.jpg' error ()
[0067.06] Error: Failed to read file '..\..\BattleGame\LandingPanel\Instagram.jpg' error ()
[0067.06] Error: Failed to read file '..\..\BattleGame\LandingPanel\Instagram_thumb.jpg' error ()
[0067.07] Log: Team/Instance chat routed to Instance Server.
[0067.07] Log: Chat[9]: Appuyez sur ENTRÉE pour accéder à la discussion.
[0067.07] Log: RequestingChannelMembers ch[1] [kimicol a rejoint la discussion.]
[0068.16] Warning: Warning, Failed to load 'Font None.Arial Unicode MS': Failed to find object 'Font None.Arial Unicode MS'
[0087.80] Log: Chat[1]: Statut du clan : Tiny42SH
[0087.80] Log: ---- UpdateClanData
[0103.34] Log: ---- UpdateClanData
[0123.48] Log: Closing by request
[0123.48] Log: appRequestExit(0)
[0123.48] Log: TgAIBehaviorTreeManager :: De-allocating 47 behavior trees
[0123.97] Exit: Preparing to exit.
[0124.31] Exit: Game engine shut down
[0124.42] Exit: Windows client shut down
[0124.43] Exit: XAudio2 Device shut down.
[0124.70] Exit: Object subsystem successfully closed.
[0126.22] Log: >>>>>>>>>>>>>>>>>> ResubmitMCTSEvent PLAYER_LOGOFF
[0126.33] Log: >>>>>>>>>>>>>>>>>> ResubmitMCTSEvent PLAYER_LOGOFF
[0126.39] Log: Shutting down FaceFX...
[0126.39] Log: FaceFX shutdown.
[0126.61] Exit: Exiting.
