[0000.36] Log: Async Log file open, 06/21/15 12:00:26
[0000.36] Init: WinSock: version 1.1 (2.2), MaxSocks=32767, MaxUdp=65467
[0000.36] Log:  ... running in INSTALLED mode
[0000.36] DevConfig: GConfig::Find has loaded file:  ..\..\Engine\Config\ConsoleVariables.ini
[0000.36] Init: Version: 10897
[0000.36] Init: Epic Internal: 0
[0000.36] Init: Compiled (32-bit): Jun 17 2015 19:43:54
[0000.36] Init: Changelist: 1532151
[0000.36] Init: Game is version 2.8.2808.0.
[0000.36] Init: Command line: -PGUID=f217e716-f401-4696-a0ce-3be9da5b0821  -host=             -host2              -seekfreeloading   -LANGUAGE=FRA -cnmg=722272225224232683297320732684209428642925261627 -cnmg2=722472205225232083237329732484269422642425237522 -ASYNCTICK=FALSE -HiCommand -HEXX=CF633760
[0000.36] Init: Base directory: C:\Program Files (x86)\Hi-Rez Studios\HiRezGames\smite\binaries\Win32\
[0000.43] Init: Computer: PC-ARTHUR
[0000.43] Init: User: Arthur
[0000.43] Init: CPU Page size=4096, Processors=4, Cores=2
[0000.43] Init: High frequency timer resolution =2.240907 MHz
[0000.43] Init: Memory total: Physical=3.8GB (3GB approx) Pagefile=7.7GB Virtual=4.0GB
[0000.51] DevOnline: Initializing MCTS
[0000.51] Init: Presizing for 60000 objects not considered by GC, pre-allocating 0 bytes.
[0000.51] Init: Object subsystem initialized
[0000.51] Log: Overriding lang INT w/ command-line option of FRA
[0000.55] Log: TgAIBehaviorTreeManager :: Loading behavior trees
[0000.56] Log: TgAIBehaviorTreeManager :: Successfully loaded behavior trees
[0000.56] Log: ShadowPatch: Error -pid should be passed on command line.
[0000.72] Log: AsyncTickTasks DISABLED at startup
[0000.75] Log: SystemSettings based on: SystemSettings
[0000.75] Log: SystemSettings based on: SystemSettings
[0000.76] Log: SystemSettings based on: SystemSettings
[0000.76] Log: SystemSettings based on: SystemSettings
[0000.76] Log: SystemSettings based on: SystemSettings
[0002.36] Log: Found D3D11 adapter 0: Intel(R) HD Graphics Family
[0002.36] Log: Adapter has 1020MB of dedicated video memory, 0MB of dedicated system memory, and 1933MB of shared system memory
[0002.44] Log: Shader platform (RHI): PC-D3D-SM3
[0002.50] Log: PhysX GPU Support: DISABLED
[0004.22] Log: Assembly Loaded Version: DBExport: 06/17/2015 19:03:54,  Src=devsql.hirezcorp.com:smite_live_build, LangSrc=devsql.hirezcorp.com:smite_translations,
[0018.23] Log: Skipping adding Package OnlineSubsystemMcts to NetPackages
[0019.01] Log: 116989 objects as part of root set at end of initial load.
[0019.01] Log: 0 out of 0 bytes used by permanent object pool.
[0019.01] Log: Initializing Engine...
[0020.84] ScriptWarning: Script call stack:
	Function Engine.GameViewportClient:Init

	TgGameViewportClient Transient.TgGameEngine_0:TgGameViewportClient_0
	Function Engine.GameViewportClient:Init:0025
[0020.84] ScriptWarning: Assertion failed, line 672
	TgGameViewportClient Transient.TgGameEngine_0:TgGameViewportClient_0
	Function Engine.GameViewportClient:Init:0025
[0020.92] Warning: Warning, Failed to load 'SwfMovie None.Logos': Failed to find object 'SwfMovie None.Logos'
[0020.92] Log: GFx attempted to load missing object [Logos]
[0020.92] Warning: Warning, Failed to load 'Class None.': Failed to find object 'Class None.'
[0020.92] Warning: Warning, Failed to find object 'Class None.'
[0020.92] Warning: Warning, Failed to load 'Class None.': Failed to find object 'Class None.'
[0020.92] Warning: Warning, Failed to find object 'Class None.'
[0020.92] Warning: Warning, Failed to load 'Class None.': Failed to find object 'Class None.'
[0020.92] Warning: Warning, Failed to find object 'Class None.'
[0020.93] Warning: Warning, Failed to load 'Class None.': Failed to find object 'Class None.'
[0020.93] Warning: Warning, Failed to find object 'Class None.'
[0020.94] DevNet: Browse: lobbymap?Name=Player?Team=255?DefaultCharacter=TgGame.TgCharacter
[0020.95] Log: LoadMap: lobbymap?Name=Player?Team=255?DefaultCharacter=TgGame.TgCharacter
[0021.35] Log: Map Game ID = 0
[0021.35] Log: Map Instance ID = 124880847
[0021.38] Log: Performance: Critical section Lock/Unlock 24 nsec
[0021.38] Log: Performance:  appCycles 11 nsec
[0021.42] Log: Performance:  memCopy per KB 211 nsec
[0021.45] Log: Performance:  memZero per KB 131 nsec
[0021.46] Log: Performance:  appInterlockedIncrement 14 nsec
[0021.47] Log: Performance:  GetTickCount 4 nsec
[0021.47] Log: Game class is 'TgGameLaunch'
[0021.49] TgSLO: Async Load: GodSkins_Portraits_and_Icons
[0021.49] Log: Flushing async loaders.
[0021.60] TgSLO: Finish Load: GodSkins_Portraits_and_Icons
[0021.60] Log: Flushed async loaders.
[0021.66] Log: Primary PhysX scene will be in software.
[0021.66] Log: Creating Primary PhysX Scene.
[0021.88] Log: *** WARNING - PATHS MAY NOT BE VALID ***
[0021.88] Log: Bringing World lobbymap.TheWorld up for play (0) at 2015.06.21-12.00.47
[0021.88] Log: Skipping initialization of FSMPartPool!
[0022.27] Log: Bringing up level for play took: 0.662950
[0031.82] Warning: Warning, Failed to load 'Font None.ArialUnicode': Failed to find object 'Font None.ArialUnicode'
[0031.82] Warning: Warning, Failed to load 'Font None.ArialUnicode': Failed to find object 'Font None.ArialUnicode'
[0032.27] Log: GFx attempted to load missing object [UDKFrontEnd.udk_ime]
[0033.53] Log: ########### Finished loading level: 12.580139 seconds
[0033.62] Log: Flushing async loaders.
[0033.86] Log: Flushed async loaders.
[0033.86] Log: Initializing Engine Completed
[0033.86] Log: >>>>>>>>>>>>>> Initial startup: 33.86s <<<<<<<<<<<<<<<
[0033.86] Log: Browser user data directory is C:\ProgramData\Hi-Rez Studios\BrowserCache\Battle
[0034.57] Log: WebFactory created
[0036.02] Log: FKAggregateGeom::InstanceNovodexGeom: () Cannot 3D-Scale rigid-body primitives (sphere, box, sphyl).
[0036.02] Log: URB_BodyInstance::InitBody : Could not create new Shape: 
[0050.62] Log: Login Success: kimicol
[0050.70] Error: Failed to read file '..\..\BattleGame\LandingPanel\c9chest2.jpg' error ()
[0050.70] Error: Failed to read file '..\..\BattleGame\LandingPanel\GodPackTest22.jpg' error ()
[0050.70] Error: Failed to read file '..\..\BattleGame\LandingPanel\MadameNox2.jpg' error ()
[0050.70] Error: Failed to read file '..\..\BattleGame\LandingPanel\FireworksEmote2.jpg' error ()
[0050.94] Error: Failed to read file '..\..\BattleGame\LandingPanel\HeavenlyWarlord.jpg' error ()
[0051.35] Error: Failed to read file '..\..\BattleGame\LandingPanel\GodPackTest.jpg' error ()
[0053.15] Log: Team/Instance chat routed to Instance Server.
[0053.15] Log: Chat[9]: Appuyez sur ENTRÉE pour accéder à la discussion.
[0053.15] Log: RequestingChannelMembers ch[1] [kimicol a rejoint la discussion.]
[0053.91] Warning: Warning, Failed to load 'Font None.Arial Unicode MS': Failed to find object 'Font None.Arial Unicode MS'
[0068.00] Log: Chat[1]: Statut du clan : Tiny42SH
[0068.00] Log: ---- UpdateClanData
[0074.24] Log: ---- UpdateClanData
[0089.97] Log: Closing by request
[0089.97] Log: appRequestExit(0)
[0089.97] Log: TgAIBehaviorTreeManager :: De-allocating 47 behavior trees
[0091.12] Exit: Preparing to exit.
[0091.43] Exit: Game engine shut down
[0091.55] Exit: Windows client shut down
[0091.57] Exit: XAudio2 Device shut down.
[0091.82] Exit: Object subsystem successfully closed.
[0093.32] Log: >>>>>>>>>>>>>>>>>> ResubmitMCTSEvent PLAYER_LOGOFF
[0093.44] Log: >>>>>>>>>>>>>>>>>> ResubmitMCTSEvent PLAYER_LOGOFF
[0093.44] Log: Shutting down FaceFX...
[0093.44] Log: FaceFX shutdown.
[0093.66] Exit: Exiting.
