[0000.37] Log: Async Log file open, 08/19/15 21:41:21
[0000.37] Init: WinSock: version 1.1 (2.2), MaxSocks=32767, MaxUdp=65467
[0000.37] Log:  ... running in INSTALLED mode
[0000.37] DevConfig: GConfig::Find has loaded file:  ..\..\Engine\Config\ConsoleVariables.ini
[0000.37] Init: Version: 10897
[0000.37] Init: Epic Internal: 0
[0000.37] Init: Compiled (32-bit): Aug 18 2015 15:11:41
[0000.37] Init: Changelist: 1532151
[0000.37] Init: Game is version 2.12.2920.3.
[0000.37] Init: Command line: -PGUID=f217e716-f401-4696-a0ce-3be9da5b0821  -host=             -host2              -seekfreeloading   -LANGUAGE=FRA -cnmg=722572275222232183287325732684229428642025226525 -cnmg2=722072295220232283277326732984289423642435219522 -user=kimicol -epass                                                                  -HiCommand -HEXX=F6817C40
[0000.37] Init: Base directory: C:\Program Files (x86)\Hi-Rez Studios\HiRezGames\smite\binaries\Win32\
[0000.37] Log: Deleting old log file Launch-backup-2015.08.05-22.05.47.log
[0000.75] Init: Computer: PC-ARTHUR
[0000.75] Init: User: Arthur
[0000.75] Init: CPU Page size=4096, Processors=4, Cores=2
[0000.75] Init: High frequency timer resolution =2.240911 MHz
[0000.75] Init: Memory total: Physical=3.8GB (3GB approx) Pagefile=4.5GB Virtual=4.0GB
[0000.86] DevOnline: Initializing MCTS
[0000.86] Init: Presizing for 60000 objects not considered by GC, pre-allocating 0 bytes.
[0000.86] Init: Object subsystem initialized
[0000.86] Log: Overriding lang INT w/ command-line option of FRA
[0000.91] Log: TgAIBehaviorTreeManager :: Loading behavior trees
[0000.92] Log: TgAIBehaviorTreeManager :: Successfully loaded behavior trees
[0000.92] Log: ShadowPatch: Disabled due to no -pid option
[0000.93] Log: SystemSettings based on: SystemSettings
[0000.94] Log: SystemSettings based on: SystemSettings
[0000.94] Log: SystemSettings based on: SystemSettings
[0000.94] Log: SystemSettings based on: SystemSettings
[0000.94] Log: SystemSettings based on: SystemSettings
[0002.00] Log: Found D3D11 adapter 0: Intel(R) HD Graphics Family
[0002.00] Log: Adapter has 1020MB of dedicated video memory, 0MB of dedicated system memory, and 1933MB of shared system memory
[0002.33] Log: Shader platform (RHI): PC-D3D-SM3
[0002.45] Log: PhysX GPU Support: DISABLED
[0006.59] Log: Assembly Loaded Version: 
[0023.59] Log: Skipping adding Package OnlineSubsystemMcts to NetPackages
[0024.36] Log: 119421 objects as part of root set at end of initial load.
[0024.36] Log: 0 out of 0 bytes used by permanent object pool.
[0024.36] Log: Initializing Engine...
[0026.30] ScriptWarning: Script call stack:
	Function Engine.GameViewportClient:Init

	TgGameViewportClient Transient.TgGameEngine_0:TgGameViewportClient_0
	Function Engine.GameViewportClient:Init:0025
[0026.30] ScriptWarning: Assertion failed, line 672
	TgGameViewportClient Transient.TgGameEngine_0:TgGameViewportClient_0
	Function Engine.GameViewportClient:Init:0025
[0026.31] Warning: Warning, Failed to load 'SwfMovie None.Logos': Failed to find object 'SwfMovie None.Logos'
[0026.31] Log: GFx attempted to load missing object [Logos]
[0026.31] Warning: Warning, Failed to load 'Class None.': Failed to find object 'Class None.'
[0026.31] Warning: Warning, Failed to find object 'Class None.'
[0026.31] Warning: Warning, Failed to load 'Class None.': Failed to find object 'Class None.'
[0026.31] Warning: Warning, Failed to find object 'Class None.'
[0026.31] Warning: Warning, Failed to load 'Class None.': Failed to find object 'Class None.'
[0026.31] Warning: Warning, Failed to find object 'Class None.'
[0026.31] Warning: Warning, Failed to load 'Class None.': Failed to find object 'Class None.'
[0026.31] Warning: Warning, Failed to find object 'Class None.'
[0026.33] DevNet: Browse: lobbymap?Name=Player?Team=255?DefaultCharacter=TgGame.TgCharacter
[0026.34] Log: LoadMap: lobbymap?Name=Player?Team=255?DefaultCharacter=TgGame.TgCharacter
[0026.71] Log: Map Game ID = 0
[0026.71] Log: Map Instance ID = 130013307
[0026.74] Log: Performance: Critical section Lock/Unlock 24 nsec
[0026.74] Log: Performance:  appCycles 12 nsec
[0026.78] Log: Performance:  memCopy per KB 229 nsec
[0026.82] Log: Performance:  memZero per KB 150 nsec
[0026.83] Log: Performance:  appInterlockedIncrement 10 nsec
[0026.83] Log: Performance:  GetTickCount 4 nsec
[0026.83] Log: Game class is 'TgGameLaunch'
[0026.85] TgSLO: Async Load: GodSkins_Portraits_and_Icons
[0026.85] Log: Flushing async loaders.
[0027.15] TgSLO: Finish Load: GodSkins_Portraits_and_Icons
[0027.15] Log: Flushed async loaders.
[0027.19] Log: Primary PhysX scene will be in software.
[0027.19] Log: Creating Primary PhysX Scene.
[0027.19] Log: *** WARNING - PATHS MAY NOT BE VALID ***
[0027.19] Log: Bringing World lobbymap.TheWorld up for play (0) at 2015.08.19-21.41.48
[0027.19] Log: Skipping initialization of FSMPartPool!
[0027.42] Log: Bringing up level for play took: 0.264519
[0032.89] Warning: Warning, Failed to load 'Font None.ArialUnicode': Failed to find object 'Font None.ArialUnicode'
[0032.90] Warning: Warning, Failed to load 'Font None.ArialUnicode': Failed to find object 'Font None.ArialUnicode'
[0033.13] Log: GFx attempted to load missing object [UDKFrontEnd.udk_ime]
[0037.12] Log: ########### Finished loading level: 10.779233 seconds
[0037.22] Log: Initializing Engine Completed
[0037.22] Log: >>>>>>>>>>>>>> Initial startup: 37.22s <<<<<<<<<<<<<<<
[0037.22] Log: Browser user data directory is C:\ProgramData\Hi-Rez Studios\BrowserCache\Battle
[0037.80] Log: WebFactory created
[0043.12] Log: Login Success: kimicol
[0043.45] Error: Failed to read file '..\..\BattleGame\LandingPanel\UltimateGodPack.jpg' error ()
[0043.45] Error: Failed to read file '..\..\BattleGame\LandingPanel\Chang'e.jpg' error ()
[0043.45] Error: Failed to read file '..\..\BattleGame\LandingPanel\Hou Yi Moon's.jpg' error ()
[0043.45] Error: Failed to read file '..\..\BattleGame\LandingPanel\SamuraiOdin.jpg' error ()
[0043.56] Error: Failed to read file '..\..\BattleGame\LandingPanel\DrSylvanusa.jpg' error ()
[0043.86] Error: Failed to read file '..\..\BattleGame\LandingPanel\Khepri.jpg' error ()
[0043.86] Error: Failed to read file '..\..\BattleGame\LandingPanel\Renegade Awilix.jpg' error ()
[0043.86] Error: Failed to read file '..\..\BattleGame\LandingPanel\Gamma Slam Cabrakan.jpg' error ()
[0043.86] Error: Failed to read file '..\..\BattleGame\LandingPanel\GodPackTest234.jpg' error ()
[0043.86] Error: Failed to read file '..\..\BattleGame\LandingPanel\GodPackTest234_thumb.jpg' error ()
[0044.00] Error: Failed to read file '..\..\BattleGame\LandingPanel\Xbox Merge.jpg' error ()
[0044.84] Log: Team/Instance chat routed to Instance Server.
[0044.85] Log: Chat[9]: Appuyez sur ENTRÉE pour accéder à la discussion.
[0044.85] Log: RequestingChannelMembers ch[1] [kimicol a rejoint la discussion.]
[0045.84] Warning: Warning, Failed to load 'Font None.Arial Unicode MS': Failed to find object 'Font None.Arial Unicode MS'
[0069.02] Log: Chat[1]: Statut du clan : Tiny42SH
[0069.02] Log: ---- UpdateClanData
[0202.77] TgSLO: Async Load: GOD_Khepri
[0202.77] TgSLO: Async Load: GOD_Khepri_Lobby
[0202.77] TgSLO: Async Load: FX_Khepri
[0203.31] TgSLO: Finish Load: GOD_Khepri
[0203.93] TgSLO: Finish Load: GOD_Khepri_Lobby
[0204.06] Warning: Warning, Failed to load 'Class None.None': Failed to find object 'Class None.None'
[0204.06] Warning: Warning, Failed to find object 'Class None.None'
[0204.06] Warning: Warning, Failed to load 'Class None.None': Failed to find object 'Class None.None'
[0204.06] Warning: Warning, Failed to find object 'Class None.None'
[0204.06] Warning: Warning, Failed to load 'Class None.None': Failed to find object 'Class None.None'
[0204.06] Warning: Warning, Failed to find object 'Class None.None'
[0204.06] Warning: Warning, Failed to load 'Class None.None': Failed to find object 'Class None.None'
[0204.06] Warning: Warning, Failed to find object 'Class None.None'
[0204.06] Warning: Warning, Failed to load 'Class None.None': Failed to find object 'Class None.None'
[0204.06] Warning: Warning, Failed to find object 'Class None.None'
[0205.39] TgSLO: Finish Load: FX_Khepri
[0209.30] TgSLO: Async Load: GOD_Khepri_Skin1
[0209.48] TgSLO: Finish Load: GOD_Khepri_Skin1
[0391.61] Log: Chat[1]: Korinen vient de se connecter.
[0391.61] Log: ---- UpdateClanData
[0391.82] Log: ---- UpdateClanData
[0391.82] Log: Chat[9]: Korinen vient de se connecter.
[0391.82] Log: Chat[6]: Korinen vient de se connecter.
[0391.82] Log: RequestingChannelMembers ch[1] [Korinen a rejoint la discussion.]
[0406.51] Log: ---- UpdateClanData
[0408.78] Log: RequestingChannelMembers ch[4] [kimicol a rejoint la discussion.]
[0410.70] Log: RequestingChannelMembers ch[4] [Korinen a rejoint la discussion.]
[0410.84] Log: Chat[4]: Korinen a rejoint le groupe.
[0431.56] Log: Chat[4]: Korinen a quitté le groupe.
[0431.56] Log: RequestingChannelMembers ch[4] [Korinen a quitté la discussion.]
[0451.91] Log: Chat[1]: Namarand vient de se connecter.
[0451.91] Log: ---- UpdateClanData
[0452.10] Log: ---- UpdateClanData
[0452.10] Log: Chat[9]: Namarand vient de se connecter.
[0452.10] Log: Chat[6]: Namarand vient de se connecter.
[0452.11] Log: RequestingChannelMembers ch[1] [Namarand a rejoint la discussion.]
[0453.75] Log: ---- UpdateClanData
[0457.43] Log: RequestingChannelMembers ch[4] [kimicol a rejoint la discussion.]
[0461.69] Log: ---- UpdateClanData
[0492.68] Log: RequestingChannelMembers ch[4] [kimicol a rejoint la discussion.]
[0500.28] Log: Chat[9]: Vous avez décliné l'invitation de Namarand à rejoindre son groupe.
[0502.11] Log: RequestingChannelMembers ch[4] [kimicol a rejoint la discussion.]
[0507.45] Log: RequestingChannelMembers ch[4] [kimicol a rejoint la discussion.]
[0589.14] Log: ---- UpdateClanData
[0642.96] TgSLO: Async Load: GOD_Kumbhakarna
[0643.05] TgSLO: Async Load: GOD_Kumbhakarna_Lobby
[0643.12] TgSLO: Async Load: FX_Kumbhakarna
[0644.87] TgSLO: Finish Load: GOD_Kumbhakarna
[0645.95] TgSLO: Finish Load: GOD_Kumbhakarna_Lobby
[0646.65] TgSLO: Finish Load: FX_Kumbhakarna
[0662.93] Log: ---- UpdateClanData
[0728.47] Log: ---- UpdateClanData
[0740.15] TgSLO: Async Load: GOD_Kumbhakarna_Skin3
[0740.21] TgSLO: Async Load: FX_Kumbhakarna_Skin3
[0740.23] TgSLO: Async Load: GOD_Kumbhakarna_Skin3_Lobby
[0740.23] TgSLO: Async Load: AUD_God_Kumbhakarna
[0740.23] TgSLO: Async Load: FX_Kumbhakarna_Targeting_Skin3
[0740.23] TgSLO: Async Load: FX_Kumbhakarna_Targeting_Skin2
[0740.23] TgSLO: Async Load: AnimNotify11521
[0740.38] TgSLO: Finish Load: GOD_Kumbhakarna_Skin3
[0741.14] TgSLO: Finish Load: FX_Kumbhakarna_Skin3
[0741.22] TgSLO: Finish Load: GOD_Kumbhakarna_Skin3_Lobby
[0742.14] TgSLO: Finish Load: AUD_God_Kumbhakarna
[0742.24] TgSLO: Finish Load: FX_Kumbhakarna_Targeting_Skin3
[0742.39] TgSLO: Finish Load: FX_Kumbhakarna_Targeting_Skin2
[0742.51] TgSLO: Finish Load: AnimNotify11521
[0747.31] TgSLO: Async Load: GOD_Kumbhakarna_Skin2
[0747.31] TgSLO: Async Load: FX_Kumbhakarna_Skin2
[0747.31] TgSLO: Async Load: AnimNotify10637
[0747.57] TgSLO: Finish Load: GOD_Kumbhakarna_Skin2
[0748.17] TgSLO: Finish Load: FX_Kumbhakarna_Skin2
[0748.22] TgSLO: Finish Load: AnimNotify10637
[0752.70] TgSLO: Async Load: GOD_Kumbhakarna_Skin1
[0752.73] TgSLO: Finish Load: GOD_Kumbhakarna_Skin1
[0758.22] TgSLO: Async Load: GOD_Apollo
[0758.26] TgSLO: Async Load: GOD_Apollo_Lobby
[0758.32] TgSLO: Async Load: FX_Apollo
[0759.52] TgSLO: Finish Load: GOD_Apollo
[0759.92] TgSLO: Finish Load: GOD_Apollo_Lobby
[0760.36] TgSLO: Finish Load: FX_Apollo
[0760.54] Log: Chat[9]: Korinen vient de se déconnecter.
[0760.54] Log: Chat[6]: Korinen vient de se déconnecter.
[0760.55] Log: Chat[1]: Korinen vient de se déconnecter.
[0760.56] Log: ---- UpdateClanData
[0763.44] TgSLO: Async Load: GOD_Apollo_Skins
[0763.47] TgSLO: Finish Load: GOD_Apollo_Skins
[0764.98] TgSLO: Async Load: GOD_Apollo_V2_Skin3
[0765.02] TgSLO: Async Load: GOD_Apollo_V2_Skin3_Lobby
[0765.10] TgSLO: Async Load: FX_Apollo_Skin3
[0765.10] TgSLO: Async Load: AnimNotify10233
[0766.61] TgSLO: Finish Load: GOD_Apollo_V2_Skin3
[0767.02] TgSLO: Finish Load: GOD_Apollo_V2_Skin3_Lobby
[0767.43] TgSLO: Finish Load: FX_Apollo_Skin3
[0767.48] TgSLO: Finish Load: AnimNotify10233
[0769.48] Warning: Failed to find notify ScaleInHandDownFast on TgSkeletalMeshActor_Lobby_12 (No_SkeletalMesh)
[0773.93] TgSLO: Async Load: GOD_Apollo
[0773.93] TgSLO: Async Load: GOD_Apollo_Lobby
[0773.93] TgSLO: Async Load: FX_Apollo
[0773.93] TgSLO: Async Load: GOD_Apollo_Skin2
[0773.93] TgSLO: Async Load: FX_Apollo_Skin2
[0773.93] TgSLO: Async Load: AUD_God_Apollo
[0773.93] TgSLO: Async Load: FX_Apollo_Targeting_SKN2
[0773.93] TgSLO: Async Load: AnimNotify10055
[0774.78] TgSLO: Finish Load: GOD_Apollo
[0775.02] TgSLO: Finish Load: GOD_Apollo_Lobby
[0775.45] TgSLO: Finish Load: FX_Apollo
[0775.70] TgSLO: Finish Load: GOD_Apollo_Skin2
[0775.87] TgSLO: Finish Load: FX_Apollo_Skin2
[0776.49] TgSLO: Finish Load: AUD_God_Apollo
[0776.54] TgSLO: Finish Load: FX_Apollo_Targeting_SKN2
[0776.55] TgSLO: Finish Load: AnimNotify10055
[0786.71] Warning: Failed to find notify ScaleInHandDownFast on TgSkeletalMeshActor_Lobby_12 (No_SkeletalMesh)
[0815.82] Log: Chat[1]: Korinen vient de se connecter.
[0815.82] Log: ---- UpdateClanData
[0815.84] Log: ---- UpdateClanData
[0816.10] Log: Chat[9]: Korinen vient de se connecter.
[0816.11] Log: Chat[6]: Korinen vient de se connecter.
[0816.11] Log: RequestingChannelMembers ch[1] [Korinen a rejoint la discussion.]
[0820.51] Log: ---- UpdateClanData
[0821.14] Warning: Failed to find notify ScaleInHandDownFast on TgSkeletalMeshActor_Lobby_12 (No_SkeletalMesh)
[0828.02] Log: Chat[4]: Korinen a rejoint le groupe.
[0828.94] Log: RequestingChannelMembers ch[4] [Korinen a rejoint la discussion.]
[0840.11] Log: Chat[9]: Vous avez rejoint une file d'attente.
[0840.11] Log: Chat[4]: Namarand a rejoint la file d'attente du groupe.
[0850.18] Warning: Failed to find notify ScaleInHandDownFast on TgSkeletalMeshActor_Lobby_12 (No_SkeletalMesh)
[0895.22] Log: RequestingChannelMembers ch[3] [kimicol a rejoint la discussion.]
[0895.49] Log: RequestingChannelMembers ch[3] [Namarand a rejoint la discussion.]
[0896.43] Warning: Failed to find notify ScaleInHandDownFast on TgSkeletalMeshActor_Lobby_12 (No_SkeletalMesh)
[0905.44] TgSLO: Async Load: GOD_Odin_V2
[0905.69] TgSLO: Async Load: GOD_Odin_V2_Lobby
[0905.69] TgSLO: Async Load: FX_Odin_V2
[0906.53] TgSLO: Finish Load: GOD_Odin_V2
[0906.71] TgSLO: Finish Load: GOD_Odin_V2_Lobby
[0907.41] TgSLO: Finish Load: FX_Odin_V2
[0957.44] TgSLO: Async Load: GOD_Loki_V2
[0957.53] TgSLO: Async Load: GOD_Loki_V2_Lobby
[0957.53] TgSLO: Async Load: FX_Loki_V2
[0958.93] TgSLO: Finish Load: GOD_Loki_V2
[0960.24] TgSLO: Finish Load: GOD_Loki_V2_Lobby
[0960.75] TgSLO: Finish Load: FX_Loki_V2
[0960.82] TgSLO: Async Load: GOD_Freya_V2_Skin3
[0960.82] TgSLO: Async Load: GOD_Freya_V2_Skin3_Lobby
[0960.82] TgSLO: Async Load: FX_Freya_Skin3
[0962.66] TgSLO: Finish Load: GOD_Freya_V2_Skin3
[0963.43] TgSLO: Finish Load: GOD_Freya_V2_Skin3_Lobby
[0964.07] TgSLO: Finish Load: FX_Freya_Skin3
[0971.47] DevNet: URL: Adding default option Team=255
[0971.47] Log: ReceiveChangeMap: mapGameId 1503
[0971.89] DevNet: URL: Adding default option Team=255
[0971.89] DevNet: Browse: 72.251.242.20:9126/lobbymap?GameState=OGS_NoSession?GameMode=0?name=Player?map_instance_id=177658357?Team=255
[0971.89] DevNet: Game client on port 9126, rate 25000
[0972.24] DevNet: Welcomed by server (Level: joust_v2_p, Game: TgGame.TgGame_Battle_Joust)
[0972.49] Log: LoadMap: 72.251.242.20:9126/joust_v2_p?GameState=OGS_NoSession?GameMode=0?name=Player?map_instance_id=177658357?Team=255?game=TgGame.TgGame_Battle_Joust
[0972.97] Log: Map Game ID = 0
[0972.97] Log: Map Instance ID = 130013307
[0973.00] Log: Performance: Critical section Lock/Unlock 25 nsec
[0973.00] Log: Performance:  appCycles 16 nsec
[0973.06] Log: Performance:  memCopy per KB 308 nsec
[0973.11] Log: Performance:  memZero per KB 205 nsec
[0973.12] Log: Performance:  appInterlockedIncrement 11 nsec
[0973.12] Log: Performance:  GetTickCount 4 nsec
[0993.49] TgSLO: Async Load: FX_Store_Items
[0993.49] TgSLO: Async Load: FX_Store_Items_Targeting
[0993.49] TgSLO: Async Load: FX_Status_Effects
[0993.49] TgSLO: Async Load: GOD_CommonMaterialEffects
[0993.49] TgSLO: Async Load: GOD_Common_AT
[0993.49] TgSLO: Async Load: AUD_VOX_Narrator
[0993.49] TgSLO: Async Load: NPC_Ward2
[0993.49] TgSLO: Async Load: FX_Buff_Belts_V2
[0993.49] TgSLO: Async Load: FX_Fist_Of_God_V2
[0993.49] TgSLO: Async Load: GOD_Loki_V2
[0993.49] TgSLO: Async Load: GOD_Loki_V2_Textures
[0993.49] TgSLO: Async Load: FX_Loki_V2
[0993.49] TgSLO: Async Load: AUD_God_Loki_V2
[0993.49] TgSLO: Async Load: GOD_Freya_V2_Skin3
[0993.49] TgSLO: Async Load: FX_Freya_Skin3
[0993.49] TgSLO: Async Load: AUD_God_Freya
[0993.49] TgSLO: Async Load: NPC_Ward_Chinese
[0993.49] TgSLO: Async Load: NPC_Ward_BobbleHead_Base
[0993.49] TgSLO: Async Load: NPC_Ward_Eyeballs
[0993.50] TgSLO: Async Load: FX_Common
[0993.50] TgSLO: Async Load: AUD_UI
[0993.50] TgSLO: Async Load: GOD_Odin_V2
[0993.50] TgSLO: Async Load: GOD_Odin_V2_Textures
[0993.50] TgSLO: Async Load: FX_Odin_V2
[0993.50] TgSLO: Async Load: AUD_God_Odin
[0993.50] TgSLO: Async Load: FX_Odin_Targeting
[0993.50] TgSLO: Async Load: GOD_Cabrakan
[0993.50] TgSLO: Async Load: GOD_Cabrakan_Textures
[0993.50] TgSLO: Async Load: FX_Cabrakan
[0993.51] TgSLO: Async Load: AUD_God_Cabrakan
[0993.52] TgSLO: Async Load: GOD_Serqet
[0993.52] TgSLO: Async Load: GOD_Serqet_Textures
[0993.52] TgSLO: Async Load: FX_Serqet
[0993.53] TgSLO: Async Load: AUD_God_Serqet
[0993.53] TgSLO: Async Load: GOD_Serqet_Skin3
[0993.53] TgSLO: Async Load: FX_Serqet_Skin3
[0993.53] TgSLO: Async Load: FX_Serqet_Targeting_Skin3
[0993.54] TgSLO: Async Load: AnimNotify11365
[0993.56] TgSLO: Async Load: GOD_Scylla
[0993.56] TgSLO: Async Load: GOD_Scylla_Textures
[0993.56] TgSLO: Async Load: FX_Scylla
[0993.56] TgSLO: Async Load: AUD_God_Scylla
[0993.56] TgSLO: Async Load: Joust_Tower
[0993.56] TgSLO: Async Load: FX_Tower
[0993.56] TgSLO: Async Load: FX_Greek_Tower
[0993.56] TgSLO: Async Load: AUD_Tower
[0993.56] TgSLO: Async Load: NPC_Phoenix
[0993.56] TgSLO: Async Load: NPC_Phoenix_Textures
[0993.56] TgSLO: Async Load: FX_Phoenix
[0993.57] TgSLO: Async Load: AUD_NPC_Phoenix
[0993.57] TgSLO: Async Load: MDL_PseudoMesh
[0993.57] TgSLO: Async Load: NPC_Joust_Minion
[0993.57] TgSLO: Async Load: NPC_Joust_Minion_Textures
[0993.57] TgSLO: Async Load: NPC_Minion_Universal
[0993.57] TgSLO: Async Load: FX_Roman
[0993.60] TgSLO: Async Load: FX_Minion_Death
[0993.60] TgSLO: Async Load: AUD_NPC_RomanArcher
[0993.60] TgSLO: Async Load: AUD_NPC_Olympus
[0993.60] TgSLO: Async Load: NPC_Guardian_Female
[0993.60] TgSLO: Async Load: NPC_Guardian_Female_AT
[0993.60] TgSLO: Async Load: FX_Guardian_Female
[0993.60] TgSLO: Async Load: AUD_NPC_Guardian_Female
[0993.60] TgSLO: Async Load: NPC_Guardian_Male
[0993.60] TgSLO: Async Load: NPC_Guardian_Male_AT
[0993.60] TgSLO: Async Load: FX_Guardian_Male
[0993.60] TgSLO: Async Load: AUD_NPC_Guardian_Male
[0993.60] TgSLO: Async Load: NPC_Cyclops_V2
[0993.60] TgSLO: Async Load: FX_NPC_Cyclops_V2
[0993.60] TgSLO: Async Load: AUD_NPC_Cyclops
[0993.60] Log: Flushing async loaders.
[0993.66] TgSLO: Finish Load: FX_Store_Items
[0993.88] TgSLO: Finish Load: FX_Store_Items_Targeting
[0993.91] TgSLO: Finish Load: FX_Status_Effects
[0993.95] TgSLO: Finish Load: GOD_CommonMaterialEffects
[0993.97] TgSLO: Finish Load: GOD_Common_AT
[0994.16] TgSLO: Finish Load: AUD_VOX_Narrator
[0994.18] TgSLO: Finish Load: NPC_Ward2
[0994.27] TgSLO: Finish Load: FX_Buff_Belts_V2
[0994.30] TgSLO: Finish Load: FX_Fist_Of_God_V2
[0994.42] TgSLO: Finish Load: GOD_Loki_V2
[0994.43] TgSLO: Finish Load: GOD_Loki_V2_Textures
[0994.45] TgSLO: Finish Load: FX_Loki_V2
[0994.50] TgSLO: Finish Load: AUD_God_Loki_V2
[0994.68] TgSLO: Finish Load: GOD_Freya_V2_Skin3
[0994.70] TgSLO: Finish Load: FX_Freya_Skin3
[0994.79] TgSLO: Finish Load: AUD_God_Freya
[0994.98] TgSLO: Finish Load: NPC_Ward_Chinese
[0994.99] TgSLO: Finish Load: NPC_Ward_BobbleHead_Base
[0995.06] TgSLO: Finish Load: NPC_Ward_Eyeballs
[0995.25] TgSLO: Finish Load: FX_Common
[0995.37] TgSLO: Finish Load: AUD_UI
[0995.39] TgSLO: Finish Load: GOD_Odin_V2
[0995.39] TgSLO: Finish Load: GOD_Odin_V2_Textures
[0995.43] TgSLO: Finish Load: FX_Odin_V2
[0995.59] TgSLO: Finish Load: AUD_God_Odin
[0995.60] TgSLO: Finish Load: FX_Odin_Targeting
[0995.72] TgSLO: Finish Load: GOD_Cabrakan
[0995.72] TgSLO: Finish Load: GOD_Cabrakan_Textures
[0995.81] TgSLO: Finish Load: FX_Cabrakan
[0996.03] TgSLO: Finish Load: AUD_God_Cabrakan
[0996.72] TgSLO: Finish Load: GOD_Serqet
[0996.72] TgSLO: Finish Load: GOD_Serqet_Textures
[0996.81] TgSLO: Finish Load: FX_Serqet
[0996.86] TgSLO: Finish Load: AUD_God_Serqet
[0996.94] TgSLO: Finish Load: GOD_Serqet_Skin3
[0997.02] TgSLO: Finish Load: FX_Serqet_Skin3
[0997.07] TgSLO: Finish Load: FX_Serqet_Targeting_Skin3
[0997.17] TgSLO: Finish Load: AnimNotify11365
[0998.76] TgSLO: Finish Load: GOD_Scylla
[0998.76] TgSLO: Finish Load: GOD_Scylla_Textures
[0999.02] TgSLO: Finish Load: FX_Scylla
[0999.12] TgSLO: Finish Load: AUD_God_Scylla
[0999.49] TgSLO: Finish Load: Joust_Tower
[0999.52] TgSLO: Finish Load: FX_Tower
[0999.57] TgSLO: Finish Load: FX_Greek_Tower
[0999.68] TgSLO: Finish Load: AUD_Tower
[0999.84] TgSLO: Finish Load: NPC_Phoenix
[0999.87] TgSLO: Finish Load: NPC_Phoenix_Textures
[0999.89] TgSLO: Finish Load: FX_Phoenix
[0999.95] TgSLO: Finish Load: AUD_NPC_Phoenix
[1000.04] TgSLO: Finish Load: MDL_PseudoMesh
[1000.10] TgSLO: Finish Load: NPC_Joust_Minion
[1000.10] TgSLO: Finish Load: NPC_Joust_Minion_Textures
[1000.31] TgSLO: Finish Load: NPC_Minion_Universal
[1000.34] TgSLO: Finish Load: FX_Roman
[1000.35] TgSLO: Finish Load: FX_Minion_Death
[1000.39] TgSLO: Finish Load: AUD_NPC_RomanArcher
[1000.40] TgSLO: Finish Load: AUD_NPC_Olympus
[1000.74] TgSLO: Finish Load: NPC_Guardian_Female
[1000.76] TgSLO: Finish Load: NPC_Guardian_Female_AT
[1000.76] TgSLO: Finish Load: FX_Guardian_Female
[1000.77] TgSLO: Finish Load: AUD_NPC_Guardian_Female
[1001.24] TgSLO: Finish Load: NPC_Guardian_Male
[1001.27] TgSLO: Finish Load: NPC_Guardian_Male_AT
[1001.31] TgSLO: Finish Load: FX_Guardian_Male
[1001.33] TgSLO: Finish Load: AUD_NPC_Guardian_Male
[1001.63] TgSLO: Finish Load: NPC_Cyclops_V2
[1001.63] TgSLO: Finish Load: FX_NPC_Cyclops_V2
[1001.72] TgSLO: Finish Load: AUD_NPC_Cyclops
[1001.72] Log: Flushed async loaders.
[1001.74] Log: Primary PhysX scene will be in software.
[1001.74] Log: Creating Primary PhysX Scene.
[1001.77] Log: Bringing World joust_v2_p.TheWorld up for play (595) at 2015.08.19-21.58.02
[1001.77] Log: Skipping initialization of FSMPartPool!
[1001.77] Log: Bringing up level for play took: 0.049990
[1001.77] Warning: Warning, Failed to load 'Class None.': Failed to find object 'Class None.'
[1001.77] Warning: Warning, Failed to find object 'Class None.'
[1001.77] Log: PlayerController class for the pending level is PlayerController
[1001.77] Log: ########### Finished loading level: 29.281123 seconds
[1001.78] Log: Flushing async loaders.
[1003.54] Log: Flushed async loaders.
[1003.68] Log: ---- UpdateClanData
[1003.68] Log: ---- UpdateClanData
[1003.68] DevNet: TgPlayerController_1 setplayer TgLocalPlayer_0
[1003.90] Log: AttachToOwner - Socket (FX_ORIGIN_Origin) not found in owner mesh or its parent! (2702 to NONE)
[1003.90] Log: AttachToOwner - Socket (FX_ORIGIN_Origin) not found in owner mesh or its parent! (2702 to NONE)
[1003.90] Log: AttachToOwner - Socket (FX_ORIGIN_Origin) not found in owner mesh or its parent! (2702 to NONE)
[1003.91] Log: AttachToOwner - Socket (FX_ORIGIN_Origin) not found in owner mesh or its parent! (2702 to NONE)
[1003.91] Warning: Warning, Failed to load 'SkeletalMesh None.None': Failed to find object 'SkeletalMesh None.None'
[1004.16] Log: ---- UpdateClanData
[1004.21] Log: Inventory Error Recovery: Resubmitting an inventory item that could not find its device
[1004.21] Log: AttachToOwner - Socket (FX_ORIGIN_Origin) not found in owner mesh or its parent! (2702 to NONE)
[1004.22] Log: AttachToOwner - Socket (FX_ORIGIN_Origin) not found in owner mesh or its parent! (2702 to NONE)
[1004.22] Log: TeamIndex 2 has new leader: 6550862
[1004.22] Log: TeamIndex 1 has new leader: 1994489
[1004.23] Log: ActivateLevel joust_v2_crowd 1 1 0
[1004.23] Log: ActivateLevel joust_sound 1 1 0
[1004.23] Log: ActivateLevel joust_v2_p_assist 1 1 0
[1004.27] Log: Inventory Error Recovery: Resubmitting an inventory item that could not find its device
[1005.88] Warning: Warning, Failed to load 'Texture None.blah': Failed to find object 'Texture None.blah'
[1006.83] Log: Inventory Error Recovery: Resubmitting an inventory item that could not find its device
[1006.85] Log: Flushing async loaders.
[1006.88] Log: Flushed async loaders.
[1007.14] Log: Activated joust_v2_p_assist 1 1 0
[1011.70] Warning: Warning, Failed to load 'Class None.None': Failed to find object 'Class None.None'
[1011.70] Warning: Warning, Failed to find object 'Class None.None'
[1014.01] Log: Requesting purchase of itemId (10033) amount (1)
[1015.49] Log: Requesting purchase of itemId (10201) amount (1)
[1015.60] Warning: Warning, Failed to load 'Class None.None': Failed to find object 'Class None.None'
[1015.60] Warning: Warning, Failed to find object 'Class None.None'
[1018.04] Log: Requesting purchase of itemId (9013) amount (1)
[1019.72] Log: Requesting purchase of itemId (8134) amount (1)
[1019.88] Log: Requesting purchase of itemId (8134) amount (1)
[1020.02] Log: Requesting purchase of itemId (8134) amount (1)
[1021.47] Log: Requesting purchase of itemId (8135) amount (1)
[1090.70] Log: AttachToOwner - Socket (WSO_FX_01) not found in owner mesh or its parent! (6028 to TgProj_Simulated_1)
[1091.13] Log: AttachToOwner - Socket (WSO_FX_01) not found in owner mesh or its parent! (6028 to TgProj_Simulated_3)
[1139.94] Log: AttachToOwner - Socket (WSO_FX_01) not found in owner mesh or its parent! (6028 to TgProj_Simulated_24)
[1140.34] Log: AttachToOwner - Socket (WSO_FX_01) not found in owner mesh or its parent! (6028 to TgProj_Simulated_25)
[1162.79] Log: AttachToOwner - Socket (WSO_FX_01) not found in owner mesh or its parent! (6028 to TgProj_Simulated_41)
[1163.23] Log: AttachToOwner - Socket (WSO_FX_01) not found in owner mesh or its parent! (6028 to TgProj_Simulated_42)
[1199.83] Log: AttachToOwner - Socket (WSO_FX_01) not found in owner mesh or its parent! (6028 to TgProj_Simulated_63)
[1200.28] Log: AttachToOwner - Socket (WSO_FX_01) not found in owner mesh or its parent! (6028 to TgProj_Simulated_64)
[1224.61] Log: Requesting purchase of itemId (10038) amount (1)
[1227.45] Log: Requesting purchase of itemId (9014) amount (1)
[1229.11] Log: Requesting purchase of itemId (8134) amount (1)
[1260.41] Log: AttachToOwner - Socket (WSO_FX_01) not found in owner mesh or its parent! (6028 to TgProj_Simulated_82)
[1260.82] Log: AttachToOwner - Socket (WSO_FX_01) not found in owner mesh or its parent! (6028 to TgProj_Simulated_83)
[1373.41] Log: AttachToOwner - Socket (WSO_FX_01) not found in owner mesh or its parent! (6028 to TgProj_Simulated_135)
[1373.85] Log: AttachToOwner - Socket (WSO_FX_01) not found in owner mesh or its parent! (6028 to TgProj_Simulated_136)
[1381.50] Log: PUSHING Accolade: TártanTerror verse le Premier sang !, local: false
[1385.48] Log: Requesting purchase of itemId (9496) amount (1)
[1386.17] Log: PUSHING Accolade: TártanTerror a fait un doublé !, local: false
[1386.17] Log: Suppressing Accolade: 
[1391.00] Log: Requesting purchase of itemId (8134) amount (1)
[1391.24] Log: Requesting purchase of itemId (8134) amount (1)
[1393.79] Log: Requesting purchase of itemId (8135) amount (1)
[1409.68] Log: PUSHING Accolade: , local: false
[1450.81] Log: AttachToOwner - Socket (WSO_FX_01) not found in owner mesh or its parent! (6028 to TgProj_Simulated_152)
[1451.30] Log: AttachToOwner - Socket (WSO_FX_01) not found in owner mesh or its parent! (6028 to TgProj_Simulated_153)
[1479.67] Log: ---- UpdateClanData
[1479.70] Log: ---- UpdateClanData
[1480.33] Log: Chat[6]: Yadavac vient de se connecter.
[1480.33] Log: RequestingChannelMembers ch[1] [Yadavac a rejoint la discussion.]
[1492.55] Log: AttachToOwner - Socket (WSO_FX_01) not found in owner mesh or its parent! (6028 to TgProj_Simulated_168)
[1493.01] Log: AttachToOwner - Socket (WSO_FX_01) not found in owner mesh or its parent! (6028 to TgProj_Simulated_169)
[1499.89] Log: PUSHING Accolade: , local: false
[1501.40] Log: PUSHING Accolade: ASSISTÉ, local: true
[1508.28] Log: PUSHING Accolade: TártanTerror a tué un joueur !, local: false
[1509.78] Log: PUSHING Accolade: , local: false
[1511.29] Log: PUSHING Accolade: ASSISTÉ, local: true
[1511.36] Log: Requesting purchase of itemId (9497) amount (1)
[1514.64] Log: Requesting purchase of itemId (9153) amount (1)
[1516.12] Log: Requesting purchase of itemId (8134) amount (1)
[1516.29] Log: Requesting purchase of itemId (8134) amount (1)
[1584.00] Log: AttachToOwner - Socket (WSO_FX_01) not found in owner mesh or its parent! (6028 to TgProj_Simulated_199)
[1584.43] Log: AttachToOwner - Socket (WSO_FX_01) not found in owner mesh or its parent! (6028 to TgProj_Simulated_200)
[1600.80] Log: PUSHING Accolade: Sidry a tué un joueur !, local: false
[1606.57] Log: AttachToOwner - Socket (WSO_FX_01) not found in owner mesh or its parent! (6028 to TgProj_Simulated_201)
[1607.03] Log: AttachToOwner - Socket (WSO_FX_01) not found in owner mesh or its parent! (6028 to TgProj_Simulated_202)
[1609.50] Log: Requesting purchase of itemId (8809) amount (1)
[1611.31] Log: Requesting purchase of itemId (8134) amount (1)
[1655.84] Log: PUSHING Accolade: , local: false
[1657.38] Log: AttachToOwner - Socket (WSO_FX_01) not found in owner mesh or its parent! (6028 to TgProj_Simulated_221)
[1657.83] Log: AttachToOwner - Socket (WSO_FX_01) not found in owner mesh or its parent! (6028 to TgProj_Simulated_222)
[1676.09] Log: Requesting purchase of itemId (8134) amount (1)
[1711.11] Log: AttachToOwner - Socket (WSO_FX_01) not found in owner mesh or its parent! (6028 to TgProj_Simulated_241)
[1711.56] Log: AttachToOwner - Socket (WSO_FX_01) not found in owner mesh or its parent! (6028 to TgProj_Simulated_242)
[1726.34] Log: PUSHING Accolade: Sidry fait une tuerie ! (x3), local: false
[1728.52] Log: PUSHING Accolade: Sidry a fait un doublé !, local: false
[1728.52] Log: Suppressing Accolade: Sidry a tué un joueur !
[1729.98] Log: AttachToOwner - Socket (WSO_FX_01) not found in owner mesh or its parent! (6028 to TgProj_Simulated_251)
[1730.03] Log: PUSHING Accolade: Korinen fait une tuerie ! (x3), local: false
[1730.41] Log: AttachToOwner - Socket (WSO_FX_01) not found in owner mesh or its parent! (6028 to TgProj_Simulated_252)
[1731.54] Log: PUSHING Accolade: ASSISTÉ, local: true
[1801.66] Log: AttachToOwner - Socket (WSO_FX_01) not found in owner mesh or its parent! (6028 to TgProj_Simulated_258)
[1802.10] Log: AttachToOwner - Socket (WSO_FX_01) not found in owner mesh or its parent! (6028 to TgProj_Simulated_259)
[1814.08] Log: ---- UpdateClanData
[1814.10] Log: ---- UpdateClanData
[1814.10] Log: Chat[6]: Fullife vient de se connecter.
[1814.10] Log: RequestingChannelMembers ch[1] [Fullife a rejoint la discussion.]
[1824.20] Log: AttachToOwner - Socket (WSO_FX_01) not found in owner mesh or its parent! (6028 to TgProj_Simulated_265)
[1824.71] Log: AttachToOwner - Socket (WSO_FX_01) not found in owner mesh or its parent! (6028 to TgProj_Simulated_267)
[1841.71] Log: Requesting purchase of itemId (8664) amount (1)
[1843.27] Log: Requesting purchase of itemId (8134) amount (1)
[1843.43] Log: Requesting purchase of itemId (8134) amount (1)
[1843.60] Log: Requesting purchase of itemId (8134) amount (1)
[1845.61] Log: Requesting purchase of itemId (8135) amount (1)
[1867.39] Log: AttachToOwner - Socket (WSO_FX_01) not found in owner mesh or its parent! (6028 to TgProj_Simulated_275)
[1867.86] Log: AttachToOwner - Socket (WSO_FX_01) not found in owner mesh or its parent! (6028 to TgProj_Simulated_276)
[1874.40] Log: PUSHING Accolade: , local: false
[1878.67] Log: PUSHING Accolade: Sidry a fait un doublé !, local: false
[1878.69] Log: Suppressing Accolade: Sidry a tué un joueur !
[1889.15] Log: Requesting purchase of itemId (10204) amount (1)
[1893.50] Log: PUSHING Accolade: , local: false
[1905.17] Log: PUSHING Accolade: , local: false
[1926.54] Log: AttachToOwner - Socket (WSO_FX_01) not found in owner mesh or its parent! (6028 to TgProj_Simulated_280)
[1926.94] Log: AttachToOwner - Socket (WSO_FX_01) not found in owner mesh or its parent! (6028 to TgProj_Simulated_281)
[1940.68] Log: ---- UpdateClanData
[1947.64] Log: AttachToOwner - Socket (WSO_FX_01) not found in owner mesh or its parent! (6028 to TgProj_Simulated_289)
[1948.04] Log: AttachToOwner - Socket (WSO_FX_01) not found in owner mesh or its parent! (6028 to TgProj_Simulated_291)
[1965.60] Log: AttachToOwner - Socket (WSO_FX_01) not found in owner mesh or its parent! (6028 to TgProj_Simulated_292)
[1965.98] Log: AttachToOwner - Socket (WSO_FX_01) not found in owner mesh or its parent! (6028 to TgProj_Simulated_293)
[1989.24] Log: AttachToOwner - Socket (WSO_FX_01) not found in owner mesh or its parent! (6028 to TgProj_Simulated_303)
[1989.65] Log: AttachToOwner - Socket (WSO_FX_01) not found in owner mesh or its parent! (6028 to TgProj_Simulated_304)
[1991.97] Log: PUSHING Accolade: , local: false
[1993.47] Log: PUSHING Accolade: ASSISTÉ, local: true
[2002.67] Log: PUSHING Accolade: , local: false
[2004.18] Log: PUSHING Accolade: ASSISTÉ, local: true
[2013.67] Log: PUSHING Accolade: Korinen fait une tuerie ! (x3), local: false
[2015.17] Log: PUSHING Accolade: ASSISTÉ, local: true
[2016.68] Log: PUSHING Accolade: DÉICIDE, local: true
[2041.17] Log: AttachToOwner - Socket (WSO_FX_01) not found in owner mesh or its parent! (6028 to TgProj_Simulated_326)
[2041.58] Log: AttachToOwner - Socket (WSO_FX_01) not found in owner mesh or its parent! (6028 to TgProj_Simulated_327)
[2043.50] Log: PUSHING Accolade: , local: false
[2043.69] Log: AttachToOwner - Socket (WSO_Emit_01) not found in owner mesh or its parent! (1027 to NONE)
[2048.36] Log: PUSHING Accolade: TártanTerror a fait un doublé !, local: false
[2048.36] Log: Suppressing Accolade: 
[2057.16] Log: Requesting purchase of itemId (8084) amount (1)
[2059.06] Log: Requesting purchase of itemId (8134) amount (1)
[2059.21] Log: Requesting purchase of itemId (8134) amount (1)
[2059.91] Log: Requesting purchase of itemId (8134) amount (1)
[2071.48] Log: AttachToOwner - Socket (WSO_Emit_01) not found in owner mesh or its parent! (1027 to NONE)
[2082.42] Log: PUSHING Accolade: Sidry a tué un joueur !, local: false
[2090.03] Log: AttachToOwner - Socket (WSO_FX_01) not found in owner mesh or its parent! (6028 to TgProj_Simulated_344)
[2090.48] Log: AttachToOwner - Socket (WSO_FX_01) not found in owner mesh or its parent! (6028 to TgProj_Simulated_345)
[2092.91] Log: PUSHING Accolade: TártanTerror fait une tuerie ! (x3), local: false
[2094.55] Log: Requesting purchase of itemId (10201) amount (1)
[2098.91] Log: Requesting purchase of itemId (8134) amount (1)
[2127.23] Log: AttachToOwner - Socket (WSO_FX_01) not found in owner mesh or its parent! (6028 to TgProj_Simulated_354)
[2127.63] Log: AttachToOwner - Socket (WSO_FX_01) not found in owner mesh or its parent! (6028 to TgProj_Simulated_355)
[2127.79] Log: PUSHING Accolade: , local: false
[2144.38] Log: AttachToOwner - Socket (WSO_FX_01) not found in owner mesh or its parent! (6028 to TgProj_Simulated_364)
[2144.77] Log: AttachToOwner - Socket (WSO_FX_01) not found in owner mesh or its parent! (6028 to TgProj_Simulated_365)
[2147.26] Log: PUSHING Accolade: , local: false
[2157.38] Log: AttachToOwner - Socket (WSO_FX_01) not found in owner mesh or its parent! (6028 to TgProj_Simulated_366)
[2157.78] Log: AttachToOwner - Socket (WSO_FX_01) not found in owner mesh or its parent! (6028 to TgProj_Simulated_367)
[2160.43] Log: PUSHING Accolade: , local: false
[2161.52] Log: ---- UpdateClanData
[2188.36] Log: PUSHING Accolade: Korinen fait une tuerie ! (x3), local: false
[2189.87] Log: PUSHING Accolade: ASSISTÉ, local: true
[2211.19] Log: PUSHING Accolade: , local: false
[2241.10] Log: PUSHING Accolade: , local: false
[2249.42] Log: AttachToOwner - Socket (WSO_FX_01) not found in owner mesh or its parent! (6028 to TgProj_Simulated_377)
[2249.77] Log: AttachToOwner - Socket (WSO_FX_01) not found in owner mesh or its parent! (6028 to TgProj_Simulated_378)
[2279.39] Warning: Warning, Failed to load 'Class None.None': Failed to find object 'Class None.None'
[2279.39] Warning: Warning, Failed to find object 'Class None.None'
[2307.41] Log: AttachToOwner - Socket (WSO_FX_01) not found in owner mesh or its parent! (6028 to TgProj_Simulated_388)
[2307.81] Log: AttachToOwner - Socket (WSO_FX_01) not found in owner mesh or its parent! (6028 to TgProj_Simulated_389)
[2329.40] Log: PUSHING Accolade: , local: false
[2330.92] Log: PUSHING Accolade: ASSISTÉ, local: true
[2382.70] Log: Requesting purchase of itemId (8271) amount (1)
[2383.86] Warning: Warning, Failed to load 'Class None.None': Failed to find object 'Class None.None'
[2383.86] Warning: Warning, Failed to find object 'Class None.None'
[2391.69] Log: Requesting purchase of itemId (8712) amount (1)
[2393.16] Log: Requesting purchase of itemId (8134) amount (1)
[2393.33] Log: Requesting purchase of itemId (8134) amount (1)
[2397.06] Log: Requesting purchase of itemId (8135) amount (1)
[2397.19] Log: Requesting purchase of itemId (8135) amount (1)
[2420.93] Log: PUSHING Accolade: , local: false
[2426.49] Log: AttachToOwner - Socket (WSO_FX_01) not found in owner mesh or its parent! (6028 to TgProj_Simulated_414)
[2426.90] Log: AttachToOwner - Socket (WSO_FX_01) not found in owner mesh or its parent! (6028 to TgProj_Simulated_415)
[2438.23] Log: AttachToOwner - Socket (WSO_FX_01) not found in owner mesh or its parent! (6028 to TgProj_Simulated_416)
[2438.64] Log: AttachToOwner - Socket (WSO_FX_01) not found in owner mesh or its parent! (6028 to TgProj_Simulated_417)
[2445.48] Log: PUSHING Accolade: TártanTerror a tué un joueur !, local: false
[2447.47] Log: PUSHING Accolade: , local: false
[2448.97] Log: PUSHING Accolade: ASSISTÉ, local: true
[2450.53] Log: Requesting purchase of itemId (8134) amount (1)
[2521.31] Log: PUSHING Accolade: , local: false
[2522.83] Log: PUSHING Accolade: ASSISTÉ, local: true
[2556.16] Log: PUSHING Accolade: Korinen fait une tuerie ! (x3), local: false
[2611.27] Log: AttachToOwner - Socket (WSO_FX_01) not found in owner mesh or its parent! (6028 to TgProj_Simulated_447)
[2611.67] Log: AttachToOwner - Socket (WSO_FX_01) not found in owner mesh or its parent! (6028 to TgProj_Simulated_448)
[2612.01] Log: ---- UpdateClanData
[2612.15] Log: ---- UpdateClanData
[2625.45] Log: ---- UpdateClanData
[2630.65] Log: ---- UpdateClanData
[2641.95] Log: AttachToOwner - Socket (WSO_FX_01) not found in owner mesh or its parent! (6028 to TgProj_Simulated_459)
[2642.35] Log: AttachToOwner - Socket (WSO_FX_01) not found in owner mesh or its parent! (6028 to TgProj_Simulated_460)
[2678.97] Log: AttachToOwner - Socket (WSO_FX_01) not found in owner mesh or its parent! (6028 to TgProj_Simulated_475)
[2679.40] Log: AttachToOwner - Socket (WSO_FX_01) not found in owner mesh or its parent! (6028 to TgProj_Simulated_477)
[2692.23] Log: PUSHING Accolade: , local: false
[2693.75] Log: PUSHING Accolade: , local: false
[2722.19] Log: Requesting purchase of itemId (8063) amount (1)
[2724.12] Log: Requesting purchase of itemId (8134) amount (1)
[2724.28] Log: Requesting purchase of itemId (8134) amount (1)
[2725.96] Log: Requesting purchase of itemId (8135) amount (1)
[2726.09] Log: Requesting purchase of itemId (8135) amount (1)
[2726.26] Log: Requesting purchase of itemId (8135) amount (1)
[2726.44] Log: Requesting purchase of itemId (8135) amount (1)
[2745.05] Log: ---- UpdateClanData
[2821.84] Log: AttachToOwner - Socket (WSO_FX_01) not found in owner mesh or its parent! (6028 to TgProj_Simulated_486)
[2822.25] Log: AttachToOwner - Socket (WSO_FX_01) not found in owner mesh or its parent! (6028 to TgProj_Simulated_487)
[2843.48] Log: AttachToOwner - Socket (WSO_FX_01) not found in owner mesh or its parent! (6028 to TgProj_Simulated_488)
[2843.91] Log: AttachToOwner - Socket (WSO_FX_01) not found in owner mesh or its parent! (6028 to TgProj_Simulated_489)
[2846.20] Log: PUSHING Accolade: , local: false
[2858.20] Log: AttachToOwner - Socket (WSO_FX_01) not found in owner mesh or its parent! (6028 to TgProj_Simulated_490)
[2858.64] Log: AttachToOwner - Socket (WSO_FX_01) not found in owner mesh or its parent! (6028 to TgProj_Simulated_491)
[2874.10] Log: AttachToOwner - Socket (WSO_FX_01) not found in owner mesh or its parent! (6028 to TgProj_Simulated_492)
[2874.43] Log: AttachToOwner - Socket (WSO_FX_01) not found in owner mesh or its parent! (6028 to TgProj_Simulated_493)
[2896.94] Log: Requesting selling of invId (-1063)
[2897.08] Log: Requesting selling of invId (-1063)
[2897.24] Log: Requesting selling of invId (-1063)
[2897.40] Log: Requesting selling of invId (-1063)
[2899.34] Log: Inventory Error Recovery: Resubmitting an inventory item that could not find its device
[2910.78] Log: Requesting purchase of itemId (8185) amount (1)
[2927.40] Log: AttachToOwner - Socket (WSO_FX_01) not found in owner mesh or its parent! (6028 to TgProj_Simulated_502)
[2927.79] Log: AttachToOwner - Socket (WSO_FX_01) not found in owner mesh or its parent! (6028 to TgProj_Simulated_503)
[2969.33] Log: AttachToOwner - Socket (WSO_FX_01) not found in owner mesh or its parent! (6028 to TgProj_Simulated_504)
[2969.74] Log: AttachToOwner - Socket (WSO_FX_01) not found in owner mesh or its parent! (6028 to TgProj_Simulated_505)
[2995.53] Log: AttachToOwner - Socket (WSO_FX_01) not found in owner mesh or its parent! (6028 to TgProj_Simulated_522)
[2995.94] Log: AttachToOwner - Socket (WSO_FX_01) not found in owner mesh or its parent! (6028 to TgProj_Simulated_523)
[3009.24] Log: AttachToOwner - Socket (WSO_FX_01) not found in owner mesh or its parent! (6028 to TgProj_Simulated_529)
[3009.29] Log: PUSHING Accolade: , local: false
[3009.63] Log: AttachToOwner - Socket (WSO_FX_01) not found in owner mesh or its parent! (6028 to TgProj_Simulated_531)
[3010.79] Log: Expiring Accolade: 
[3010.79] Log: PUSHING Accolade: Namarand a fait un doublé !, local: false
[3012.30] Log: PUSHING Accolade: ASSISTÉ, local: true
[3013.81] Log: Expiring Accolade: ASSISTÉ
[3018.36] Log: PUSHING Accolade: Korinen fait un massacre ! (x5), local: false
[3019.86] Log: PUSHING Accolade: ASSISTÉ, local: true
[3021.38] Log: PUSHING Accolade: DÉICIDE, local: true
[3046.27] Log: ---- UpdateClanData
[3046.27] Log: ---- UpdateClanData
[3046.27] Log: ---- UpdateClanData
[3046.27] Log: ---- UpdateClanData
[3046.27] Log: ---- UpdateClanData
[3046.27] Log: ---- UpdateClanData
[3047.41] Log: Chat[3]: [VVGG] Belle partie !
[3051.39] Log: Chat[3]: [VVGG] Belle partie !
[3059.28] Log: ---- UpdateClanData
[3059.29] Log: ---- UpdateClanData
[3059.46] Log: ---- UpdateClanData
[3064.56] DevNet: URL: Adding default option Team=255
[3064.63] Log: ReceiveChangeMap: mapGameId 1447
[3064.63] Log: ---- UpdateClanData
[3064.63] Log: ---- UpdateClanData
[3064.64] DevNet: URL: Adding default option Team=255
[3064.64] DevNet: Browse: LobbyMap?game=TgClient.TgGameLaunch?GameState=OGS_NoSession?GameMode=0?name=Player?Team=255
[3064.82] Log: LoadMap: LobbyMap?game=TgClient.TgGameLaunch?GameState=OGS_NoSession?GameMode=0?name=Player?Team=255
[3065.03] NetComeGo: Close PComNetDriver_0 PComNetConn_0 72.251.242.20:9126 08/19/15 22:32:25
[3065.15] Exit: PComNetDriver_0 shut down
[3065.61] Log: Map Game ID = 0
[3065.61] Log: Map Instance ID = 130013307
[3065.63] Log: Performance: Critical section Lock/Unlock 25 nsec
[3065.63] Log: Performance:  appCycles 11 nsec
[3065.69] Log: Performance:  memCopy per KB 255 nsec
[3065.72] Log: Performance:  memZero per KB 168 nsec
[3065.73] Log: Performance:  appInterlockedIncrement 10 nsec
[3065.74] Log: Performance:  GetTickCount 4 nsec
[3065.74] Log: Game class is 'TgGameLaunch'
[3065.74] TgSLO: Async Load: GodSkins_Portraits_and_Icons
[3065.74] Log: Flushing async loaders.
[3065.95] TgSLO: Finish Load: GodSkins_Portraits_and_Icons
[3065.95] Log: Flushed async loaders.
[3066.00] Log: Primary PhysX scene will be in software.
[3066.00] Log: Creating Primary PhysX Scene.
[3066.00] Log: *** WARNING - PATHS MAY NOT BE VALID ***
[3066.00] Log: Bringing World lobbymap.TheWorld up for play (0) at 2015.08.19-22.32.26
[3066.00] Log: Skipping initialization of FSMPartPool!
[3066.21] Log: Bringing up level for play took: 0.259823
[3068.71] TgSLO: Async Load: GOD_Odin_V2
[3068.71] TgSLO: Async Load: GOD_Odin_V2_Lobby
[3068.71] TgSLO: Async Load: FX_Odin_V2
[3068.71] Log: Flushing async loaders.
[3068.83] TgSLO: Finish Load: GOD_Odin_V2
[3068.96] TgSLO: Finish Load: GOD_Odin_V2_Lobby
[3068.98] TgSLO: Finish Load: FX_Odin_V2
[3068.99] Log: Flushed async loaders.
[3068.99] Log: ########### Finished loading level: 4.166931 seconds
[3069.07] Log: ---- UpdateClanData
[3069.07] Log: RequestingChannelMembers ch[8] [kimicol a rejoint la discussion.]
[3069.71] Log: RequestingChannelMembers ch[8] [Sidry a rejoint la discussion.]
[3074.17] Log: RequestingChannelMembers ch[8] [Mashton a quitté la discussion.]
[3078.11] Log: Chat[8]: only loki win a game
[3083.71] Log: Chat[8]: you're right
[3086.15] Log: RequestingChannelMembers ch[8] [TártanTerror a quitté la discussion.]
[3091.34] Log: Chat[8]: it's like, my 2nd time playing him
[3098.44] Log: Chat[8]: i agree with you, he's stupid
[3106.35] Log: RequestingChannelMembers ch[8] [Sidry a quitté la discussion.]
[3107.84] Log: Chat[8]: i will never play him again, sorry
[3111.48] Log: Chat[9]: Vous avez rejoint une file d'attente.
[3111.48] Log: Chat[4]: Namarand a rejoint la file d'attente du groupe.
[3111.48] Log: RequestingChannelMembers ch[8] [Namarand a quitté la discussion.]
[3113.75] Log: Chat[4]: kimicol a quitté la file d'attente.
[3128.71] Log: ERROR: Attempting to log in without settings.
[3142.48] Log: Closing by request
[3142.48] Log: appRequestExit(0)
[3142.49] Log: TgAIBehaviorTreeManager :: De-allocating 47 behavior trees
[3143.99] Exit: Preparing to exit.
[3144.36] Exit: Game engine shut down
[3144.52] Exit: Windows client shut down
[3144.71] Exit: XAudio2 Device shut down.
[3145.12] Exit: Object subsystem successfully closed.
[3146.73] Log: >>>>>>>>>>>>>>>>>> ResubmitMCTSEvent PLAYER_LOGOFF
[3146.87] Log: >>>>>>>>>>>>>>>>>> ResubmitMCTSEvent PLAYER_LOGOFF
[3147.38] Exit: Exiting.
