[0000.18] Log: Async Log file open, 07/24/15 22:05:59
[0000.18] Init: WinSock: version 1.1 (2.2), MaxSocks=32767, MaxUdp=65467
[0000.18] Log:  ... running in INSTALLED mode
[0000.18] DevConfig: GConfig::Find has loaded file:  ..\..\Engine\Config\ConsoleVariables.ini
[0000.18] Init: Version: 10897
[0000.18] Init: Epic Internal: 0
[0000.18] Init: Compiled (32-bit): Jul 17 2015 18:53:29
[0000.18] Init: Changelist: 1532151
[0000.18] Init: Game is version 2.10.2868.0.
[0000.18] Init: Command line: -PGUID=f217e716-f401-4696-a0ce-3be9da5b0821  -host=             -host2              -seekfreeloading   -LANGUAGE=FRA -cnmg=72297228522923258329732973288423942664267529 -cnmg2=722472235221232883207327732684279427642425258526 -ASYNCTICK=FALSE -user=kimicol -epass=0318D48EB4424BC8453F77F6B393B2828309272591535BDEF1EF5A8AA7644D2A -HiCommand -HEXX=37911711
[0000.18] Init: Base directory: C:\Program Files (x86)\Hi-Rez Studios\HiRezGames\smite\binaries\Win32\
[0000.19] Init: Computer: PC-ARTHUR
[0000.19] Init: User: Arthur
[0000.19] Init: CPU Page size=4096, Processors=4, Cores=2
[0000.19] Init: High frequency timer resolution =2.240910 MHz
[0000.19] Init: Memory total: Physical=3.8GB (3GB approx) Pagefile=7.7GB Virtual=4.0GB
[0000.27] DevOnline: Initializing MCTS
[0000.27] Init: Presizing for 60000 objects not considered by GC, pre-allocating 0 bytes.
[0000.28] Init: Object subsystem initialized
[0000.28] Log: Overriding lang INT w/ command-line option of FRA
[0000.34] Log: TgAIBehaviorTreeManager :: Loading behavior trees
[0000.35] Log: TgAIBehaviorTreeManager :: Successfully loaded behavior trees
[0000.35] Log: ShadowPatch: Error -pid should be passed on command line.
[0000.53] Log: AsyncTickTasks DISABLED at startup
[0000.86] Log: SystemSettings based on: SystemSettings
[0000.87] Log: SystemSettings based on: SystemSettings
[0000.87] Log: SystemSettings based on: SystemSettings
[0000.87] Log: SystemSettings based on: SystemSettings
[0000.88] Log: SystemSettings based on: SystemSettings
[0001.52] Log: Found D3D11 adapter 0: Intel(R) HD Graphics Family
[0001.52] Log: Adapter has 1020MB of dedicated video memory, 0MB of dedicated system memory, and 1933MB of shared system memory
[0001.54] Log: Shader platform (RHI): PC-D3D-SM3
[0001.58] Log: PhysX GPU Support: DISABLED
[0002.86] Log: Assembly Loaded Version: DBExport: 07/17/2015 17:51:11,  Src=devsql.hirezcorp.com:smite_live_build, LangSrc=devsql.hirezcorp.com:smite_translations,
[0015.05] Log: Skipping adding Package OnlineSubsystemMcts to NetPackages
[0015.85] Log: 118075 objects as part of root set at end of initial load.
[0015.85] Log: 0 out of 0 bytes used by permanent object pool.
[0015.85] Log: Initializing Engine...
[0016.67] ScriptWarning: Script call stack:
	Function Engine.GameViewportClient:Init

	TgGameViewportClient Transient.TgGameEngine_0:TgGameViewportClient_0
	Function Engine.GameViewportClient:Init:0025
[0016.67] ScriptWarning: Assertion failed, line 672
	TgGameViewportClient Transient.TgGameEngine_0:TgGameViewportClient_0
	Function Engine.GameViewportClient:Init:0025
[0016.68] Warning: Warning, Failed to load 'SwfMovie None.Logos': Failed to find object 'SwfMovie None.Logos'
[0016.68] Log: GFx attempted to load missing object [Logos]
[0016.68] Warning: Warning, Failed to load 'Class None.': Failed to find object 'Class None.'
[0016.68] Warning: Warning, Failed to find object 'Class None.'
[0016.68] Warning: Warning, Failed to load 'Class None.': Failed to find object 'Class None.'
[0016.68] Warning: Warning, Failed to find object 'Class None.'
[0016.68] Warning: Warning, Failed to load 'Class None.': Failed to find object 'Class None.'
[0016.68] Warning: Warning, Failed to find object 'Class None.'
[0016.68] Warning: Warning, Failed to load 'Class None.': Failed to find object 'Class None.'
[0016.68] Warning: Warning, Failed to find object 'Class None.'
[0016.68] DevNet: Browse: lobbymap?Name=Player?Team=255?DefaultCharacter=TgGame.TgCharacter
[0016.69] Log: LoadMap: lobbymap?Name=Player?Team=255?DefaultCharacter=TgGame.TgCharacter
[0016.87] Log: Map Game ID = 0
[0016.87] Log: Map Instance ID = 127768375
[0016.90] Log: Performance: Critical section Lock/Unlock 25 nsec
[0016.90] Log: Performance:  appCycles 15 nsec
[0016.97] Log: Performance:  memCopy per KB 346 nsec
[0017.01] Log: Performance:  memZero per KB 201 nsec
[0017.03] Log: Performance:  appInterlockedIncrement 14 nsec
[0017.03] Log: Performance:  GetTickCount 4 nsec
[0017.03] Log: Game class is 'TgGameLaunch'
[0017.03] TgSLO: Async Load: GodSkins_Portraits_and_Icons
[0017.03] Log: Flushing async loaders.
[0017.08] TgSLO: Finish Load: GodSkins_Portraits_and_Icons
[0017.08] Log: Flushed async loaders.
[0017.12] Log: Primary PhysX scene will be in software.
[0017.12] Log: Creating Primary PhysX Scene.
[0017.12] Log: *** WARNING - PATHS MAY NOT BE VALID ***
[0017.12] Log: Bringing World lobbymap.TheWorld up for play (0) at 2015.07.24-22.06.15
[0017.12] Log: Skipping initialization of FSMPartPool!
[0017.20] Log: Bringing up level for play took: 0.109525
[0018.41] Warning: Warning, Failed to load 'Font None.ArialUnicode': Failed to find object 'Font None.ArialUnicode'
[0018.41] Warning: Warning, Failed to load 'Font None.ArialUnicode': Failed to find object 'Font None.ArialUnicode'
[0018.52] Log: GFx attempted to load missing object [UDKFrontEnd.udk_ime]
[0018.95] Log: ########### Finished loading level: 2.267920 seconds
[0019.06] Log: Flushing async loaders.
[0019.24] Log: Flushed async loaders.
[0019.24] Log: Initializing Engine Completed
[0019.24] Log: >>>>>>>>>>>>>> Initial startup: 19.24s <<<<<<<<<<<<<<<
[0019.24] Log: Browser user data directory is C:\ProgramData\Hi-Rez Studios\BrowserCache\Battle
[0019.25] Log: WebFactory created
[0022.06] Log: Login Success: kimicol
[0022.38] Error: Failed to read file '..\..\BattleGame\LandingPanel\BootyChest.jpg' error ()
[0022.38] Error: Failed to read file '..\..\BattleGame\LandingPanel\UltimateGodPack.jpg' error ()
[0022.38] Error: Failed to read file '..\..\BattleGame\LandingPanel\esportsseasonticket.jpg' error ()
[0022.39] Error: Failed to read file '..\..\BattleGame\LandingPanel\DrSylvanusa.jpg' error ()
[0022.39] Error: Failed to read file '..\..\BattleGame\LandingPanel\esportsseasonticketSkinNew.jpg' error ()
[0022.39] Error: Failed to read file '..\..\BattleGame\LandingPanel\HBundle.jpg' error ()
[0022.39] Error: Failed to read file '..\..\BattleGame\LandingPanel\esportschest2030.jpg' error ()
[0022.39] Error: Failed to read file '..\..\BattleGame\LandingPanel\BizzyBCupid4.jpg' error ()
[0022.39] Error: Failed to read file '..\..\BattleGame\LandingPanel\PirateKali.jpg' error ()
[0022.39] Error: Failed to read file '..\..\BattleGame\LandingPanel\HercHunkulese.jpg' error ()
[0022.39] Error: Failed to read file '..\..\BattleGame\LandingPanel\NewGodRavana.jpg' error ()
[0022.39] Error: Failed to read file '..\..\BattleGame\LandingPanel\HeavenlyWarlord223.jpg' error ()
[0022.39] Error: Failed to read file '..\..\BattleGame\LandingPanel\TyrantRavana.jpg' error ()
[0022.39] Error: Failed to read file '..\..\BattleGame\LandingPanel\GodPackTest234.jpg' error ()
[0022.39] Error: Failed to read file '..\..\BattleGame\LandingPanel\GodPackTest234_thumb.jpg' error ()
[0022.39] Error: Failed to read file '..\..\BattleGame\LandingPanel\LANSummer22.jpg' error ()
[0022.39] Error: Failed to read file '..\..\BattleGame\LandingPanel\LANSummer22_thumb.jpg' error ()
[0022.39] Error: Failed to read file '..\..\BattleGame\LandingPanel\esportschest200.jpg' error ()
[0022.39] Error: Failed to read file '..\..\BattleGame\LandingPanel\esportschest200_thumb.jpg' error ()
[0022.39] Error: Failed to read file '..\..\BattleGame\LandingPanel\NewBundle.jpg' error ()
[0022.39] Error: Failed to read file '..\..\BattleGame\LandingPanel\NewBundle_thumb.jpg' error ()
[0022.39] Error: Failed to read file '..\..\BattleGame\LandingPanel\Loki.jpg' error ()
[0022.39] Error: Failed to read file '..\..\BattleGame\LandingPanel\Loki_thumb.jpg' error ()
[0022.39] Error: Failed to read file '..\..\BattleGame\LandingPanel\Madscientist.jpg' error ()
[0022.39] Error: Failed to read file '..\..\BattleGame\LandingPanel\Madscientist_thumb.jpg' error ()
[0022.39] Log: Team/Instance chat routed to Instance Server.
[0022.39] Log: Chat[9]: Appuyez sur ENTRÉE pour accéder à la discussion.
[0022.39] Log: RequestingChannelMembers ch[1] [kimicol a rejoint la discussion.]
[0022.53] Log: RequestingChannelMembers ch[3] [kimicol a rejoint la discussion.]
[0022.53] DevNet: URL: Adding default option Team=255
[0022.53] Log: ReceiveChangeMap: mapGameId 1503
[0022.81] DevNet: URL: Adding default option Team=255
[0022.81] DevNet: Browse: 37.48.125.69:9141/lobbymap?GameState=OGS_NoSession?GameMode=0?name=Player?map_instance_id=171713688?Team=255
[0022.81] DevNet: Game client on port 9141, rate 25000
[0026.62] DevNet: Welcomed by server (Level: joust_v2_p, Game: TgGame.TgGame_Battle_Joust)
[0028.82] Log: LoadMap: 37.48.125.69:9141/joust_v2_p?GameState=OGS_NoSession?GameMode=0?name=Player?map_instance_id=171713688?Team=255?game=TgGame.TgGame_Battle_Joust
[0028.98] Log: Map Game ID = 0
[0028.98] Log: Map Instance ID = 127768375
[0029.01] Log: Performance: Critical section Lock/Unlock 24 nsec
[0029.01] Log: Performance:  appCycles 11 nsec
[0029.06] Log: Performance:  memCopy per KB 272 nsec
[0029.10] Log: Performance:  memZero per KB 184 nsec
[0029.12] Log: Performance:  appInterlockedIncrement 14 nsec
[0029.12] Log: Performance:  GetTickCount 5 nsec
[0031.95] TgSLO: Async Load: FX_Store_Items
[0031.95] TgSLO: Async Load: FX_Store_Items_Targeting
[0031.95] TgSLO: Async Load: FX_Status_Effects
[0031.95] TgSLO: Async Load: GOD_CommonMaterialEffects
[0031.95] TgSLO: Async Load: GOD_Common_AT
[0031.95] TgSLO: Async Load: AUD_VOX_Narrator
[0031.95] TgSLO: Async Load: NPC_Ward2
[0031.95] TgSLO: Async Load: FX_Buff_Belts_V2
[0031.95] TgSLO: Async Load: FX_Fist_Of_God_V2
[0031.95] TgSLO: Async Load: GOD_Aphrodite
[0031.96] TgSLO: Async Load: GOD_Aphrodite_Textures
[0031.96] TgSLO: Async Load: FX_Aphrodite
[0031.96] TgSLO: Async Load: AUD_God_Aphrodite
[0031.96] TgSLO: Async Load: NPC_Ward_Curse
[0031.96] TgSLO: Async Load: NPC_Ward_BobbleHead_Base
[0031.96] TgSLO: Async Load: NPC_Ward_Eyeballs
[0031.96] TgSLO: Async Load: FX_Common
[0031.96] TgSLO: Async Load: AUD_UI
[0031.96] TgSLO: Async Load: GOD_Chaac
[0031.96] TgSLO: Async Load: GOD_Chaac_Textures
[0031.96] TgSLO: Async Load: FX_Chaac
[0031.96] TgSLO: Async Load: AUD_God_Chaac
[0031.96] TgSLO: Async Load: GOD_Chaac_Skin1
[0031.96] TgSLO: Async Load: GOD_Medusa
[0031.96] TgSLO: Async Load: GOD_Medusa_Textures
[0031.96] TgSLO: Async Load: FX_Medusa
[0031.96] TgSLO: Async Load: AUD_God_Medusa
[0031.96] TgSLO: Async Load: GOD_Medusa_Skin1
[0031.96] TgSLO: Async Load: GOD_Neith
[0031.96] TgSLO: Async Load: GOD_Neith_Textures
[0031.96] TgSLO: Async Load: FX_Neith
[0031.96] TgSLO: Async Load: AUD_God_Neith
[0031.96] TgSLO: Async Load: GOD_Ares
[0031.96] TgSLO: Async Load: GOD_Ares_Textures
[0031.96] TgSLO: Async Load: FX_Ares
[0031.96] TgSLO: Async Load: FX_Ares_Targeting
[0031.96] TgSLO: Async Load: AUD_God_Ares
[0031.96] TgSLO: Async Load: GOD_Kukulkan
[0031.96] TgSLO: Async Load: GOD_Kukulkan_Textures
[0031.96] TgSLO: Async Load: FX_Kukulkan
[0031.96] TgSLO: Async Load: AUD_God_Kukulkan
[0031.96] TgSLO: Async Load: GOD_Kukulkan_Skin3
[0031.96] TgSLO: Async Load: FX_Kukulkan_Skin3
[0031.96] TgSLO: Async Load: FX_Kukulkan_Targeting_Skin3
[0031.96] TgSLO: Async Load: AnimNotify11445
[0031.96] TgSLO: Async Load: NPC_Ward_Snowman
[0031.97] TgSLO: Async Load: FX_Emote_global_Fireworks_A
[0031.97] TgSLO: Async Load: Joust_Tower
[0031.97] TgSLO: Async Load: FX_Tower
[0031.97] TgSLO: Async Load: FX_Greek_Tower
[0031.97] TgSLO: Async Load: AUD_Tower
[0031.97] TgSLO: Async Load: NPC_Phoenix
[0031.97] TgSLO: Async Load: NPC_Phoenix_Textures
[0031.97] TgSLO: Async Load: FX_Phoenix
[0031.97] TgSLO: Async Load: AUD_NPC_Phoenix
[0031.97] TgSLO: Async Load: MDL_PseudoMesh
[0031.97] TgSLO: Async Load: NPC_Joust_Minion
[0031.97] TgSLO: Async Load: NPC_Joust_Minion_Textures
[0031.97] TgSLO: Async Load: NPC_Minion_Universal
[0031.97] TgSLO: Async Load: FX_Roman
[0031.97] TgSLO: Async Load: FX_Minion_Death
[0031.97] TgSLO: Async Load: AUD_NPC_RomanArcher
[0031.97] TgSLO: Async Load: AUD_NPC_Olympus
[0031.97] TgSLO: Async Load: NPC_Guardian_Female
[0031.97] TgSLO: Async Load: NPC_Guardian_Female_AT
[0031.97] TgSLO: Async Load: FX_Guardian_Female
[0031.97] TgSLO: Async Load: AUD_NPC_Guardian_Female
[0031.97] TgSLO: Async Load: NPC_Guardian_Male
[0031.97] TgSLO: Async Load: NPC_Guardian_Male_AT
[0031.97] TgSLO: Async Load: FX_Guardian_Male
[0031.97] TgSLO: Async Load: AUD_NPC_Guardian_Male
[0031.97] TgSLO: Async Load: NPC_Cyclops_V2
[0031.97] TgSLO: Async Load: FX_NPC_Cyclops_V2
[0031.97] TgSLO: Async Load: AUD_NPC_Cyclops
[0031.97] Log: Flushing async loaders.
[0032.07] TgSLO: Finish Load: FX_Store_Items
[0032.34] TgSLO: Finish Load: FX_Store_Items_Targeting
[0032.36] TgSLO: Finish Load: FX_Status_Effects
[0032.45] TgSLO: Finish Load: GOD_CommonMaterialEffects
[0032.49] TgSLO: Finish Load: GOD_Common_AT
[0033.18] TgSLO: Finish Load: AUD_VOX_Narrator
[0033.22] TgSLO: Finish Load: NPC_Ward2
[0033.30] TgSLO: Finish Load: FX_Buff_Belts_V2
[0033.33] TgSLO: Finish Load: FX_Fist_Of_God_V2
[0033.48] TgSLO: Finish Load: GOD_Aphrodite
[0033.48] TgSLO: Finish Load: GOD_Aphrodite_Textures
[0033.55] TgSLO: Finish Load: FX_Aphrodite
[0033.63] TgSLO: Finish Load: AUD_God_Aphrodite
[0033.66] TgSLO: Finish Load: NPC_Ward_Curse
[0033.67] TgSLO: Finish Load: NPC_Ward_BobbleHead_Base
[0033.77] TgSLO: Finish Load: NPC_Ward_Eyeballs
[0033.96] TgSLO: Finish Load: FX_Common
[0034.01] TgSLO: Finish Load: AUD_UI
[0034.74] TgSLO: Finish Load: GOD_Chaac
[0034.75] TgSLO: Finish Load: GOD_Chaac_Textures
[0034.82] TgSLO: Finish Load: FX_Chaac
[0034.92] TgSLO: Finish Load: AUD_God_Chaac
[0034.95] TgSLO: Finish Load: GOD_Chaac_Skin1
[0035.48] TgSLO: Finish Load: GOD_Medusa
[0035.52] TgSLO: Finish Load: GOD_Medusa_Textures
[0035.58] TgSLO: Finish Load: FX_Medusa
[0035.65] TgSLO: Finish Load: AUD_God_Medusa
[0035.69] TgSLO: Finish Load: GOD_Medusa_Skin1
[0035.80] TgSLO: Finish Load: GOD_Neith
[0035.80] TgSLO: Finish Load: GOD_Neith_Textures
[0035.83] TgSLO: Finish Load: FX_Neith
[0035.91] TgSLO: Finish Load: AUD_God_Neith
[0036.04] TgSLO: Finish Load: GOD_Ares
[0036.04] TgSLO: Finish Load: GOD_Ares_Textures
[0036.06] TgSLO: Finish Load: FX_Ares
[0036.09] TgSLO: Finish Load: FX_Ares_Targeting
[0036.13] TgSLO: Finish Load: AUD_God_Ares
[0036.25] TgSLO: Finish Load: GOD_Kukulkan
[0036.25] TgSLO: Finish Load: GOD_Kukulkan_Textures
[0036.28] TgSLO: Finish Load: FX_Kukulkan
[0036.34] TgSLO: Finish Load: AUD_God_Kukulkan
[0036.34] TgSLO: Finish Load: GOD_Kukulkan_Skin3
[0036.38] TgSLO: Finish Load: FX_Kukulkan_Skin3
[0036.39] TgSLO: Finish Load: FX_Kukulkan_Targeting_Skin3
[0036.41] TgSLO: Finish Load: AnimNotify11445
[0036.47] TgSLO: Finish Load: NPC_Ward_Snowman
[0036.49] TgSLO: Finish Load: FX_Emote_global_Fireworks_A
[0036.98] TgSLO: Finish Load: Joust_Tower
[0037.01] TgSLO: Finish Load: FX_Tower
[0037.06] TgSLO: Finish Load: FX_Greek_Tower
[0037.16] TgSLO: Finish Load: AUD_Tower
[0037.33] TgSLO: Finish Load: NPC_Phoenix
[0037.37] TgSLO: Finish Load: NPC_Phoenix_Textures
[0037.39] TgSLO: Finish Load: FX_Phoenix
[0037.44] TgSLO: Finish Load: AUD_NPC_Phoenix
[0037.45] TgSLO: Finish Load: MDL_PseudoMesh
[0037.50] TgSLO: Finish Load: NPC_Joust_Minion
[0037.50] TgSLO: Finish Load: NPC_Joust_Minion_Textures
[0037.72] TgSLO: Finish Load: NPC_Minion_Universal
[0037.76] TgSLO: Finish Load: FX_Roman
[0037.77] TgSLO: Finish Load: FX_Minion_Death
[0037.82] TgSLO: Finish Load: AUD_NPC_RomanArcher
[0037.82] TgSLO: Finish Load: AUD_NPC_Olympus
[0038.36] TgSLO: Finish Load: NPC_Guardian_Female
[0038.39] TgSLO: Finish Load: NPC_Guardian_Female_AT
[0038.39] TgSLO: Finish Load: FX_Guardian_Female
[0038.40] TgSLO: Finish Load: AUD_NPC_Guardian_Female
[0039.26] TgSLO: Finish Load: NPC_Guardian_Male
[0039.28] TgSLO: Finish Load: NPC_Guardian_Male_AT
[0039.36] TgSLO: Finish Load: FX_Guardian_Male
[0039.40] TgSLO: Finish Load: AUD_NPC_Guardian_Male
[0039.69] TgSLO: Finish Load: NPC_Cyclops_V2
[0039.69] TgSLO: Finish Load: FX_NPC_Cyclops_V2
[0039.80] TgSLO: Finish Load: AUD_NPC_Cyclops
[0039.80] Log: Flushed async loaders.
[0039.82] Log: Primary PhysX scene will be in software.
[0039.82] Log: Creating Primary PhysX Scene.
[0039.84] Log: Bringing World joust_v2_p.TheWorld up for play (595) at 2015.07.24-22.06.38
[0039.84] Log: Skipping initialization of FSMPartPool!
[0039.85] Log: Bringing up level for play took: 0.043558
[0039.85] Warning: Warning, Failed to load 'Class None.': Failed to find object 'Class None.'
[0039.85] Warning: Warning, Failed to find object 'Class None.'
[0039.85] Log: PlayerController class for the pending level is PlayerController
[0039.85] Log: ########### Finished loading level: 11.030477 seconds
[0039.85] Log: Flushing async loaders.
[0040.90] Log: Flushed async loaders.
[0041.31] DevNet: TgPlayerController_1 setplayer TgLocalPlayer_0
[0041.72] Log: AttachToOwner - Socket (FX_ORIGIN_Origin) not found in owner mesh or its parent! (2702 to NONE)
[0041.72] Log: AttachToOwner - Socket (FX_ORIGIN_Origin) not found in owner mesh or its parent! (2702 to NONE)
[0041.72] Log: AttachToOwner - Socket (FX_ORIGIN_Origin) not found in owner mesh or its parent! (2702 to NONE)
[0041.73] Log: AttachToOwner - Socket (FX_ORIGIN_Origin) not found in owner mesh or its parent! (2702 to NONE)
[0041.73] Log: Flushing async loaders.
[0041.80] Log: Flushed async loaders.
[0041.80] Warning: Warning, The Outer object (Package FX_Aphrodite_ExtraBeam.Materials) for 'FX_Aphrodite_ExtraBeam.Materials.MIC_SineBeam_Ability2' couldn't be loaded [while loading package FX_Aphrodite_ExtraBeam]: Invalid linker index [couldn't load Package FX_Aphrodite_ExtraBeam.Materials]?
[0041.80] Warning: Warning, Failed to load 'MaterialInstanceConstant FX_Aphrodite_ExtraBeam.Materials.MIC_SineBeam_Ability2': Failed to find object 'MaterialInstanceConstant FX_Aphrodite_ExtraBeam.Materials.MIC_SineBeam_Ability2'
[0041.80] Log: AttachToOwner - Socket (FX_ORIGIN_Origin) not found in owner mesh or its parent! (2702 to NONE)
[0041.81] Log: AttachToOwner - Socket (FX_ORIGIN_Origin) not found in owner mesh or its parent! (2702 to NONE)
[0041.86] Log: TeamIndex 1 has new leader: 6778839
[0055.63] Warning: Warning, Failed to load 'Texture None.blah': Failed to find object 'Texture None.blah'
[0058.27] Log: Chat[1]: Statut du clan : Tiny42SH
[0058.27] Log: ---- UpdateClanData
[0058.56] Warning: Warning, Failed to load 'Class None.None': Failed to find object 'Class None.None'
[0058.56] Warning: Warning, Failed to find object 'Class None.None'
[0058.56] Warning: Warning, Failed to load 'Class None.None': Failed to find object 'Class None.None'
[0058.56] Warning: Warning, Failed to find object 'Class None.None'
[0058.56] Warning: Warning, Failed to load 'Class None.None': Failed to find object 'Class None.None'
[0058.56] Warning: Warning, Failed to find object 'Class None.None'
[0058.56] Warning: Warning, Failed to load 'Class None.None': Failed to find object 'Class None.None'
[0058.56] Warning: Warning, Failed to find object 'Class None.None'
[0058.56] Warning: Warning, Failed to load 'Class None.None': Failed to find object 'Class None.None'
[0058.56] Warning: Warning, Failed to find object 'Class None.None'
[0058.59] Log: ---- UpdateClanData
[0058.59] Log: ---- UpdateClanData
[0058.59] Log: ---- UpdateClanData
[0058.59] Log: Chat[6]: Fullife vient de se connecter.
[0058.59] Log: RequestingChannelMembers ch[1] [Fullife a rejoint la discussion.]
[0058.59] Log: RequestingChannelMembers ch[3] [Fullife a rejoint la discussion.]
[0058.65] Log: ActivateLevel joust_v2_crowd 1 1 0
[0058.65] Log: ActivateLevel joust_sound 1 1 0
[0058.65] Log: ActivateLevel joust_v2_p_assist 1 1 0
[0061.30] Log: TeamIndex 2 has new leader: 2586241
[0061.32] Log: Flushing async loaders.
[0061.89] Log: Flushed async loaders.
[0061.96] Log: Activated joust_v2_p_assist 1 1 0
[0073.62] Log: Requesting purchase of itemId (10040) amount (1)
[0075.51] Log: Requesting purchase of itemId (8711) amount (1)
[0076.68] Log: PUSHING Accolade: Ezekkiel verse le Premier sang !, local: false
[0078.18] Log: Requesting purchase of itemId (8134) amount (1)
[0078.34] Log: Requesting purchase of itemId (8134) amount (1)
[0079.71] Log: Requesting purchase of itemId (8135) amount (1)
[0079.94] Log: Inventory Error Recovery: Resubmitting an inventory item that could not find its device
[0079.95] Log: Inventory Error Recovery: Resubmitting an inventory item that could not find its device
[0079.96] Log: Inventory Error Recovery: Resubmitting an inventory item that could not find its device
[0079.97] Log: Inventory Error Recovery: Resubmitting an inventory item that could not find its device
[0080.53] Log: Chat[3]: GG TEAM
[0093.76] Log: ---- UpdateClanData
[0096.17] Log: AttachToOwner - Socket (CSO_FX_Origin_01) not found in owner mesh or its parent! (3903 to TgDeployable_Chaac_Num1Axe_0)
[0102.18] Log: Chat[3]: [VVGH] Bonjour !
[0135.39] Log: AttachToOwner - Socket (CSO_FX_Origin_01) not found in owner mesh or its parent! (3903 to TgDeployable_Chaac_Num1Axe_1)
[0159.04] Log: AttachToOwner - Socket (CSO_FX_Origin_01) not found in owner mesh or its parent! (3903 to TgDeployable_Chaac_Num1Axe_2)
[0168.51] Log: PUSHING Accolade: Ezekkiel a tué un joueur !, local: false
[0172.24] Log: AttachToOwner - Socket (CSO_FX_Origin_01) not found in owner mesh or its parent! (3903 to TgDeployable_Chaac_Num1Axe_3)
[0177.49] Log: Requesting purchase of itemId (10044) amount (1)
[0190.49] Log: AttachToOwner - Socket (CSO_FX_Origin_01) not found in owner mesh or its parent! (3903 to TgDeployable_Chaac_Num1Axe_4)
[0195.29] Log: AttachToOwner - Socket (CSO_FX_Waist_01) not found in owner mesh or its parent! (6078 to TgDeployable_Medusa_Statue_0)
[0195.58] Log: PUSHING Accolade: Ezekkiel fait une tuerie ! (x3), local: false
[0206.54] Log: AttachToOwner - Socket (WSO_Emit_01) not found in owner mesh or its parent! (1027 to NONE)
[0208.58] Log: AttachToOwner - Socket (CSO_FX_Origin_01) not found in owner mesh or its parent! (3903 to TgDeployable_Chaac_Num1Axe_5)
[0225.70] Log: Requesting purchase of itemId (8712) amount (1)
[0225.95] Log: Inventory Error Recovery: Resubmitting an inventory item that could not find its device
[0225.96] Log: Inventory Error Recovery: Resubmitting an inventory item that could not find its device
[0225.98] Log: Inventory Error Recovery: Resubmitting an inventory item that could not find its device
[0225.99] Log: Inventory Error Recovery: Resubmitting an inventory item that could not find its device
[0226.00] Log: Inventory Error Recovery: Resubmitting an inventory item that could not find its device
[0226.02] Log: Inventory Error Recovery: Resubmitting an inventory item that could not find its device
[0226.03] Log: Inventory Error Recovery: Resubmitting an inventory item that could not find its device
[0229.68] Log: AttachToOwner - Socket (CSO_FX_Waist_01) not found in owner mesh or its parent! (6078 to TgDeployable_Medusa_Statue_1)
[0240.71] Log: Chat[3]: [VVN] Non !
[0271.10] Log: AttachToOwner - Socket (CSO_FX_Origin_01) not found in owner mesh or its parent! (3903 to TgDeployable_Chaac_Num1Axe_6)
[0290.43] Log: AttachToOwner - Socket (CSO_FX_Origin_01) not found in owner mesh or its parent! (3903 to TgDeployable_Chaac_Num1Axe_7)
[0303.14] Log: AttachToOwner - Socket (CSO_FX_Origin_01) not found in owner mesh or its parent! (3903 to TgDeployable_Chaac_Num1Axe_8)
[0303.72] ScriptWarning: Accessed None 'm_Num2TweenCylinder'
	TgPawn_Chaac joust_v2_p.TheWorld:PersistentLevel.TgPawn_Chaac_0
	Function TgGame.TgPawn_Chaac:EndTween:0121
[0306.71] Log: PUSHING Accolade: , local: false
[0308.63] Log: PUSHING Accolade: Fullife a fait un doublé !, local: false
[0308.63] Log: Suppressing Accolade: 
[0308.63] Log: Suppressing Accolade: 
[0309.85] Log: Chat[3]: [VVT] Merci !
[0310.13] Log: PUSHING Accolade: ASSISTÉ, local: true
[0315.60] Log: PUSHING Accolade: , local: false
[0318.65] Log: Chat[3]: fucl you kuku 
[0318.97] Log: PUSHING Accolade: Ezekkiel a fait un doublé !, local: false
[0318.97] Log: Suppressing Accolade: Ezekkiel fait un massacre ! (x5)
[0320.49] Log: PUSHING Accolade: DÉICIDE, local: true
[0324.98] Log: Requesting purchase of itemId (8057) amount (1)
[0325.04] Log: Chat[3]: **** ^
[0325.15] Log: Inventory Error Recovery: Resubmitting an inventory item that could not find its device
[0331.54] Log: Chat[3]: <3
[0333.35] Log: Chat[3]: [VVT] Merci !
[0338.72] Log: Requesting purchase of itemId (8134) amount (1)
[0371.54] Log: AttachToOwner - Socket (CSO_FX_Origin_01) not found in owner mesh or its parent! (3903 to TgDeployable_Chaac_Num1Axe_9)
[0386.15] Log: AttachToOwner - Socket (CSO_FX_Origin_01) not found in owner mesh or its parent! (3903 to TgDeployable_Chaac_Num1Axe_10)
[0402.65] Log: AttachToOwner - Socket (CSO_FX_Origin_01) not found in owner mesh or its parent! (3903 to TgDeployable_Chaac_Num1Axe_11)
[0415.14] Log: AttachToOwner - Socket (CSO_FX_Origin_01) not found in owner mesh or its parent! (3903 to TgDeployable_Chaac_Num1Axe_12)
[0439.61] Log: AttachToOwner - Socket (CSO_FX_Origin_01) not found in owner mesh or its parent! (3903 to TgDeployable_Chaac_Num1Axe_13)
[0452.30] Log: AttachToOwner - Socket (CSO_FX_Origin_01) not found in owner mesh or its parent! (3903 to TgDeployable_Chaac_Num1Axe_14)
[0453.34] ScriptWarning: Accessed None 'm_Num2TweenCylinder'
	TgPawn_Chaac joust_v2_p.TheWorld:PersistentLevel.TgPawn_Chaac_0
	Function TgGame.TgPawn_Chaac:EndTween:0121
[0459.89] Log: AttachToOwner - Socket (CSO_FX_Waist_01) not found in owner mesh or its parent! (6078 to TgDeployable_Medusa_Statue_2)
[0460.22] Log: PUSHING Accolade: , local: false
[0464.11] Log: AttachToOwner - Socket (CSO_FX_Origin_01) not found in owner mesh or its parent! (3903 to TgDeployable_Chaac_Num1Axe_15)
[0472.06] Log: PUSHING Accolade: Ezekkiel EST INARRÊTABLE ! (x7), local: false
[0475.16] Log: PUSHING Accolade: , local: false
[0475.25] Log: Requesting purchase of itemId (10201) amount (1)
[0475.34] Warning: Warning, Failed to load 'Class None.None': Failed to find object 'Class None.None'
[0475.35] Warning: Warning, Failed to find object 'Class None.None'
[0475.35] Warning: Warning, Failed to load 'Class None.None': Failed to find object 'Class None.None'
[0475.35] Warning: Warning, Failed to find object 'Class None.None'
[0477.04] Log: Requesting purchase of itemId (8134) amount (1)
[0529.55] Log: AttachToOwner - Socket (CSO_FX_Origin_01) not found in owner mesh or its parent! (3903 to TgDeployable_Chaac_Num1Axe_16)
[0529.85] ScriptWarning: Accessed None 'm_Num2TweenCylinder'
	TgPawn_Chaac joust_v2_p.TheWorld:PersistentLevel.TgPawn_Chaac_0
	Function TgGame.TgPawn_Chaac:EndTween:0121
[0541.79] Log: AttachToOwner - Socket (CSO_FX_Origin_01) not found in owner mesh or its parent! (3903 to TgDeployable_Chaac_Num1Axe_17)
[0553.25] Log: AttachToOwner - Socket (CSO_FX_Waist_01) not found in owner mesh or its parent! (6078 to TgDeployable_Medusa_Statue_3)
[0553.55] Log: PUSHING Accolade: , local: false
[0554.25] Log: AttachToOwner - Socket (CSO_FX_Origin_01) not found in owner mesh or its parent! (3903 to TgDeployable_Chaac_Num1Axe_18)
[0563.05] Log: Chat[3]: StefanRomanu a lancé un vote de reddition.  Tapez /surrender (F6) pour voter OUI, /nosurrender (F7) pour voter NON.
[0564.34] Log: AttachToOwner - Socket (CSO_FX_Origin_01) not found in owner mesh or its parent! (3903 to TgDeployable_Chaac_Num1Axe_19)
[0564.59] Log: PUSHING Accolade: DrkKnight a tué un joueur !, local: false
[0564.76] Log: Chat[3]: [VVP] S'il-vous plaît ?
[0568.45] Log: AttachToOwner - Socket (CSO_FX_Waist_01) not found in owner mesh or its parent! (6078 to TgDeployable_Medusa_Statue_4)
[0568.68] Log: Chat[3]: [VVP] S'il-vous plaît ?
[0570.94] Log: Chat[3]: [VVP] S'il-vous plaît ?
[0571.06] Log: Chat[9]: Vous avez voté CONTRE la reddition.
[0572.13] Log: Chat[3]: [VVP] S'il-vous plaît ?
[0572.91] Log: Chat[3]: [VVP] S'il-vous plaît ?
[0579.50] Log: Requesting purchase of itemId (10203) amount (1)
[0588.35] Log: Chat[3]: [VVN] Non !
[0597.84] Log: Chat[3]: YEA WIN !!!
[0601.35] Log: Chat[3]: [VEW] Woohoo !
[0623.01] Log: Chat[3]: Votre équipe a refusé de capituler (1 contre 1) !
[0627.26] Log: AttachToOwner - Socket (CSO_FX_Origin_01) not found in owner mesh or its parent! (3903 to TgDeployable_Chaac_Num1Axe_20)
[0630.01] Log: PUSHING Accolade: , local: false
[0638.96] Log: AttachToOwner - Socket (CSO_FX_Origin_01) not found in owner mesh or its parent! (3903 to TgDeployable_Chaac_Num1Axe_21)
[0652.85] Log: AttachToOwner - Socket (CSO_FX_Origin_01) not found in owner mesh or its parent! (3903 to TgDeployable_Chaac_Num1Axe_22)
[0654.19] ScriptWarning: Accessed None 'm_Num2TweenCylinder'
	TgPawn_Chaac joust_v2_p.TheWorld:PersistentLevel.TgPawn_Chaac_0
	Function TgGame.TgPawn_Chaac:EndTween:0121
[0662.12] Log: PUSHING Accolade: , local: false
[0670.37] Log: Requesting purchase of itemId (9469) amount (1)
[0672.55] Log: Requesting purchase of itemId (8134) amount (1)
[0672.71] Log: Requesting purchase of itemId (8134) amount (1)
[0696.26] Log: AttachToOwner - Socket (CSO_FX_Origin_01) not found in owner mesh or its parent! (3903 to TgDeployable_Chaac_Num1Axe_23)
[0737.15] Log: Chat[3]: [VRR] Reculez !
[0740.04] Log: Chat[3]: [VVN] Non !
[0742.80] Log: Chat[3]: [VVY] Oui !
[0746.34] Log: PUSHING Accolade: Ezekkiel est DIVIN (x9) !, local: false
[0748.78] Log: Chat[3]: [VVN] Non !
[0753.74] Log: AttachToOwner - Socket (CSO_FX_Origin_01) not found in owner mesh or its parent! (3903 to TgDeployable_Chaac_Num1Axe_24)
[0765.45] Log: AttachToOwner - Socket (CSO_FX_Origin_01) not found in owner mesh or its parent! (3903 to TgDeployable_Chaac_Num1Axe_25)
[0778.00] Log: AttachToOwner - Socket (CSO_FX_Origin_01) not found in owner mesh or its parent! (3903 to TgDeployable_Chaac_Num1Axe_26)
[0786.19] Log: PUSHING Accolade: , local: false
[0787.69] Log: PUSHING Accolade: ASSISTÉ, local: true
[0789.20] Log: Expiring Accolade: 
[0789.20] Log: PUSHING Accolade: StefanRomanu a fait un doublé !, local: false
[0790.70] Log: PUSHING Accolade: ASSISTÉ, local: true
[0800.73] Log: PUSHING Accolade: , local: false
[0813.47] Log: Requesting purchase of itemId (9496) amount (1)
[0817.38] Log: Requesting purchase of itemId (8134) amount (1)
[0817.52] Log: Requesting purchase of itemId (8134) amount (1)
[0817.70] Log: Requesting purchase of itemId (8134) amount (1)
[0822.51] Warning: Warning, Failed to load 'Class None.None': Failed to find object 'Class None.None'
[0822.51] Warning: Warning, Failed to find object 'Class None.None'
[0843.51] Log: AttachToOwner - Socket (CSO_FX_Origin_01) not found in owner mesh or its parent! (3903 to TgDeployable_Chaac_Num1Axe_27)
[0853.94] Log: AttachToOwner - Socket (CSO_FX_Origin_01) not found in owner mesh or its parent! (3903 to TgDeployable_Chaac_Num1Axe_28)
[0865.35] Log: AttachToOwner - Socket (CSO_FX_Origin_01) not found in owner mesh or its parent! (3903 to TgDeployable_Chaac_Num1Axe_29)
[0871.11] Log: PUSHING Accolade: , local: false
[0872.63] Log: PUSHING Accolade: ASSISTÉ, local: true
[0886.75] Log: Requesting purchase of itemId (9497) amount (1)
[0889.06] Log: Requesting purchase of itemId (8134) amount (1)
[0893.00] Log: Requesting purchase of itemId (9025) amount (1)
[0933.80] Log: AttachToOwner - Socket (CSO_FX_Origin_01) not found in owner mesh or its parent! (3903 to TgDeployable_Chaac_Num1Axe_30)
[0948.20] Log: AttachToOwner - Socket (CSO_FX_Origin_01) not found in owner mesh or its parent! (3903 to TgDeployable_Chaac_Num1Axe_31)
[0961.45] Log: PUSHING Accolade: , local: false
[0962.96] Log: Expiring Accolade: 
[0962.96] Log: PUSHING Accolade: Fullife a fait un doublé !, local: false
[0964.10] Log: ---- UpdateClanData
[0964.26] Log: ---- UpdateClanData
[0964.46] Log: PUSHING Accolade: ASSISTÉ, local: true
[0965.98] Log: Expiring Accolade: ASSISTÉ
[0976.89] Log: PUSHING Accolade: Ezekkiel EST IMMORTEL ! (x11), local: false
[0976.99] Log: ---- UpdateClanData
[0982.45] Log: ---- UpdateClanData
[0984.45] Log: Requesting purchase of itemId (8711) amount (1)
[0986.93] Log: Requesting purchase of itemId (9003) amount (1)
[1022.08] Log: PUSHING Accolade: Fullife fait une tuerie ! (x3), local: false
[1022.08] Log: Suppressing Accolade: Fullife a stoppé Ezekkiel dans son élan
[1023.59] Log: PUSHING Accolade: ASSISTÉ, local: true
[1031.54] Log: AttachToOwner - Socket (CSO_FX_Origin_01) not found in owner mesh or its parent! (3903 to TgDeployable_Chaac_Num1Axe_32)
[1047.25] Log: PUSHING Accolade: , local: false
[1047.84] Log: AttachToOwner - Socket (CSO_FX_Origin_01) not found in owner mesh or its parent! (3903 to TgDeployable_Chaac_Num1Axe_33)
[1048.76] Log: PUSHING Accolade: ASSISTÉ, local: true
[1058.60] Log: AttachToOwner - Socket (CSO_FX_Origin_01) not found in owner mesh or its parent! (3903 to TgDeployable_Chaac_Num1Axe_34)
[1084.19] Log: Chat[3]: [VA1] Attaquez à gauche !
[1085.79] Log: Chat[3]: [VA1] Attaquez à gauche !
[1086.61] Log: AttachToOwner - Socket (CSO_FX_Origin_01) not found in owner mesh or its parent! (3903 to TgDeployable_Chaac_Num1Axe_35)
[1101.85] Log: AttachToOwner - Socket (CSO_FX_Origin_01) not found in owner mesh or its parent! (3903 to TgDeployable_Chaac_Num1Axe_36)
[1104.45] Log: PUSHING Accolade: , local: false
[1115.03] Log: Requesting purchase of itemId (8712) amount (1)
[1116.55] Log: Requesting purchase of itemId (8134) amount (1)
[1116.87] Log: AttachToOwner - Socket (CSO_FX_Origin_01) not found in owner mesh or its parent! (3903 to TgDeployable_Chaac_Num1Axe_37)
[1126.45] Log: Chat[3]: [VVGG] Belle partie !
[1127.34] Log: Chat[3]: [VVVG] On se regroupe !
[1128.70] Log: Chat[3]: [VVVG] On se regroupe !
[1130.05] Log: Chat[3]: [VEW] Woohoo !
[1137.78] Log: ---- UpdateClanData
[1137.78] Log: ---- UpdateClanData
[1142.94] Log: RequestingChannelMembers ch[3] [StefanRomanu a quitté la discussion.]
[1142.94] Log: RequestingChannelMembers ch[3] [Fullife a quitté la discussion.]
[1142.94] DevNet: URL: Adding default option Team=255
[1142.94] Log: ReceiveChangeMap: mapGameId 1447
[1142.94] Log: ---- UpdateClanData
[1142.94] Log: ---- UpdateClanData
[1142.95] DevNet: URL: Adding default option Team=255
[1142.95] DevNet: Browse: LobbyMap?game=TgClient.TgGameLaunch?GameState=OGS_NoSession?GameMode=0?name=Player?Team=255
[1143.65] Log: LoadMap: LobbyMap?game=TgClient.TgGameLaunch?GameState=OGS_NoSession?GameMode=0?name=Player?Team=255
[1143.77] NetComeGo: Close PComNetDriver_0 PComNetConn_0 37.48.125.69:9141 07/24/15 22:25:02
[1143.88] Exit: PComNetDriver_0 shut down
[1144.18] Log: Map Game ID = 0
[1144.18] Log: Map Instance ID = 127768375
[1144.20] Log: Performance: Critical section Lock/Unlock 24 nsec
[1144.20] Log: Performance:  appCycles 10 nsec
[1144.25] Log: Performance:  memCopy per KB 237 nsec
[1144.28] Log: Performance:  memZero per KB 144 nsec
[1144.30] Log: Performance:  appInterlockedIncrement 13 nsec
[1144.30] Log: Performance:  GetTickCount 4 nsec
[1144.30] Log: Game class is 'TgGameLaunch'
[1144.30] TgSLO: Async Load: GodSkins_Portraits_and_Icons
[1144.30] Log: Flushing async loaders.
[1144.34] TgSLO: Finish Load: GodSkins_Portraits_and_Icons
[1144.34] Log: Flushed async loaders.
[1144.39] Log: Primary PhysX scene will be in software.
[1144.39] Log: Creating Primary PhysX Scene.
[1144.39] Log: *** WARNING - PATHS MAY NOT BE VALID ***
[1144.39] Log: Bringing World lobbymap.TheWorld up for play (0) at 2015.07.24-22.25.03
[1144.39] Log: Skipping initialization of FSMPartPool!
[1144.46] Log: Bringing up level for play took: 0.125948
[1145.43] TgSLO: Async Load: GOD_Ares
[1145.43] TgSLO: Async Load: GOD_Ares_Lobby
[1145.43] TgSLO: Async Load: FX_Ares
[1145.43] Log: Flushing async loaders.
[1145.55] TgSLO: Finish Load: GOD_Ares
[1145.62] TgSLO: Finish Load: GOD_Ares_Lobby
[1145.64] TgSLO: Finish Load: FX_Ares
[1145.64] Log: Flushed async loaders.
[1145.65] Log: ########### Finished loading level: 1.992597 seconds
[1145.69] Log: Flushing async loaders.
[1145.85] Log: Flushed async loaders.
[1145.85] Log: RequestingChannelMembers ch[8] [kimicol a rejoint la discussion.]
[1146.55] Warning: Warning, Failed to load 'Font None.Arial Unicode MS': Failed to find object 'Font None.Arial Unicode MS'
[1146.56] Warning: Warning, Failed to load 'Font None.Arial Unicode MS': Failed to find object 'Font None.Arial Unicode MS'
[1148.31] Log: RequestingChannelMembers ch[8] [DrkKnight a rejoint la discussion.]
[1149.67] Log: RequestingChannelMembers ch[8] [StefanRomanu a rejoint la discussion.]
[1150.08] Log: RequestingChannelMembers ch[8] [Fullife a rejoint la discussion.]
[1155.99] Log: RequestingChannelMembers ch[8] [DrkKnight a quitté la discussion.]
[1156.43] Log: RequestingChannelMembers ch[8] [Mistaylin a quitté la discussion.]
[1163.30] Log: RequestingChannelMembers ch[8] [StefanRomanu a quitté la discussion.]
[1166.64] Log: Chat[8]: dat neith^^
[1203.38] Log: ERROR: Attempting to log in without settings.
[1212.85] Log: Closing by request
[1212.85] Log: appRequestExit(0)
[1212.85] Log: TgAIBehaviorTreeManager :: De-allocating 47 behavior trees
[1213.86] Exit: Preparing to exit.
[1214.22] Exit: Game engine shut down
[1214.35] Exit: Windows client shut down
[1214.39] Exit: XAudio2 Device shut down.
[1214.69] Exit: Object subsystem successfully closed.
[1216.20] Log: >>>>>>>>>>>>>>>>>> ResubmitMCTSEvent PLAYER_LOGOFF
[1216.36] Log: >>>>>>>>>>>>>>>>>> ResubmitMCTSEvent PLAYER_LOGOFF
[1216.36] Log: Shutting down FaceFX...
[1216.36] Log: FaceFX shutdown.
[1216.61] Exit: Exiting.
