[0000.17] Log: Async Log file open, 07/27/15 21:20:31
[0000.17] Init: WinSock: version 1.1 (2.2), MaxSocks=32767, MaxUdp=65467
[0000.17] Log:  ... running in INSTALLED mode
[0000.17] DevConfig: GConfig::Find has loaded file:  ..\..\Engine\Config\ConsoleVariables.ini
[0000.17] Init: Version: 10897
[0000.17] Init: Epic Internal: 0
[0000.17] Init: Compiled (32-bit): Jul 17 2015 18:53:29
[0000.17] Init: Changelist: 1532151
[0000.17] Init: Game is version 2.10.2868.0.
[0000.17] Init: Command line: -PGUID=f217e716-f401-4696-a0ce-3be9da5b0821  -host=             -host2              -seekfreeloading   -LANGUAGE=FRA -cnmg=722572235221232283217320732184229424642625200623 -cnmg2=722672285222232783257324732084299421642435279524 -ASYNCTICK=FALSE -user=kimicol -epass=0318D48EB4424BC8453F77F6B393B2828309272591535BDEF1EF5A8AA7644D2A -HiCommand -HEXX=5A1B16FB
[0000.17] Init: Base directory: C:\Program Files (x86)\Hi-Rez Studios\HiRezGames\smite\binaries\Win32\
[0000.17] Init: Computer: PC-ARTHUR
[0000.17] Init: User: Arthur
[0000.17] Init: CPU Page size=4096, Processors=4, Cores=2
[0000.17] Init: High frequency timer resolution =2.240910 MHz
[0000.17] Init: Memory total: Physical=3.8GB (3GB approx) Pagefile=7.7GB Virtual=4.0GB
[0000.25] DevOnline: Initializing MCTS
[0000.25] Init: Presizing for 60000 objects not considered by GC, pre-allocating 0 bytes.
[0000.25] Init: Object subsystem initialized
[0000.25] Log: Overriding lang INT w/ command-line option of FRA
[0000.30] Log: TgAIBehaviorTreeManager :: Loading behavior trees
[0000.31] Log: TgAIBehaviorTreeManager :: Successfully loaded behavior trees
[0000.31] Log: ShadowPatch: Error -pid should be passed on command line.
[0000.53] Log: AsyncTickTasks DISABLED at startup
[0000.54] Log: SystemSettings based on: SystemSettings
[0000.54] Log: SystemSettings based on: SystemSettings
[0000.54] Log: SystemSettings based on: SystemSettings
[0000.54] Log: SystemSettings based on: SystemSettings
[0000.55] Log: SystemSettings based on: SystemSettings
[0001.09] Log: Found D3D11 adapter 0: Intel(R) HD Graphics Family
[0001.09] Log: Adapter has 1020MB of dedicated video memory, 0MB of dedicated system memory, and 1933MB of shared system memory
[0001.11] Log: Shader platform (RHI): PC-D3D-SM3
[0001.14] Log: PhysX GPU Support: DISABLED
[0002.15] Log: Assembly Loaded Version: DBExport: 07/17/2015 17:51:11,  Src=devsql.hirezcorp.com:smite_live_build, LangSrc=devsql.hirezcorp.com:smite_translations,
[0013.91] Log: Skipping adding Package OnlineSubsystemMcts to NetPackages
[0014.60] Log: 118075 objects as part of root set at end of initial load.
[0014.60] Log: 0 out of 0 bytes used by permanent object pool.
[0014.60] Log: Initializing Engine...
[0017.25] ScriptWarning: Script call stack:
	Function Engine.GameViewportClient:Init

	TgGameViewportClient Transient.TgGameEngine_0:TgGameViewportClient_0
	Function Engine.GameViewportClient:Init:0025
[0017.25] ScriptWarning: Assertion failed, line 672
	TgGameViewportClient Transient.TgGameEngine_0:TgGameViewportClient_0
	Function Engine.GameViewportClient:Init:0025
[0017.30] Warning: Warning, Failed to load 'SwfMovie None.Logos': Failed to find object 'SwfMovie None.Logos'
[0017.30] Log: GFx attempted to load missing object [Logos]
[0017.30] Warning: Warning, Failed to load 'Class None.': Failed to find object 'Class None.'
[0017.30] Warning: Warning, Failed to find object 'Class None.'
[0017.30] Warning: Warning, Failed to load 'Class None.': Failed to find object 'Class None.'
[0017.30] Warning: Warning, Failed to find object 'Class None.'
[0017.30] Warning: Warning, Failed to load 'Class None.': Failed to find object 'Class None.'
[0017.30] Warning: Warning, Failed to find object 'Class None.'
[0017.30] Warning: Warning, Failed to load 'Class None.': Failed to find object 'Class None.'
[0017.30] Warning: Warning, Failed to find object 'Class None.'
[0017.30] DevNet: Browse: lobbymap?Name=Player?Team=255?DefaultCharacter=TgGame.TgCharacter
[0017.33] Log: LoadMap: lobbymap?Name=Player?Team=255?DefaultCharacter=TgGame.TgCharacter
[0018.19] Log: Map Game ID = 0
[0018.19] Log: Map Instance ID = 128024849
[0018.21] Log: Performance: Critical section Lock/Unlock 24 nsec
[0018.22] Log: Performance:  appCycles 11 nsec
[0018.26] Log: Performance:  memCopy per KB 212 nsec
[0018.29] Log: Performance:  memZero per KB 136 nsec
[0018.30] Log: Performance:  appInterlockedIncrement 13 nsec
[0018.31] Log: Performance:  GetTickCount 4 nsec
[0018.31] Log: Game class is 'TgGameLaunch'
[0018.31] TgSLO: Async Load: GodSkins_Portraits_and_Icons
[0018.31] Log: Flushing async loaders.
[0019.23] TgSLO: Finish Load: GodSkins_Portraits_and_Icons
[0019.23] Log: Flushed async loaders.
[0019.26] Log: Primary PhysX scene will be in software.
[0019.26] Log: Creating Primary PhysX Scene.
[0019.26] Log: *** WARNING - PATHS MAY NOT BE VALID ***
[0019.26] Log: Bringing World lobbymap.TheWorld up for play (0) at 2015.07.27-21.20.50
[0019.26] Log: Skipping initialization of FSMPartPool!
[0019.98] Log: Bringing up level for play took: 0.746279
[0028.67] Warning: Warning, Failed to load 'Font None.ArialUnicode': Failed to find object 'Font None.ArialUnicode'
[0028.67] Warning: Warning, Failed to load 'Font None.ArialUnicode': Failed to find object 'Font None.ArialUnicode'
[0028.82] Log: GFx attempted to load missing object [UDKFrontEnd.udk_ime]
[0029.50] Log: ########### Finished loading level: 12.168455 seconds
[0029.65] Log: Flushing async loaders.
[0030.31] Log: Flushed async loaders.
[0030.31] Log: Initializing Engine Completed
[0030.31] Log: >>>>>>>>>>>>>> Initial startup: 30.31s <<<<<<<<<<<<<<<
[0030.31] Log: Browser user data directory is C:\ProgramData\Hi-Rez Studios\BrowserCache\Battle
[0030.33] Log: WebFactory created
[0033.79] Log: Login Success: kimicol
[0034.45] Error: Failed to read file '..\..\BattleGame\LandingPanel\BootyChest.jpg' error ()
[0034.45] Error: Failed to read file '..\..\BattleGame\LandingPanel\UltimateGodPack.jpg' error ()
[0034.45] Error: Failed to read file '..\..\BattleGame\LandingPanel\esportsseasonticket.jpg' error ()
[0034.45] Error: Failed to read file '..\..\BattleGame\LandingPanel\DrSylvanusa.jpg' error ()
[0034.45] Error: Failed to read file '..\..\BattleGame\LandingPanel\esportsseasonticketSkinNew.jpg' error ()
[0034.45] Error: Failed to read file '..\..\BattleGame\LandingPanel\HBundle.jpg' error ()
[0034.45] Error: Failed to read file '..\..\BattleGame\LandingPanel\esportschest2030.jpg' error ()
[0034.45] Error: Failed to read file '..\..\BattleGame\LandingPanel\BizzyBCupid4.jpg' error ()
[0034.45] Error: Failed to read file '..\..\BattleGame\LandingPanel\PirateKali.jpg' error ()
[0034.45] Error: Failed to read file '..\..\BattleGame\LandingPanel\HercHunkulese.jpg' error ()
[0034.45] Error: Failed to read file '..\..\BattleGame\LandingPanel\NewGodRavana.jpg' error ()
[0034.45] Error: Failed to read file '..\..\BattleGame\LandingPanel\HeavenlyWarlord223.jpg' error ()
[0034.45] Error: Failed to read file '..\..\BattleGame\LandingPanel\TyrantRavana.jpg' error ()
[0034.45] Error: Failed to read file '..\..\BattleGame\LandingPanel\GodPackTest234.jpg' error ()
[0034.45] Error: Failed to read file '..\..\BattleGame\LandingPanel\GodPackTest234_thumb.jpg' error ()
[0034.45] Error: Failed to read file '..\..\BattleGame\LandingPanel\esportschest200.jpg' error ()
[0034.45] Error: Failed to read file '..\..\BattleGame\LandingPanel\esportschest200_thumb.jpg' error ()
[0034.45] Error: Failed to read file '..\..\BattleGame\LandingPanel\NewBundle.jpg' error ()
[0034.45] Error: Failed to read file '..\..\BattleGame\LandingPanel\NewBundle_thumb.jpg' error ()
[0034.45] Error: Failed to read file '..\..\BattleGame\LandingPanel\Loki.jpg' error ()
[0034.45] Error: Failed to read file '..\..\BattleGame\LandingPanel\Loki_thumb.jpg' error ()
[0034.45] Error: Failed to read file '..\..\BattleGame\LandingPanel\Madscientist.jpg' error ()
[0034.45] Error: Failed to read file '..\..\BattleGame\LandingPanel\Madscientist_thumb.jpg' error ()
[0034.45] Error: Failed to read file '..\..\BattleGame\LandingPanel\SoS.jpg' error ()
[0034.45] Error: Failed to read file '..\..\BattleGame\LandingPanel\SoS_thumb.jpg' error ()
[0034.51] Log: Team/Instance chat routed to Instance Server.
[0034.52] Log: Chat[9]: Appuyez sur ENTRÉE pour accéder à la discussion.
[0034.52] Log: RequestingChannelMembers ch[1] [kimicol a rejoint la discussion.]
[0035.42] Warning: Warning, Failed to load 'Font None.Arial Unicode MS': Failed to find object 'Font None.Arial Unicode MS'
[0071.60] Log: Chat[1]: Statut du clan : Tiny42SH
[0071.60] Log: ---- UpdateClanData
[0087.26] Log: Closing by request
[0087.26] Log: appRequestExit(0)
[0087.27] Log: TgAIBehaviorTreeManager :: De-allocating 47 behavior trees
[0087.92] Exit: Preparing to exit.
[0088.24] Exit: Game engine shut down
[0088.32] Exit: Windows client shut down
[0088.33] Exit: XAudio2 Device shut down.
[0088.61] Exit: Object subsystem successfully closed.
[0090.15] Log: >>>>>>>>>>>>>>>>>> ResubmitMCTSEvent PLAYER_LOGOFF
[0090.31] Log: >>>>>>>>>>>>>>>>>> ResubmitMCTSEvent PLAYER_LOGOFF
[0090.36] Log: Shutting down FaceFX...
[0090.36] Log: FaceFX shutdown.
[0090.62] Exit: Exiting.
