[0001.86] Log: Async Log file open, 07/07/15 19:41:49
[0001.87] Init: WinSock: version 1.1 (2.2), MaxSocks=32767, MaxUdp=65467
[0001.87] Log:  ... running in INSTALLED mode
[0001.87] DevConfig: GConfig::Find has loaded file:  ..\..\Engine\Config\ConsoleVariables.ini
[0001.87] Init: Version: 10897
[0001.87] Init: Epic Internal: 0
[0001.87] Init: Compiled (32-bit): Jul  1 2015 15:24:24
[0001.87] Init: Changelist: 1532151
[0001.87] Init: Game is version 2.9.2834.0.
[0001.87] Init: Command line: -PGUID=f217e716-f401-4696-a0ce-3be9da5b0821  -host=             -host2              -seekfreeloading   -LANGUAGE=FRA -cnmg=722172295228232983297326732384269429642325231624 -cnmg2=722972245225232883267328732384259420642225268528 -ASYNCTICK=FALSE -HiCommand -HEXX=1865B695
[0001.87] Init: Base directory: C:\Program Files (x86)\Hi-Rez Studios\HiRezGames\smite\binaries\Win32\
[0001.91] Log: Deleting old log file Launch-backup-2015.06.23-19.27.51.log
[0002.04] Init: Computer: PC-ARTHUR
[0002.04] Init: User: Arthur
[0002.04] Init: CPU Page size=4096, Processors=4, Cores=2
[0002.04] Init: High frequency timer resolution =2.240907 MHz
[0002.04] Init: Memory total: Physical=3.8GB (3GB approx) Pagefile=7.7GB Virtual=4.0GB
[0002.47] DevOnline: Initializing MCTS
[0002.47] Init: Presizing for 60000 objects not considered by GC, pre-allocating 0 bytes.
[0002.47] Init: Object subsystem initialized
[0002.47] Log: Overriding lang INT w/ command-line option of FRA
[0006.15] Log: TgAIBehaviorTreeManager :: Loading behavior trees
[0006.16] Log: TgAIBehaviorTreeManager :: Successfully loaded behavior trees
[0006.16] Log: ShadowPatch: Error -pid should be passed on command line.
[0006.38] Log: AsyncTickTasks DISABLED at startup
[0006.45] Log: SystemSettings based on: SystemSettings
[0006.46] Log: SystemSettings based on: SystemSettings
[0006.46] Log: SystemSettings based on: SystemSettings
[0006.46] Log: SystemSettings based on: SystemSettings
[0006.46] Log: SystemSettings based on: SystemSettings
[0007.03] Log: Found D3D11 adapter 0: Intel(R) HD Graphics Family
[0007.03] Log: Adapter has 1020MB of dedicated video memory, 0MB of dedicated system memory, and 1933MB of shared system memory
[0007.05] Log: Shader platform (RHI): PC-D3D-SM3
[0007.22] Log: PhysX GPU Support: DISABLED
[0008.61] Log: Assembly Loaded Version: DBExport: 07/01/2015 14:35:21,  Src=devsql.hirezcorp.com:smite_live_build, LangSrc=devsql.hirezcorp.com:smite_translations,
[0027.24] Log: Skipping adding Package OnlineSubsystemMcts to NetPackages
[0028.00] Log: 117462 objects as part of root set at end of initial load.
[0028.00] Log: 0 out of 0 bytes used by permanent object pool.
[0028.00] Log: Initializing Engine...
[0029.26] ScriptWarning: Script call stack:
	Function Engine.GameViewportClient:Init

	TgGameViewportClient Transient.TgGameEngine_0:TgGameViewportClient_0
	Function Engine.GameViewportClient:Init:0025
[0029.26] ScriptWarning: Assertion failed, line 672
	TgGameViewportClient Transient.TgGameEngine_0:TgGameViewportClient_0
	Function Engine.GameViewportClient:Init:0025
[0029.30] Warning: Warning, Failed to load 'SwfMovie None.Logos': Failed to find object 'SwfMovie None.Logos'
[0029.30] Log: GFx attempted to load missing object [Logos]
[0029.30] Warning: Warning, Failed to load 'Class None.': Failed to find object 'Class None.'
[0029.30] Warning: Warning, Failed to find object 'Class None.'
[0029.30] Warning: Warning, Failed to load 'Class None.': Failed to find object 'Class None.'
[0029.30] Warning: Warning, Failed to find object 'Class None.'
[0029.30] Warning: Warning, Failed to load 'Class None.': Failed to find object 'Class None.'
[0029.30] Warning: Warning, Failed to find object 'Class None.'
[0029.30] Warning: Warning, Failed to load 'Class None.': Failed to find object 'Class None.'
[0029.30] Warning: Warning, Failed to find object 'Class None.'
[0029.30] DevNet: Browse: lobbymap?Name=Player?Team=255?DefaultCharacter=TgGame.TgCharacter
[0029.30] Log: LoadMap: lobbymap?Name=Player?Team=255?DefaultCharacter=TgGame.TgCharacter
[0029.56] Log: Map Game ID = 0
[0029.56] Log: Map Instance ID = 126290936
[0029.59] Log: Performance: Critical section Lock/Unlock 24 nsec
[0029.59] Log: Performance:  appCycles 12 nsec
[0029.66] Log: Performance:  memCopy per KB 361 nsec
[0029.70] Log: Performance:  memZero per KB 183 nsec
[0029.71] Log: Performance:  appInterlockedIncrement 10 nsec
[0029.71] Log: Performance:  GetTickCount 4 nsec
[0029.71] Log: Game class is 'TgGameLaunch'
[0029.72] TgSLO: Async Load: GodSkins_Portraits_and_Icons
[0029.72] Log: Flushing async loaders.
[0029.85] TgSLO: Finish Load: GodSkins_Portraits_and_Icons
[0029.85] Log: Flushed async loaders.
[0029.89] Log: Primary PhysX scene will be in software.
[0029.89] Log: Creating Primary PhysX Scene.
[0030.03] Log: *** WARNING - PATHS MAY NOT BE VALID ***
[0030.03] Log: Bringing World lobbymap.TheWorld up for play (0) at 2015.07.07-19.42.17
[0030.03] Log: Skipping initialization of FSMPartPool!
[0030.41] Log: Bringing up level for play took: 0.546815
[0039.54] Warning: Warning, Failed to load 'Font None.ArialUnicode': Failed to find object 'Font None.ArialUnicode'
[0039.54] Warning: Warning, Failed to load 'Font None.ArialUnicode': Failed to find object 'Font None.ArialUnicode'
[0039.69] Log: GFx attempted to load missing object [UDKFrontEnd.udk_ime]
[0040.79] Log: ########### Finished loading level: 11.484036 seconds
[0040.93] Log: Flushing async loaders.
[0041.13] Log: Flushed async loaders.
[0041.13] Log: Initializing Engine Completed
[0041.13] Log: >>>>>>>>>>>>>> Initial startup: 41.13s <<<<<<<<<<<<<<<
[0041.13] Log: Browser user data directory is C:\ProgramData\Hi-Rez Studios\BrowserCache\Battle
[0041.81] Log: WebFactory created
[0055.69] Log: Login Success: kimicol
[0055.96] Error: Failed to read file '..\..\BattleGame\LandingPanel\UltimateGodPack.jpg' error ()
[0055.96] Error: Failed to read file '..\..\BattleGame\LandingPanel\Ravana.jpg' error ()
[0055.96] Error: Failed to read file '..\..\BattleGame\LandingPanel\SquidwardFeaturedStore.jpg' error ()
[0055.96] Error: Failed to read file '..\..\BattleGame\LandingPanel\esportsseasonticketSkinNew.jpg' error ()
[0055.96] Error: Failed to read file '..\..\BattleGame\LandingPanel\UncleSamChest22.jpg' error ()
[0055.96] Error: Failed to read file '..\..\BattleGame\LandingPanel\AoKuangSkinDragonKing.jpg' error ()
[0056.10] Error: Failed to read file '..\..\BattleGame\LandingPanel\MadameNoxLowerStore.jpg' error ()
[0056.10] Error: Failed to read file '..\..\BattleGame\LandingPanel\HeavenlyWarlord223.jpg' error ()
[0056.10] Error: Failed to read file '..\..\BattleGame\LandingPanel\TyrantRavana.jpg' error ()
[0056.10] Error: Failed to read file '..\..\BattleGame\LandingPanel\GodPackTest234.jpg' error ()
[0056.10] Error: Failed to read file '..\..\BattleGame\LandingPanel\GodPackTest234_thumb.jpg' error ()
[0056.10] Error: Failed to read file '..\..\BattleGame\LandingPanel\SizzyBSummerOfSmite22.jpg' error ()
[0056.10] Error: Failed to read file '..\..\BattleGame\LandingPanel\SizzyBSummerOfSmite22_thumb.jpg' error ()
[0056.10] Error: Failed to read file '..\..\BattleGame\LandingPanel\ReferAFriend22.jpg' error ()
[0056.22] Error: Failed to read file '..\..\BattleGame\LandingPanel\Ravana.jpg' error ()
[0056.78] Log: Team/Instance chat routed to Instance Server.
[0056.78] Log: Chat[9]: Appuyez sur ENTRÉE pour accéder à la discussion.
[0056.78] Log: RequestingChannelMembers ch[1] [kimicol a rejoint la discussion.]
[0058.13] Warning: Warning, Failed to load 'Font None.Arial Unicode MS': Failed to find object 'Font None.Arial Unicode MS'
[0083.04] Log: Chat[1]: Statut du clan : Tiny42SH
[0083.04] Log: ---- UpdateClanData
[0090.00] Log: ---- UpdateClanData
[0099.73] Log: Closing by request
[0099.73] Log: appRequestExit(0)
[0099.73] Log: TgAIBehaviorTreeManager :: De-allocating 47 behavior trees
[0100.79] Exit: Preparing to exit.
[0101.12] Exit: Game engine shut down
[0101.20] Exit: Windows client shut down
[0101.21] Exit: XAudio2 Device shut down.
[0101.53] Exit: Object subsystem successfully closed.
[0103.03] Log: >>>>>>>>>>>>>>>>>> ResubmitMCTSEvent PLAYER_LOGOFF
[0103.26] Log: >>>>>>>>>>>>>>>>>> ResubmitMCTSEvent PLAYER_LOGOFF
[0103.30] Log: Shutting down FaceFX...
[0103.30] Log: FaceFX shutdown.
[0103.51] Exit: Exiting.
