[0000.25] Log: Async Log file open, 07/25/15 22:22:15
[0000.25] Init: WinSock: version 1.1 (2.2), MaxSocks=32767, MaxUdp=65467
[0000.25] Log:  ... running in INSTALLED mode
[0000.25] DevConfig: GConfig::Find has loaded file:  ..\..\Engine\Config\ConsoleVariables.ini
[0000.25] Init: Version: 10897
[0000.25] Init: Epic Internal: 0
[0000.25] Init: Compiled (32-bit): Jul 17 2015 18:53:29
[0000.25] Init: Changelist: 1532151
[0000.25] Init: Game is version 2.10.2868.0.
[0000.25] Init: Command line: -PGUID=f217e716-f401-4696-a0ce-3be9da5b0821  -host=             -host2              -seekfreeloading   -LANGUAGE=FRA -cnmg=722672245224232083267322732684279426642525271625 -cnmg2=722172255228232183207326732684209429642525225527 -ASYNCTICK=FALSE -user=kimicol -epass=0318D48EB4424BC8453F77F6B393B2828309272591535BDEF1EF5A8AA7644D2A -HiCommand -HEXX=7E7855BF
[0000.25] Init: Base directory: C:\Program Files (x86)\Hi-Rez Studios\HiRezGames\smite\binaries\Win32\
[0000.34] Init: Computer: PC-ARTHUR
[0000.34] Init: User: Arthur
[0000.34] Init: CPU Page size=4096, Processors=4, Cores=2
[0000.34] Init: High frequency timer resolution =2.240904 MHz
[0000.34] Init: Memory total: Physical=3.8GB (3GB approx) Pagefile=7.7GB Virtual=4.0GB
[0000.42] DevOnline: Initializing MCTS
[0000.42] Init: Presizing for 60000 objects not considered by GC, pre-allocating 0 bytes.
[0000.42] Init: Object subsystem initialized
[0000.42] Log: Overriding lang INT w/ command-line option of FRA
[0000.47] Log: TgAIBehaviorTreeManager :: Loading behavior trees
[0000.48] Log: TgAIBehaviorTreeManager :: Successfully loaded behavior trees
[0000.48] Log: ShadowPatch: Error -pid should be passed on command line.
[0000.77] Log: AsyncTickTasks DISABLED at startup
[0000.79] Log: SystemSettings based on: SystemSettings
[0000.79] Log: SystemSettings based on: SystemSettings
[0000.79] Log: SystemSettings based on: SystemSettings
[0000.79] Log: SystemSettings based on: SystemSettings
[0000.79] Log: SystemSettings based on: SystemSettings
[0001.39] Log: Found D3D11 adapter 0: Intel(R) HD Graphics Family
[0001.39] Log: Adapter has 1020MB of dedicated video memory, 0MB of dedicated system memory, and 1933MB of shared system memory
[0001.42] Log: Shader platform (RHI): PC-D3D-SM3
[0001.45] Log: PhysX GPU Support: DISABLED
[0002.80] Log: Assembly Loaded Version: DBExport: 07/17/2015 17:51:11,  Src=devsql.hirezcorp.com:smite_live_build, LangSrc=devsql.hirezcorp.com:smite_translations,
[0022.47] Log: Skipping adding Package OnlineSubsystemMcts to NetPackages
[0023.39] Log: 118075 objects as part of root set at end of initial load.
[0023.39] Log: 0 out of 0 bytes used by permanent object pool.
[0023.39] Log: Initializing Engine...
[0025.37] ScriptWarning: Script call stack:
	Function Engine.GameViewportClient:Init

	TgGameViewportClient Transient.TgGameEngine_0:TgGameViewportClient_0
	Function Engine.GameViewportClient:Init:0025
[0025.37] ScriptWarning: Assertion failed, line 672
	TgGameViewportClient Transient.TgGameEngine_0:TgGameViewportClient_0
	Function Engine.GameViewportClient:Init:0025
[0025.44] Warning: Warning, Failed to load 'SwfMovie None.Logos': Failed to find object 'SwfMovie None.Logos'
[0025.45] Log: GFx attempted to load missing object [Logos]
[0025.45] Warning: Warning, Failed to load 'Class None.': Failed to find object 'Class None.'
[0025.45] Warning: Warning, Failed to find object 'Class None.'
[0025.45] Warning: Warning, Failed to load 'Class None.': Failed to find object 'Class None.'
[0025.45] Warning: Warning, Failed to find object 'Class None.'
[0025.45] Warning: Warning, Failed to load 'Class None.': Failed to find object 'Class None.'
[0025.45] Warning: Warning, Failed to find object 'Class None.'
[0025.45] Warning: Warning, Failed to load 'Class None.': Failed to find object 'Class None.'
[0025.45] Warning: Warning, Failed to find object 'Class None.'
[0025.47] DevNet: Browse: lobbymap?Name=Player?Team=255?DefaultCharacter=TgGame.TgCharacter
[0025.48] Log: LoadMap: lobbymap?Name=Player?Team=255?DefaultCharacter=TgGame.TgCharacter
[0026.65] Log: Map Game ID = 0
[0026.65] Log: Map Instance ID = 127855762
[0026.67] Log: Performance: Critical section Lock/Unlock 24 nsec
[0026.67] Log: Performance:  appCycles 10 nsec
[0026.81] Log: Performance:  memCopy per KB 644 nsec
[0026.84] Log: Performance:  memZero per KB 152 nsec
[0026.85] Log: Performance:  appInterlockedIncrement 10 nsec
[0026.85] Log: Performance:  GetTickCount 4 nsec
[0026.85] Log: Game class is 'TgGameLaunch'
[0026.89] TgSLO: Async Load: GodSkins_Portraits_and_Icons
[0026.89] Log: Flushing async loaders.
[0027.21] TgSLO: Finish Load: GodSkins_Portraits_and_Icons
[0027.21] Log: Flushed async loaders.
[0027.25] Log: Primary PhysX scene will be in software.
[0027.25] Log: Creating Primary PhysX Scene.
[0027.30] Log: *** WARNING - PATHS MAY NOT BE VALID ***
[0027.30] Log: Bringing World lobbymap.TheWorld up for play (0) at 2015.07.25-22.22.42
[0027.30] Log: Skipping initialization of FSMPartPool!
[0027.61] Log: Bringing up level for play took: 0.381501
[0038.75] Warning: Warning, Failed to load 'Font None.ArialUnicode': Failed to find object 'Font None.ArialUnicode'
[0038.75] Warning: Warning, Failed to load 'Font None.ArialUnicode': Failed to find object 'Font None.ArialUnicode'
[0039.35] Log: GFx attempted to load missing object [UDKFrontEnd.udk_ime]
[0041.40] Log: ########### Finished loading level: 15.921505 seconds
[0042.32] Log: Flushing async loaders.
[0043.54] Log: Flushed async loaders.
[0043.54] Log: Initializing Engine Completed
[0043.54] Log: >>>>>>>>>>>>>> Initial startup: 43.54s <<<<<<<<<<<<<<<
[0043.54] Log: Browser user data directory is C:\ProgramData\Hi-Rez Studios\BrowserCache\Battle
[0043.62] Log: WebFactory created
[0048.30] Log: Login Success: kimicol
[0048.77] Error: Failed to read file '..\..\BattleGame\LandingPanel\BootyChest.jpg' error ()
[0048.77] Error: Failed to read file '..\..\BattleGame\LandingPanel\UltimateGodPack.jpg' error ()
[0048.77] Error: Failed to read file '..\..\BattleGame\LandingPanel\esportsseasonticket.jpg' error ()
[0048.77] Error: Failed to read file '..\..\BattleGame\LandingPanel\DrSylvanusa.jpg' error ()
[0048.77] Error: Failed to read file '..\..\BattleGame\LandingPanel\esportsseasonticketSkinNew.jpg' error ()
[0048.77] Error: Failed to read file '..\..\BattleGame\LandingPanel\HBundle.jpg' error ()
[0048.77] Error: Failed to read file '..\..\BattleGame\LandingPanel\esportschest2030.jpg' error ()
[0048.77] Error: Failed to read file '..\..\BattleGame\LandingPanel\BizzyBCupid4.jpg' error ()
[0048.77] Error: Failed to read file '..\..\BattleGame\LandingPanel\PirateKali.jpg' error ()
[0048.77] Error: Failed to read file '..\..\BattleGame\LandingPanel\HercHunkulese.jpg' error ()
[0048.77] Error: Failed to read file '..\..\BattleGame\LandingPanel\NewGodRavana.jpg' error ()
[0048.77] Error: Failed to read file '..\..\BattleGame\LandingPanel\HeavenlyWarlord223.jpg' error ()
[0048.77] Error: Failed to read file '..\..\BattleGame\LandingPanel\TyrantRavana.jpg' error ()
[0048.77] Error: Failed to read file '..\..\BattleGame\LandingPanel\GodPackTest234.jpg' error ()
[0048.77] Error: Failed to read file '..\..\BattleGame\LandingPanel\GodPackTest234_thumb.jpg' error ()
[0048.77] Error: Failed to read file '..\..\BattleGame\LandingPanel\LANSummer22.jpg' error ()
[0048.77] Error: Failed to read file '..\..\BattleGame\LandingPanel\LANSummer22_thumb.jpg' error ()
[0048.77] Error: Failed to read file '..\..\BattleGame\LandingPanel\esportschest200.jpg' error ()
[0048.77] Error: Failed to read file '..\..\BattleGame\LandingPanel\esportschest200_thumb.jpg' error ()
[0048.77] Error: Failed to read file '..\..\BattleGame\LandingPanel\NewBundle.jpg' error ()
[0048.77] Error: Failed to read file '..\..\BattleGame\LandingPanel\NewBundle_thumb.jpg' error ()
[0048.77] Error: Failed to read file '..\..\BattleGame\LandingPanel\Loki.jpg' error ()
[0048.77] Error: Failed to read file '..\..\BattleGame\LandingPanel\Loki_thumb.jpg' error ()
[0048.77] Error: Failed to read file '..\..\BattleGame\LandingPanel\Madscientist.jpg' error ()
[0048.77] Error: Failed to read file '..\..\BattleGame\LandingPanel\Madscientist_thumb.jpg' error ()
[0048.88] Log: Team/Instance chat routed to Instance Server.
[0048.88] Log: Chat[9]: Appuyez sur ENTRÉE pour accéder à la discussion.
[0048.88] Log: RequestingChannelMembers ch[1] [kimicol a rejoint la discussion.]
[0049.88] Warning: Warning, Failed to load 'Font None.Arial Unicode MS': Failed to find object 'Font None.Arial Unicode MS'
[0085.12] Log: Chat[1]: Statut du clan : Tiny42SH
[0085.12] Log: ---- UpdateClanData
[0124.85] Log: ---- UpdateClanData
[0125.08] Log: ---- UpdateClanData
[0125.45] Log: GFx attempted to load missing object [MenuManager.undefined]
[0230.86] Log: Closing by request
[0230.86] Log: appRequestExit(0)
[0230.86] Log: TgAIBehaviorTreeManager :: De-allocating 47 behavior trees
[0232.17] Exit: Preparing to exit.
[0232.53] Exit: Game engine shut down
[0232.65] Exit: Windows client shut down
[0232.66] Exit: XAudio2 Device shut down.
[0232.94] Exit: Object subsystem successfully closed.
[0234.48] Log: >>>>>>>>>>>>>>>>>> ResubmitMCTSEvent PLAYER_LOGOFF
[0234.48] Log: >>>>>>>>>>>>>>>>>> ResubmitMCTSEvent PLAYER_LOGOFF
[0234.55] Log: Shutting down FaceFX...
[0234.55] Log: FaceFX shutdown.
[0234.78] Exit: Exiting.
