[0000.30] Log: Async Log file open, 06/23/15 19:12:09
[0000.30] Init: WinSock: version 1.1 (2.2), MaxSocks=32767, MaxUdp=65467
[0000.30] Log:  ... running in INSTALLED mode
[0000.30] DevConfig: GConfig::Find has loaded file:  ..\..\Engine\Config\ConsoleVariables.ini
[0000.30] Init: Version: 10897
[0000.30] Init: Epic Internal: 0
[0000.30] Init: Compiled (32-bit): Jun 17 2015 19:43:54
[0000.30] Init: Changelist: 1532151
[0000.30] Init: Game is version 2.8.2808.0.
[0000.30] Init: Command line: -PGUID=f217e716-f401-4696-a0ce-3be9da5b0821  -host=             -host2              -seekfreeloading   -LANGUAGE=FRA -cnmg=722072265220232283297325732284259422642625237525 -cnmg2=72207221522723268321732673218420942264227528 -ASYNCTICK=FALSE -HiCommand -HEXX=583709C3
[0000.30] Init: Base directory: C:\Program Files (x86)\Hi-Rez Studios\HiRezGames\smite\binaries\Win32\
[0000.40] Init: Computer: PC-ARTHUR
[0000.40] Init: User: Arthur
[0000.40] Init: CPU Page size=4096, Processors=4, Cores=2
[0000.40] Init: High frequency timer resolution =2.240908 MHz
[0000.40] Init: Memory total: Physical=3.8GB (3GB approx) Pagefile=7.7GB Virtual=4.0GB
[0000.47] DevOnline: Initializing MCTS
[0000.47] Init: Presizing for 60000 objects not considered by GC, pre-allocating 0 bytes.
[0000.47] Init: Object subsystem initialized
[0000.47] Log: Overriding lang INT w/ command-line option of FRA
[0003.71] Log: TgAIBehaviorTreeManager :: Loading behavior trees
[0003.72] Log: TgAIBehaviorTreeManager :: Successfully loaded behavior trees
[0003.72] Log: ShadowPatch: Error -pid should be passed on command line.
[0003.83] Log: AsyncTickTasks DISABLED at startup
[0003.86] Log: SystemSettings based on: SystemSettings
[0003.86] Log: SystemSettings based on: SystemSettings
[0003.86] Log: SystemSettings based on: SystemSettings
[0003.87] Log: SystemSettings based on: SystemSettings
[0003.87] Log: SystemSettings based on: SystemSettings
[0004.48] Log: Found D3D11 adapter 0: Intel(R) HD Graphics Family
[0004.48] Log: Adapter has 1020MB of dedicated video memory, 0MB of dedicated system memory, and 1933MB of shared system memory
[0004.63] Log: Shader platform (RHI): PC-D3D-SM3
[0004.72] Log: PhysX GPU Support: DISABLED
[0006.24] Log: Assembly Loaded Version: DBExport: 06/17/2015 19:03:54,  Src=devsql.hirezcorp.com:smite_live_build, LangSrc=devsql.hirezcorp.com:smite_translations,
[0031.03] Log: Skipping adding Package OnlineSubsystemMcts to NetPackages
[0031.80] Log: 116989 objects as part of root set at end of initial load.
[0031.80] Log: 0 out of 0 bytes used by permanent object pool.
[0031.80] Log: Initializing Engine...
[0034.19] ScriptWarning: Script call stack:
	Function Engine.GameViewportClient:Init

	TgGameViewportClient Transient.TgGameEngine_0:TgGameViewportClient_0
	Function Engine.GameViewportClient:Init:0025
[0034.19] ScriptWarning: Assertion failed, line 672
	TgGameViewportClient Transient.TgGameEngine_0:TgGameViewportClient_0
	Function Engine.GameViewportClient:Init:0025
[0034.26] Warning: Warning, Failed to load 'SwfMovie None.Logos': Failed to find object 'SwfMovie None.Logos'
[0034.26] Log: GFx attempted to load missing object [Logos]
[0034.26] Warning: Warning, Failed to load 'Class None.': Failed to find object 'Class None.'
[0034.26] Warning: Warning, Failed to find object 'Class None.'
[0034.26] Warning: Warning, Failed to load 'Class None.': Failed to find object 'Class None.'
[0034.26] Warning: Warning, Failed to find object 'Class None.'
[0034.26] Warning: Warning, Failed to load 'Class None.': Failed to find object 'Class None.'
[0034.26] Warning: Warning, Failed to find object 'Class None.'
[0034.26] Warning: Warning, Failed to load 'Class None.': Failed to find object 'Class None.'
[0034.26] Warning: Warning, Failed to find object 'Class None.'
[0034.27] DevNet: Browse: lobbymap?Name=Player?Team=255?DefaultCharacter=TgGame.TgCharacter
[0034.28] Log: LoadMap: lobbymap?Name=Player?Team=255?DefaultCharacter=TgGame.TgCharacter
[0035.14] Log: Map Game ID = 0
[0035.14] Log: Map Instance ID = 125079564
[0035.16] Log: Performance: Critical section Lock/Unlock 24 nsec
[0035.18] Log: Performance:  appCycles 16 nsec
[0035.22] Log: Performance:  memCopy per KB 243 nsec
[0035.26] Log: Performance:  memZero per KB 167 nsec
[0035.27] Log: Performance:  appInterlockedIncrement 10 nsec
[0035.28] Log: Performance:  GetTickCount 4 nsec
[0035.28] Log: Game class is 'TgGameLaunch'
[0035.30] TgSLO: Async Load: GodSkins_Portraits_and_Icons
[0035.30] Log: Flushing async loaders.
[0037.11] TgSLO: Finish Load: GodSkins_Portraits_and_Icons
[0037.11] Log: Flushed async loaders.
[0037.17] Log: Primary PhysX scene will be in software.
[0037.17] Log: Creating Primary PhysX Scene.
[0037.27] Log: *** WARNING - PATHS MAY NOT BE VALID ***
[0037.27] Log: Bringing World lobbymap.TheWorld up for play (0) at 2015.06.23-19.12.46
[0037.28] Log: Skipping initialization of FSMPartPool!
[0038.15] Log: Bringing up level for play took: 1.032671
[0046.21] Warning: Warning, Failed to load 'Font None.ArialUnicode': Failed to find object 'Font None.ArialUnicode'
[0046.21] Warning: Warning, Failed to load 'Font None.ArialUnicode': Failed to find object 'Font None.ArialUnicode'
[0046.45] Log: GFx attempted to load missing object [UDKFrontEnd.udk_ime]
[0047.69] Log: ########### Finished loading level: 13.406132 seconds
[0047.90] Log: Flushing async loaders.
[0048.22] Log: Flushed async loaders.
[0048.22] Log: Initializing Engine Completed
[0048.22] Log: >>>>>>>>>>>>>> Initial startup: 48.22s <<<<<<<<<<<<<<<
[0048.22] Log: Browser user data directory is C:\ProgramData\Hi-Rez Studios\BrowserCache\Battle
[0048.32] Log: WebFactory created
[0049.71] Log: FKAggregateGeom::InstanceNovodexGeom: () Cannot 3D-Scale rigid-body primitives (sphere, box, sphyl).
[0049.71] Log: URB_BodyInstance::InitBody : Could not create new Shape: 
[0064.19] Log: Login Success: kimicol
[0066.65] Error: Failed to read file '..\..\BattleGame\LandingPanel\c9chest2.jpg' error ()
[0066.65] Error: Failed to read file '..\..\BattleGame\LandingPanel\GodPackTest22.jpg' error ()
[0066.65] Error: Failed to read file '..\..\BattleGame\LandingPanel\MadameNox2.jpg' error ()
[0066.65] Error: Failed to read file '..\..\BattleGame\LandingPanel\BizzyBeeCupid2.jpg' error ()
[0066.65] Error: Failed to read file '..\..\BattleGame\LandingPanel\esportsseasonticket.jpg' error ()
[0066.65] Error: Failed to read file '..\..\BattleGame\LandingPanel\KhaliSkin.jpg' error ()
[0066.65] Error: Failed to read file '..\..\BattleGame\LandingPanel\HeavenlyWarlord.jpg' error ()
[0066.65] Error: Failed to read file '..\..\BattleGame\LandingPanel\FnaticChest.jpg' error ()
[0066.65] Error: Failed to read file '..\..\BattleGame\LandingPanel\DIG.jpg' error ()
[0066.65] Error: Failed to read file '..\..\BattleGame\LandingPanel\Denial.jpg' error ()
[0066.65] Error: Failed to read file '..\..\BattleGame\LandingPanel\Sharky.jpg' error ()
[0066.65] Error: Failed to read file '..\..\BattleGame\LandingPanel\Hunculese.jpg' error ()
[0066.65] Error: Failed to read file '..\..\BattleGame\LandingPanel\Ratatork.jpg' error ()
[0066.65] Error: Failed to read file '..\..\BattleGame\LandingPanel\GodPackTest.jpg' error ()
[0066.65] Error: Failed to read file '..\..\BattleGame\LandingPanel\GodPackTest_thumb.jpg' error ()
[0066.65] Error: Failed to read file '..\..\BattleGame\LandingPanel\Arena.jpg' error ()
[0066.65] Error: Failed to read file '..\..\BattleGame\LandingPanel\Arena_thumb.jpg' error ()
[0066.65] Error: Failed to read file '..\..\BattleGame\LandingPanel\SizzyBSummerOfSmite.jpg' error ()
[0066.65] Error: Failed to read file '..\..\BattleGame\LandingPanel\SizzyBSummerOfSmite_thumb.jpg' error ()
[0066.65] Error: Failed to read file '..\..\BattleGame\LandingPanel\curse.jpg' error ()
[0066.65] Error: Failed to read file '..\..\BattleGame\LandingPanel\curse_thumb.jpg' error ()
[0066.65] Error: Failed to read file '..\..\BattleGame\LandingPanel\ReferAFriend22.jpg' error ()
[0066.65] Error: Failed to read file '..\..\BattleGame\LandingPanel\ReferAFriend22_thumb.jpg' error ()
[0066.65] Error: Failed to read file '..\..\BattleGame\LandingPanel\Instagram.jpg' error ()
[0066.65] Error: Failed to read file '..\..\BattleGame\LandingPanel\Instagram_thumb.jpg' error ()
[0066.70] Log: Team/Instance chat routed to Instance Server.
[0066.70] Log: Chat[9]: Appuyez sur ENTRÉE pour accéder à la discussion.
[0066.70] Log: RequestingChannelMembers ch[1] [kimicol a rejoint la discussion.]
[0067.58] Warning: Warning, Failed to load 'Font None.Arial Unicode MS': Failed to find object 'Font None.Arial Unicode MS'
[0087.49] Log: Chat[1]: Statut du clan : Tiny42SH
[0087.49] Log: ---- UpdateClanData
[0090.88] Log: ---- UpdateClanData
[0111.33] Log: SendChat[6] on va bientot jouer avec pag si tu veux
[0111.63] Log: Chat[6]: on va bientot jouer avec pag si tu veux
[0165.71] Log: ---- UpdateClanData
[0165.86] Log: ---- UpdateClanData
[0166.02] Log: GFx attempted to load missing object [MenuManager.undefined]
[0309.86] TgSLO: Async Load: GOD_Apollo
[0309.86] TgSLO: Async Load: GOD_Apollo_Lobby
[0309.86] TgSLO: Async Load: FX_Apollo
[0310.32] Warning: Warning, Failed to load 'Class None.None': Failed to find object 'Class None.None'
[0310.32] Warning: Warning, Failed to find object 'Class None.None'
[0310.32] Warning: Warning, Failed to load 'Class None.None': Failed to find object 'Class None.None'
[0310.32] Warning: Warning, Failed to find object 'Class None.None'
[0310.32] Warning: Warning, Failed to load 'Class None.None': Failed to find object 'Class None.None'
[0310.32] Warning: Warning, Failed to find object 'Class None.None'
[0310.32] Warning: Warning, Failed to load 'Class None.None': Failed to find object 'Class None.None'
[0310.32] Warning: Warning, Failed to find object 'Class None.None'
[0310.32] Warning: Warning, Failed to load 'Class None.None': Failed to find object 'Class None.None'
[0310.33] Warning: Warning, Failed to find object 'Class None.None'
[0311.26] TgSLO: Finish Load: GOD_Apollo
[0311.79] TgSLO: Finish Load: GOD_Apollo_Lobby
[0312.26] TgSLO: Finish Load: FX_Apollo
[0315.76] TgSLO: Async Load: GOD_Apollo_Skins
[0315.81] TgSLO: Finish Load: GOD_Apollo_Skins
[0318.74] TgSLO: Async Load: GOD_Apollo_V2_Skin3
[0318.75] TgSLO: Async Load: GOD_Apollo_V2_Skin3_Lobby
[0318.75] TgSLO: Async Load: FX_Apollo_Skin3
[0318.80] TgSLO: Async Load: AnimNotify10233
[0320.18] TgSLO: Finish Load: GOD_Apollo_V2_Skin3
[0320.51] TgSLO: Finish Load: GOD_Apollo_V2_Skin3_Lobby
[0320.90] TgSLO: Finish Load: FX_Apollo_Skin3
[0320.90] TgSLO: Finish Load: AnimNotify10233
[0322.90] Warning: Failed to find notify ScaleInHandDownFast on TgSkeletalMeshActor_Lobby_12 (No_SkeletalMesh)
[0324.13] TgSLO: Async Load: GOD_Apollo
[0324.13] TgSLO: Async Load: GOD_Apollo_Lobby
[0324.13] TgSLO: Async Load: FX_Apollo
[0324.13] TgSLO: Async Load: GOD_Apollo_Skin2
[0324.13] TgSLO: Async Load: FX_Apollo_Skin2
[0324.13] TgSLO: Async Load: AUD_God_Apollo
[0324.13] TgSLO: Async Load: FX_Apollo_Targeting_SKN2
[0324.17] TgSLO: Async Load: AnimNotify10055
[0324.96] TgSLO: Finish Load: GOD_Apollo
[0325.17] TgSLO: Finish Load: GOD_Apollo_Lobby
[0325.60] TgSLO: Finish Load: FX_Apollo
[0325.81] TgSLO: Finish Load: GOD_Apollo_Skin2
[0326.00] TgSLO: Finish Load: FX_Apollo_Skin2
[0326.65] TgSLO: Finish Load: AUD_God_Apollo
[0326.70] TgSLO: Finish Load: FX_Apollo_Targeting_SKN2
[0326.70] TgSLO: Finish Load: AnimNotify10055
[0330.28] TgSLO: Async Load: GOD_Apollo_Skin4
[0330.28] TgSLO: Async Load: FX_Apollo_Skin4
[0330.28] TgSLO: Async Load: FX_Apollo_Targeting_Skin_04
[0330.30] TgSLO: Async Load: AnimNotify10933
[0330.48] TgSLO: Finish Load: GOD_Apollo_Skin4
[0330.73] TgSLO: Finish Load: FX_Apollo_Skin4
[0330.79] TgSLO: Finish Load: FX_Apollo_Targeting_Skin_04
[0330.88] TgSLO: Finish Load: AnimNotify10933
[0334.14] TgSLO: Async Load: GOD_Apollo_Skins
[0334.17] TgSLO: Finish Load: GOD_Apollo_Skins
[0369.04] Warning: Failed to find notify ScaleInHandDownFast on TgSkeletalMeshActor_Lobby_12 (No_SkeletalMesh)
[0403.99] Warning: Failed to find notify ScaleInHandDownFast on TgSkeletalMeshActor_Lobby_12 (No_SkeletalMesh)
[0509.82] TgSLO: Async Load: GOD_Bellona
[0509.83] TgSLO: Async Load: GOD_Bellona_Lobby
[0509.83] TgSLO: Async Load: FX_Bellona
[0512.31] TgSLO: Finish Load: GOD_Bellona
[0513.22] TgSLO: Finish Load: GOD_Bellona_Lobby
[0514.28] TgSLO: Finish Load: FX_Bellona
[0517.34] TgSLO: Async Load: GOD_Bellona_Skin1
[0517.34] TgSLO: Async Load: AUD_God_Ram
[0517.40] TgSLO: Finish Load: GOD_Bellona_Skin1
[0518.18] TgSLO: Finish Load: AUD_God_Ram
[0520.00] TgSLO: Async Load: GOD_Bellona_Skin2
[0520.00] TgSLO: Async Load: GOD_Bellona_Skin2_Lobby
[0520.00] TgSLO: Async Load: FX_Bellona_Targeting_SKIN2
[0520.00] TgSLO: Async Load: FX_Bellona_Skin2
[0520.00] TgSLO: Async Load: AUD_God_Bellona
[0520.04] TgSLO: Async Load: AnimNotify11412
[0520.21] TgSLO: Finish Load: GOD_Bellona_Skin2
[0520.45] TgSLO: Finish Load: GOD_Bellona_Skin2_Lobby
[0520.66] TgSLO: Finish Load: FX_Bellona_Targeting_SKIN2
[0521.29] TgSLO: Finish Load: FX_Bellona_Skin2
[0521.94] TgSLO: Finish Load: AUD_God_Bellona
[0522.00] TgSLO: Finish Load: AnimNotify11412
[0527.44] TgSLO: Async Load: GOD_Bellona_Skins
[0527.44] TgSLO: Async Load: FX_Bellona_Golden
[0527.47] TgSLO: Async Load: AnimNotify11642
[0527.51] TgSLO: Finish Load: GOD_Bellona_Skins
[0527.58] TgSLO: Finish Load: FX_Bellona_Golden
[0527.58] TgSLO: Finish Load: AnimNotify11642
[0654.20] TgSLO: Async Load: GOD_Athena
[0654.23] TgSLO: Async Load: GOD_Athena_Lobby
[0654.23] TgSLO: Async Load: FX_Athena
[0655.60] TgSLO: Finish Load: GOD_Athena
[0656.00] TgSLO: Finish Load: GOD_Athena_Lobby
[0656.70] TgSLO: Finish Load: FX_Athena
[0656.74] Log: AttachToOwner - Socket (CSO_FX_BuffBelt_01) not found in owner mesh or its parent! (2762 to TgSkeletalMeshActor_Lobby_12)
[0660.36] TgSLO: Async Load: GOD_Athena_Skins
[0660.36] TgSLO: Async Load: AUD_God_Athena
[0660.42] TgSLO: Finish Load: GOD_Athena_Skins
[0660.83] TgSLO: Finish Load: AUD_God_Athena
[0660.83] Log: AttachToOwner - Socket (CSO_FX_BuffBelt_01) not found in owner mesh or its parent! (2762 to TgSkeletalMeshActor_Lobby_12)
[0663.26] TgSLO: Async Load: GOD_Athena_Skin2
[0663.26] TgSLO: Async Load: FX_Athena_Skin2
[0663.26] TgSLO: Async Load: FX_Athena_Targeting_Skin2
[0663.28] TgSLO: Async Load: AnimNotify9689
[0663.45] TgSLO: Finish Load: GOD_Athena_Skin2
[0664.05] TgSLO: Finish Load: FX_Athena_Skin2
[0664.20] TgSLO: Finish Load: FX_Athena_Targeting_Skin2
[0664.22] TgSLO: Finish Load: AnimNotify9689
[0664.23] Log: AttachToOwner - Socket (CSO_FX_BuffBelt_01) not found in owner mesh or its parent! (2762 to TgSkeletalMeshActor_Lobby_12)
[0667.47] TgSLO: Async Load: GOD_Athena_Skin4
[0667.47] TgSLO: Async Load: FX_Athena_Skin4
[0667.47] TgSLO: Async Load: AUD_VOX_God_Athena_Skin4
[0667.47] TgSLO: Async Load: FX_Athena_Targeting_Skin4
[0667.47] TgSLO: Async Load: AnimNotify11410
[0667.64] TgSLO: Finish Load: GOD_Athena_Skin4
[0668.11] TgSLO: Finish Load: FX_Athena_Skin4
[0668.49] TgSLO: Finish Load: AUD_VOX_God_Athena_Skin4
[0668.56] TgSLO: Finish Load: FX_Athena_Targeting_Skin4
[0668.60] TgSLO: Finish Load: AnimNotify11410
[0668.60] Log: AttachToOwner - Socket (CSO_FX_BuffBelt_01) not found in owner mesh or its parent! (2762 to TgSkeletalMeshActor_Lobby_12)
[0671.66] TgSLO: Async Load: GOD_Athena_Skin3
[0671.66] TgSLO: Async Load: AnimNotify9690
[0671.88] TgSLO: Finish Load: GOD_Athena_Skin3
[0671.92] TgSLO: Finish Load: AnimNotify9690
[0671.92] Log: AttachToOwner - Socket (CSO_FX_BuffBelt_01) not found in owner mesh or its parent! (2762 to TgSkeletalMeshActor_Lobby_12)
[0747.21] Log: Closing by request
[0747.21] Log: appRequestExit(0)
[0747.22] Log: TgAIBehaviorTreeManager :: De-allocating 47 behavior trees
[0748.12] Exit: Preparing to exit.
[0748.45] Exit: Game engine shut down
[0748.59] Exit: Windows client shut down
[0748.60] Exit: XAudio2 Device shut down.
[0748.98] Exit: Object subsystem successfully closed.
[0750.49] Log: >>>>>>>>>>>>>>>>>> ResubmitMCTSEvent PLAYER_LOGOFF
[0750.62] Log: >>>>>>>>>>>>>>>>>> ResubmitMCTSEvent PLAYER_LOGOFF
[0750.69] Log: Shutting down FaceFX...
[0750.69] Log: FaceFX shutdown.
[0750.91] Exit: Exiting.
