[0000.29] Log: Async Log file open, 06/20/15 11:31:27
[0000.29] Init: WinSock: version 1.1 (2.2), MaxSocks=32767, MaxUdp=65467
[0000.29] Log:  ... running in INSTALLED mode
[0000.29] DevConfig: GConfig::Find has loaded file:  ..\..\Engine\Config\ConsoleVariables.ini
[0000.29] Init: Version: 10897
[0000.29] Init: Epic Internal: 0
[0000.29] Init: Compiled (32-bit): Jun 17 2015 19:43:54
[0000.29] Init: Changelist: 1532151
[0000.29] Init: Game is version 2.8.2808.0.
[0000.29] Init: Command line: -PGUID=f217e716-f401-4696-a0ce-3be9da5b0821  -host=             -host2              -seekfreeloading   -LANGUAGE=FRA -cnmg=722972225228232583227326732084229429642425226521 -cnmg2=722372275224232083227322732084239423642325260629 -ASYNCTICK=FALSE -HiCommand -HEXX=D51AE8FC
[0000.29] Init: Base directory: C:\Program Files (x86)\Hi-Rez Studios\HiRezGames\smite\binaries\Win32\
[0000.40] Init: Computer: PC-ARTHUR
[0000.40] Init: User: Arthur
[0000.40] Init: CPU Page size=4096, Processors=4, Cores=2
[0000.40] Init: High frequency timer resolution =2.240906 MHz
[0000.40] Init: Memory total: Physical=3.8GB (3GB approx) Pagefile=7.7GB Virtual=4.0GB
[0000.50] DevOnline: Initializing MCTS
[0000.50] Init: Presizing for 60000 objects not considered by GC, pre-allocating 0 bytes.
[0000.50] Init: Object subsystem initialized
[0000.50] Log: Overriding lang INT w/ command-line option of FRA
[0002.14] Log: TgAIBehaviorTreeManager :: Loading behavior trees
[0002.15] Log: TgAIBehaviorTreeManager :: Successfully loaded behavior trees
[0002.15] Log: ShadowPatch: Error -pid should be passed on command line.
[0002.38] Log: AsyncTickTasks DISABLED at startup
[0002.67] Log: SystemSettings based on: SystemSettings
[0002.67] Log: SystemSettings based on: SystemSettings
[0002.67] Log: SystemSettings based on: SystemSettings
[0002.68] Log: SystemSettings based on: SystemSettings
[0002.68] Log: SystemSettings based on: SystemSettings
[0003.85] Log: Found D3D11 adapter 0: Intel(R) HD Graphics Family
[0003.85] Log: Adapter has 1020MB of dedicated video memory, 0MB of dedicated system memory, and 1933MB of shared system memory
[0003.92] Log: Shader platform (RHI): PC-D3D-SM3
[0004.03] Log: PhysX GPU Support: DISABLED
[0005.41] Log: Assembly Loaded Version: DBExport: 06/17/2015 19:03:54,  Src=devsql.hirezcorp.com:smite_live_build, LangSrc=devsql.hirezcorp.com:smite_translations,
[0018.48] Log: Skipping adding Package OnlineSubsystemMcts to NetPackages
[0019.19] Log: 116989 objects as part of root set at end of initial load.
[0019.19] Log: 0 out of 0 bytes used by permanent object pool.
[0019.19] Log: Initializing Engine...
[0019.96] ScriptWarning: Script call stack:
	Function Engine.GameViewportClient:Init

	TgGameViewportClient Transient.TgGameEngine_0:TgGameViewportClient_0
	Function Engine.GameViewportClient:Init:0025
[0019.96] ScriptWarning: Assertion failed, line 672
	TgGameViewportClient Transient.TgGameEngine_0:TgGameViewportClient_0
	Function Engine.GameViewportClient:Init:0025
[0019.97] Warning: Warning, Failed to load 'SwfMovie None.Logos': Failed to find object 'SwfMovie None.Logos'
[0019.97] Log: GFx attempted to load missing object [Logos]
[0019.97] Warning: Warning, Failed to load 'Class None.': Failed to find object 'Class None.'
[0019.97] Warning: Warning, Failed to find object 'Class None.'
[0019.97] Warning: Warning, Failed to load 'Class None.': Failed to find object 'Class None.'
[0019.97] Warning: Warning, Failed to find object 'Class None.'
[0019.97] Warning: Warning, Failed to load 'Class None.': Failed to find object 'Class None.'
[0019.97] Warning: Warning, Failed to find object 'Class None.'
[0019.97] Warning: Warning, Failed to load 'Class None.': Failed to find object 'Class None.'
[0019.97] Warning: Warning, Failed to find object 'Class None.'
[0019.97] DevNet: Browse: lobbymap?Name=Player?Team=255?DefaultCharacter=TgGame.TgCharacter
[0019.97] Log: LoadMap: lobbymap?Name=Player?Team=255?DefaultCharacter=TgGame.TgCharacter
[0020.52] Log: Map Game ID = 0
[0020.52] Log: Map Instance ID = 124792707
[0020.55] Log: Performance: Critical section Lock/Unlock 29 nsec
[0020.56] Log: Performance:  appCycles 15 nsec
[0020.62] Log: Performance:  memCopy per KB 323 nsec
[0020.66] Log: Performance:  memZero per KB 178 nsec
[0020.67] Log: Performance:  appInterlockedIncrement 10 nsec
[0020.67] Log: Performance:  GetTickCount 4 nsec
[0020.67] Log: Game class is 'TgGameLaunch'
[0020.67] TgSLO: Async Load: GodSkins_Portraits_and_Icons
[0020.67] Log: Flushing async loaders.
[0020.81] TgSLO: Finish Load: GodSkins_Portraits_and_Icons
[0020.81] Log: Flushed async loaders.
[0020.85] Log: Primary PhysX scene will be in software.
[0020.85] Log: Creating Primary PhysX Scene.
[0020.85] Log: *** WARNING - PATHS MAY NOT BE VALID ***
[0020.85] Log: Bringing World lobbymap.TheWorld up for play (0) at 2015.06.20-11.31.47
[0020.85] Log: Skipping initialization of FSMPartPool!
[0021.02] Log: Bringing up level for play took: 0.201048
[0023.92] Warning: Warning, Failed to load 'Font None.ArialUnicode': Failed to find object 'Font None.ArialUnicode'
[0023.93] Warning: Warning, Failed to load 'Font None.ArialUnicode': Failed to find object 'Font None.ArialUnicode'
[0024.02] Log: GFx attempted to load missing object [UDKFrontEnd.udk_ime]
[0024.67] Log: ########### Finished loading level: 4.700298 seconds
[0024.76] Log: Flushing async loaders.
[0025.00] Log: Flushed async loaders.
[0025.00] Log: Initializing Engine Completed
[0025.00] Log: >>>>>>>>>>>>>> Initial startup: 25.00s <<<<<<<<<<<<<<<
[0025.00] Log: Browser user data directory is C:\ProgramData\Hi-Rez Studios\BrowserCache\Battle
[0025.00] Log: WebFactory created
[0025.62] Log: FKAggregateGeom::InstanceNovodexGeom: () Cannot 3D-Scale rigid-body primitives (sphere, box, sphyl).
[0025.62] Log: URB_BodyInstance::InitBody : Could not create new Shape: 
[0038.09] Log: Login Success: kimicol
[0038.10] Error: Failed to read file '..\..\BattleGame\LandingPanel\c9chest2.jpg' error ()
[0038.10] Error: Failed to read file '..\..\BattleGame\LandingPanel\GodPackTest22.jpg' error ()
[0038.10] Error: Failed to read file '..\..\BattleGame\LandingPanel\MadameNox2.jpg' error ()
[0038.10] Error: Failed to read file '..\..\BattleGame\LandingPanel\FireworksEmote2.jpg' error ()
[0038.10] Error: Failed to read file '..\..\BattleGame\LandingPanel\esportsseasonticket.jpg' error ()
[0038.10] Error: Failed to read file '..\..\BattleGame\LandingPanel\KhaliSkin.jpg' error ()
[0038.10] Error: Failed to read file '..\..\BattleGame\LandingPanel\HeavenlyWarlord.jpg' error ()
[0038.13] Error: Failed to read file '..\..\BattleGame\LandingPanel\GodPackTest.jpg' error ()
[0038.13] Error: Failed to read file '..\..\BattleGame\LandingPanel\GodPackTest_thumb.jpg' error ()
[0038.13] Error: Failed to read file '..\..\BattleGame\LandingPanel\Arena.jpg' error ()
[0038.24] Log: Team/Instance chat routed to Instance Server.
[0038.24] Log: Chat[9]: Appuyez sur ENTRÉE pour accéder à la discussion.
[0038.24] Log: RequestingChannelMembers ch[1] [kimicol a rejoint la discussion.]
[0038.69] Warning: Warning, Failed to load 'Font None.Arial Unicode MS': Failed to find object 'Font None.Arial Unicode MS'
[0056.79] Log: Chat[1]: Statut du clan : Tiny42SH
[0056.79] Log: ---- UpdateClanData
[0063.24] Log: RequestingChannelMembers ch[4] [kimicol a rejoint la discussion.]
[0067.43] Warning: Warning, Failed to load 'Class None.None': Failed to find object 'Class None.None'
[0067.43] Warning: Warning, Failed to find object 'Class None.None'
[0067.43] Warning: Warning, Failed to load 'Class None.None': Failed to find object 'Class None.None'
[0067.43] Warning: Warning, Failed to find object 'Class None.None'
[0067.43] Warning: Warning, Failed to load 'Class None.None': Failed to find object 'Class None.None'
[0067.43] Warning: Warning, Failed to find object 'Class None.None'
[0067.43] Warning: Warning, Failed to load 'Class None.None': Failed to find object 'Class None.None'
[0067.43] Warning: Warning, Failed to find object 'Class None.None'
[0067.43] Warning: Warning, Failed to load 'Class None.None': Failed to find object 'Class None.None'
[0067.43] Warning: Warning, Failed to find object 'Class None.None'
[0076.92] Log: Chat[9]: Vous avez rejoint une file d'attente.
[0077.05] Log: Chat[4]: Namarand a rejoint la file d'attente du groupe.
[0092.91] Log: Chat[1]: Skyxavatar vient de se déconnecter.
[0092.91] Log: ---- UpdateClanData
[0117.06] Log: Chat[4]: Namarand a quitté la file d'attente.
[0159.05] Log: RequestingChannelMembers ch[4] [Yadavac a quitté la discussion.]
[0192.16] TgSLO: Async Load: GOD_Fenrir
[0192.16] TgSLO: Async Load: GOD_Fenrir_Lobby
[0192.16] TgSLO: Async Load: FX_Fenrir
[0194.08] TgSLO: Finish Load: GOD_Fenrir
[0194.45] TgSLO: Finish Load: GOD_Fenrir_Lobby
[0194.88] TgSLO: Finish Load: FX_Fenrir
[0200.78] TgSLO: Async Load: GOD_Fenrir_Skins
[0200.78] TgSLO: Async Load: FX_Fenrir_Skin1
[0200.78] TgSLO: Async Load: GOD_Fenrir_Textures
[0200.78] TgSLO: Async Load: AUD_God_Fenrir
[0200.78] TgSLO: Async Load: FX_Fenrir_Targeting_Skin1
[0200.78] TgSLO: Async Load: AnimNotify8913
[0200.87] TgSLO: Finish Load: GOD_Fenrir_Skins
[0201.04] TgSLO: Finish Load: FX_Fenrir_Skin1
[0201.06] TgSLO: Finish Load: GOD_Fenrir_Textures
[0201.51] TgSLO: Finish Load: AUD_God_Fenrir
[0201.58] TgSLO: Finish Load: FX_Fenrir_Targeting_Skin1
[0201.61] TgSLO: Finish Load: AnimNotify8913
[0204.63] TgSLO: Async Load: GOD_Fenrir_Skin3
[0204.63] TgSLO: Async Load: GOD_Fenrir_Skin3_Lobby
[0204.63] TgSLO: Async Load: FX_Fenrir_Skin3
[0204.63] TgSLO: Async Load: FX_Fenrir_Targeting_Skin3
[0204.63] TgSLO: Async Load: AnimNotify10183
[0204.84] TgSLO: Finish Load: GOD_Fenrir_Skin3
[0204.95] TgSLO: Finish Load: GOD_Fenrir_Skin3_Lobby
[0205.32] TgSLO: Finish Load: FX_Fenrir_Skin3
[0205.46] TgSLO: Finish Load: FX_Fenrir_Targeting_Skin3
[0205.61] TgSLO: Finish Load: AnimNotify10183
[0209.63] TgSLO: Async Load: GOD_Fenrir_Skin2
[0209.63] TgSLO: Async Load: GOD_Fenrir_Skin2_Lobby
[0209.63] TgSLO: Async Load: FX_Fenrir_Skin2
[0209.63] TgSLO: Async Load: FX_Fenrir_Targeting_Skin2
[0209.63] TgSLO: Async Load: AnimNotify9513
[0209.76] TgSLO: Finish Load: GOD_Fenrir_Skin2
[0210.26] TgSLO: Finish Load: GOD_Fenrir_Skin2_Lobby
[0210.57] TgSLO: Finish Load: FX_Fenrir_Skin2
[0210.65] TgSLO: Finish Load: FX_Fenrir_Targeting_Skin2
[0210.67] TgSLO: Finish Load: AnimNotify9513
[0214.06] TgSLO: Async Load: god_fenrir_skin4
[0214.06] TgSLO: Async Load: FX_Fenrir_Skin4
[0214.06] TgSLO: Async Load: FX_Fenrir_Targeting_SKN4
[0214.06] TgSLO: Async Load: AnimNotify10561
[0214.22] TgSLO: Finish Load: god_fenrir_skin4
[0214.60] TgSLO: Finish Load: FX_Fenrir_Skin4
[0214.64] TgSLO: Finish Load: FX_Fenrir_Targeting_SKN4
[0214.71] TgSLO: Finish Load: AnimNotify10561
[0221.57] TgSLO: Async Load: GOD_Fenrir_Skins
[0221.57] TgSLO: Async Load: FX_Fenrir_Gold
[0221.57] TgSLO: Async Load: AnimNotify8940
[0221.61] TgSLO: Finish Load: GOD_Fenrir_Skins
[0221.72] TgSLO: Finish Load: FX_Fenrir_Gold
[0221.75] TgSLO: Finish Load: AnimNotify8940
[0227.35] TgSLO: Async Load: GOD_Fenrir_Skin_Diamond
[0227.35] TgSLO: Async Load: FX_Fenrir_Diamond
[0227.35] TgSLO: Async Load: AnimNotify10344
[0227.43] TgSLO: Finish Load: GOD_Fenrir_Skin_Diamond
[0227.57] TgSLO: Finish Load: FX_Fenrir_Diamond
[0227.59] TgSLO: Finish Load: AnimNotify10344
[0248.34] TgSLO: Async Load: GOD_Fenrir_Skins
[0248.34] TgSLO: Async Load: FX_Fenrir_Skin1
[0248.34] TgSLO: Async Load: GOD_Fenrir_Textures
[0248.34] TgSLO: Async Load: FX_Fenrir_Targeting_Skin1
[0248.34] TgSLO: Async Load: AnimNotify8913
[0248.38] TgSLO: Finish Load: GOD_Fenrir_Skins
[0248.51] TgSLO: Finish Load: FX_Fenrir_Skin1
[0248.55] TgSLO: Finish Load: GOD_Fenrir_Textures
[0248.59] TgSLO: Finish Load: FX_Fenrir_Targeting_Skin1
[0248.60] TgSLO: Finish Load: AnimNotify8913
[0250.37] TgSLO: Async Load: GOD_Fenrir_Skin2
[0250.37] TgSLO: Async Load: GOD_Fenrir_Skin2_Lobby
[0250.37] TgSLO: Async Load: FX_Fenrir_Skin2
[0250.37] TgSLO: Async Load: FX_Fenrir_Targeting_Skin2
[0250.37] TgSLO: Async Load: AnimNotify9513
[0250.45] TgSLO: Finish Load: GOD_Fenrir_Skin2
[0250.60] TgSLO: Finish Load: GOD_Fenrir_Skin2_Lobby
[0250.84] TgSLO: Finish Load: FX_Fenrir_Skin2
[0250.88] TgSLO: Finish Load: FX_Fenrir_Targeting_Skin2
[0250.89] TgSLO: Finish Load: AnimNotify9513
[0252.68] TgSLO: Async Load: GOD_Fenrir_Skin3
[0252.68] TgSLO: Async Load: GOD_Fenrir_Skin3_Lobby
[0252.68] TgSLO: Async Load: FX_Fenrir_Skin3
[0252.68] TgSLO: Async Load: FX_Fenrir_Targeting_Skin3
[0252.68] TgSLO: Async Load: AnimNotify10183
[0252.84] TgSLO: Finish Load: GOD_Fenrir_Skin3
[0252.89] TgSLO: Finish Load: GOD_Fenrir_Skin3_Lobby
[0253.25] TgSLO: Finish Load: FX_Fenrir_Skin3
[0253.31] TgSLO: Finish Load: FX_Fenrir_Targeting_Skin3
[0253.36] TgSLO: Finish Load: AnimNotify10183
[0255.13] TgSLO: Async Load: god_fenrir_skin4
[0255.13] TgSLO: Async Load: FX_Fenrir_Skin4
[0255.13] TgSLO: Async Load: FX_Fenrir_Targeting_SKN4
[0255.13] TgSLO: Async Load: AnimNotify10561
[0255.22] TgSLO: Finish Load: god_fenrir_skin4
[0255.59] TgSLO: Finish Load: FX_Fenrir_Skin4
[0255.63] TgSLO: Finish Load: FX_Fenrir_Targeting_SKN4
[0255.65] TgSLO: Finish Load: AnimNotify10561
[0270.76] TgSLO: Async Load: GOD_Ares
[0270.76] TgSLO: Async Load: GOD_Ares_Lobby
[0270.76] TgSLO: Async Load: FX_Ares
[0272.01] TgSLO: Finish Load: GOD_Ares
[0272.29] TgSLO: Finish Load: GOD_Ares_Lobby
[0272.95] TgSLO: Finish Load: FX_Ares
[0359.71] Log: ---- UpdateClanData
[0359.95] Log: ---- UpdateClanData
[0360.06] Log: GFx attempted to load missing object [MenuManager.undefined]
[0372.53] Log: Chat[9]: Vous avez rejoint une file d'attente.
[0372.53] Log: Chat[4]: Namarand a rejoint la file d'attente du groupe.
[0413.52] Log: RequestingChannelMembers ch[3] [kimicol a rejoint la discussion.]
[0413.52] Log: RequestingChannelMembers ch[3] [Namarand a quitté la discussion.]
[0416.53] Log: RequestingChannelMembers ch[3] [kimicol a rejoint la discussion.]
[0424.05] TgSLO: Async Load: GOD_Agni_V2
[0424.05] TgSLO: Async Load: GOD_Agni_V2_Lobby
[0425.09] TgSLO: Finish Load: GOD_Agni_V2
[0425.49] TgSLO: Finish Load: GOD_Agni_V2_Lobby
[0426.55] TgSLO: Async Load: GOD_Scylla
[0426.55] TgSLO: Async Load: GOD_Scylla_Lobby
[0426.55] TgSLO: Async Load: FX_Scylla
[0426.55] TgSLO: Async Load: GOD_Scylla_Skin3
[0426.55] TgSLO: Async Load: AUD_God_Scylla
[0426.55] TgSLO: Async Load: GOD_Scylla_Skin3_Lobby
[0426.55] TgSLO: Async Load: FX_Scylla_Targeting_Skin3
[0426.55] TgSLO: Async Load: FX_Scylla_Skin3
[0426.55] TgSLO: Async Load: FX_Scylla_Skin2
[0426.55] TgSLO: Async Load: AUD_VOX_God_Scylla_Skin3
[0426.55] TgSLO: Async Load: FX_Scylla_Targeting_Skin2
[0426.55] TgSLO: Async Load: AnimNotify11336
[0428.20] TgSLO: Finish Load: GOD_Scylla
[0428.57] TgSLO: Finish Load: GOD_Scylla_Lobby
[0429.40] TgSLO: Finish Load: FX_Scylla
[0429.56] TgSLO: Finish Load: GOD_Scylla_Skin3
[0430.20] TgSLO: Finish Load: AUD_God_Scylla
[0430.33] TgSLO: Finish Load: GOD_Scylla_Skin3_Lobby
[0430.43] TgSLO: Finish Load: FX_Scylla_Targeting_Skin3
[0431.03] TgSLO: Finish Load: FX_Scylla_Skin3
[0431.80] TgSLO: Finish Load: FX_Scylla_Skin2
[0432.06] TgSLO: Finish Load: AUD_VOX_God_Scylla_Skin3
[0432.11] TgSLO: Finish Load: FX_Scylla_Targeting_Skin2
[0432.11] TgSLO: Finish Load: AnimNotify11336
[0435.22] TgSLO: Async Load: GOD_Nox
[0435.22] TgSLO: Async Load: GOD_Nox_Lobby
[0435.22] TgSLO: Async Load: FX_Nox
[0435.89] TgSLO: Finish Load: GOD_Nox
[0436.29] TgSLO: Finish Load: GOD_Nox_Lobby
[0436.95] TgSLO: Finish Load: FX_Nox
[0453.44] TgSLO: Async Load: GOD_Ymir
[0453.44] TgSLO: Async Load: GOD_Ymir_Lobby
[0453.44] TgSLO: Async Load: FX_Ymir
[0454.69] TgSLO: Finish Load: GOD_Ymir
[0454.90] TgSLO: Finish Load: GOD_Ymir_Lobby
[0455.54] TgSLO: Finish Load: FX_Ymir
[0459.24] TgSLO: Async Load: GOD_Loki
[0459.25] TgSLO: Async Load: GOD_Loki_Lobby
[0459.25] TgSLO: Async Load: FX_Loki
[0460.12] TgSLO: Finish Load: GOD_Loki
[0460.41] TgSLO: Finish Load: GOD_Loki_Lobby
[0460.71] TgSLO: Finish Load: FX_Loki
[0461.24] TgSLO: Async Load: GOD_Bellona
[0461.24] TgSLO: Async Load: GOD_Bellona_Lobby
[0461.24] TgSLO: Async Load: FX_Bellona
[0463.26] TgSLO: Finish Load: GOD_Bellona
[0464.11] TgSLO: Finish Load: GOD_Bellona_Lobby
[0465.00] TgSLO: Finish Load: FX_Bellona
[0471.83] DevNet: URL: Adding default option Team=255
[0471.83] Log: ReceiveChangeMap: mapGameId 1531
[0472.14] DevNet: URL: Adding default option Team=255
[0472.14] DevNet: Browse: 72.251.242.15:9198/lobbymap?GameState=OGS_NoSession?GameMode=0?name=Player?map_instance_id=164077850?Team=255
[0472.14] DevNet: Game client on port 9198, rate 25000
[0472.42] DevNet: Welcomed by server (Level: roman_arena_p, Game: TgGame.TgGame_Arena_Escort)
[0472.60] Log: LoadMap: 72.251.242.15:9198/roman_arena_p?GameState=OGS_NoSession?GameMode=0?name=Player?map_instance_id=164077850?Team=255?game=TgGame.TgGame_Arena_Escort
[0473.05] Log: Map Game ID = 0
[0473.05] Log: Map Instance ID = 124792707
[0473.07] Log: Performance: Critical section Lock/Unlock 24 nsec
[0473.07] Log: Performance:  appCycles 11 nsec
[0473.14] Log: Performance:  memCopy per KB 297 nsec
[0473.18] Log: Performance:  memZero per KB 207 nsec
[0473.19] Log: Performance:  appInterlockedIncrement 11 nsec
[0473.20] Log: Performance:  GetTickCount 5 nsec
[0484.27] TgSLO: Async Load: FX_Store_Items
[0484.27] TgSLO: Async Load: FX_Store_Items_Targeting
[0484.27] TgSLO: Async Load: FX_Status_Effects
[0484.27] TgSLO: Async Load: GOD_CommonMaterialEffects
[0484.27] TgSLO: Async Load: GOD_Common_AT
[0484.27] TgSLO: Async Load: AUD_VOX_Narrator
[0484.27] TgSLO: Async Load: NPC_Ward2
[0484.28] TgSLO: Async Load: FX_Buff_Belts_V2
[0484.28] TgSLO: Async Load: FX_Fist_Of_God_V2
[0484.28] TgSLO: Async Load: GOD_Nox
[0484.28] TgSLO: Async Load: GOD_Nox_Textures
[0484.28] TgSLO: Async Load: FX_Nox
[0484.28] TgSLO: Async Load: AUD_God_Nox
[0484.28] TgSLO: Async Load: GOD_Scylla
[0484.28] TgSLO: Async Load: GOD_Scylla_Textures
[0484.28] TgSLO: Async Load: FX_Scylla
[0484.28] TgSLO: Async Load: AUD_God_Scylla
[0484.28] TgSLO: Async Load: GOD_Scylla_Skin3
[0484.28] TgSLO: Async Load: FX_Scylla_Targeting_Skin3
[0484.28] TgSLO: Async Load: FX_Scylla_Skin3
[0484.28] TgSLO: Async Load: FX_Scylla_Skin2
[0484.28] TgSLO: Async Load: AUD_VOX_God_Scylla_Skin3
[0484.28] TgSLO: Async Load: FX_Scylla_Targeting_Skin2
[0484.28] TgSLO: Async Load: AnimNotify11336
[0484.28] TgSLO: Async Load: GOD_Bellona
[0484.28] TgSLO: Async Load: GOD_Bellona_Textures
[0484.28] TgSLO: Async Load: FX_Bellona
[0484.28] TgSLO: Async Load: AUD_God_Bellona
[0484.28] TgSLO: Async Load: NPC_Ward_Chinese
[0484.28] TgSLO: Async Load: NPC_Ward_BobbleHead_Base
[0484.28] TgSLO: Async Load: NPC_Ward_Eyeballs
[0484.28] TgSLO: Async Load: FX_Common
[0484.28] TgSLO: Async Load: AUD_UI
[0484.28] TgSLO: Async Load: GOD_Ymir
[0484.28] TgSLO: Async Load: GOD_Ymir_Textures
[0484.28] TgSLO: Async Load: FX_Ymir
[0484.28] TgSLO: Async Load: FX_Ymir_Targeting
[0484.28] TgSLO: Async Load: AUD_God_Ymir
[0484.28] TgSLO: Async Load: GOD_Loki
[0484.28] TgSLO: Async Load: GOD_Loki_Textures
[0484.28] TgSLO: Async Load: FX_Loki
[0484.28] TgSLO: Async Load: AUD_God_Loki
[0484.28] TgSLO: Async Load: NPC_Ward_FishBowl
[0484.28] TgSLO: Async Load: GOD_Thanatos
[0484.28] TgSLO: Async Load: GOD_Thanatos_Textures
[0484.28] TgSLO: Async Load: FX_Thanatos
[0484.28] TgSLO: Async Load: AUD_God_Thanatos
[0484.29] TgSLO: Async Load: NPC_Ward_Curse
[0484.29] TgSLO: Async Load: GOD_Vulcan
[0484.29] TgSLO: Async Load: GOD_Vulcan_Textures
[0484.29] TgSLO: Async Load: FX_Vulcan
[0484.29] TgSLO: Async Load: AUD_God_Vulcan
[0484.29] TgSLO: Async Load: GOD_Apollo
[0484.29] TgSLO: Async Load: GOD_Apollo_Textures
[0484.29] TgSLO: Async Load: FX_Apollo
[0484.29] TgSLO: Async Load: AUD_God_Apollo
[0484.29] TgSLO: Async Load: GOD_Apollo_Skin2
[0484.29] TgSLO: Async Load: FX_Apollo_Skin2
[0484.29] TgSLO: Async Load: FX_Apollo_Targeting_SKN2
[0484.29] TgSLO: Async Load: AnimNotify10055
[0484.29] TgSLO: Async Load: GOD_Ymir_Skin2
[0484.29] TgSLO: Async Load: FX_Ymir_Skin1
[0484.29] TgSLO: Async Load: AnimNotify7807
[0484.29] TgSLO: Async Load: FX_Roman_Arena
[0484.29] TgSLO: Async Load: AUD_ENV_Roman_Arena
[0484.29] TgSLO: Async Load: FX_Tower
[0484.29] TgSLO: Async Load: FX_Greek_Tower
[0484.29] TgSLO: Async Load: AUD_Tower
[0484.29] TgSLO: Async Load: NPC_Tower_RA2015a
[0484.29] TgSLO: Async Load: MDL_PseudoMesh
[0484.29] TgSLO: Async Load: NPC_Arena_Basilisk
[0484.29] TgSLO: Async Load: FX_NPC_Arena_Basilisk
[0484.29] TgSLO: Async Load: AUD_NPC_Arena_Basilisk
[0484.29] TgSLO: Async Load: NPC_Arena_Lion
[0484.29] TgSLO: Async Load: FX_NPC_Arena_Lion
[0484.30] TgSLO: Async Load: AUD_NPC_Arena_Lion
[0484.30] TgSLO: Async Load: NPC_Arena_Boar
[0484.30] TgSLO: Async Load: FX_NPC_Arena_Boar
[0484.30] TgSLO: Async Load: AUD_NPC_Arena_Boar
[0484.30] TgSLO: Async Load: NPC_Arena_Minion
[0484.30] TgSLO: Async Load: NPC_Minion_Universal
[0484.30] TgSLO: Async Load: FX_Roman
[0484.30] TgSLO: Async Load: FX_Minion_Death
[0484.30] TgSLO: Async Load: AUD_NPC_RomanArcher
[0484.30] TgSLO: Async Load: AUD_NPC_Olympus
[0484.30] TgSLO: Async Load: NPC_Arena_Brute
[0484.30] TgSLO: Async Load: NPC_Arena_Juggernaut
[0484.30] TgSLO: Async Load: FX_NPC_Arena_Juggernaut
[0484.30] TgSLO: Async Load: AUD_NPC_Arena_Juggernaut
[0484.30] Log: Flushing async loaders.
[0484.39] TgSLO: Finish Load: FX_Store_Items
[0484.44] TgSLO: Finish Load: FX_Store_Items_Targeting
[0484.46] TgSLO: Finish Load: FX_Status_Effects
[0484.49] TgSLO: Finish Load: GOD_CommonMaterialEffects
[0484.49] TgSLO: Finish Load: GOD_Common_AT
[0484.66] TgSLO: Finish Load: AUD_VOX_Narrator
[0484.66] TgSLO: Finish Load: NPC_Ward2
[0484.72] TgSLO: Finish Load: FX_Buff_Belts_V2
[0484.74] TgSLO: Finish Load: FX_Fist_Of_God_V2
[0484.77] TgSLO: Finish Load: GOD_Nox
[0484.78] TgSLO: Finish Load: GOD_Nox_Textures
[0484.83] TgSLO: Finish Load: FX_Nox
[0484.87] TgSLO: Finish Load: AUD_God_Nox
[0485.15] TgSLO: Finish Load: GOD_Scylla
[0485.16] TgSLO: Finish Load: GOD_Scylla_Textures
[0485.20] TgSLO: Finish Load: FX_Scylla
[0485.25] TgSLO: Finish Load: AUD_God_Scylla
[0485.28] TgSLO: Finish Load: GOD_Scylla_Skin3
[0485.30] TgSLO: Finish Load: FX_Scylla_Targeting_Skin3
[0485.35] TgSLO: Finish Load: FX_Scylla_Skin3
[0485.41] TgSLO: Finish Load: FX_Scylla_Skin2
[0485.56] TgSLO: Finish Load: AUD_VOX_God_Scylla_Skin3
[0485.56] TgSLO: Finish Load: FX_Scylla_Targeting_Skin2
[0485.57] TgSLO: Finish Load: AnimNotify11336
[0485.77] TgSLO: Finish Load: GOD_Bellona
[0485.78] TgSLO: Finish Load: GOD_Bellona_Textures
[0485.83] TgSLO: Finish Load: FX_Bellona
[0485.89] TgSLO: Finish Load: AUD_God_Bellona
[0485.96] TgSLO: Finish Load: NPC_Ward_Chinese
[0485.96] TgSLO: Finish Load: NPC_Ward_BobbleHead_Base
[0486.10] TgSLO: Finish Load: NPC_Ward_Eyeballs
[0486.19] TgSLO: Finish Load: FX_Common
[0486.24] TgSLO: Finish Load: AUD_UI
[0486.41] TgSLO: Finish Load: GOD_Ymir
[0486.41] TgSLO: Finish Load: GOD_Ymir_Textures
[0486.47] TgSLO: Finish Load: FX_Ymir
[0486.51] TgSLO: Finish Load: FX_Ymir_Targeting
[0486.71] TgSLO: Finish Load: AUD_God_Ymir
[0486.82] TgSLO: Finish Load: GOD_Loki
[0486.85] TgSLO: Finish Load: GOD_Loki_Textures
[0486.87] TgSLO: Finish Load: FX_Loki
[0486.91] TgSLO: Finish Load: AUD_God_Loki
[0487.04] TgSLO: Finish Load: NPC_Ward_FishBowl
[0487.55] TgSLO: Finish Load: GOD_Thanatos
[0487.55] TgSLO: Finish Load: GOD_Thanatos_Textures
[0487.62] TgSLO: Finish Load: FX_Thanatos
[0487.74] TgSLO: Finish Load: AUD_God_Thanatos
[0487.80] TgSLO: Finish Load: NPC_Ward_Curse
[0488.28] TgSLO: Finish Load: GOD_Vulcan
[0488.29] TgSLO: Finish Load: GOD_Vulcan_Textures
[0488.39] TgSLO: Finish Load: FX_Vulcan
[0488.47] TgSLO: Finish Load: AUD_God_Vulcan
[0488.95] TgSLO: Finish Load: GOD_Apollo
[0488.95] TgSLO: Finish Load: GOD_Apollo_Textures
[0488.99] TgSLO: Finish Load: FX_Apollo
[0489.06] TgSLO: Finish Load: AUD_God_Apollo
[0489.14] TgSLO: Finish Load: GOD_Apollo_Skin2
[0489.17] TgSLO: Finish Load: FX_Apollo_Skin2
[0489.20] TgSLO: Finish Load: FX_Apollo_Targeting_SKN2
[0489.22] TgSLO: Finish Load: AnimNotify10055
[0489.30] TgSLO: Finish Load: GOD_Ymir_Skin2
[0489.35] TgSLO: Finish Load: FX_Ymir_Skin1
[0489.38] TgSLO: Finish Load: AnimNotify7807
[0489.55] TgSLO: Finish Load: FX_Roman_Arena
[0489.63] TgSLO: Finish Load: AUD_ENV_Roman_Arena
[0489.67] TgSLO: Finish Load: FX_Tower
[0489.77] TgSLO: Finish Load: FX_Greek_Tower
[0489.88] TgSLO: Finish Load: AUD_Tower
[0489.89] TgSLO: Finish Load: NPC_Tower_RA2015a
[0489.91] TgSLO: Finish Load: MDL_PseudoMesh
[0490.19] TgSLO: Finish Load: NPC_Arena_Basilisk
[0490.20] TgSLO: Finish Load: FX_NPC_Arena_Basilisk
[0490.29] TgSLO: Finish Load: AUD_NPC_Arena_Basilisk
[0490.53] TgSLO: Finish Load: NPC_Arena_Lion
[0490.56] TgSLO: Finish Load: FX_NPC_Arena_Lion
[0490.60] TgSLO: Finish Load: AUD_NPC_Arena_Lion
[0490.93] TgSLO: Finish Load: NPC_Arena_Boar
[0490.94] TgSLO: Finish Load: FX_NPC_Arena_Boar
[0490.99] TgSLO: Finish Load: AUD_NPC_Arena_Boar
[0491.17] TgSLO: Finish Load: NPC_Arena_Minion
[0491.29] TgSLO: Finish Load: NPC_Minion_Universal
[0491.34] TgSLO: Finish Load: FX_Roman
[0491.35] TgSLO: Finish Load: FX_Minion_Death
[0491.41] TgSLO: Finish Load: AUD_NPC_RomanArcher
[0491.42] TgSLO: Finish Load: AUD_NPC_Olympus
[0491.47] TgSLO: Finish Load: NPC_Arena_Brute
[0491.68] TgSLO: Finish Load: NPC_Arena_Juggernaut
[0491.71] TgSLO: Finish Load: FX_NPC_Arena_Juggernaut
[0491.73] TgSLO: Finish Load: AUD_NPC_Arena_Juggernaut
[0491.73] Log: Flushed async loaders.
[0491.74] Log: Primary PhysX scene will be in software.
[0491.74] Log: Creating Primary PhysX Scene.
[0491.76] Log: *** WARNING - PATHS MAY NOT BE VALID ***
[0491.77] Log: Bringing World roman_arena_p.TheWorld up for play (595) at 2015.06.20-11.39.38
[0491.77] Log: Skipping initialization of FSMPartPool!
[0491.77] Log: Bringing up level for play took: 0.041915
[0491.77] Warning: Warning, Failed to load 'Class None.': Failed to find object 'Class None.'
[0491.77] Warning: Warning, Failed to find object 'Class None.'
[0491.77] Log: PlayerController class for the pending level is PlayerController
[0491.77] Log: ########### Finished loading level: 19.170433 seconds
[0491.77] Log: Flushing async loaders.
[0492.74] Log: Flushed async loaders.
[0492.85] DevNet: TgPlayerController_1 setplayer TgLocalPlayer_0
[0493.47] Log: ---- UpdateClanData
[0493.47] Log: AttachToOwner - Socket (FX_ORIGIN_Origin) not found in owner mesh or its parent! (2702 to NONE)
[0493.47] Log: AttachToOwner - Socket (FX_ORIGIN_Origin) not found in owner mesh or its parent! (2702 to NONE)
[0493.47] Log: AttachToOwner - Socket (CSO_FX_Origin_01) not found in owner mesh or its parent! (2958 to NONE)
[0493.47] Log: AttachToOwner - Socket (FX_ORIGIN_Origin) not found in owner mesh or its parent! (2702 to NONE)
[0493.48] Log: AttachToOwner - Socket (FX_ORIGIN_Origin) not found in owner mesh or its parent! (2702 to NONE)
[0493.48] Log: AttachToOwner - Socket (FX_ORIGIN_Origin) not found in owner mesh or its parent! (2702 to NONE)
[0493.48] Log: TeamIndex 1 has new leader: 3006595
[0493.48] Log: AttachToOwner - Socket (FX_ORIGIN_Origin) not found in owner mesh or its parent! (2702 to NONE)
[0493.49] Log: AttachToOwner - Socket (FX_ORIGIN_Origin) not found in owner mesh or its parent! (2702 to NONE)
[0493.49] Log: AttachToOwner - Socket (CSO_FX_Origin_01) not found in owner mesh or its parent! (2958 to NONE)
[0493.56] Log: AttachToOwner - Socket (FX_ORIGIN_Origin) not found in owner mesh or its parent! (2702 to NONE)
[0493.56] Log: AttachToOwner - Socket (FX_ORIGIN_Origin) not found in owner mesh or its parent! (2702 to NONE)
[0493.57] Log: TeamIndex 2 has new leader: 6812012
[0493.57] Warning: Warning, Failed to load 'ParticleSystem FX_Nox.Particles.FX_Darkness_Pulse_B': Failed to find object 'ParticleSystem FX_Nox.Particles.FX_Darkness_Pulse_B'
[0493.57] Log: AttachToOwner - Socket (FX_ORIGIN_Origin) not found in owner mesh or its parent! (2702 to NONE)
[0493.58] Warning: Warning, Failed to load 'ParticleSystem FX_Nox.Particles.FX_Passive_Active': Failed to find object 'ParticleSystem FX_Nox.Particles.FX_Passive_Active'
[0493.59] Log: AttachToOwner - Socket (CSO_FX_Origin_01) not found in owner mesh or its parent! (2958 to NONE)
[0493.59] Log: AttachToOwner - Socket (CSO_FX_Origin_01) not found in owner mesh or its parent! (2958 to NONE)
[0493.59] Log: Activated roman_arena_assist 1 1 0
[0493.59] Log: ActivateLevel roman_arena_assist 1 1 0
[0496.72] Log: ---- UpdateClanData
[0524.17] Warning: Warning, Failed to load 'Texture None.blah': Failed to find object 'Texture None.blah'
[0526.65] Log: TeamIndex 1 has new leader: 6609504
[0540.82] Log: Requesting purchase of itemId (10044) amount (1)
[0571.01] Log: PlayCustomAnim HitReaction_FromFront_Ranged_02, CustomChildIndex: 1, Animation Not Found!!
[0571.25] Log: PlayCustomAnim HitReaction_FromFront_Ranged_02, CustomChildIndex: 1, Animation Not Found!!
[0571.67] Log: PlayCustomAnim HitReaction_FromFront_Melee, CustomChildIndex: 1, Animation Not Found!!
[0572.11] Log: PlayCustomAnim HitReaction_FromFront_Ranged_02, CustomChildIndex: 1, Animation Not Found!!
[0572.82] Log: PlayCustomAnim HitReaction_FromBack_Melee, CustomChildIndex: 1, Animation Not Found!!
[0573.46] Log: PlayCustomAnim HitReaction_FromFront_Ranged, CustomChildIndex: 1, Animation Not Found!!
[0573.95] Log: PlayCustomAnim HitReaction_FromRight_Melee, CustomChildIndex: 1, Animation Not Found!!
[0574.51] Log: PlayCustomAnim HitReaction_FromFront_Ranged_02, CustomChildIndex: 1, Animation Not Found!!
[0575.06] Log: PlayCustomAnim HitReaction_FromFront_Melee_02, CustomChildIndex: 1, Animation Not Found!!
[0575.16] Log: PlayCustomAnim HitReaction_FromRight_Melee, CustomChildIndex: 1, Animation Not Found!!
[0575.51] Log: PlayCustomAnim HitReaction_FromFront_Ranged, CustomChildIndex: 1, Animation Not Found!!
[0575.90] Log: PlayCustomAnim HitReaction_FromBack_Melee, CustomChildIndex: 1, Animation Not Found!!
[0576.20] Log: PlayCustomAnim HitReaction_FromRight_Melee, CustomChildIndex: 1, Animation Not Found!!
[0576.41] Log: PlayCustomAnim HitReaction_FromFront_Ranged, CustomChildIndex: 1, Animation Not Found!!
[0577.11] Log: PlayCustomAnim HitReaction_FromFront_Melee, CustomChildIndex: 1, Animation Not Found!!
[0581.76] Log: PlayCustomAnim HitReaction_FromFront_Ranged, CustomChildIndex: 1, Animation Not Found!!
[0581.86] Log: PlayCustomAnim HitReaction_FromFront_Ranged, CustomChildIndex: 1, Animation Not Found!!
[0582.77] Log: PlayCustomAnim HitReaction_FromFront_Melee, CustomChildIndex: 2, Animation Not Found!!
[0583.31] Log: PlayCustomAnim HitReaction_FromFront_Melee, CustomChildIndex: 2, Animation Not Found!!
[0583.61] Log: PlayCustomAnim HitReaction_FromLeft_Melee, CustomChildIndex: 1, Animation Not Found!!
[0584.11] Log: PlayCustomAnim HitReaction_FromRight_Melee, CustomChildIndex: 2, Animation Not Found!!
[0584.11] Log: PlayCustomAnim HitReaction_FromBack_Melee, CustomChildIndex: 2, Animation Not Found!!
[0584.16] Log: PlayCustomAnim HitReaction_FromFront_Ranged, CustomChildIndex: 2, Animation Not Found!!
[0584.46] Log: PlayCustomAnim HitReaction_FromFront_Melee, CustomChildIndex: 1, Animation Not Found!!
[0584.55] Log: PlayCustomAnim HitReaction_FromBack_Melee, CustomChildIndex: 1, Animation Not Found!!
[0585.06] Log: PlayCustomAnim HitReaction_FromRight_Melee, CustomChildIndex: 2, Animation Not Found!!
[0585.11] Log: PlayCustomAnim HitReaction_FromFront_Ranged, CustomChildIndex: 1, Animation Not Found!!
[0585.36] Log: PlayCustomAnim HitReaction_FromBack_Melee, CustomChildIndex: 1, Animation Not Found!!
[0589.65] Log: Chat[3]: [VVT] Merci !
[0615.81] Log: PUSHING Accolade: nv14 verse le Premier sang !, local: false
[0627.20] Log: PUSHING Accolade: , local: false
[0629.50] Log: PUSHING Accolade: , local: false
[0634.75] Log: Chat[3]: [VVS] Désolé !
[0653.11] Log: Chat[3]: [VVB] Je reviens !
[0665.55] Log: AttachToOwner - Socket (WSO_FX_01) not found in owner mesh or its parent! (3196 to TgPawn_Thanatos_Default_0)
[0673.50] Log: PUSHING Accolade: , local: false
[0675.01] Log: PUSHING Accolade: ASSISTÉ, local: true
[0676.52] Log: PUSHING Accolade: Bereber a tué un joueur !, local: false
[0681.05] Log: Requesting purchase of itemId (8711) amount (1)
[0684.81] Log: Requesting purchase of itemId (9025) amount (1)
[0697.20] Log: PUSHING Accolade: , local: false
[0700.72] Log: PUSHING Accolade: , local: false
[0732.42] Log: PUSHING Accolade: , local: false
[0733.93] Log: PUSHING Accolade: ASSISTÉ, local: true
[0736.63] Log: AttachToOwner - Socket (WSO_FX_01) not found in owner mesh or its parent! (3196 to TgPawn_Thanatos_Default_0)
[0741.07] Log: PUSHING Accolade: , local: false
[0765.23] Log: AttachToOwner - Socket (WSO_FX_01) not found in owner mesh or its parent! (3196 to TgPawn_Thanatos_Default_0)
[0774.11] Log: Requesting purchase of itemId (8712) amount (1)
[0801.42] Log: Chat[9]: Tuer Kalistino vous a donné 187 XP et 240 pièces d'or.
[0801.63] Log: PUSHING Accolade: VICTIME, local: true
[0806.52] Log: PUSHING Accolade: , local: false
[0815.97] Log: PUSHING Accolade: Spectrum214 fait une tuerie ! (x3), local: false
[0820.03] Log: AttachToOwner - Socket (WSO_FX_01) not found in owner mesh or its parent! (3196 to TgPawn_Thanatos_Default_0)
[0820.47] Log: PUSHING Accolade: , local: false
[0824.49] Log: Chat[3]: [VVT] Merci !
[0826.78] Log: PUSHING Accolade: , local: false
[0828.29] Log: PUSHING Accolade: Namarand a fait un doublé !, local: false
[0828.39] Log: Suppressing Accolade: 
[0829.80] Log: PUSHING Accolade: ASSISTÉ, local: true
[0831.31] Log: PUSHING Accolade: ASSISTÉ, local: true
[0840.69] Log: PUSHING Accolade: Namarand fait une tuerie ! (x3), local: false
[0842.19] Log: PUSHING Accolade: ASSISTÉ, local: true
[0852.82] Log: Chat[3]: [VVB] Je reviens !
[0857.23] Log: Requesting purchase of itemId (8057) amount (1)
[0861.57] Warning: Warning, Material FX_Ymir_Skin1.Materials.MAT_FX_Obsidian_wall missing bUsedWithMorphTargets=True!
[0861.57] Warning: Warning, Material FX_Ymir_Skin1.Materials.MAT_FX_Obsidian_wall missing bUsedWithMorphTargets=True!
[0861.57] Warning: Warning, Material FX_Ymir_Skin1.Materials.MAT_FX_Obsidian_wall missing bUsedWithMorphTargets=True!
[0862.11] Log: Requesting purchase of itemId (10201) amount (1)
[0862.22] Warning: Warning, Failed to load 'Class None.None': Failed to find object 'Class None.None'
[0862.22] Warning: Warning, Failed to find object 'Class None.None'
[0862.23] Warning: Warning, Failed to load 'Class None.None': Failed to find object 'Class None.None'
[0862.23] Warning: Warning, Failed to find object 'Class None.None'
[0865.06] Log: Requesting purchase of itemId (9026) amount (1)
[0870.08] Log: AttachToOwner - Socket (WSO_FX_01) not found in owner mesh or its parent! (3196 to TgPawn_Thanatos_Default_0)
[0885.54] Log: PUSHING Accolade: , local: false
[0887.05] Log: PUSHING Accolade: ASSISTÉ, local: true
[0907.07] Log: AttachToOwner - Socket (WSO_FX_01) not found in owner mesh or its parent! (3196 to TgPawn_Thanatos_Default_0)
[0923.81] Log: AttachToOwner - Socket (WSO_FX_01) not found in owner mesh or its parent! (3196 to TgPawn_Thanatos_Default_0)
[0924.24] Log: PUSHING Accolade: , local: false
[0929.67] Warning: Warning, Material FX_Ymir_Skin1.Materials.MAT_FX_Obsidian_wall missing bUsedWithMorphTargets=True!
[0929.67] Warning: Warning, Material FX_Ymir_Skin1.Materials.MAT_FX_Obsidian_wall missing bUsedWithMorphTargets=True!
[0929.67] Warning: Warning, Material FX_Ymir_Skin1.Materials.MAT_FX_Obsidian_wall missing bUsedWithMorphTargets=True!
[0931.65] Log: PUSHING Accolade: , local: false
[0940.15] Log: PUSHING Accolade: MartinNamichev a fait un doublé !, local: false
[0940.16] Log: Suppressing Accolade: 
[0940.16] Log: Suppressing Accolade: 
[0958.88] Log: Requesting purchase of itemId (10203) amount (1)
[0977.71] Log: PUSHING Accolade: , local: false
[0979.22] Log: PUSHING Accolade: , local: false
[0980.72] Log: PUSHING Accolade: ASSISTÉ, local: true
[0985.00] Log: PUSHING Accolade: , local: false
[0997.21] Log: AttachToOwner - Socket (WSO_FX_01) not found in owner mesh or its parent! (3196 to TgPawn_Thanatos_Default_0)
[1001.30] Log: PUSHING Accolade: , local: false
[1002.10] Log: Chat[3]: [VRR] Reculez !
[1005.70] Log: PUSHING Accolade: , local: false
[1016.74] Log: PUSHING Accolade: , local: false
[1018.24] Log: PUSHING Accolade: ASSISTÉ, local: true
[1019.74] Log: AttachToOwner - Socket (WSO_FX_01) not found in owner mesh or its parent! (3196 to TgPawn_Thanatos_Default_0)
[1019.74] Log: PUSHING Accolade: Namarand a fait un doublé !, local: false
[1019.76] Log: Suppressing Accolade: Namarand fait une tuerie ! (x3)
[1021.26] Log: PUSHING Accolade: ASSISTÉ, local: true
[1022.77] Log: PUSHING Accolade: Namarand a fait un triplé !, local: false
[1022.78] Log: Suppressing Accolade: 
[1024.78] Log: Expiring Accolade: 
[1024.78] Log: PUSHING Accolade: ASSISTÉ, local: true
[1026.28] Log: PUSHING Accolade: ASSISTÉ, local: true
[1042.99] Log: PUSHING Accolade: , local: false
[1049.50] Log: AttachToOwner - Socket (WSO_FX_01) not found in owner mesh or its parent! (3196 to TgPawn_Thanatos_Default_0)
[1071.84] Warning: Warning, Failed to load 'Class None.None': Failed to find object 'Class None.None'
[1071.84] Warning: Warning, Failed to find object 'Class None.None'
[1074.64] Log: PUSHING Accolade: , local: false
[1077.48] Log: Requesting purchase of itemId (9469) amount (1)
[1079.17] Log: Requesting purchase of itemId (10201) amount (1)
[1092.20] Log: AttachToOwner - Socket (WSO_FX_01) not found in owner mesh or its parent! (3196 to TgPawn_Thanatos_Default_0)
[1093.92] Log: PUSHING Accolade: , local: false
[1097.69] Log: PUSHING Accolade: , local: false
[1104.10] Log: PlayCustomAnim HitReaction_FromFront_Ranged, CustomChildIndex: 1, Animation Not Found!!
[1106.70] Log: PlayCustomAnim HitReaction_FromFront_Melee, CustomChildIndex: 1, Animation Not Found!!
[1106.83] Log: PlayCustomAnim HitReaction_FromFront_Melee, CustomChildIndex: 1, Animation Not Found!!
[1107.39] Log: PlayCustomAnim HitReaction_FromFront_Melee, CustomChildIndex: 1, Animation Not Found!!
[1107.79] Log: PlayCustomAnim HitReaction_FromFront_Melee_02, CustomChildIndex: 1, Animation Not Found!!
[1108.18] Log: PlayCustomAnim HitReaction_FromFront_Melee, CustomChildIndex: 1, Animation Not Found!!
[1108.88] Log: PlayCustomAnim HitReaction_FromFront_Melee_02, CustomChildIndex: 1, Animation Not Found!!
[1115.58] Log: AttachToOwner - Socket (WSO_FX_01) not found in owner mesh or its parent! (3196 to TgPawn_Thanatos_Default_0)
[1137.14] Log: PUSHING Accolade: , local: false
[1139.35] Log: PUSHING Accolade: , local: false
[1140.86] Log: PUSHING Accolade: ASSISTÉ, local: true
[1149.27] Log: PUSHING Accolade: , local: false
[1150.78] Log: PUSHING Accolade: ASSISTÉ, local: true
[1160.64] Log: Chat[3]: [VVB] Je reviens !
[1161.12] Log: AttachToOwner - Socket (WSO_FX_01) not found in owner mesh or its parent! (3196 to TgPawn_Thanatos_Default_0)
[1166.58] Log: PUSHING Accolade: diegooo101 fait une tuerie ! (x3), local: false
[1172.09] Log: AttachToOwner - Socket (WSO_FX_01) not found in owner mesh or its parent! (3196 to TgPawn_Thanatos_Default_0)
[1178.66] Log: PUSHING Accolade: , local: false
[1204.87] Log: Requesting purchase of itemId (9496) amount (1)
[1210.47] Log: AttachToOwner - Socket (WSO_FX_01) not found in owner mesh or its parent! (3196 to TgPawn_Thanatos_Default_0)
[1220.70] Log: PUSHING Accolade: , local: false
[1224.30] Log: PUSHING Accolade: , local: false
[1225.81] Log: PUSHING Accolade: Bereber fait une tuerie ! (x3), local: false
[1227.32] Log: PUSHING Accolade: ASSISTÉ, local: true
[1228.10] Log: Chat[9]: Tuer Bereber vous a donné 283 XP et 363 pièces d'or.
[1228.10] Log: Chat[9]: Tuer diegooo101 vous a donné 283 XP et 399 pièces d'or.
[1228.82] Log: PUSHING Accolade: DOUBLÉ, local: true
[1228.82] Log: Suppressing Accolade: VICTIME
[1228.82] Log: Suppressing Accolade: TUERIE (X3)
[1230.33] Log: PUSHING Accolade: VENGEANCE, local: true
[1244.71] Log: PUSHING Accolade: , local: false
[1293.42] Log: Chat[3]: [VSS] J'augmente mes charges !
[1296.33] Log: PUSHING Accolade: Kalistino a tué un joueur !, local: false
[1297.83] Log: PUSHING Accolade: , local: false
[1299.34] Log: PUSHING Accolade: ASSISTÉ, local: true
[1300.86] Log: PlayCustomAnim HitReaction_FromRight_Melee, CustomChildIndex: 1, Animation Not Found!!
[1301.21] Log: PlayCustomAnim HitReaction_FromFront_Melee, CustomChildIndex: 1, Animation Not Found!!
[1301.61] Log: PlayCustomAnim HitReaction_FromFront_Melee, CustomChildIndex: 1, Animation Not Found!!
[1302.27] Log: PlayCustomAnim HitReaction_FromFront_Melee, CustomChildIndex: 1, Animation Not Found!!
[1302.75] Log: Requesting purchase of itemId (9497) amount (1)
[1305.84] Log: Requesting purchase of itemId (10202) amount (1)
[1316.52] Log: AttachToOwner - Socket (WSO_FX_01) not found in owner mesh or its parent! (3196 to TgPawn_Thanatos_Default_0)
[1316.85] Log: PUSHING Accolade: MartinNamichev fait une tuerie ! (x3), local: false
[1319.34] Log: PUSHING Accolade: MartinNamichev a fait un doublé !, local: false
[1319.34] Log: Suppressing Accolade: 
[1320.85] Log: PUSHING Accolade: , local: false
[1324.00] Log: PUSHING Accolade: , local: false
[1325.50] Log: PUSHING Accolade: ASSISTÉ, local: true
[1340.11] Log: PUSHING Accolade: Spectrum214 a tué un joueur !, local: false
[1370.19] Log: PUSHING Accolade: , local: false
[1371.40] Log: AttachToOwner - Socket (WSO_FX_01) not found in owner mesh or its parent! (3196 to TgPawn_Thanatos_Default_0)
[1374.95] Log: PUSHING Accolade: , local: false
[1376.46] Log: PUSHING Accolade: ASSISTÉ, local: true
[1382.35] Log: AttachToOwner - Socket (WSO_FX_01) not found in owner mesh or its parent! (3196 to TgPawn_Thanatos_Default_0)
[1401.49] Log: Requesting purchase of itemId (8271) amount (1)
[1402.39] Log: PUSHING Accolade: , local: false
[1403.06] Warning: Warning, Material FX_Ymir_Skin1.Materials.MAT_FX_Obsidian_wall missing bUsedWithMorphTargets=True!
[1403.06] Warning: Warning, Material FX_Ymir_Skin1.Materials.MAT_FX_Obsidian_wall missing bUsedWithMorphTargets=True!
[1403.06] Warning: Warning, Material FX_Ymir_Skin1.Materials.MAT_FX_Obsidian_wall missing bUsedWithMorphTargets=True!
[1415.64] Log: AttachToOwner - Socket (WSO_FX_01) not found in owner mesh or its parent! (3196 to TgPawn_Thanatos_Default_0)
[1419.28] Log: PUSHING Accolade: , local: false
[1430.15] Log: PUSHING Accolade: , local: false
[1431.65] Log: Expiring Accolade: 
[1431.65] Log: PUSHING Accolade: ASSISTÉ, local: true
[1433.16] Log: PUSHING Accolade: ASSISTÉ, local: true
[1436.60] Log: PUSHING Accolade: Namarand a fait un doublé !, local: false
[1436.62] Log: Suppressing Accolade: 
[1446.96] Log: PUSHING Accolade: , local: false
[1464.55] Warning: GetSocketWorldLocationAndRotation : Could not find socket 'WSO_FX_25 ' in 'SKL_NPC_Portal_Order'
[1464.56] Warning: GetSocketWorldLocationAndRotation : Could not find socket 'WSO_FX_25 ' in 'SKL_NPC_Portal_Order'
[1474.30] Log: AttachToOwner - Socket (WSO_FX_01) not found in owner mesh or its parent! (3196 to TgPawn_Thanatos_Default_0)
[1476.00] Log: Chat[9]: Tuer nv14 vous a donné 324 XP et 122 pièces d'or.
[1476.20] Log: PUSHING Accolade: VICTIME, local: true
[1481.09] Log: PUSHING Accolade: diegooo101 a tué un joueur !, local: false
[1484.09] Warning: Warning, Material FX_Ymir_Skin1.Materials.MAT_FX_Obsidian_wall missing bUsedWithMorphTargets=True!
[1484.09] Warning: Warning, Material FX_Ymir_Skin1.Materials.MAT_FX_Obsidian_wall missing bUsedWithMorphTargets=True!
[1484.09] Warning: Warning, Material FX_Ymir_Skin1.Materials.MAT_FX_Obsidian_wall missing bUsedWithMorphTargets=True!
[1486.32] Log: PUSHING Accolade: , local: false
[1490.64] Log: Chat[3]: [VSBB] Je vais chercher le bonus de jungle !
[1499.41] Log: Requesting purchase of itemId (8711) amount (1)
[1510.79] Log: AttachToOwner - Socket (WSO_FX_01) not found in owner mesh or its parent! (3196 to TgPawn_Thanatos_Default_0)
[1513.90] Log: PUSHING Accolade: , local: false
[1517.88] Log: PUSHING Accolade: Jefft fait une tuerie ! (x3), local: false
[1522.79] Log: AttachToOwner - Socket (WSO_FX_01) not found in owner mesh or its parent! (3196 to TgPawn_Thanatos_Default_0)
[1524.43] Log: PUSHING Accolade: MartinNamichev fait une tuerie ! (x3), local: false
[1532.98] Log: PUSHING Accolade: , local: false
[1541.93] Log: AttachToOwner - Socket (WSO_FX_01) not found in owner mesh or its parent! (3196 to TgPawn_Thanatos_Default_0)
[1548.98] Log: PUSHING Accolade: , local: false
[1551.88] Log: PUSHING Accolade: , local: false
[1553.42] Log: PUSHING Accolade: , local: false
[1554.94] Log: PUSHING Accolade: ASSISTÉ, local: true
[1558.20] Log: ---- UpdateClanData
[1558.20] Log: ---- UpdateClanData
[1558.21] Log: PUSHING Accolade: , local: false
[1558.89] Log: ---- UpdateClanData
[1558.89] Log: ---- UpdateClanData
[1559.15] Log: ---- UpdateClanData
[1559.15] Log: ---- UpdateClanData
[1559.15] Log: ---- UpdateClanData
[1559.15] Log: ---- UpdateClanData
[1559.40] Log: ---- UpdateClanData
[1559.40] Log: ---- UpdateClanData
[1559.40] Log: ---- UpdateClanData
[1559.71] Log: PUSHING Accolade: ASSISTÉ, local: true
[1560.63] Log: Chat[3]: [VVGG] Belle partie !
[1560.77] Log: Chat[3]: [VVGG] Belle partie !
[1563.62] Log: Chat[3]: [VVGF] Bon jeu !
[1564.12] Log: Chat[3]: [VVGG] Belle partie !
[1566.31] Log: Chat[3]: [VVGG] Belle partie !
[1572.10] Log: ---- UpdateClanData
[1572.22] Log: ---- UpdateClanData
[1577.29] DevNet: URL: Adding default option Team=255
[1577.29] Log: ReceiveChangeMap: mapGameId 1447
[1577.29] Log: ---- UpdateClanData
[1577.29] Log: RequestingChannelMembers ch[3] [MartinNamichev a quitté la discussion.]
[1577.29] Log: RequestingChannelMembers ch[3] [Namarand a quitté la discussion.]
[1577.29] DevNet: URL: Adding default option Team=255
[1577.29] DevNet: Browse: LobbyMap?game=TgClient.TgGameLaunch?GameState=OGS_NoSession?GameMode=0?name=Player?Team=255
[1577.83] Log: LoadMap: LobbyMap?game=TgClient.TgGameLaunch?GameState=OGS_NoSession?GameMode=0?name=Player?Team=255
[1578.08] NetComeGo: Close PComNetDriver_0 PComNetConn_0 72.251.242.15:9198 06/20/15 11:57:44
[1578.25] Exit: PComNetDriver_0 shut down
[1578.63] Log: Map Game ID = 0
[1578.63] Log: Map Instance ID = 124792707
[1578.66] Log: Performance: Critical section Lock/Unlock 28 nsec
[1578.66] Log: Performance:  appCycles 11 nsec
[1578.71] Log: Performance:  memCopy per KB 233 nsec
[1578.74] Log: Performance:  memZero per KB 156 nsec
[1578.75] Log: Performance:  appInterlockedIncrement 10 nsec
[1578.75] Log: Performance:  GetTickCount 4 nsec
[1578.75] Log: Game class is 'TgGameLaunch'
[1578.76] TgSLO: Async Load: GodSkins_Portraits_and_Icons
[1578.76] Log: Flushing async loaders.
[1578.90] TgSLO: Finish Load: GodSkins_Portraits_and_Icons
[1578.90] Log: Flushed async loaders.
[1578.93] Log: Primary PhysX scene will be in software.
[1578.93] Log: Creating Primary PhysX Scene.
[1578.94] Log: *** WARNING - PATHS MAY NOT BE VALID ***
[1578.94] Log: Bringing World lobbymap.TheWorld up for play (0) at 2015.06.20-11.57.45
[1578.94] Log: Skipping initialization of FSMPartPool!
[1579.01] Log: Bringing up level for play took: 0.104793
[1579.98] TgSLO: Async Load: GOD_Ymir
[1579.98] TgSLO: Async Load: GOD_Ymir_Lobby
[1579.98] TgSLO: Async Load: FX_Ymir
[1579.98] Log: Flushing async loaders.
[1580.14] TgSLO: Finish Load: GOD_Ymir
[1580.17] TgSLO: Finish Load: GOD_Ymir_Lobby
[1580.22] TgSLO: Finish Load: FX_Ymir
[1580.22] Log: Flushed async loaders.
[1580.23] Log: ########### Finished loading level: 2.401747 seconds
[1580.33] Log: Flushing async loaders.
[1580.55] Log: Flushed async loaders.
[1580.55] Log: RequestingChannelMembers ch[3] [Jefft a quitté la discussion.]
[1580.55] Log: RequestingChannelMembers ch[3] [TheJC a quitté la discussion.]
[1580.55] Log: ---- UpdateClanData
[1580.56] Log: RequestingChannelMembers ch[8] [kimicol a rejoint la discussion.]
[1581.07] Log: FKAggregateGeom::InstanceNovodexGeom: () Cannot 3D-Scale rigid-body primitives (sphere, box, sphyl).
[1581.07] Log: URB_BodyInstance::InitBody : Could not create new Shape: 
[1581.56] Log: RequestingChannelMembers ch[8] [nv14 a rejoint la discussion.]
[1581.69] Log: RequestingChannelMembers ch[8] [Spectrum214 a rejoint la discussion.]
[1582.04] Log: RequestingChannelMembers ch[8] [MartinNamichev a rejoint la discussion.]
[1582.38] Log: RequestingChannelMembers ch[8] [Namarand a rejoint la discussion.]
[1585.68] Log: RequestingChannelMembers ch[8] [Jefft a rejoint la discussion.]
[1585.98] Log: RequestingChannelMembers ch[8] [TheJC a rejoint la discussion.]
[1599.51] Log: RequestingChannelMembers ch[8] [Jefft a quitté la discussion.]
[1605.55] Log: RequestingChannelMembers ch[8] [TheJC a quitté la discussion.]
[1608.24] Log: RequestingChannelMembers ch[8] [Spectrum214 a quitté la discussion.]
[1614.27] Log: RequestingChannelMembers ch[8] [Bereber a quitté la discussion.]
[1615.95] Log: RequestingChannelMembers ch[8] [Kalistino a quitté la discussion.]
[1632.12] Log: RequestingChannelMembers ch[8] [diegooo101 a quitté la discussion.]
[1656.59] Log: RequestingChannelMembers ch[8] [Namarand a quitté la discussion.]
[1659.86] Log: ERROR: Attempting to log in without settings.
[1663.98] Log: Chat[4]: Yadavac a rejoint le groupe.
[1664.22] Log: RequestingChannelMembers ch[4] [Yadavac a rejoint la discussion.]
[1672.59] Log: ---- UpdateClanData
[1673.16] Log: ---- UpdateClanData
[1673.18] Log: GFx attempted to load missing object [MenuManager.undefined]
[1680.16] Log: ---- UpdateClanData
[1684.81] Log: Chat[9]: Vous avez rejoint une file d'attente.
[1684.81] Log: Chat[4]: Namarand a rejoint la file d'attente du groupe.
[1716.12] Log: RequestingChannelMembers ch[3] [kimicol a rejoint la discussion.]
[1716.13] Log: RequestingChannelMembers ch[3] [Namarand a quitté la discussion.]
[1716.13] Log: RequestingChannelMembers ch[3] [Yadavac a quitté la discussion.]
[1719.08] Log: RequestingChannelMembers ch[3] [kimicol a rejoint la discussion.]
[1724.05] Log: RequestingChannelMembers ch[3] [Yadavac a rejoint la discussion.]
[1729.97] TgSLO: Async Load: GOD_Fenrir
[1729.97] TgSLO: Async Load: GOD_Fenrir_Lobby
[1729.97] TgSLO: Async Load: FX_Fenrir
[1731.04] TgSLO: Finish Load: GOD_Fenrir
[1731.25] TgSLO: Finish Load: GOD_Fenrir_Lobby
[1731.52] TgSLO: Finish Load: FX_Fenrir
[1732.66] TgSLO: Async Load: GOD_Bellona
[1732.66] TgSLO: Async Load: GOD_Bellona_Lobby
[1732.66] TgSLO: Async Load: FX_Bellona
[1733.99] TgSLO: Finish Load: GOD_Bellona
[1734.31] TgSLO: Finish Load: GOD_Bellona_Lobby
[1734.93] TgSLO: Finish Load: FX_Bellona
[1736.47] TgSLO: Async Load: GOD_ChangE
[1736.47] TgSLO: Async Load: GOD_ChangE_Lobby
[1736.47] TgSLO: Async Load: FX_ChangE
[1737.67] TgSLO: Finish Load: GOD_ChangE
[1738.19] TgSLO: Finish Load: GOD_ChangE_Lobby
[1738.50] TgSLO: Finish Load: FX_ChangE
[1762.15] DevNet: URL: Adding default option Team=255
[1762.15] Log: ReceiveChangeMap: mapGameId 1503
[1762.25] DevNet: URL: Adding default option Team=255
[1762.25] DevNet: Browse: 64.95.97.168:9275/lobbymap?GameState=OGS_NoSession?GameMode=0?name=Player?map_instance_id=164080678?Team=255
[1762.25] DevNet: Game client on port 9275, rate 25000
[1762.51] DevNet: Welcomed by server (Level: joust_v2_p, Game: TgGame.TgGame_Battle_Joust)
[1762.62] Log: LoadMap: 64.95.97.168:9275/joust_v2_p?GameState=OGS_NoSession?GameMode=0?name=Player?map_instance_id=164080678?Team=255?game=TgGame.TgGame_Battle_Joust
[1762.89] Log: Map Game ID = 0
[1762.89] Log: Map Instance ID = 124792707
[1762.91] Log: Performance: Critical section Lock/Unlock 24 nsec
[1762.91] Log: Performance:  appCycles 12 nsec
[1762.98] Log: Performance:  memCopy per KB 321 nsec
[1763.03] Log: Performance:  memZero per KB 232 nsec
[1763.04] Log: Performance:  appInterlockedIncrement 10 nsec
[1763.04] Log: Performance:  GetTickCount 5 nsec
[1766.15] TgSLO: Async Load: FX_Store_Items
[1766.15] TgSLO: Async Load: FX_Store_Items_Targeting
[1766.15] TgSLO: Async Load: FX_Status_Effects
[1766.15] TgSLO: Async Load: GOD_CommonMaterialEffects
[1766.15] TgSLO: Async Load: GOD_Common_AT
[1766.15] TgSLO: Async Load: AUD_VOX_Narrator
[1766.15] TgSLO: Async Load: NPC_Ward2
[1766.16] TgSLO: Async Load: FX_Buff_Belts_V2
[1766.16] TgSLO: Async Load: FX_Fist_Of_God_V2
[1766.16] TgSLO: Async Load: GOD_Bellona
[1766.16] TgSLO: Async Load: GOD_Bellona_Textures
[1766.16] TgSLO: Async Load: FX_Bellona
[1766.16] TgSLO: Async Load: AUD_God_Bellona
[1766.16] TgSLO: Async Load: NPC_Ward_Chinese
[1766.16] TgSLO: Async Load: NPC_Ward_BobbleHead_Base
[1766.16] TgSLO: Async Load: NPC_Ward_Eyeballs
[1766.16] TgSLO: Async Load: FX_Common
[1766.16] TgSLO: Async Load: AUD_UI
[1766.16] TgSLO: Async Load: GOD_ChangE
[1766.16] TgSLO: Async Load: GOD_ChangE_Textures
[1766.16] TgSLO: Async Load: FX_ChangE
[1766.16] TgSLO: Async Load: AUD_God_ChangE
[1766.16] TgSLO: Async Load: GOD_Fenrir
[1766.16] TgSLO: Async Load: GOD_Fenrir_Textures
[1766.16] TgSLO: Async Load: FX_Fenrir
[1766.16] TgSLO: Async Load: FX_Fenrir_Targeting
[1766.16] TgSLO: Async Load: AUD_God_Fenrir
[1766.16] TgSLO: Async Load: GOD_Hercules
[1766.16] TgSLO: Async Load: GOD_Hercules_Textures
[1766.16] TgSLO: Async Load: FX_Hercules
[1766.16] TgSLO: Async Load: AUD_God_Hercules
[1766.16] TgSLO: Async Load: GOD_Neith
[1766.16] TgSLO: Async Load: GOD_Neith_Textures
[1766.16] TgSLO: Async Load: FX_Neith
[1766.16] TgSLO: Async Load: AUD_God_Neith
[1766.16] TgSLO: Async Load: NPC_Ward_Helicopter
[1766.16] TgSLO: Async Load: FX_Emote_global_Fireworks_A
[1766.16] TgSLO: Async Load: GOD_Anubis_V2
[1766.16] TgSLO: Async Load: GOD_Anubis_V2_Textures
[1766.16] TgSLO: Async Load: AUD_God_Anubis
[1766.17] TgSLO: Async Load: FX_Anubis_V2_Skin3
[1766.17] TgSLO: Async Load: GOD_Anubis_V2_Skin3
[1766.17] TgSLO: Async Load: FX_Anubis_Targeting_Skin3
[1766.17] TgSLO: Async Load: AnimNotify9578
[1766.17] TgSLO: Async Load: Joust_Tower
[1766.17] TgSLO: Async Load: FX_Tower
[1766.17] TgSLO: Async Load: FX_Greek_Tower
[1766.17] TgSLO: Async Load: AUD_Tower
[1766.17] TgSLO: Async Load: NPC_Phoenix
[1766.17] TgSLO: Async Load: NPC_Phoenix_Textures
[1766.17] TgSLO: Async Load: FX_Phoenix
[1766.17] TgSLO: Async Load: AUD_NPC_Phoenix
[1766.17] TgSLO: Async Load: MDL_PseudoMesh
[1766.17] TgSLO: Async Load: NPC_Joust_Minion
[1766.17] TgSLO: Async Load: NPC_Joust_Minion_Textures
[1766.17] TgSLO: Async Load: NPC_Minion_Universal
[1766.17] TgSLO: Async Load: FX_Roman
[1766.17] TgSLO: Async Load: FX_Minion_Death
[1766.17] TgSLO: Async Load: AUD_NPC_RomanArcher
[1766.17] TgSLO: Async Load: AUD_NPC_Olympus
[1766.17] TgSLO: Async Load: NPC_Guardian_Female
[1766.17] TgSLO: Async Load: NPC_Guardian_Female_AT
[1766.17] TgSLO: Async Load: FX_Guardian_Female
[1766.17] TgSLO: Async Load: AUD_NPC_Guardian_Female
[1766.17] TgSLO: Async Load: NPC_Guardian_Male
[1766.17] TgSLO: Async Load: NPC_Guardian_Male_AT
[1766.17] TgSLO: Async Load: FX_Guardian_Male
[1766.17] TgSLO: Async Load: AUD_NPC_Guardian_Male
[1766.17] TgSLO: Async Load: NPC_Cyclops_V2
[1766.17] TgSLO: Async Load: FX_NPC_Cyclops_V2
[1766.17] TgSLO: Async Load: AUD_NPC_Cyclops
[1766.17] Log: Flushing async loaders.
[1766.21] TgSLO: Finish Load: FX_Store_Items
[1766.23] TgSLO: Finish Load: FX_Store_Items_Targeting
[1766.23] TgSLO: Finish Load: FX_Status_Effects
[1766.23] TgSLO: Finish Load: GOD_CommonMaterialEffects
[1766.24] TgSLO: Finish Load: GOD_Common_AT
[1766.34] TgSLO: Finish Load: AUD_VOX_Narrator
[1766.35] TgSLO: Finish Load: NPC_Ward2
[1766.38] TgSLO: Finish Load: FX_Buff_Belts_V2
[1766.39] TgSLO: Finish Load: FX_Fist_Of_God_V2
[1766.58] TgSLO: Finish Load: GOD_Bellona
[1766.59] TgSLO: Finish Load: GOD_Bellona_Textures
[1766.64] TgSLO: Finish Load: FX_Bellona
[1766.67] TgSLO: Finish Load: AUD_God_Bellona
[1766.69] TgSLO: Finish Load: NPC_Ward_Chinese
[1766.69] TgSLO: Finish Load: NPC_Ward_BobbleHead_Base
[1766.71] TgSLO: Finish Load: NPC_Ward_Eyeballs
[1766.73] TgSLO: Finish Load: FX_Common
[1766.73] TgSLO: Finish Load: AUD_UI
[1766.90] TgSLO: Finish Load: GOD_ChangE
[1766.90] TgSLO: Finish Load: GOD_ChangE_Textures
[1766.92] TgSLO: Finish Load: FX_ChangE
[1767.03] TgSLO: Finish Load: AUD_God_ChangE
[1767.17] TgSLO: Finish Load: GOD_Fenrir
[1767.17] TgSLO: Finish Load: GOD_Fenrir_Textures
[1767.19] TgSLO: Finish Load: FX_Fenrir
[1767.19] TgSLO: Finish Load: FX_Fenrir_Targeting
[1767.23] TgSLO: Finish Load: AUD_God_Fenrir
[1767.68] TgSLO: Finish Load: GOD_Hercules
[1767.68] TgSLO: Finish Load: GOD_Hercules_Textures
[1767.73] TgSLO: Finish Load: FX_Hercules
[1767.78] TgSLO: Finish Load: AUD_God_Hercules
[1768.24] TgSLO: Finish Load: GOD_Neith
[1768.24] TgSLO: Finish Load: GOD_Neith_Textures
[1768.30] TgSLO: Finish Load: FX_Neith
[1768.37] TgSLO: Finish Load: AUD_God_Neith
[1768.48] TgSLO: Finish Load: NPC_Ward_Helicopter
[1768.50] TgSLO: Finish Load: FX_Emote_global_Fireworks_A
[1769.27] TgSLO: Finish Load: GOD_Anubis_V2
[1769.30] TgSLO: Finish Load: GOD_Anubis_V2_Textures
[1769.42] TgSLO: Finish Load: AUD_God_Anubis
[1769.66] TgSLO: Finish Load: FX_Anubis_V2_Skin3
[1769.80] TgSLO: Finish Load: GOD_Anubis_V2_Skin3
[1769.85] Log: Missing cached shader map for material FX_Anubis_Targeting_Skin3.Materials.FX_DeathGaze_STILL_MAT, quality 0, compiling.
[1769.85] Warning: Warning, Failed to compile Material FX_Anubis_Targeting_Skin3.Materials.FX_DeathGaze_STILL_MAT for platform PC-D3D-SM3, Default Material will be used in game.
[1769.85] TgSLO: Finish Load: FX_Anubis_Targeting_Skin3
[1769.94] TgSLO: Finish Load: AnimNotify9578
[1770.20] TgSLO: Finish Load: Joust_Tower
[1770.20] TgSLO: Finish Load: FX_Tower
[1770.24] TgSLO: Finish Load: FX_Greek_Tower
[1770.31] TgSLO: Finish Load: AUD_Tower
[1770.49] TgSLO: Finish Load: NPC_Phoenix
[1770.51] TgSLO: Finish Load: NPC_Phoenix_Textures
[1770.53] TgSLO: Finish Load: FX_Phoenix
[1770.59] TgSLO: Finish Load: AUD_NPC_Phoenix
[1770.59] TgSLO: Finish Load: MDL_PseudoMesh
[1770.64] TgSLO: Finish Load: NPC_Joust_Minion
[1770.64] TgSLO: Finish Load: NPC_Joust_Minion_Textures
[1770.78] TgSLO: Finish Load: NPC_Minion_Universal
[1770.78] TgSLO: Finish Load: FX_Roman
[1770.79] TgSLO: Finish Load: FX_Minion_Death
[1770.83] TgSLO: Finish Load: AUD_NPC_RomanArcher
[1770.83] TgSLO: Finish Load: AUD_NPC_Olympus
[1771.18] TgSLO: Finish Load: NPC_Guardian_Female
[1771.22] TgSLO: Finish Load: NPC_Guardian_Female_AT
[1771.24] TgSLO: Finish Load: FX_Guardian_Female
[1771.25] TgSLO: Finish Load: AUD_NPC_Guardian_Female
[1771.59] TgSLO: Finish Load: NPC_Guardian_Male
[1771.62] TgSLO: Finish Load: NPC_Guardian_Male_AT
[1771.65] TgSLO: Finish Load: FX_Guardian_Male
[1771.67] TgSLO: Finish Load: AUD_NPC_Guardian_Male
[1771.90] TgSLO: Finish Load: NPC_Cyclops_V2
[1771.90] TgSLO: Finish Load: FX_NPC_Cyclops_V2
[1771.98] TgSLO: Finish Load: AUD_NPC_Cyclops
[1771.98] Log: Flushed async loaders.
[1772.00] Log: Primary PhysX scene will be in software.
[1772.00] Log: Creating Primary PhysX Scene.
[1772.02] Log: Bringing World joust_v2_p.TheWorld up for play (595) at 2015.06.20-12.00.58
[1772.02] Log: Skipping initialization of FSMPartPool!
[1772.03] Log: Bringing up level for play took: 0.043609
[1772.03] Warning: Warning, Failed to load 'Class None.': Failed to find object 'Class None.'
[1772.03] Warning: Warning, Failed to find object 'Class None.'
[1772.03] Log: PlayerController class for the pending level is PlayerController
[1772.03] Log: ########### Finished loading level: 9.409973 seconds
[1772.03] Log: Flushing async loaders.
[1773.33] Log: Flushed async loaders.
[1773.67] Log: ---- UpdateClanData
[1773.67] DevNet: TgPlayerController_3 setplayer TgLocalPlayer_0
[1773.75] Log: AttachToOwner - Socket (FX_ORIGIN_Origin) not found in owner mesh or its parent! (2702 to NONE)
[1773.75] Log: AttachToOwner - Socket (FX_ORIGIN_Origin) not found in owner mesh or its parent! (2702 to NONE)
[1773.75] Log: AttachToOwner - Socket (FX_ORIGIN_Origin) not found in owner mesh or its parent! (2702 to NONE)
[1773.75] Log: Flushing async loaders.
[1773.82] Log: Flushed async loaders.
[1773.83] Log: TeamIndex 1 has new leader: 6468508
[1773.83] Log: AttachToOwner - Socket (FX_ORIGIN_Origin) not found in owner mesh or its parent! (2702 to NONE)
[1773.84] Log: AttachToOwner - Socket (FX_ORIGIN_Origin) not found in owner mesh or its parent! (2702 to NONE)
[1773.85] Log: AttachToOwner - Socket (FX_ORIGIN_Origin) not found in owner mesh or its parent! (2702 to NONE)
[1773.90] Log: ActivateLevel joust_v2_crowd 1 1 0
[1773.90] Log: ActivateLevel joust_sound 1 1 0
[1773.90] Log: ActivateLevel joust_v2_p_assist 1 1 0
[1774.09] Log: Activated joust_v2_p_assist 1 1 0
[1782.83] Log: ---- UpdateClanData
[1783.86] Log: TeamIndex 2 has new leader: 4179547
[1793.57] Log: ---- UpdateClanData
[1793.76] Log: TeamIndex 1 has new leader: 6609504
[1794.66] Warning: Warning, Failed to load 'Texture None.blah': Failed to find object 'Texture None.blah'
[1794.66] Warning: Warning, Failed to load 'Texture None.undefined': Failed to find object 'Texture None.undefined'
[1794.66] Warning: Warning, Failed to load 'Texture None.undefined': Failed to find object 'Texture None.undefined'
[1794.66] Warning: Warning, Failed to load 'Texture None.undefined': Failed to find object 'Texture None.undefined'
[1794.66] Warning: Warning, Failed to load 'Texture None.undefined': Failed to find object 'Texture None.undefined'
[1807.38] Log: Requesting purchase of itemId (10032) amount (1)
[1821.49] Log: Requesting purchase of itemId (8134) amount (1)
[1822.52] Log: Requesting purchase of itemId (8134) amount (1)
[1895.09] Log: PUSHING Accolade: Namarand verse le Premier sang !, local: false
[1896.53] Log: Chat[9]: Tuer SuremusRO vous a donné 209 XP et 320 pièces d'or.
[1896.73] Log: PUSHING Accolade: VICTIME, local: true
[1898.25] Log: PUSHING Accolade: ASSISTÉ, local: true
[1899.76] Log: PUSHING Accolade: Tower Dive, local: true
[1911.95] Log: PUSHING Accolade: , local: false
[1913.45] Log: Expiring Accolade: 
[1915.92] Log: Requesting purchase of itemId (10038) amount (1)
[1918.85] Log: Requesting purchase of itemId (10186) amount (1)
[1967.67] Log: Chat[9]: Tuer TrollexD vous a donné 236 XP et 293 pièces d'or.
[1967.88] Log: PUSHING Accolade: VICTIME, local: true
[1970.47] Log: Chat[9]: Tuer SuremusRO vous a donné 236 XP et 293 pièces d'or.
[1970.65] Log: PUSHING Accolade: DOUBLÉ, local: true
[1970.66] Log: Suppressing Accolade: TUERIE (X3)
[1972.16] Log: PUSHING Accolade: Tower Dive, local: true
[1974.30] Log: PUSHING Accolade: IOBAGGI a tué un joueur !, local: false
[1979.04] Log: Requesting purchase of itemId (8254) amount (1)
[2003.52] Warning: Warning, Failed to load 'Class None.None': Failed to find object 'Class None.None'
[2003.52] Warning: Warning, Failed to find object 'Class None.None'
[2067.18] Log: Inventory Error Recovery: Resubmitting an inventory item that could not find its device
[2067.18] Log: Inventory Error Recovery: Resubmitting an inventory item that could not find its device
[2067.19] Log: Inventory Error Recovery: Resubmitting an inventory item that could not find its device
[2067.22] Log: Inventory Error Recovery: Resubmitting an inventory item that could not find its device
[2071.59] Log: PUSHING Accolade: , local: false
[2073.10] Log: PUSHING Accolade: ASSISTÉ, local: true
[2085.54] Log: Chat[3]: [VHS] Besoin de soins !
[2086.68] Log: Chat[3]: [VVM] Plus de mana !
[2087.92] Log: Chat[3]: [VHS] Besoin de soins !
[2122.37] Log: PUSHING Accolade: TrollexD a tué un joueur !, local: false
[2126.73] Log: Requesting purchase of itemId (8809) amount (1)
[2129.19] Log: Requesting purchase of itemId (8134) amount (1)
[2152.01] Log: PUSHING Accolade: , local: false
[2168.76] Log: Inventory Error Recovery: Resubmitting an inventory item that could not find its device
[2168.76] Log: Inventory Error Recovery: Resubmitting an inventory item that could not find its device
[2168.77] Log: Inventory Error Recovery: Resubmitting an inventory item that could not find its device
[2168.77] Log: Inventory Error Recovery: Resubmitting an inventory item that could not find its device
[2168.79] Log: Inventory Error Recovery: Resubmitting an inventory item that could not find its device
[2175.87] Log: PUSHING Accolade: Namarand fait une tuerie ! (x3), local: false
[2176.17] Warning: GetSocketWorldLocationAndRotation : Could not find socket 'None' in 'SKL_GOD_JadeRabbit'
[2177.38] Log: PUSHING Accolade: IOBAGGI fait une tuerie ! (x3), local: false
[2256.31] Log: PUSHING Accolade: , local: false
[2258.19] Log: Requesting purchase of itemId (8134) amount (1)
[2261.57] Log: PUSHING Accolade: Namarand a fait un doublé !, local: false
[2261.59] Log: Suppressing Accolade: Namarand fait un massacre ! (x5)
[2268.36] Log: PUSHING Accolade: , local: false
[2269.87] Log: PUSHING Accolade: DÉICIDE, local: true
[2292.27] Log: AttachToOwner - Socket (WSO_Emit_01) not found in owner mesh or its parent! (1027 to NONE)
[2305.48] Warning: GetSocketWorldLocationAndRotation : Could not find socket 'None' in 'SKL_GOD_JadeRabbit'
[2305.78] Log: PUSHING Accolade: , local: false
[2309.26] Log: PUSHING Accolade: IOBAGGI a tué un joueur !, local: false
[2313.34] Log: Requesting purchase of itemId (8664) amount (1)
[2334.40] Log: Requesting purchase of itemId (10179) amount (1)
[2358.59] Log: Chat[9]: Tuer IOBAGGI vous a donné 401 XP et 499 pièces d'or.
[2358.83] Log: PUSHING Accolade: VICTIME, local: true
[2360.33] Log: PUSHING Accolade: , local: false
[2361.84] Log: PUSHING Accolade: ASSISTÉ, local: true
[2363.35] Log: Expiring Accolade: VENGEANCE
[2378.28] Log: Inventory Error Recovery: Resubmitting an inventory item that could not find its device
[2378.28] Log: Inventory Error Recovery: Resubmitting an inventory item that could not find its device
[2383.13] Log: PUSHING Accolade: , local: false
[2384.63] Log: PUSHING Accolade: ASSISTÉ, local: true
[2386.14] Log: PUSHING Accolade: DÉICIDE, local: true
[2390.56] Log: Requesting purchase of itemId (10180) amount (1)
[2400.27] Log: PUSHING Accolade: , local: false
[2473.72] Log: PUSHING Accolade: Namarand EST INARRÊTABLE ! (x7), local: false
[2475.22] Log: PUSHING Accolade: ASSISTÉ, local: true
[2499.19] Log: Requesting purchase of itemId (9767) amount (1)
[2501.97] Log: PUSHING Accolade: , local: false
[2509.00] Log: PUSHING Accolade: SuremusRO a stoppé Namarand dans son élan, local: false
[2509.01] Log: Suppressing Accolade: 
[2531.70] Log: PUSHING Accolade: IOBAGGI a tué un joueur !, local: false
[2533.22] Log: PUSHING Accolade: DÉICIDE, local: true
[2568.81] Log: PUSHING Accolade: , local: false
[2571.83] Log: PUSHING Accolade: Namarand a fait un doublé !, local: false
[2571.84] Log: Suppressing Accolade: 
[2578.76] Log: PUSHING Accolade: , local: false
[2580.26] Log: PUSHING Accolade: DÉICIDE, local: true
[2624.52] Log: PUSHING Accolade: Namarand fait une tuerie ! (x3), local: false
[2626.03] Log: PUSHING Accolade: ASSISTÉ, local: true
[2630.96] Log: PUSHING Accolade: , local: false
[2632.46] Log: PUSHING Accolade: ASSISTÉ, local: true
[2643.57] Log: PUSHING Accolade: , local: false
[2645.08] Log: PUSHING Accolade: ASSISTÉ, local: true
[2646.58] Log: PUSHING Accolade: DÉICIDE, local: true
[2681.50] Log: Requesting purchase of itemId (8069) amount (1)
[2683.01] Log: Requesting purchase of itemId (8134) amount (1)
[2711.78] Warning: GetSocketWorldLocationAndRotation : Could not find socket 'None' in 'SKL_GOD_JadeRabbit'
[2712.07] Log: PUSHING Accolade: , local: false
[2730.88] Log: PUSHING Accolade: TrollexD a tué un joueur !, local: false
[2732.39] Log: Expiring Accolade: 
[2732.39] Log: PUSHING Accolade: ASSISTÉ, local: true
[2738.27] Log: PUSHING Accolade: Namarand a fait un doublé !, local: false
[2738.29] Log: Suppressing Accolade: 
[2739.77] Log: Expiring Accolade: 
[2739.77] Log: PUSHING Accolade: ASSISTÉ, local: true
[2741.28] Log: PUSHING Accolade: DÉICIDE, local: true
[2748.54] Log: Requesting purchase of itemId (10180) amount (1)
[2751.44] Log: Requesting purchase of itemId (8134) amount (1)
[2767.13] Log: AttachToOwner - Socket (WSO_Emit_01) not found in owner mesh or its parent! (1027 to NONE)
[2787.54] Warning: GetSocketWorldLocationAndRotation : Could not find socket 'None' in 'SKL_GOD_JadeRabbit'
[2787.81] Log: PUSHING Accolade: , local: false
[2832.27] Log: PUSHING Accolade: TrollexD a tué un joueur !, local: false
[2844.52] Log: PUSHING Accolade: , local: false
[2854.38] Log: PUSHING Accolade: Namarand a fait un doublé !, local: false
[2854.40] Log: Suppressing Accolade: 
[2877.22] Log: PUSHING Accolade: Namarand fait une tuerie ! (x3), local: false
[2878.72] Log: PUSHING Accolade: DÉICIDE, local: true
[2906.02] Log: PUSHING Accolade: , local: false
[2906.10] Log: Chat[9]: Tuer TrollexD vous a donné 539 XP et 595 pièces d'or.
[2907.53] Log: Expiring Accolade: VICTIME
[2907.53] Log: Expiring Accolade: IOBAGGI a tué un joueur !
[2907.53] Log: PUSHING Accolade: VENGEANCE, local: true
[2908.49] Warning: GetSocketWorldLocationAndRotation : Could not find socket 'None' in 'SKL_GOD_JadeRabbit'
[2909.04] Log: PUSHING Accolade: IOBAGGI a fait un doublé !, local: false
[2909.04] Log: Suppressing Accolade: 
[2910.55] Log: PUSHING Accolade: DÉICIDE, local: true
[2915.67] Log: Requesting purchase of itemId (8655) amount (1)
[2918.05] Warning: Warning, Failed to load 'Class None.None': Failed to find object 'Class None.None'
[2918.05] Warning: Warning, Failed to find object 'Class None.None'
[2944.04] Log: Requesting purchase of itemId (11284) amount (1)
[2970.02] Log: Inventory Error Recovery: Resubmitting an inventory item that could not find its device
[2970.02] Log: Inventory Error Recovery: Resubmitting an inventory item that could not find its device
[2970.03] Log: Inventory Error Recovery: Resubmitting an inventory item that could not find its device
[2970.03] Log: Inventory Error Recovery: Resubmitting an inventory item that could not find its device
[2981.01] Log: PUSHING Accolade: , local: false
[2982.51] Log: PUSHING Accolade: ASSISTÉ, local: true
[2989.73] Log: Chat[9]: Tuer SuremusRO vous a donné 511 XP et 450 pièces d'or.
[2989.93] Log: PUSHING Accolade: VICTIME, local: true
[2991.44] Log: Expiring Accolade: 
[2991.44] Log: PUSHING Accolade: Namarand a fait un doublé !, local: false
[2992.96] Log: PUSHING Accolade: DÉICIDE, local: true
[3000.77] Log: Chat[3]: L'équipe ennemie a accepté de capituler (2 contre 0) !
[3001.16] Log: ---- UpdateClanData
[3001.16] Log: ---- UpdateClanData
[3001.81] Log: ---- UpdateClanData
[3001.81] Log: ---- UpdateClanData
[3001.81] Log: ---- UpdateClanData
[3001.81] Log: ---- UpdateClanData
[3002.00] Log: ---- UpdateClanData
[3002.00] Log: ---- UpdateClanData
[3003.86] Log: Chat[3]: [VVGG] Belle partie !
[3004.66] Log: Chat[3]: [VVGB] Au revoir !
[3006.73] Log: Chat[3]: gg
[3007.91] Log: Chat[3]: [VVGG] Belle partie !
[3014.37] Log: ---- UpdateClanData
[3014.53] Log: ---- UpdateClanData
[3014.53] Log: ---- UpdateClanData
[3019.56] DevNet: URL: Adding default option Team=255
[3019.56] Log: ReceiveChangeMap: mapGameId 1447
[3019.56] Log: ---- UpdateClanData
[3019.56] DevNet: URL: Adding default option Team=255
[3019.56] DevNet: Browse: LobbyMap?game=TgClient.TgGameLaunch?GameState=OGS_NoSession?GameMode=0?name=Player?Team=255
[3020.55] Log: LoadMap: LobbyMap?game=TgClient.TgGameLaunch?GameState=OGS_NoSession?GameMode=0?name=Player?Team=255
[3020.70] NetComeGo: Close PComNetDriver_1 PComNetConn_1 64.95.97.168:9275 06/20/15 12:21:47
[3020.76] Exit: PComNetDriver_1 shut down
[3020.99] Log: Map Game ID = 0
[3020.99] Log: Map Instance ID = 124792707
[3021.02] Log: Performance: Critical section Lock/Unlock 25 nsec
[3021.02] Log: Performance:  appCycles 11 nsec
[3021.03] Log: Performance:  memCopy per KB 66 nsec
[3021.05] Log: Performance:  memZero per KB 58 nsec
[3021.06] Log: Performance:  appInterlockedIncrement 10 nsec
[3021.06] Log: Performance:  GetTickCount 4 nsec
[3021.06] Log: Game class is 'TgGameLaunch'
[3021.06] TgSLO: Async Load: GodSkins_Portraits_and_Icons
[3021.06] Log: Flushing async loaders.
[3021.10] TgSLO: Finish Load: GodSkins_Portraits_and_Icons
[3021.10] Log: Flushed async loaders.
[3021.15] Log: Primary PhysX scene will be in software.
[3021.15] Log: Creating Primary PhysX Scene.
[3021.15] Log: *** WARNING - PATHS MAY NOT BE VALID ***
[3021.15] Log: Bringing World lobbymap.TheWorld up for play (0) at 2015.06.20-12.21.47
[3021.15] Log: Skipping initialization of FSMPartPool!
[3021.23] Log: Bringing up level for play took: 0.129682
[3022.24] TgSLO: Async Load: GOD_Fenrir
[3022.24] TgSLO: Async Load: GOD_Fenrir_Lobby
[3022.24] TgSLO: Async Load: FX_Fenrir
[3022.24] Log: Flushing async loaders.
[3022.40] TgSLO: Finish Load: GOD_Fenrir
[3022.46] TgSLO: Finish Load: GOD_Fenrir_Lobby
[3022.47] TgSLO: Finish Load: FX_Fenrir
[3022.47] Log: Flushed async loaders.
[3022.48] Log: ########### Finished loading level: 1.928071 seconds
[3022.52] Log: Flushing async loaders.
[3022.62] Log: Flushed async loaders.
[3022.63] Log: ---- UpdateClanData
[3022.63] Log: ---- UpdateClanData
[3022.63] Log: RequestingChannelMembers ch[3] [Yadavac a quitté la discussion.]
[3022.63] Log: RequestingChannelMembers ch[8] [kimicol a rejoint la discussion.]
[3023.16] Log: FKAggregateGeom::InstanceNovodexGeom: () Cannot 3D-Scale rigid-body primitives (sphere, box, sphyl).
[3023.16] Log: URB_BodyInstance::InitBody : Could not create new Shape: 
[3023.57] Log: RequestingChannelMembers ch[8] [SuremusRO a rejoint la discussion.]
[3023.57] Log: RequestingChannelMembers ch[8] [Yadavac a rejoint la discussion.]
[3024.45] Log: RequestingChannelMembers ch[8] [Namarand a rejoint la discussion.]
[3024.67] Log: RequestingChannelMembers ch[8] [IOBAGGI a rejoint la discussion.]
[3031.49] Log: Chat[8]: plz
[3032.68] Log: Chat[8]: rep anubis
[3035.73] Log: Chat[8]: feedd
[3060.90] Log: RequestingChannelMembers ch[8] [IOBAGGI a quitté la discussion.]
[3062.17] Log: RequestingChannelMembers ch[8] [SuremusRO a quitté la discussion.]
[3066.59] Log: RequestingChannelMembers ch[8] [Namarand a quitté la discussion.]
[3066.72] Log: Chat[9]: Vous avez rejoint une file d'attente.
[3066.72] Log: Chat[4]: Namarand a rejoint la file d'attente du groupe.
[3068.82] Log: Chat[8]: jajajjajaj que pena das chaval pidiendo report
[3069.10] Log: RequestingChannelMembers ch[8] [Yadavac a quitté la discussion.]
[3073.88] Log: RequestingChannelMembers ch[8] [TrollexD a quitté la discussion.]
[3093.65] Log: ERROR: Attempting to log in without settings.
[3111.32] Log: RequestingChannelMembers ch[3] [kimicol a rejoint la discussion.]
[3111.32] Log: RequestingChannelMembers ch[3] [Namarand a quitté la discussion.]
[3111.32] Log: RequestingChannelMembers ch[3] [Yadavac a quitté la discussion.]
[3113.23] Log: RequestingChannelMembers ch[3] [kimicol a rejoint la discussion.]
[3113.39] Log: RequestingChannelMembers ch[3] [Namarand a rejoint la discussion.]
[3119.46] Log: RequestingChannelMembers ch[3] [Yadavac a rejoint la discussion.]
[3125.17] TgSLO: Async Load: GOD_Agni_V2
[3125.17] TgSLO: Async Load: GOD_Agni_V2_Lobby
[3125.92] TgSLO: Finish Load: GOD_Agni_V2
[3126.14] TgSLO: Finish Load: GOD_Agni_V2_Lobby
[3127.10] TgSLO: Async Load: GOD_Bellona
[3127.10] TgSLO: Async Load: GOD_Bellona_Lobby
[3127.10] TgSLO: Async Load: FX_Bellona
[3128.49] TgSLO: Finish Load: GOD_Bellona
[3128.83] TgSLO: Finish Load: GOD_Bellona_Lobby
[3129.47] TgSLO: Finish Load: FX_Bellona
[3139.30] TgSLO: Async Load: GOD_Thor
[3139.30] TgSLO: Async Load: GOD_Thor_Lobby
[3139.30] TgSLO: Async Load: FX_Thor
[3140.34] TgSLO: Finish Load: GOD_Thor
[3140.77] TgSLO: Finish Load: GOD_Thor_Lobby
[3141.23] TgSLO: Finish Load: FX_Thor
[3149.79] DevNet: URL: Adding default option Team=255
[3149.79] Log: ReceiveChangeMap: mapGameId 1503
[3149.89] DevNet: URL: Adding default option Team=255
[3149.89] DevNet: Browse: 37.48.125.80:9139/lobbymap?GameState=OGS_NoSession?GameMode=0?name=Player?map_instance_id=164083880?Team=255
[3149.89] DevNet: Game client on port 9139, rate 25000
[3150.14] DevNet: Welcomed by server (Level: joust_v2_p, Game: TgGame.TgGame_Battle_Joust)
[3150.32] Log: LoadMap: 37.48.125.80:9139/joust_v2_p?GameState=OGS_NoSession?GameMode=0?name=Player?map_instance_id=164083880?Team=255?game=TgGame.TgGame_Battle_Joust
[3150.53] Log: Map Game ID = 0
[3150.53] Log: Map Instance ID = 124792707
[3150.56] Log: Performance: Critical section Lock/Unlock 25 nsec
[3150.56] Log: Performance:  appCycles 11 nsec
[3150.57] Log: Performance:  memCopy per KB 63 nsec
[3150.59] Log: Performance:  memZero per KB 71 nsec
[3150.60] Log: Performance:  appInterlockedIncrement 10 nsec
[3150.60] Log: Performance:  GetTickCount 5 nsec
[3153.42] TgSLO: Async Load: FX_Store_Items
[3153.42] TgSLO: Async Load: FX_Store_Items_Targeting
[3153.42] TgSLO: Async Load: FX_Status_Effects
[3153.42] TgSLO: Async Load: GOD_CommonMaterialEffects
[3153.42] TgSLO: Async Load: GOD_Common_AT
[3153.42] TgSLO: Async Load: AUD_VOX_Narrator
[3153.42] TgSLO: Async Load: NPC_Ward2
[3153.42] TgSLO: Async Load: FX_Buff_Belts_V2
[3153.42] TgSLO: Async Load: FX_Fist_Of_God_V2
[3153.42] TgSLO: Async Load: GOD_Bellona
[3153.42] TgSLO: Async Load: GOD_Bellona_Textures
[3153.42] TgSLO: Async Load: FX_Bellona
[3153.42] TgSLO: Async Load: AUD_God_Bellona
[3153.42] TgSLO: Async Load: NPC_Ward_Chinese
[3153.42] TgSLO: Async Load: NPC_Ward_BobbleHead_Base
[3153.42] TgSLO: Async Load: NPC_Ward_Eyeballs
[3153.42] TgSLO: Async Load: FX_Common
[3153.42] TgSLO: Async Load: AUD_UI
[3153.42] TgSLO: Async Load: GOD_Thor
[3153.42] TgSLO: Async Load: GOD_Thor_Textures
[3153.42] TgSLO: Async Load: FX_Thor
[3153.42] TgSLO: Async Load: AUD_God_Thor
[3153.42] TgSLO: Async Load: GOD_Agni_V2
[3153.42] TgSLO: Async Load: GOD_Agni_V2_Textures
[3153.42] TgSLO: Async Load: FX_Agni_B
[3153.42] TgSLO: Async Load: FX_Agni_Targeting
[3153.42] TgSLO: Async Load: AUD_God_Agni
[3153.42] TgSLO: Async Load: GOD_HeBo_V2
[3153.42] TgSLO: Async Load: GOD_HeBo_V2_Textures
[3153.42] TgSLO: Async Load: AUD_God_HeBo_V2
[3153.43] TgSLO: Async Load: GOD_HeBo_V3_Skin4
[3153.43] TgSLO: Async Load: FX_HeBo
[3153.43] TgSLO: Async Load: AUD_God_HeBo
[3153.43] TgSLO: Async Load: AnimNotify8846
[3153.43] TgSLO: Async Load: NPC_Ward_Mailbox
[3153.43] TgSLO: Async Load: NPC_Ward_Thunderbolt
[3153.43] TgSLO: Async Load: GOD_Loki
[3153.43] TgSLO: Async Load: GOD_Loki_Textures
[3153.43] TgSLO: Async Load: FX_Loki
[3153.43] TgSLO: Async Load: AUD_God_Loki
[3153.43] TgSLO: Async Load: GOD_Loki_Skin3
[3153.43] TgSLO: Async Load: FX_Loki_Skin3
[3153.43] TgSLO: Async Load: FX_Loki_Targeting_SKN3
[3153.43] TgSLO: Async Load: AnimNotify9259
[3153.43] TgSLO: Async Load: GOD_SunWukong
[3153.43] TgSLO: Async Load: GOD_SunWukong_Textures
[3153.43] TgSLO: Async Load: FX_SunWukong
[3153.43] TgSLO: Async Load: AUD_God_SunWukong
[3153.43] TgSLO: Async Load: Joust_Tower
[3153.43] TgSLO: Async Load: FX_Tower
[3153.43] TgSLO: Async Load: FX_Greek_Tower
[3153.43] TgSLO: Async Load: AUD_Tower
[3153.43] TgSLO: Async Load: NPC_Phoenix
[3153.43] TgSLO: Async Load: NPC_Phoenix_Textures
[3153.43] TgSLO: Async Load: FX_Phoenix
[3153.43] TgSLO: Async Load: AUD_NPC_Phoenix
[3153.43] TgSLO: Async Load: MDL_PseudoMesh
[3153.43] TgSLO: Async Load: NPC_Joust_Minion
[3153.43] TgSLO: Async Load: NPC_Joust_Minion_Textures
[3153.43] TgSLO: Async Load: NPC_Minion_Universal
[3153.43] TgSLO: Async Load: FX_Roman
[3153.43] TgSLO: Async Load: FX_Minion_Death
[3153.43] TgSLO: Async Load: AUD_NPC_RomanArcher
[3153.43] TgSLO: Async Load: AUD_NPC_Olympus
[3153.43] TgSLO: Async Load: NPC_Guardian_Female
[3153.43] TgSLO: Async Load: NPC_Guardian_Female_AT
[3153.43] TgSLO: Async Load: FX_Guardian_Female
[3153.43] TgSLO: Async Load: AUD_NPC_Guardian_Female
[3153.43] TgSLO: Async Load: NPC_Guardian_Male
[3153.43] TgSLO: Async Load: NPC_Guardian_Male_AT
[3153.43] TgSLO: Async Load: FX_Guardian_Male
[3153.43] TgSLO: Async Load: AUD_NPC_Guardian_Male
[3153.44] TgSLO: Async Load: NPC_Cyclops_V2
[3153.44] TgSLO: Async Load: FX_NPC_Cyclops_V2
[3153.44] TgSLO: Async Load: AUD_NPC_Cyclops
[3153.44] Log: Flushing async loaders.
[3153.47] TgSLO: Finish Load: FX_Store_Items
[3153.49] TgSLO: Finish Load: FX_Store_Items_Targeting
[3153.49] TgSLO: Finish Load: FX_Status_Effects
[3153.50] TgSLO: Finish Load: GOD_CommonMaterialEffects
[3153.50] TgSLO: Finish Load: GOD_Common_AT
[3153.61] TgSLO: Finish Load: AUD_VOX_Narrator
[3153.61] TgSLO: Finish Load: NPC_Ward2
[3153.65] TgSLO: Finish Load: FX_Buff_Belts_V2
[3153.66] TgSLO: Finish Load: FX_Fist_Of_God_V2
[3153.86] TgSLO: Finish Load: GOD_Bellona
[3153.87] TgSLO: Finish Load: GOD_Bellona_Textures
[3153.91] TgSLO: Finish Load: FX_Bellona
[3153.95] TgSLO: Finish Load: AUD_God_Bellona
[3153.97] TgSLO: Finish Load: NPC_Ward_Chinese
[3153.97] TgSLO: Finish Load: NPC_Ward_BobbleHead_Base
[3153.99] TgSLO: Finish Load: NPC_Ward_Eyeballs
[3154.04] TgSLO: Finish Load: FX_Common
[3154.04] TgSLO: Finish Load: AUD_UI
[3154.19] TgSLO: Finish Load: GOD_Thor
[3154.19] TgSLO: Finish Load: GOD_Thor_Textures
[3154.21] TgSLO: Finish Load: FX_Thor
[3154.27] TgSLO: Finish Load: AUD_God_Thor
[3154.38] TgSLO: Finish Load: GOD_Agni_V2
[3154.39] TgSLO: Finish Load: GOD_Agni_V2_Textures
[3154.44] TgSLO: Finish Load: FX_Agni_B
[3154.61] TgSLO: Finish Load: FX_Agni_Targeting
[3154.71] TgSLO: Finish Load: AUD_God_Agni
[3155.32] TgSLO: Finish Load: GOD_HeBo_V2
[3155.33] TgSLO: Finish Load: GOD_HeBo_V2_Textures
[3155.47] TgSLO: Finish Load: AUD_God_HeBo_V2
[3155.70] TgSLO: Finish Load: GOD_HeBo_V3_Skin4
[3155.82] TgSLO: Finish Load: FX_HeBo
[3155.88] TgSLO: Finish Load: AUD_God_HeBo
[3155.91] TgSLO: Finish Load: AnimNotify8846
[3155.97] TgSLO: Finish Load: NPC_Ward_Mailbox
[3156.01] TgSLO: Finish Load: NPC_Ward_Thunderbolt
[3156.12] TgSLO: Finish Load: GOD_Loki
[3156.12] TgSLO: Finish Load: GOD_Loki_Textures
[3156.14] TgSLO: Finish Load: FX_Loki
[3156.16] TgSLO: Finish Load: AUD_God_Loki
[3156.24] TgSLO: Finish Load: GOD_Loki_Skin3
[3156.27] TgSLO: Finish Load: FX_Loki_Skin3
[3156.33] TgSLO: Finish Load: FX_Loki_Targeting_SKN3
[3156.35] TgSLO: Finish Load: AnimNotify9259
[3156.60] TgSLO: Finish Load: GOD_SunWukong
[3156.63] TgSLO: Finish Load: GOD_SunWukong_Textures
[3156.69] TgSLO: Finish Load: FX_SunWukong
[3156.77] TgSLO: Finish Load: AUD_God_SunWukong
[3156.86] TgSLO: Finish Load: Joust_Tower
[3156.87] TgSLO: Finish Load: FX_Tower
[3156.89] TgSLO: Finish Load: FX_Greek_Tower
[3156.97] TgSLO: Finish Load: AUD_Tower
[3157.01] TgSLO: Finish Load: NPC_Phoenix
[3157.01] TgSLO: Finish Load: NPC_Phoenix_Textures
[3157.02] TgSLO: Finish Load: FX_Phoenix
[3157.06] TgSLO: Finish Load: AUD_NPC_Phoenix
[3157.06] TgSLO: Finish Load: MDL_PseudoMesh
[3157.07] TgSLO: Finish Load: NPC_Joust_Minion
[3157.07] TgSLO: Finish Load: NPC_Joust_Minion_Textures
[3157.21] TgSLO: Finish Load: NPC_Minion_Universal
[3157.22] TgSLO: Finish Load: FX_Roman
[3157.22] TgSLO: Finish Load: FX_Minion_Death
[3157.26] TgSLO: Finish Load: AUD_NPC_RomanArcher
[3157.27] TgSLO: Finish Load: AUD_NPC_Olympus
[3157.36] TgSLO: Finish Load: NPC_Guardian_Female
[3157.37] TgSLO: Finish Load: NPC_Guardian_Female_AT
[3157.37] TgSLO: Finish Load: FX_Guardian_Female
[3157.38] TgSLO: Finish Load: AUD_NPC_Guardian_Female
[3157.48] TgSLO: Finish Load: NPC_Guardian_Male
[3157.49] TgSLO: Finish Load: NPC_Guardian_Male_AT
[3157.50] TgSLO: Finish Load: FX_Guardian_Male
[3157.51] TgSLO: Finish Load: AUD_NPC_Guardian_Male
[3157.61] TgSLO: Finish Load: NPC_Cyclops_V2
[3157.61] TgSLO: Finish Load: FX_NPC_Cyclops_V2
[3157.68] TgSLO: Finish Load: AUD_NPC_Cyclops
[3157.68] Log: Flushed async loaders.
[3157.69] Log: Primary PhysX scene will be in software.
[3157.69] Log: Creating Primary PhysX Scene.
[3157.69] Log: Bringing World joust_v2_p.TheWorld up for play (595) at 2015.06.20-12.24.04
[3157.69] Log: Skipping initialization of FSMPartPool!
[3157.69] Log: Bringing up level for play took: 0.015507
[3157.69] Warning: Warning, Failed to load 'Class None.': Failed to find object 'Class None.'
[3157.69] Warning: Warning, Failed to find object 'Class None.'
[3157.69] Log: PlayerController class for the pending level is PlayerController
[3157.69] Log: ########### Finished loading level: 7.376931 seconds
[3157.69] Log: Flushing async loaders.
[3158.39] Log: Flushed async loaders.
[3158.73] Log: ---- UpdateClanData
[3158.73] DevNet: TgPlayerController_5 setplayer TgLocalPlayer_0
[3158.79] Log: Flushing async loaders.
[3158.85] Log: Flushed async loaders.
[3158.86] Warning: Flushed async loading to load replicated reference to 'TgPawn_HeBo_HeBro TgGameContent.Default__TgPawn_HeBo_HeBro'
[3158.87] Log: AttachToOwner - Socket (FX_ORIGIN_Origin) not found in owner mesh or its parent! (2702 to NONE)
[3158.87] Log: TeamIndex 1 has new leader: 6468508
[3158.88] Log: AttachToOwner - Socket (FX_ORIGIN_Origin) not found in owner mesh or its parent! (2702 to NONE)
[3158.88] Log: AttachToOwner - Socket (FX_ORIGIN_Origin) not found in owner mesh or its parent! (2702 to NONE)
[3158.88] Log: AttachToOwner - Socket (FX_ORIGIN_Origin) not found in owner mesh or its parent! (2702 to NONE)
[3158.88] Log: AttachToOwner - Socket (FX_ORIGIN_Origin) not found in owner mesh or its parent! (2702 to NONE)
[3158.90] Log: AttachToOwner - Socket (FX_ORIGIN_Origin) not found in owner mesh or its parent! (2702 to NONE)
[3158.94] Log: ActivateLevel joust_v2_crowd 1 1 0
[3158.94] Log: ActivateLevel joust_sound 1 1 0
[3158.94] Log: ActivateLevel joust_v2_p_assist 1 1 0
[3159.09] Log: Activated joust_v2_p_assist 1 1 0
[3161.79] Log: TeamIndex 2 has new leader: 5510689
[3167.29] Log: TeamIndex 2 has new leader: 5497277
[3170.93] Log: ---- UpdateClanData
[3204.01] Warning: Warning, Failed to load 'Texture None.blah': Failed to find object 'Texture None.blah'
[3204.01] Warning: Warning, Failed to load 'Texture None.undefined': Failed to find object 'Texture None.undefined'
[3204.01] Warning: Warning, Failed to load 'Texture None.undefined': Failed to find object 'Texture None.undefined'
[3204.02] Warning: Warning, Failed to load 'Texture None.undefined': Failed to find object 'Texture None.undefined'
[3204.02] Warning: Warning, Failed to load 'Texture None.undefined': Failed to find object 'Texture None.undefined'
[3214.90] Log: Requesting purchase of itemId (10040) amount (1)
[3217.17] Log: Requesting purchase of itemId (10220) amount (1)
[3226.39] Log: ---- UpdateClanData
[3226.65] Log: TeamIndex 1 has new leader: 6609504
[3362.00] Log: PUSHING Accolade: Zazminek verse le Premier sang !, local: false
[3367.94] Log: Requesting purchase of itemId (10045) amount (1)
[3370.49] Log: PUSHING Accolade: Zazminek a fait un doublé !, local: false
[3370.50] Log: Suppressing Accolade: 
[3375.19] Log: PUSHING Accolade: , local: false
[3379.80] Log: ---- UpdateClanData
[3383.66] Log: Chat[1]: Namarand vient de se déconnecter.
[3383.66] Log: ---- UpdateClanData
[3383.67] Log: Chat[4]: Namarand a quitté le groupe.
[3383.68] Log: Chat[4]: kimicol est maintenant chef du groupe.
[3384.19] Log: RequestingChannelMembers ch[4] [Namarand a quitté la discussion.]
[3384.19] Log: Chat[4]: Vous avez quitté une file d'attente.
[3384.19] Log: Chat[9]: Namarand vient de se déconnecter.
[3384.19] Log: Chat[6]: Namarand vient de se déconnecter.
[3424.06] Log: PUSHING Accolade: Zazminek fait une tuerie ! (x3), local: false
[3441.39] Log: PUSHING Accolade: , local: false
[3488.40] Log: PUSHING Accolade: Zazminek a tué un joueur !, local: false
[3494.04] Log: Requesting purchase of itemId (10222) amount (1)
[3518.79] Log: PUSHING Accolade: Zazminek fait un massacre ! (x5), local: false
[3566.91] Log: PUSHING Accolade: DezoBray a tué un joueur !, local: false
[3569.80] Log: PUSHING Accolade: DezoBray a fait un doublé !, local: false
[3569.80] Log: Suppressing Accolade: DezoBray fait une tuerie ! (x3)
[3571.88] Log: Requesting purchase of itemId (8776) amount (1)
[3636.51] Log: PUSHING Accolade: , local: false
[3664.29] Log: PUSHING Accolade: DezoBray a tué un joueur !, local: false
[3674.16] Log: Requesting purchase of itemId (10220) amount (1)
[3674.74] Log: PUSHING Accolade: Zazminek EST INARRÊTABLE ! (x7), local: false
[3699.11] Log: AttachToOwner - Socket (WSO_Emit_01) not found in owner mesh or its parent! (1027 to NONE)
[3744.57] Log: Requesting purchase of itemId (10222) amount (1)
[3767.07] Log: PUSHING Accolade: DezoBray fait un massacre ! (x5), local: false
[3842.72] Log: PUSHING Accolade: Zazminek a tué un joueur !, local: false
[3848.04] Log: PUSHING Accolade: Zazminek a fait un doublé !, local: false
[3848.04] Log: Suppressing Accolade: Zazminek est DIVIN (x9) !
[3884.15] Log: PUSHING Accolade: , local: false
[3893.66] Log: Chat[3]: Yadavac a lancé un vote de reddition.  Tapez /surrender (F6) pour voter OUI, /nosurrender (F7) pour voter NON.
[3893.68] Warning: Warning, Failed to load 'Font None.Arial Unicode MS': Failed to find object 'Font None.Arial Unicode MS'
[3898.72] Log: Chat[9]: Vous avez voté POUR la reddition.
[3898.84] Log: Chat[3]: Votre équipe a accepté de capituler (2 contre 0) !
[3912.33] Log: ---- UpdateClanData
[3912.41] Log: ---- UpdateClanData
[3917.62] DevNet: URL: Adding default option Team=255
[3917.62] Log: ReceiveChangeMap: mapGameId 1447
[3917.62] Log: ---- UpdateClanData
[3917.63] Log: ---- UpdateClanData
[3917.63] DevNet: URL: Adding default option Team=255
[3917.63] DevNet: Browse: LobbyMap?game=TgClient.TgGameLaunch?GameState=OGS_NoSession?GameMode=0?name=Player?Team=255
[3918.21] Log: LoadMap: LobbyMap?game=TgClient.TgGameLaunch?GameState=OGS_NoSession?GameMode=0?name=Player?Team=255
[3918.39] NetComeGo: Close PComNetDriver_2 PComNetConn_2 37.48.125.80:9139 06/20/15 12:36:45
[3918.44] Exit: PComNetDriver_2 shut down
[3918.69] Log: Map Game ID = 0
[3918.69] Log: Map Instance ID = 124792707
[3918.72] Log: Performance: Critical section Lock/Unlock 24 nsec
[3918.72] Log: Performance:  appCycles 10 nsec
[3918.73] Log: Performance:  memCopy per KB 65 nsec
[3918.74] Log: Performance:  memZero per KB 57 nsec
[3918.75] Log: Performance:  appInterlockedIncrement 10 nsec
[3918.76] Log: Performance:  GetTickCount 4 nsec
[3918.76] Log: Game class is 'TgGameLaunch'
[3918.76] TgSLO: Async Load: GodSkins_Portraits_and_Icons
[3918.76] Log: Flushing async loaders.
[3918.80] TgSLO: Finish Load: GodSkins_Portraits_and_Icons
[3918.80] Log: Flushed async loaders.
[3918.84] Log: Primary PhysX scene will be in software.
[3918.84] Log: Creating Primary PhysX Scene.
[3918.84] Log: *** WARNING - PATHS MAY NOT BE VALID ***
[3918.84] Log: Bringing World lobbymap.TheWorld up for play (0) at 2015.06.20-12.36.45
[3918.84] Log: Skipping initialization of FSMPartPool!
[3918.92] Log: Bringing up level for play took: 0.125407
[3919.93] TgSLO: Async Load: GOD_Agni_V2
[3919.93] TgSLO: Async Load: GOD_Agni_V2_Lobby
[3919.93] Log: Flushing async loaders.
[3920.04] TgSLO: Finish Load: GOD_Agni_V2
[3920.12] TgSLO: Finish Load: GOD_Agni_V2_Lobby
[3920.12] Log: Flushed async loaders.
[3920.13] Log: ########### Finished loading level: 1.921527 seconds
[3920.16] Log: Flushing async loaders.
[3920.27] Log: Flushed async loaders.
[3920.28] Log: RequestingChannelMembers ch[8] [kimicol a rejoint la discussion.]
[3920.28] Log: RequestingChannelMembers ch[8] [Hordiness a rejoint la discussion.]
[3920.80] Log: FKAggregateGeom::InstanceNovodexGeom: () Cannot 3D-Scale rigid-body primitives (sphere, box, sphyl).
[3920.80] Log: URB_BodyInstance::InitBody : Could not create new Shape: 
[3920.81] Log: RequestingChannelMembers ch[8] [Zazminek a rejoint la discussion.]
[3921.01] Log: RequestingChannelMembers ch[8] [Yadavac a rejoint la discussion.]
[3936.73] Log: RequestingChannelMembers ch[8] [Hordiness a quitté la discussion.]
[3942.52] Log: RequestingChannelMembers ch[8] [Zazminek a quitté la discussion.]
[3943.43] Log: RequestingChannelMembers ch[8] [Yadavac a quitté la discussion.]
[3948.28] Log: ERROR: Attempting to log in without settings.
[3967.74] Log: ---- UpdateClanData
[3968.30] Log: ---- UpdateClanData
[3968.31] Log: GFx attempted to load missing object [MenuManager.undefined]
[3999.86] Log: Chat[1]: Yadavac vient de se déconnecter.
[3999.87] Log: ---- UpdateClanData
[3999.98] Log: Chat[4]: Yadavac a quitté le groupe.
[3999.99] Log: Chat[9]: Yadavac vient de se déconnecter.
[3999.99] Log: Chat[6]: Yadavac vient de se déconnecter.
[4004.33] Log: Closing by request
[4004.33] Log: appRequestExit(0)
[4004.33] Log: TgAIBehaviorTreeManager :: De-allocating 47 behavior trees
[4005.39] Exit: Preparing to exit.
[4005.72] Exit: Game engine shut down
[4005.91] Exit: Windows client shut down
[4005.92] Exit: XAudio2 Device shut down.
[4006.22] Exit: Object subsystem successfully closed.
[4007.73] Log: >>>>>>>>>>>>>>>>>> ResubmitMCTSEvent PLAYER_LOGOFF
[4007.85] Log: >>>>>>>>>>>>>>>>>> ResubmitMCTSEvent PLAYER_LOGOFF
[4007.90] Log: Shutting down FaceFX...
[4007.90] Log: FaceFX shutdown.
[4008.20] Exit: Exiting.
