[0000.36] Log: Async Log file open, 07/28/15 18:19:12
[0000.36] Init: WinSock: version 1.1 (2.2), MaxSocks=32767, MaxUdp=65467
[0000.36] Log:  ... running in INSTALLED mode
[0000.36] DevConfig: GConfig::Find has loaded file:  ..\..\Engine\Config\ConsoleVariables.ini
[0000.36] Init: Version: 10897
[0000.36] Init: Epic Internal: 0
[0000.36] Init: Compiled (32-bit): Jul 17 2015 18:53:29
[0000.36] Init: Changelist: 1532151
[0000.36] Init: Game is version 2.10.2868.0.
[0000.36] Init: Command line: -PGUID=f217e716-f401-4696-a0ce-3be9da5b0821  -host=             -host2              -seekfreeloading   -LANGUAGE=FRA -cnmg=722672205223232783217320732984219425642025286529 -cnmg2=722572215229232883227320732184219422642525218528 -ASYNCTICK=FALSE -user=kimicol -epass=0318D48EB4424BC8453F77F6B393B2828309272591535BDEF1EF5A8AA7644D2A -HiCommand -HEXX=1C7D9C89
[0000.36] Init: Base directory: C:\Program Files (x86)\Hi-Rez Studios\HiRezGames\smite\binaries\Win32\
[0000.58] Init: Computer: PC-ARTHUR
[0000.58] Init: User: Arthur
[0000.58] Init: CPU Page size=4096, Processors=4, Cores=2
[0000.58] Init: High frequency timer resolution =2.240910 MHz
[0000.58] Init: Memory total: Physical=3.8GB (3GB approx) Pagefile=4.5GB Virtual=4.0GB
[0000.68] DevOnline: Initializing MCTS
[0000.68] Init: Presizing for 60000 objects not considered by GC, pre-allocating 0 bytes.
[0000.68] Init: Object subsystem initialized
[0000.68] Log: Overriding lang INT w/ command-line option of FRA
[0001.46] Log: TgAIBehaviorTreeManager :: Loading behavior trees
[0001.48] Log: TgAIBehaviorTreeManager :: Successfully loaded behavior trees
[0001.48] Log: ShadowPatch: Error -pid should be passed on command line.
[0002.01] Log: AsyncTickTasks DISABLED at startup
[0002.05] Log: SystemSettings based on: SystemSettings
[0002.05] Log: SystemSettings based on: SystemSettings
[0002.05] Log: SystemSettings based on: SystemSettings
[0002.05] Log: SystemSettings based on: SystemSettings
[0002.05] Log: SystemSettings based on: SystemSettings
[0002.60] Log: Found D3D11 adapter 0: Intel(R) HD Graphics Family
[0002.60] Log: Adapter has 1020MB of dedicated video memory, 0MB of dedicated system memory, and 1933MB of shared system memory
[0002.63] Log: Shader platform (RHI): PC-D3D-SM3
[0002.66] Log: PhysX GPU Support: DISABLED
[0003.78] Log: Assembly Loaded Version: DBExport: 07/17/2015 17:51:11,  Src=devsql.hirezcorp.com:smite_live_build, LangSrc=devsql.hirezcorp.com:smite_translations,
[0026.10] Log: Skipping adding Package OnlineSubsystemMcts to NetPackages
[0026.85] Log: 118075 objects as part of root set at end of initial load.
[0026.85] Log: 0 out of 0 bytes used by permanent object pool.
[0026.85] Log: Initializing Engine...
[0027.97] ScriptWarning: Script call stack:
	Function Engine.GameViewportClient:Init

	TgGameViewportClient Transient.TgGameEngine_0:TgGameViewportClient_0
	Function Engine.GameViewportClient:Init:0025
[0027.97] ScriptWarning: Assertion failed, line 672
	TgGameViewportClient Transient.TgGameEngine_0:TgGameViewportClient_0
	Function Engine.GameViewportClient:Init:0025
[0027.97] Warning: Warning, Failed to load 'SwfMovie None.Logos': Failed to find object 'SwfMovie None.Logos'
[0027.97] Log: GFx attempted to load missing object [Logos]
[0027.97] Warning: Warning, Failed to load 'Class None.': Failed to find object 'Class None.'
[0027.97] Warning: Warning, Failed to find object 'Class None.'
[0027.97] Warning: Warning, Failed to load 'Class None.': Failed to find object 'Class None.'
[0027.97] Warning: Warning, Failed to find object 'Class None.'
[0027.97] Warning: Warning, Failed to load 'Class None.': Failed to find object 'Class None.'
[0027.97] Warning: Warning, Failed to find object 'Class None.'
[0027.97] Warning: Warning, Failed to load 'Class None.': Failed to find object 'Class None.'
[0027.97] Warning: Warning, Failed to find object 'Class None.'
[0027.97] DevNet: Browse: lobbymap?Name=Player?Team=255?DefaultCharacter=TgGame.TgCharacter
[0027.98] Log: LoadMap: lobbymap?Name=Player?Team=255?DefaultCharacter=TgGame.TgCharacter
[0028.13] Log: Map Game ID = 0
[0028.13] Log: Map Instance ID = 128100379
[0028.16] Log: Performance: Critical section Lock/Unlock 24 nsec
[0028.16] Log: Performance:  appCycles 12 nsec
[0028.21] Log: Performance:  memCopy per KB 260 nsec
[0028.24] Log: Performance:  memZero per KB 162 nsec
[0028.26] Log: Performance:  appInterlockedIncrement 13 nsec
[0028.26] Log: Performance:  GetTickCount 4 nsec
[0028.26] Log: Game class is 'TgGameLaunch'
[0028.26] TgSLO: Async Load: GodSkins_Portraits_and_Icons
[0028.26] Log: Flushing async loaders.
[0028.30] TgSLO: Finish Load: GodSkins_Portraits_and_Icons
[0028.30] Log: Flushed async loaders.
[0028.34] Log: Primary PhysX scene will be in software.
[0028.34] Log: Creating Primary PhysX Scene.
[0028.34] Log: *** WARNING - PATHS MAY NOT BE VALID ***
[0028.34] Log: Bringing World lobbymap.TheWorld up for play (0) at 2015.07.28-18.19.40
[0028.34] Log: Skipping initialization of FSMPartPool!
[0028.40] Log: Bringing up level for play took: 0.090322
[0029.52] Warning: Warning, Failed to load 'Font None.ArialUnicode': Failed to find object 'Font None.ArialUnicode'
[0029.52] Warning: Warning, Failed to load 'Font None.ArialUnicode': Failed to find object 'Font None.ArialUnicode'
[0029.65] Log: GFx attempted to load missing object [UDKFrontEnd.udk_ime]
[0030.78] Log: ########### Finished loading level: 2.804318 seconds
[0030.91] Log: Flushing async loaders.
[0031.06] Log: Flushed async loaders.
[0031.06] Log: Initializing Engine Completed
[0031.06] Log: >>>>>>>>>>>>>> Initial startup: 31.06s <<<<<<<<<<<<<<<
[0031.06] Log: Browser user data directory is C:\ProgramData\Hi-Rez Studios\BrowserCache\Battle
[0031.07] Log: WebFactory created
[0034.40] Log: Login Success: kimicol
[0034.70] Error: Failed to read file '..\..\BattleGame\LandingPanel\BootyChest.jpg' error ()
[0034.70] Error: Failed to read file '..\..\BattleGame\LandingPanel\UltimateGodPack.jpg' error ()
[0034.70] Error: Failed to read file '..\..\BattleGame\LandingPanel\esportsseasonticket.jpg' error ()
[0034.70] Error: Failed to read file '..\..\BattleGame\LandingPanel\DrSylvanusa.jpg' error ()
[0034.70] Error: Failed to read file '..\..\BattleGame\LandingPanel\esportsseasonticketSkinNew.jpg' error ()
[0034.70] Error: Failed to read file '..\..\BattleGame\LandingPanel\HBundle.jpg' error ()
[0034.70] Error: Failed to read file '..\..\BattleGame\LandingPanel\Tier2Medusa.jpg' error ()
[0034.70] Error: Failed to read file '..\..\BattleGame\LandingPanel\BizzyBCupid4.jpg' error ()
[0034.70] Error: Failed to read file '..\..\BattleGame\LandingPanel\PirateKali.jpg' error ()
[0034.70] Error: Failed to read file '..\..\BattleGame\LandingPanel\HercHunkulese.jpg' error ()
[0034.70] Error: Failed to read file '..\..\BattleGame\LandingPanel\NewGodRavana.jpg' error ()
[0034.70] Error: Failed to read file '..\..\BattleGame\LandingPanel\HeavenlyWarlord223.jpg' error ()
[0034.70] Error: Failed to read file '..\..\BattleGame\LandingPanel\TyrantRavana.jpg' error ()
[0034.70] Error: Failed to read file '..\..\BattleGame\LandingPanel\GodPackTest234.jpg' error ()
[0034.70] Error: Failed to read file '..\..\BattleGame\LandingPanel\GodPackTest234_thumb.jpg' error ()
[0034.70] Error: Failed to read file '..\..\BattleGame\LandingPanel\esportsseasonticket.jpg' error ()
[0034.70] Error: Failed to read file '..\..\BattleGame\LandingPanel\esportsseasonticket_thumb.jpg' error ()
[0034.70] Error: Failed to read file '..\..\BattleGame\LandingPanel\NewBundle.jpg' error ()
[0034.70] Error: Failed to read file '..\..\BattleGame\LandingPanel\NewBundle_thumb.jpg' error ()
[0034.70] Error: Failed to read file '..\..\BattleGame\LandingPanel\Loki.jpg' error ()
[0034.70] Error: Failed to read file '..\..\BattleGame\LandingPanel\Loki_thumb.jpg' error ()
[0034.70] Error: Failed to read file '..\..\BattleGame\LandingPanel\Madscientist.jpg' error ()
[0034.70] Error: Failed to read file '..\..\BattleGame\LandingPanel\Madscientist_thumb.jpg' error ()
[0034.70] Error: Failed to read file '..\..\BattleGame\LandingPanel\SoS.jpg' error ()
[0034.71] Error: Failed to read file '..\..\BattleGame\LandingPanel\SoS_thumb.jpg' error ()
[0034.74] Log: Team/Instance chat routed to Instance Server.
[0034.74] Log: Chat[9]: Appuyez sur ENTRÉE pour accéder à la discussion.
[0034.74] Log: RequestingChannelMembers ch[1] [kimicol a rejoint la discussion.]
[0034.74] Log: RequestingChannelMembers ch[3] [kimicol a rejoint la discussion.]
[0034.89] DevNet: URL: Adding default option Team=255
[0034.89] Log: ReceiveChangeMap: mapGameId 1503
[0035.06] DevNet: URL: Adding default option Team=255
[0035.06] DevNet: Browse: 37.48.125.45:9263/lobbymap?GameState=OGS_NoSession?GameMode=0?name=Player?map_instance_id=172550955?Team=255
[0035.06] DevNet: Game client on port 9263, rate 25000
[0041.88] DevNet: Welcomed by server (Level: joust_v2_p, Game: TgGame.TgGame_Battle_Joust)
[0044.08] Log: LoadMap: 37.48.125.45:9263/joust_v2_p?GameState=OGS_NoSession?GameMode=0?name=Player?map_instance_id=172550955?Team=255?game=TgGame.TgGame_Battle_Joust
[0044.24] Log: Map Game ID = 0
[0044.24] Log: Map Instance ID = 128100379
[0044.26] Log: Performance: Critical section Lock/Unlock 26 nsec
[0044.26] Log: Performance:  appCycles 12 nsec
[0044.32] Log: Performance:  memCopy per KB 291 nsec
[0044.36] Log: Performance:  memZero per KB 173 nsec
[0044.37] Log: Performance:  appInterlockedIncrement 14 nsec
[0044.38] Log: Performance:  GetTickCount 4 nsec
[0047.28] TgSLO: Async Load: FX_Store_Items
[0047.28] TgSLO: Async Load: FX_Store_Items_Targeting
[0047.28] TgSLO: Async Load: FX_Status_Effects
[0047.28] TgSLO: Async Load: GOD_CommonMaterialEffects
[0047.28] TgSLO: Async Load: GOD_Common_AT
[0047.28] TgSLO: Async Load: AUD_VOX_Narrator
[0047.28] TgSLO: Async Load: NPC_Ward2
[0047.28] TgSLO: Async Load: FX_Buff_Belts_V2
[0047.28] TgSLO: Async Load: FX_Fist_Of_God_V2
[0047.28] TgSLO: Async Load: GOD_Artemis
[0047.28] TgSLO: Async Load: GOD_Artemis_Textures
[0047.28] TgSLO: Async Load: FX_Artemis
[0047.28] TgSLO: Async Load: AUD_God_Artemis
[0047.28] TgSLO: Async Load: GOD_Ymir
[0047.28] TgSLO: Async Load: GOD_Ymir_Textures
[0047.28] TgSLO: Async Load: FX_Ymir
[0047.28] TgSLO: Async Load: AUD_God_Ymir
[0047.28] TgSLO: Async Load: GOD_Zeus
[0047.28] TgSLO: Async Load: GOD_Zeus_Textures
[0047.28] TgSLO: Async Load: AUD_God_Zeus
[0047.28] TgSLO: Async Load: FX_Zeus_B
[0047.28] TgSLO: Async Load: GOD_Thanatos
[0047.28] TgSLO: Async Load: GOD_Thanatos_Textures
[0047.28] TgSLO: Async Load: FX_Thanatos
[0047.28] TgSLO: Async Load: AUD_God_Thanatos
[0047.29] TgSLO: Async Load: NPC_Ward_Curse
[0047.29] TgSLO: Async Load: NPC_Ward_BobbleHead_Base
[0047.29] TgSLO: Async Load: NPC_Ward_Eyeballs
[0047.29] TgSLO: Async Load: FX_Common
[0047.29] TgSLO: Async Load: AUD_UI
[0047.29] TgSLO: Async Load: GOD_Fenrir
[0047.29] TgSLO: Async Load: GOD_Fenrir_Textures
[0047.29] TgSLO: Async Load: FX_Fenrir
[0047.29] TgSLO: Async Load: AUD_God_Fenrir
[0047.29] TgSLO: Async Load: god_fenrir_skin4
[0047.29] TgSLO: Async Load: FX_Fenrir_Skin4
[0047.29] TgSLO: Async Load: FX_Fenrir_Targeting_SKN4
[0047.29] TgSLO: Async Load: AnimNotify10561
[0047.29] TgSLO: Async Load: FX_Ymir_Targeting
[0047.29] TgSLO: Async Load: Joust_Tower
[0047.29] TgSLO: Async Load: FX_Tower
[0047.29] TgSLO: Async Load: FX_Greek_Tower
[0047.29] TgSLO: Async Load: AUD_Tower
[0047.29] TgSLO: Async Load: NPC_Phoenix
[0047.29] TgSLO: Async Load: NPC_Phoenix_Textures
[0047.29] TgSLO: Async Load: FX_Phoenix
[0047.29] TgSLO: Async Load: AUD_NPC_Phoenix
[0047.29] TgSLO: Async Load: MDL_PseudoMesh
[0047.29] TgSLO: Async Load: NPC_Joust_Minion
[0047.29] TgSLO: Async Load: NPC_Joust_Minion_Textures
[0047.29] TgSLO: Async Load: NPC_Minion_Universal
[0047.29] TgSLO: Async Load: FX_Roman
[0047.29] TgSLO: Async Load: FX_Minion_Death
[0047.29] TgSLO: Async Load: AUD_NPC_RomanArcher
[0047.29] TgSLO: Async Load: AUD_NPC_Olympus
[0047.29] TgSLO: Async Load: NPC_Guardian_Female
[0047.29] TgSLO: Async Load: NPC_Guardian_Female_AT
[0047.29] TgSLO: Async Load: FX_Guardian_Female
[0047.30] TgSLO: Async Load: AUD_NPC_Guardian_Female
[0047.30] TgSLO: Async Load: NPC_Guardian_Male
[0047.30] TgSLO: Async Load: NPC_Guardian_Male_AT
[0047.30] TgSLO: Async Load: FX_Guardian_Male
[0047.30] TgSLO: Async Load: AUD_NPC_Guardian_Male
[0047.30] TgSLO: Async Load: NPC_Cyclops_V2
[0047.30] TgSLO: Async Load: FX_NPC_Cyclops_V2
[0047.30] TgSLO: Async Load: AUD_NPC_Cyclops
[0047.30] Log: Flushing async loaders.
[0047.36] TgSLO: Finish Load: FX_Store_Items
[0047.44] TgSLO: Finish Load: FX_Store_Items_Targeting
[0047.47] TgSLO: Finish Load: FX_Status_Effects
[0047.50] TgSLO: Finish Load: GOD_CommonMaterialEffects
[0047.53] TgSLO: Finish Load: GOD_Common_AT
[0047.78] TgSLO: Finish Load: AUD_VOX_Narrator
[0047.82] TgSLO: Finish Load: NPC_Ward2
[0047.93] TgSLO: Finish Load: FX_Buff_Belts_V2
[0047.98] TgSLO: Finish Load: FX_Fist_Of_God_V2
[0048.25] TgSLO: Finish Load: GOD_Artemis
[0048.27] TgSLO: Finish Load: GOD_Artemis_Textures
[0048.39] TgSLO: Finish Load: FX_Artemis
[0048.48] TgSLO: Finish Load: AUD_God_Artemis
[0048.66] TgSLO: Finish Load: GOD_Ymir
[0048.66] TgSLO: Finish Load: GOD_Ymir_Textures
[0048.72] TgSLO: Finish Load: FX_Ymir
[0049.06] TgSLO: Finish Load: AUD_God_Ymir
[0049.68] TgSLO: Finish Load: GOD_Zeus
[0049.68] TgSLO: Finish Load: GOD_Zeus_Textures
[0049.87] TgSLO: Finish Load: AUD_God_Zeus
[0049.99] TgSLO: Finish Load: FX_Zeus_B
[0050.16] TgSLO: Finish Load: GOD_Thanatos
[0050.16] TgSLO: Finish Load: GOD_Thanatos_Textures
[0050.19] TgSLO: Finish Load: FX_Thanatos
[0050.44] TgSLO: Finish Load: AUD_God_Thanatos
[0050.52] TgSLO: Finish Load: NPC_Ward_Curse
[0050.54] TgSLO: Finish Load: NPC_Ward_BobbleHead_Base
[0050.66] TgSLO: Finish Load: NPC_Ward_Eyeballs
[0050.92] TgSLO: Finish Load: FX_Common
[0051.01] TgSLO: Finish Load: AUD_UI
[0051.52] TgSLO: Finish Load: GOD_Fenrir
[0051.53] TgSLO: Finish Load: GOD_Fenrir_Textures
[0051.54] TgSLO: Finish Load: FX_Fenrir
[0051.58] TgSLO: Finish Load: AUD_God_Fenrir
[0051.66] TgSLO: Finish Load: god_fenrir_skin4
[0051.91] TgSLO: Finish Load: FX_Fenrir_Skin4
[0051.92] TgSLO: Finish Load: FX_Fenrir_Targeting_SKN4
[0051.94] TgSLO: Finish Load: AnimNotify10561
[0051.99] TgSLO: Finish Load: FX_Ymir_Targeting
[0052.45] TgSLO: Finish Load: Joust_Tower
[0052.48] TgSLO: Finish Load: FX_Tower
[0052.55] TgSLO: Finish Load: FX_Greek_Tower
[0052.76] TgSLO: Finish Load: AUD_Tower
[0053.33] TgSLO: Finish Load: NPC_Phoenix
[0053.39] TgSLO: Finish Load: NPC_Phoenix_Textures
[0053.42] TgSLO: Finish Load: FX_Phoenix
[0053.53] TgSLO: Finish Load: AUD_NPC_Phoenix
[0053.57] TgSLO: Finish Load: MDL_PseudoMesh
[0053.66] TgSLO: Finish Load: NPC_Joust_Minion
[0053.66] TgSLO: Finish Load: NPC_Joust_Minion_Textures
[0054.13] TgSLO: Finish Load: NPC_Minion_Universal
[0054.15] TgSLO: Finish Load: FX_Roman
[0054.19] TgSLO: Finish Load: FX_Minion_Death
[0054.31] TgSLO: Finish Load: AUD_NPC_RomanArcher
[0054.31] TgSLO: Finish Load: AUD_NPC_Olympus
[0054.96] TgSLO: Finish Load: NPC_Guardian_Female
[0055.00] TgSLO: Finish Load: NPC_Guardian_Female_AT
[0055.02] TgSLO: Finish Load: FX_Guardian_Female
[0055.03] TgSLO: Finish Load: AUD_NPC_Guardian_Female
[0055.65] TgSLO: Finish Load: NPC_Guardian_Male
[0055.72] TgSLO: Finish Load: NPC_Guardian_Male_AT
[0055.88] TgSLO: Finish Load: FX_Guardian_Male
[0055.91] TgSLO: Finish Load: AUD_NPC_Guardian_Male
[0056.29] TgSLO: Finish Load: NPC_Cyclops_V2
[0056.29] TgSLO: Finish Load: FX_NPC_Cyclops_V2
[0056.39] TgSLO: Finish Load: AUD_NPC_Cyclops
[0056.39] Log: Flushed async loaders.
[0056.40] Log: Primary PhysX scene will be in software.
[0056.40] Log: Creating Primary PhysX Scene.
[0056.43] Log: Bringing World joust_v2_p.TheWorld up for play (595) at 2015.07.28-18.20.08
[0056.44] Log: Skipping initialization of FSMPartPool!
[0056.44] Log: Bringing up level for play took: 0.046789
[0056.44] Warning: Warning, Failed to load 'Class None.': Failed to find object 'Class None.'
[0056.44] Warning: Warning, Failed to find object 'Class None.'
[0056.44] Log: PlayerController class for the pending level is PlayerController
[0056.44] Log: ########### Finished loading level: 12.360548 seconds
[0056.44] Log: Flushing async loaders.
[0057.53] Log: Flushed async loaders.
[0057.97] DevNet: TgPlayerController_1 setplayer TgLocalPlayer_0
[0058.20] Log: Flushing async loaders.
[0058.28] Log: Flushed async loaders.
[0058.29] Warning: Flushed async loading to load replicated reference to 'TgPawn_Zeus_DefaultV2 TgGameContent.Default__TgPawn_Zeus_DefaultV2'
[0058.58] Log: AttachToOwner - Socket (WSO_Emit_01) not found in owner mesh or its parent! (2450 to TgPawn_Zeus_DefaultV2_0)
[0058.62] Log: AttachToOwner - Socket (FX_ORIGIN_Origin) not found in owner mesh or its parent! (2702 to NONE)
[0058.62] Log: AttachToOwner - Socket (FX_ORIGIN_Origin) not found in owner mesh or its parent! (2702 to NONE)
[0058.63] Log: AttachToOwner - Socket (FX_ORIGIN_Origin) not found in owner mesh or its parent! (2702 to NONE)
[0058.63] Log: AttachToOwner - Socket (FX_ORIGIN_Origin) not found in owner mesh or its parent! (2702 to NONE)
[0058.63] Log: AttachToOwner - Socket (FX_ORIGIN_Origin) not found in owner mesh or its parent! (2702 to NONE)
[0058.64] Log: AttachToOwner - Socket (FX_ORIGIN_Origin) not found in owner mesh or its parent! (2702 to NONE)
[0058.64] Log: TeamIndex 2 has new leader: 6895218
[0058.64] Log: TeamIndex 1 has new leader: 5524768
[0060.39] Warning: Warning, Failed to load 'Texture None.blah': Failed to find object 'Texture None.blah'
[0061.27] Log: ActivateLevel joust_v2_crowd 1 1 0
[0061.27] Log: ActivateLevel joust_sound 1 1 0
[0061.27] Log: ActivateLevel joust_v2_p_assist 1 1 0
[0061.90] Log: Chat[1]: Statut du clan : Tiny42SH
[0061.90] Log: ---- UpdateClanData
[0061.91] Log: Flushing async loaders.
[0062.01] Log: Flushed async loaders.
[0062.12] Log: Activated joust_v2_p_assist 1 1 0
[0079.59] Warning: Warning, Failed to load 'Class None.None': Failed to find object 'Class None.None'
[0079.59] Warning: Warning, Failed to find object 'Class None.None'
[0079.59] Warning: Warning, Failed to load 'Class None.None': Failed to find object 'Class None.None'
[0079.59] Warning: Warning, Failed to find object 'Class None.None'
[0079.59] Warning: Warning, Failed to load 'Class None.None': Failed to find object 'Class None.None'
[0079.59] Warning: Warning, Failed to find object 'Class None.None'
[0079.59] Warning: Warning, Failed to load 'Class None.None': Failed to find object 'Class None.None'
[0079.59] Warning: Warning, Failed to find object 'Class None.None'
[0079.59] Warning: Warning, Failed to load 'Class None.None': Failed to find object 'Class None.None'
[0079.59] Warning: Warning, Failed to find object 'Class None.None'
[0080.63] Log: ---- UpdateClanData
[0082.97] Log: Requesting purchase of itemId (10205) amount (1)
[0084.76] Log: Requesting purchase of itemId (10043) amount (1)
[0087.57] Log: PUSHING Accolade: MadalinDexter verse le Premier sang !, local: false
[0087.74] Log: Chat[3]: [VVS] Désolé !
[0096.28] Log: Chat[3]: [VVN] Non !
[0098.78] Log: Chat[3]: [VVN] Non !
[0100.32] Log: Chat[3]: [VVP] S'il-vous plaît ?
[0202.10] Log: PUSHING Accolade: , local: false
[0203.75] Log: PUSHING Accolade: GrimmAGrimm a fait un doublé !, local: false
[0203.75] Log: Suppressing Accolade: GrimmAGrimm a tué un joueur !
[0205.27] Log: Expiring Accolade: 
[0205.27] Log: PUSHING Accolade: DÉICIDE, local: true
[0209.73] Log: Requesting purchase of itemId (10044) amount (1)
[0212.58] Log: Requesting purchase of itemId (8134) amount (1)
[0213.77] Log: Requesting purchase of itemId (8134) amount (1)
[0214.09] Log: Chat[3]: lol
[0217.48] Log: SendChat[3] 
[0219.17] Log: Chat[3]: [VGG] Gankez !
[0222.78] Log: Chat[3]: [VVW] Attendez !
[0226.33] Log: Chat[3]: [VVVP] On se divise !
[0262.08] ScriptWarning: Accessed None 'HitActor'
	TgDeviceFire Transient.TgDeviceFire_35
	Function TgGame.TgDeviceFire:ApplyHit:033E
[0281.77] Log: AttachToOwner - Socket (WSO_FX_01) not found in owner mesh or its parent! (3196 to TgPawn_Thanatos_Default_0)
[0284.57] Log: PUSHING Accolade: MadalinDexter fait une tuerie ! (x3), local: false
[0290.78] ScriptWarning: Accessed None 'HitActor'
	TgDeviceFire Transient.TgDeviceFire_48
	Function TgGame.TgDeviceFire:ApplyHit:033E
[0292.46] Log: PUSHING Accolade: MadalinDexter a fait un doublé !, local: false
[0292.46] Log: Suppressing Accolade: MadalinDexter a tué un joueur !
[0302.21] Log: PUSHING Accolade: GrimmAGrimm fait une tuerie ! (x3), local: false
[0303.70] Log: PUSHING Accolade: DÉICIDE, local: true
[0311.12] Log: AttachToOwner - Socket (WSO_Emit_01) not found in owner mesh or its parent! (1027 to NONE)
[0314.80] Log: Requesting purchase of itemId (12166) amount (1)
[0319.89] Log: PUSHING Accolade: , local: false
[0326.07] Log: AttachToOwner - Socket (WSO_FX_01) not found in owner mesh or its parent! (3196 to TgPawn_Thanatos_Default_0)
[0386.52] Log: AttachToOwner - Socket (WSO_FX_01) not found in owner mesh or its parent! (3196 to TgPawn_Thanatos_Default_0)
[0389.41] Log: PUSHING Accolade: , local: false
[0398.92] Log: AttachToOwner - Socket (WSO_FX_01) not found in owner mesh or its parent! (3196 to TgPawn_Thanatos_Default_0)
[0404.29] Log: Requesting purchase of itemId (10201) amount (1)
[0404.38] Warning: Warning, Failed to load 'Class None.None': Failed to find object 'Class None.None'
[0404.38] Warning: Warning, Failed to find object 'Class None.None'
[0404.38] Warning: Warning, Failed to load 'Class None.None': Failed to find object 'Class None.None'
[0404.38] Warning: Warning, Failed to find object 'Class None.None'
[0405.04] Log: PUSHING Accolade: , local: false
[0406.56] Log: Requesting purchase of itemId (8134) amount (1)
[0406.72] Log: Requesting purchase of itemId (8134) amount (1)
[0431.23] ScriptWarning: Accessed None 'HitActor'
	TgDeviceFire Transient.TgDeviceFire_68
	Function TgGame.TgDeviceFire:ApplyHit:033E
[0433.46] Log: PUSHING Accolade: Csokipehely a tué un joueur !, local: false
[0457.04] Log: PUSHING Accolade: , local: false
[0458.33] Log: AttachToOwner - Socket (WSO_FX_01) not found in owner mesh or its parent! (3196 to TgPawn_Thanatos_Default_0)
[0480.18] Log: AttachToOwner - Socket (WSO_FX_01) not found in owner mesh or its parent! (3196 to TgPawn_Thanatos_Default_0)
[0521.12] Log: PUSHING Accolade: , local: false
[0534.34] Log: PUSHING Accolade: , local: false
[0540.96] Log: Requesting purchase of itemId (10203) amount (1)
[0542.94] Log: Requesting purchase of itemId (8134) amount (1)
[0543.10] Log: Requesting purchase of itemId (8134) amount (1)
[0557.93] Log: AttachToOwner - Socket (WSO_FX_01) not found in owner mesh or its parent! (3196 to TgPawn_Thanatos_Default_0)
[0566.79] ScriptWarning: Accessed None 'HitActor'
	TgDeviceFire Transient.TgDeviceFire_81
	Function TgGame.TgDeviceFire:ApplyHit:033E
[0574.90] Log: PUSHING Accolade: , local: false
[0576.40] Log: PUSHING Accolade: ASSISTÉ, local: true
[0588.15] Log: Requesting purchase of itemId (9469) amount (1)
[0589.50] Log: Requesting purchase of itemId (8134) amount (1)
[0619.28] Log: AttachToOwner - Socket (WSO_FX_01) not found in owner mesh or its parent! (3196 to TgPawn_Thanatos_Default_0)
[0673.98] Log: AttachToOwner - Socket (WSO_FX_01) not found in owner mesh or its parent! (3196 to TgPawn_Thanatos_Default_0)
[0675.13] Log: PUSHING Accolade: MadalinDexter fait une tuerie ! (x3), local: false
[0692.21] Log: PUSHING Accolade: , local: false
[0693.71] Log: PUSHING Accolade: ASSISTÉ, local: true
[0716.09] Log: Requesting purchase of itemId (10201) amount (1)
[0719.18] ScriptWarning: Accessed None 'HitActor'
	TgDeviceFire Transient.TgDeviceFire_101
	Function TgGame.TgDeviceFire:ApplyHit:033E
[0719.64] Log: PUSHING Accolade: SexslaveDK fait une tuerie ! (x3), local: false
[0721.14] Log: PUSHING Accolade: , local: false
[0722.65] Log: PUSHING Accolade: ASSISTÉ, local: true
[0745.73] Log: AttachToOwner - Socket (WSO_FX_01) not found in owner mesh or its parent! (3196 to TgPawn_Thanatos_Default_0)
[0765.71] Log: PUSHING Accolade: , local: false
[0767.21] Log: PUSHING Accolade: ASSISTÉ, local: true
[0768.71] Log: PUSHING Accolade: , local: false
[0781.78] Log: AttachToOwner - Socket (WSO_FX_01) not found in owner mesh or its parent! (3196 to TgPawn_Thanatos_Default_0)
[0783.19] Log: PUSHING Accolade: GrimmAGrimm a tué un joueur !, local: false
[0786.79] Log: Requesting purchase of itemId (9496) amount (1)
[0792.14] Log: PUSHING Accolade: , local: false
[0793.64] Log: PUSHING Accolade: DÉICIDE, local: true
[0804.93] Log: UTgAnimTurnInPlace_Player: Transition not found for Rt_180
[0805.35] Log: PUSHING Accolade: , local: false
[0850.74] Log: AttachToOwner - Socket (WSO_FX_01) not found in owner mesh or its parent! (3196 to TgPawn_Thanatos_Default_0)
[0882.05] Log: AttachToOwner - Socket (WSO_FX_01) not found in owner mesh or its parent! (3196 to TgPawn_Thanatos_Default_0)
[0890.60] Log: PUSHING Accolade: , local: false
[0892.13] Log: PUSHING Accolade: ASSISTÉ, local: true
[0905.74] Log: ---- UpdateClanData
[0911.02] Log: RequestingChannelMembers ch[3] [Niko6771 a quitté la discussion.]
[0911.02] DevNet: URL: Adding default option Team=255
[0911.02] Log: ReceiveChangeMap: mapGameId 1447
[0911.02] Log: ---- UpdateClanData
[0911.03] DevNet: URL: Adding default option Team=255
[0911.03] DevNet: Browse: LobbyMap?game=TgClient.TgGameLaunch?GameState=OGS_NoSession?GameMode=0?name=Player?Team=255
[0911.06] Log: LoadMap: LobbyMap?game=TgClient.TgGameLaunch?GameState=OGS_NoSession?GameMode=0?name=Player?Team=255
[0911.16] NetComeGo: Close PComNetDriver_0 PComNetConn_0 37.48.125.45:9263 07/28/15 18:34:22
[0911.23] Exit: PComNetDriver_0 shut down
[0911.54] Log: Map Game ID = 0
[0911.54] Log: Map Instance ID = 128100379
[0911.57] Log: Performance: Critical section Lock/Unlock 24 nsec
[0911.57] Log: Performance:  appCycles 11 nsec
[0911.62] Log: Performance:  memCopy per KB 252 nsec
[0911.65] Log: Performance:  memZero per KB 162 nsec
[0911.67] Log: Performance:  appInterlockedIncrement 13 nsec
[0911.67] Log: Performance:  GetTickCount 4 nsec
[0911.67] Log: Game class is 'TgGameLaunch'
[0911.67] TgSLO: Async Load: GodSkins_Portraits_and_Icons
[0911.67] Log: Flushing async loaders.
[0911.73] TgSLO: Finish Load: GodSkins_Portraits_and_Icons
[0911.73] Log: Flushed async loaders.
[0911.77] Log: Primary PhysX scene will be in software.
[0911.77] Log: Creating Primary PhysX Scene.
[0911.77] Log: *** WARNING - PATHS MAY NOT BE VALID ***
[0911.77] Log: Bringing World lobbymap.TheWorld up for play (0) at 2015.07.28-18.34.23
[0911.77] Log: Skipping initialization of FSMPartPool!
[0911.84] Log: Bringing up level for play took: 0.111341
[0912.74] TgSLO: Async Load: GOD_Ymir
[0912.74] TgSLO: Async Load: GOD_Ymir_Lobby
[0912.74] TgSLO: Async Load: FX_Ymir
[0912.74] Log: Flushing async loaders.
[0912.89] TgSLO: Finish Load: GOD_Ymir
[0912.96] TgSLO: Finish Load: GOD_Ymir_Lobby
[0913.01] TgSLO: Finish Load: FX_Ymir
[0913.01] Log: Flushed async loaders.
[0913.02] Log: ########### Finished loading level: 1.961017 seconds
[0913.06] Log: Flushing async loaders.
[0913.21] Log: Flushed async loaders.
[0913.21] Log: RequestingChannelMembers ch[8] [kimicol a rejoint la discussion.]
[0913.82] Warning: Warning, Failed to load 'Font None.Arial Unicode MS': Failed to find object 'Font None.Arial Unicode MS'
[0913.92] Log: RequestingChannelMembers ch[8] [MadalinDexter a rejoint la discussion.]
[0914.18] Log: RequestingChannelMembers ch[8] [GrimmAGrimm a rejoint la discussion.]
[0916.35] Log: RequestingChannelMembers ch[8] [Csokipehely a rejoint la discussion.]
[0917.93] Log: RequestingChannelMembers ch[8] [MadalinDexter a quitté la discussion.]
[0925.04] Log: RequestingChannelMembers ch[8] [GrimmAGrimm a quitté la discussion.]
[0939.31] Log: RequestingChannelMembers ch[8] [Niko6771 a quitté la discussion.]
[0948.42] Log: RequestingChannelMembers ch[8] [Csokipehely a quitté la discussion.]
[0954.06] Log: ERROR: Attempting to log in without settings.
[1028.25] Log: Chat[9]: Vous avez rejoint une file d'attente.
[1068.46] Log: ---- UpdateClanData
[1096.86] Log: RequestingChannelMembers ch[3] [kimicol a rejoint la discussion.]
[1100.03] Log: RequestingChannelMembers ch[3] [kimicol a rejoint la discussion.]
[1117.67] Log: RequestingChannelMembers ch[3] [jx09 a rejoint la discussion.]
[1126.84] Log: Chat[9]: toponov a quitté le lobby des parties.
[1134.05] Log: Chat[9]: Vous avez rejoint une file d'attente.
[1134.05] Log: RequestingChannelMembers ch[3] [jx09 a quitté la discussion.]
[1247.01] Log: RequestingChannelMembers ch[3] [kimicol a rejoint la discussion.]
[1247.01] Log: RequestingChannelMembers ch[3] [lulu17120 a rejoint la discussion.]
[1248.41] Log: RequestingChannelMembers ch[3] [kimicol a rejoint la discussion.]
[1249.04] Log: RequestingChannelMembers ch[3] [lulu17120 a rejoint la discussion.]
[1252.83] Log: RequestingChannelMembers ch[3] [SUMMEUR13 a rejoint la discussion.]
[1257.47] TgSLO: Async Load: GOD_Ram
[1257.47] TgSLO: Async Load: GOD_Ram_Lobby
[1257.47] TgSLO: Async Load: FX_Ram
[1258.91] TgSLO: Finish Load: GOD_Ram
[1259.22] TgSLO: Finish Load: GOD_Ram_Lobby
[1259.76] TgSLO: Finish Load: FX_Ram
[1262.09] Log: Chat[3]: play tank
[1263.74] TgSLO: Async Load: GOD_Hou_Yi
[1263.74] TgSLO: Async Load: GOD_Hou_Yi_Lobby
[1263.74] TgSLO: Async Load: FX_Hou_Yi
[1263.74] TgSLO: Async Load: GOD_Hou_Yi_Skins
[1263.74] TgSLO: Async Load: FX_Hou_Yi_Gold
[1263.74] TgSLO: Async Load: AUD_God_Hou_Yi
[1263.74] TgSLO: Async Load: AnimNotify11370
[1264.76] TgSLO: Finish Load: GOD_Hou_Yi
[1265.05] TgSLO: Finish Load: GOD_Hou_Yi_Lobby
[1265.50] TgSLO: Finish Load: FX_Hou_Yi
[1265.54] TgSLO: Finish Load: GOD_Hou_Yi_Skins
[1265.63] TgSLO: Finish Load: FX_Hou_Yi_Gold
[1266.02] TgSLO: Finish Load: AUD_God_Hou_Yi
[1266.08] TgSLO: Finish Load: AnimNotify11370
[1272.17] Log: Chat[3]: plz
[1283.18] DevNet: URL: Adding default option Team=255
[1283.18] Log: ReceiveChangeMap: mapGameId 1503
[1283.33] DevNet: URL: Adding default option Team=255
[1283.33] DevNet: Browse: 37.48.125.79:9302/lobbymap?GameState=OGS_NoSession?GameMode=0?name=Player?map_instance_id=172556012?Team=255
[1283.33] DevNet: Game client on port 9302, rate 25000
[1283.83] DevNet: Welcomed by server (Level: joust_v2_p, Game: TgGame.TgGame_Battle_Joust)
[1284.10] Log: LoadMap: 37.48.125.79:9302/joust_v2_p?GameState=OGS_NoSession?GameMode=0?name=Player?map_instance_id=172556012?Team=255?game=TgGame.TgGame_Battle_Joust
[1284.31] Log: Map Game ID = 0
[1284.31] Log: Map Instance ID = 128100379
[1284.33] Log: Performance: Critical section Lock/Unlock 24 nsec
[1284.33] Log: Performance:  appCycles 11 nsec
[1284.39] Log: Performance:  memCopy per KB 256 nsec
[1284.42] Log: Performance:  memZero per KB 183 nsec
[1284.44] Log: Performance:  appInterlockedIncrement 14 nsec
[1284.44] Log: Performance:  GetTickCount 4 nsec
[1287.04] TgSLO: Async Load: FX_Store_Items
[1287.04] TgSLO: Async Load: FX_Store_Items_Targeting
[1287.04] TgSLO: Async Load: FX_Status_Effects
[1287.04] TgSLO: Async Load: GOD_CommonMaterialEffects
[1287.04] TgSLO: Async Load: GOD_Common_AT
[1287.04] TgSLO: Async Load: AUD_VOX_Narrator
[1287.04] TgSLO: Async Load: NPC_Ward2
[1287.04] TgSLO: Async Load: FX_Buff_Belts_V2
[1287.04] TgSLO: Async Load: FX_Fist_Of_God_V2
[1287.04] TgSLO: Async Load: GOD_Ymir
[1287.04] TgSLO: Async Load: GOD_Ymir_Textures
[1287.04] TgSLO: Async Load: FX_Ymir
[1287.04] TgSLO: Async Load: FX_Ymir_Targeting
[1287.04] TgSLO: Async Load: AUD_God_Ymir
[1287.04] TgSLO: Async Load: GOD_Hou_Yi
[1287.04] TgSLO: Async Load: GOD_Hou_Yi_Textures
[1287.04] TgSLO: Async Load: FX_Hou_Yi
[1287.04] TgSLO: Async Load: AUD_God_Hou_Yi
[1287.04] TgSLO: Async Load: GOD_Hou_Yi_Skins
[1287.04] TgSLO: Async Load: FX_Hou_Yi_Gold
[1287.04] TgSLO: Async Load: AnimNotify11370
[1287.04] TgSLO: Async Load: GOD_Ram
[1287.04] TgSLO: Async Load: GOD_Ram_Textures
[1287.04] TgSLO: Async Load: FX_Ram
[1287.05] TgSLO: Async Load: AUD_God_Ram
[1287.05] TgSLO: Async Load: GOD_Loki_V2
[1287.05] TgSLO: Async Load: GOD_Loki_V2_Textures
[1287.05] TgSLO: Async Load: FX_Loki_V2
[1287.05] TgSLO: Async Load: AUD_God_Loki_V2
[1287.05] TgSLO: Async Load: GOD_Loki_V2_Skin3
[1287.05] TgSLO: Async Load: FX_Loki_V2_Skin3
[1287.05] TgSLO: Async Load: AUD_VOX_God_Loki_V2
[1287.05] TgSLO: Async Load: FX_Loki_V2_Targeting_SKN3
[1287.05] TgSLO: Async Load: AnimNotify9259
[1287.05] TgSLO: Async Load: GOD_HeBo_V2
[1287.05] TgSLO: Async Load: GOD_HeBo_V2_Textures
[1287.05] TgSLO: Async Load: AUD_God_HeBo_V2
[1287.05] TgSLO: Async Load: FX_HeBo
[1287.05] TgSLO: Async Load: AUD_God_HeBo
[1287.05] TgSLO: Async Load: GOD_Bellona
[1287.05] TgSLO: Async Load: GOD_Bellona_Textures
[1287.05] TgSLO: Async Load: FX_Bellona
[1287.05] TgSLO: Async Load: AUD_God_Bellona
[1287.05] TgSLO: Async Load: Joust_Tower
[1287.05] TgSLO: Async Load: FX_Tower
[1287.05] TgSLO: Async Load: FX_Greek_Tower
[1287.05] TgSLO: Async Load: AUD_Tower
[1287.05] TgSLO: Async Load: NPC_Phoenix
[1287.05] TgSLO: Async Load: NPC_Phoenix_Textures
[1287.05] TgSLO: Async Load: FX_Phoenix
[1287.05] TgSLO: Async Load: AUD_NPC_Phoenix
[1287.05] TgSLO: Async Load: MDL_PseudoMesh
[1287.05] TgSLO: Async Load: NPC_Joust_Minion
[1287.05] TgSLO: Async Load: NPC_Joust_Minion_Textures
[1287.05] TgSLO: Async Load: NPC_Minion_Universal
[1287.05] TgSLO: Async Load: FX_Roman
[1287.05] TgSLO: Async Load: FX_Minion_Death
[1287.05] TgSLO: Async Load: AUD_NPC_RomanArcher
[1287.05] TgSLO: Async Load: AUD_NPC_Olympus
[1287.05] TgSLO: Async Load: NPC_Guardian_Female
[1287.05] TgSLO: Async Load: NPC_Guardian_Female_AT
[1287.05] TgSLO: Async Load: FX_Guardian_Female
[1287.05] TgSLO: Async Load: AUD_NPC_Guardian_Female
[1287.05] TgSLO: Async Load: NPC_Guardian_Male
[1287.05] TgSLO: Async Load: NPC_Guardian_Male_AT
[1287.05] TgSLO: Async Load: FX_Guardian_Male
[1287.05] TgSLO: Async Load: AUD_NPC_Guardian_Male
[1287.05] TgSLO: Async Load: NPC_Cyclops_V2
[1287.06] TgSLO: Async Load: FX_NPC_Cyclops_V2
[1287.06] TgSLO: Async Load: AUD_NPC_Cyclops
[1287.06] Log: Flushing async loaders.
[1287.09] TgSLO: Finish Load: FX_Store_Items
[1287.11] TgSLO: Finish Load: FX_Store_Items_Targeting
[1287.11] TgSLO: Finish Load: FX_Status_Effects
[1287.11] TgSLO: Finish Load: GOD_CommonMaterialEffects
[1287.11] TgSLO: Finish Load: GOD_Common_AT
[1287.22] TgSLO: Finish Load: AUD_VOX_Narrator
[1287.23] TgSLO: Finish Load: NPC_Ward2
[1287.26] TgSLO: Finish Load: FX_Buff_Belts_V2
[1287.26] TgSLO: Finish Load: FX_Fist_Of_God_V2
[1287.43] TgSLO: Finish Load: GOD_Ymir
[1287.43] TgSLO: Finish Load: GOD_Ymir_Textures
[1287.49] TgSLO: Finish Load: FX_Ymir
[1287.50] TgSLO: Finish Load: FX_Ymir_Targeting
[1287.64] TgSLO: Finish Load: AUD_God_Ymir
[1287.76] TgSLO: Finish Load: GOD_Hou_Yi
[1287.80] TgSLO: Finish Load: GOD_Hou_Yi_Textures
[1287.83] TgSLO: Finish Load: FX_Hou_Yi
[1287.85] TgSLO: Finish Load: AUD_God_Hou_Yi
[1287.85] TgSLO: Finish Load: GOD_Hou_Yi_Skins
[1287.86] TgSLO: Finish Load: FX_Hou_Yi_Gold
[1287.86] TgSLO: Finish Load: AnimNotify11370
[1287.98] TgSLO: Finish Load: GOD_Ram
[1288.01] TgSLO: Finish Load: GOD_Ram_Textures
[1288.04] TgSLO: Finish Load: FX_Ram
[1288.12] TgSLO: Finish Load: AUD_God_Ram
[1288.18] TgSLO: Finish Load: GOD_Loki_V2
[1288.18] TgSLO: Finish Load: GOD_Loki_V2_Textures
[1288.21] TgSLO: Finish Load: FX_Loki_V2
[1288.27] TgSLO: Finish Load: AUD_God_Loki_V2
[1288.36] TgSLO: Finish Load: GOD_Loki_V2_Skin3
[1288.47] TgSLO: Finish Load: FX_Loki_V2_Skin3
[1288.68] TgSLO: Finish Load: AUD_VOX_God_Loki_V2
[1288.78] TgSLO: Finish Load: FX_Loki_V2_Targeting_SKN3
[1288.87] TgSLO: Finish Load: AnimNotify9259
[1289.46] TgSLO: Finish Load: GOD_HeBo_V2
[1289.46] TgSLO: Finish Load: GOD_HeBo_V2_Textures
[1289.58] TgSLO: Finish Load: AUD_God_HeBo_V2
[1289.67] TgSLO: Finish Load: FX_HeBo
[1289.76] TgSLO: Finish Load: AUD_God_HeBo
[1290.85] TgSLO: Finish Load: GOD_Bellona
[1290.85] TgSLO: Finish Load: GOD_Bellona_Textures
[1291.07] TgSLO: Finish Load: FX_Bellona
[1291.12] TgSLO: Finish Load: AUD_God_Bellona
[1291.21] TgSLO: Finish Load: Joust_Tower
[1291.22] TgSLO: Finish Load: FX_Tower
[1291.24] TgSLO: Finish Load: FX_Greek_Tower
[1291.31] TgSLO: Finish Load: AUD_Tower
[1291.36] TgSLO: Finish Load: NPC_Phoenix
[1291.36] TgSLO: Finish Load: NPC_Phoenix_Textures
[1291.37] TgSLO: Finish Load: FX_Phoenix
[1291.40] TgSLO: Finish Load: AUD_NPC_Phoenix
[1291.40] TgSLO: Finish Load: MDL_PseudoMesh
[1291.42] TgSLO: Finish Load: NPC_Joust_Minion
[1291.42] TgSLO: Finish Load: NPC_Joust_Minion_Textures
[1291.56] TgSLO: Finish Load: NPC_Minion_Universal
[1291.57] TgSLO: Finish Load: FX_Roman
[1291.57] TgSLO: Finish Load: FX_Minion_Death
[1291.61] TgSLO: Finish Load: AUD_NPC_RomanArcher
[1291.61] TgSLO: Finish Load: AUD_NPC_Olympus
[1291.71] TgSLO: Finish Load: NPC_Guardian_Female
[1291.72] TgSLO: Finish Load: NPC_Guardian_Female_AT
[1291.72] TgSLO: Finish Load: FX_Guardian_Female
[1291.73] TgSLO: Finish Load: AUD_NPC_Guardian_Female
[1291.84] TgSLO: Finish Load: NPC_Guardian_Male
[1291.85] TgSLO: Finish Load: NPC_Guardian_Male_AT
[1291.86] TgSLO: Finish Load: FX_Guardian_Male
[1291.87] TgSLO: Finish Load: AUD_NPC_Guardian_Male
[1291.97] TgSLO: Finish Load: NPC_Cyclops_V2
[1291.97] TgSLO: Finish Load: FX_NPC_Cyclops_V2
[1292.04] TgSLO: Finish Load: AUD_NPC_Cyclops
[1292.04] Log: Flushed async loaders.
[1292.05] Log: Primary PhysX scene will be in software.
[1292.05] Log: Creating Primary PhysX Scene.
[1292.05] Log: Bringing World joust_v2_p.TheWorld up for play (595) at 2015.07.28-18.40.43
[1292.05] Log: Skipping initialization of FSMPartPool!
[1292.05] Log: Bringing up level for play took: 0.015209
[1292.05] Warning: Warning, Failed to load 'Class None.': Failed to find object 'Class None.'
[1292.06] Warning: Warning, Failed to find object 'Class None.'
[1292.06] Log: PlayerController class for the pending level is PlayerController
[1292.06] Log: ########### Finished loading level: 7.950709 seconds
[1292.06] Log: Flushing async loaders.
[1295.74] Log: Flushed async loaders.
[1296.09] Log: ---- UpdateClanData
[1296.10] DevNet: TgPlayerController_3 setplayer TgLocalPlayer_0
[1296.15] Log: AttachToOwner - Socket (FX_ORIGIN_Origin) not found in owner mesh or its parent! (2702 to NONE)
[1296.15] Log: Flushing async loaders.
[1296.22] Log: Flushed async loaders.
[1296.23] Warning: Flushed async loading to load replicated reference to 'TgPawn_HeBo_Default TgGameContent.Default__TgPawn_HeBo_Default'
[1296.25] Log: AttachToOwner - Socket (FX_ORIGIN_Origin) not found in owner mesh or its parent! (2702 to NONE)
[1296.25] Log: AttachToOwner - Socket (FX_ORIGIN_Origin) not found in owner mesh or its parent! (2702 to NONE)
[1296.25] Log: AttachToOwner - Socket (FX_ORIGIN_Origin) not found in owner mesh or its parent! (2702 to NONE)
[1296.25] Log: AttachToOwner - Socket (FX_ORIGIN_Origin) not found in owner mesh or its parent! (2702 to NONE)
[1296.25] Log: AttachToOwner - Socket (FX_ORIGIN_Origin) not found in owner mesh or its parent! (2702 to NONE)
[1296.29] Log: TeamIndex 1 has new leader: 7136322
[1296.32] Log: ActivateLevel joust_v2_crowd 1 1 0
[1296.32] Log: ActivateLevel joust_sound 1 1 0
[1296.32] Log: ActivateLevel joust_v2_p_assist 1 1 0
[1296.52] Log: Activated joust_v2_p_assist 1 1 0
[1298.47] Log: TeamIndex 1 has new leader: 7129620
[1301.78] Log: TeamIndex 2 has new leader: 7074755
[1303.42] Log: TeamIndex 2 has new leader: 4772566
[1304.70] Warning: Warning, Failed to load 'Texture None.blah': Failed to find object 'Texture None.blah'
[1304.70] Warning: Warning, Failed to load 'Texture None.undefined': Failed to find object 'Texture None.undefined'
[1304.70] Warning: Warning, Failed to load 'Texture None.undefined': Failed to find object 'Texture None.undefined'
[1304.70] Warning: Warning, Failed to load 'Texture None.undefined': Failed to find object 'Texture None.undefined'
[1304.70] Warning: Warning, Failed to load 'Texture None.undefined': Failed to find object 'Texture None.undefined'
[1314.33] Log: Requesting purchase of itemId (10043) amount (1)
[1316.13] Log: Requesting purchase of itemId (8711) amount (1)
[1319.67] Log: Requesting purchase of itemId (8134) amount (1)
[1319.84] Log: Requesting purchase of itemId (8134) amount (1)
[1319.87] Log: Inventory Error Recovery: Resubmitting an inventory item that could not find its device
[1319.87] Log: Inventory Error Recovery: Resubmitting an inventory item that could not find its device
[1319.88] Log: Inventory Error Recovery: Resubmitting an inventory item that could not find its device
[1319.90] Log: Inventory Error Recovery: Resubmitting an inventory item that could not find its device
[1319.91] Log: Inventory Error Recovery: Resubmitting an inventory item that could not find its device
[1319.93] Log: Inventory Error Recovery: Resubmitting an inventory item that could not find its device
[1321.37] Log: Requesting purchase of itemId (8135) amount (1)
[1397.54] Log: PUSHING Accolade: mrpablico verse le Premier sang !, local: false
[1400.94] Log: Requesting purchase of itemId (10040) amount (1)
[1401.28] Log: PUSHING Accolade: , local: false
[1402.78] Log: PUSHING Accolade: ASSISTÉ, local: true
[1563.69] Log: PUSHING Accolade: LeGarHord a tué un joueur !, local: false
[1565.19] Log: PUSHING Accolade: , local: false
[1566.70] Log: PUSHING Accolade: ASSISTÉ, local: true
[1571.12] Log: Requesting purchase of itemId (10044) amount (1)
[1573.89] Log: Requesting purchase of itemId (8057) amount (1)
[1632.22] Log: Chat[9]: Tuer arrythmia vous a donné 230 XP et 307 pièces d'or.
[1632.42] Log: PUSHING Accolade: VICTIME, local: true
[1710.77] Log: Chat[3]: [VVB] Je reviens !
[1724.29] Log: Requesting purchase of itemId (10203) amount (1)
[1804.73] Log: PUSHING Accolade: SUMMEUR13 fait une tuerie ! (x3), local: false
[1806.23] Log: PUSHING Accolade: ASSISTÉ, local: true
[1896.33] Log: Chat[3]: [VVM] Plus de mana !
[1904.51] Log: Requesting purchase of itemId (9469) amount (1)
[1905.84] Log: Requesting purchase of itemId (10201) amount (1)
[1910.49] Log: Requesting purchase of itemId (9025) amount (1)
[1912.57] Log: Requesting purchase of itemId (8134) amount (1)
[1986.76] ScriptWarning: Control reached the end of non-void function (make certain that all paths through the function 'return <value>'
	TgPawn_Ram joust_v2_p.TheWorld:PersistentLevel.TgPawn_Ram_0
	Function TgGame.TgPawn_Ram:IsInClassSpecificMovement:0022
[1986.77] ScriptWarning: Control reached the end of non-void function (make certain that all paths through the function 'return <value>'
	TgPawn_Ram joust_v2_p.TheWorld:PersistentLevel.TgPawn_Ram_0
	Function TgGame.TgPawn_Ram:IsInClassSpecificMovement:0022
[1986.78] ScriptWarning: Control reached the end of non-void function (make certain that all paths through the function 'return <value>'
	TgPawn_Ram joust_v2_p.TheWorld:PersistentLevel.TgPawn_Ram_0
	Function TgGame.TgPawn_Ram:IsInClassSpecificMovement:0022
[1986.80] ScriptWarning: Control reached the end of non-void function (make certain that all paths through the function 'return <value>'
	TgPawn_Ram joust_v2_p.TheWorld:PersistentLevel.TgPawn_Ram_0
	Function TgGame.TgPawn_Ram:IsInClassSpecificMovement:0022
[1986.81] ScriptWarning: Control reached the end of non-void function (make certain that all paths through the function 'return <value>'
	TgPawn_Ram joust_v2_p.TheWorld:PersistentLevel.TgPawn_Ram_0
	Function TgGame.TgPawn_Ram:IsInClassSpecificMovement:0022
[1986.83] ScriptWarning: Control reached the end of non-void function (make certain that all paths through the function 'return <value>'
	TgPawn_Ram joust_v2_p.TheWorld:PersistentLevel.TgPawn_Ram_0
	Function TgGame.TgPawn_Ram:IsInClassSpecificMovement:0022
[1986.85] ScriptWarning: Control reached the end of non-void function (make certain that all paths through the function 'return <value>'
	TgPawn_Ram joust_v2_p.TheWorld:PersistentLevel.TgPawn_Ram_0
	Function TgGame.TgPawn_Ram:IsInClassSpecificMovement:0022
[1986.86] ScriptWarning: Control reached the end of non-void function (make certain that all paths through the function 'return <value>'
	TgPawn_Ram joust_v2_p.TheWorld:PersistentLevel.TgPawn_Ram_0
	Function TgGame.TgPawn_Ram:IsInClassSpecificMovement:0022
[1986.88] ScriptWarning: Control reached the end of non-void function (make certain that all paths through the function 'return <value>'
	TgPawn_Ram joust_v2_p.TheWorld:PersistentLevel.TgPawn_Ram_0
	Function TgGame.TgPawn_Ram:IsInClassSpecificMovement:0022
[1986.90] ScriptWarning: Control reached the end of non-void function (make certain that all paths through the function 'return <value>'
	TgPawn_Ram joust_v2_p.TheWorld:PersistentLevel.TgPawn_Ram_0
	Function TgGame.TgPawn_Ram:IsInClassSpecificMovement:0022
[1986.91] ScriptWarning: Control reached the end of non-void function (make certain that all paths through the function 'return <value>'
	TgPawn_Ram joust_v2_p.TheWorld:PersistentLevel.TgPawn_Ram_0
	Function TgGame.TgPawn_Ram:IsInClassSpecificMovement:0022
[1986.93] ScriptWarning: Control reached the end of non-void function (make certain that all paths through the function 'return <value>'
	TgPawn_Ram joust_v2_p.TheWorld:PersistentLevel.TgPawn_Ram_0
	Function TgGame.TgPawn_Ram:IsInClassSpecificMovement:0022
[1986.95] ScriptWarning: Control reached the end of non-void function (make certain that all paths through the function 'return <value>'
	TgPawn_Ram joust_v2_p.TheWorld:PersistentLevel.TgPawn_Ram_0
	Function TgGame.TgPawn_Ram:IsInClassSpecificMovement:0022
[1986.97] ScriptWarning: Control reached the end of non-void function (make certain that all paths through the function 'return <value>'
	TgPawn_Ram joust_v2_p.TheWorld:PersistentLevel.TgPawn_Ram_0
	Function TgGame.TgPawn_Ram:IsInClassSpecificMovement:0022
[1986.98] ScriptWarning: Control reached the end of non-void function (make certain that all paths through the function 'return <value>'
	TgPawn_Ram joust_v2_p.TheWorld:PersistentLevel.TgPawn_Ram_0
	Function TgGame.TgPawn_Ram:IsInClassSpecificMovement:0022
[1987.00] ScriptWarning: Control reached the end of non-void function (make certain that all paths through the function 'return <value>'
	TgPawn_Ram joust_v2_p.TheWorld:PersistentLevel.TgPawn_Ram_0
	Function TgGame.TgPawn_Ram:IsInClassSpecificMovement:0022
[1987.01] ScriptWarning: Control reached the end of non-void function (make certain that all paths through the function 'return <value>'
	TgPawn_Ram joust_v2_p.TheWorld:PersistentLevel.TgPawn_Ram_0
	Function TgGame.TgPawn_Ram:IsInClassSpecificMovement:0022
[1987.03] ScriptWarning: Control reached the end of non-void function (make certain that all paths through the function 'return <value>'
	TgPawn_Ram joust_v2_p.TheWorld:PersistentLevel.TgPawn_Ram_0
	Function TgGame.TgPawn_Ram:IsInClassSpecificMovement:0022
[1987.04] ScriptWarning: Control reached the end of non-void function (make certain that all paths through the function 'return <value>'
	TgPawn_Ram joust_v2_p.TheWorld:PersistentLevel.TgPawn_Ram_0
	Function TgGame.TgPawn_Ram:IsInClassSpecificMovement:0022
[1987.06] ScriptWarning: Control reached the end of non-void function (make certain that all paths through the function 'return <value>'
	TgPawn_Ram joust_v2_p.TheWorld:PersistentLevel.TgPawn_Ram_0
	Function TgGame.TgPawn_Ram:IsInClassSpecificMovement:0022
[1987.07] ScriptWarning: Control reached the end of non-void function (make certain that all paths through the function 'return <value>'
	TgPawn_Ram joust_v2_p.TheWorld:PersistentLevel.TgPawn_Ram_0
	Function TgGame.TgPawn_Ram:IsInClassSpecificMovement:0022
[1987.09] ScriptWarning: Control reached the end of non-void function (make certain that all paths through the function 'return <value>'
	TgPawn_Ram joust_v2_p.TheWorld:PersistentLevel.TgPawn_Ram_0
	Function TgGame.TgPawn_Ram:IsInClassSpecificMovement:0022
[1987.11] ScriptWarning: Control reached the end of non-void function (make certain that all paths through the function 'return <value>'
	TgPawn_Ram joust_v2_p.TheWorld:PersistentLevel.TgPawn_Ram_0
	Function TgGame.TgPawn_Ram:IsInClassSpecificMovement:0022
[1987.13] ScriptWarning: Control reached the end of non-void function (make certain that all paths through the function 'return <value>'
	TgPawn_Ram joust_v2_p.TheWorld:PersistentLevel.TgPawn_Ram_0
	Function TgGame.TgPawn_Ram:IsInClassSpecificMovement:0022
[1987.14] ScriptWarning: Control reached the end of non-void function (make certain that all paths through the function 'return <value>'
	TgPawn_Ram joust_v2_p.TheWorld:PersistentLevel.TgPawn_Ram_0
	Function TgGame.TgPawn_Ram:IsInClassSpecificMovement:0022
[1987.16] ScriptWarning: Control reached the end of non-void function (make certain that all paths through the function 'return <value>'
	TgPawn_Ram joust_v2_p.TheWorld:PersistentLevel.TgPawn_Ram_0
	Function TgGame.TgPawn_Ram:IsInClassSpecificMovement:0022
[1987.18] ScriptWarning: Control reached the end of non-void function (make certain that all paths through the function 'return <value>'
	TgPawn_Ram joust_v2_p.TheWorld:PersistentLevel.TgPawn_Ram_0
	Function TgGame.TgPawn_Ram:IsInClassSpecificMovement:0022
[1987.21] ScriptWarning: Control reached the end of non-void function (make certain that all paths through the function 'return <value>'
	TgPawn_Ram joust_v2_p.TheWorld:PersistentLevel.TgPawn_Ram_0
	Function TgGame.TgPawn_Ram:IsInClassSpecificMovement:0022
[1987.22] ScriptWarning: Control reached the end of non-void function (make certain that all paths through the function 'return <value>'
	TgPawn_Ram joust_v2_p.TheWorld:PersistentLevel.TgPawn_Ram_0
	Function TgGame.TgPawn_Ram:IsInClassSpecificMovement:0022
[1987.23] ScriptWarning: Control reached the end of non-void function (make certain that all paths through the function 'return <value>'
	TgPawn_Ram joust_v2_p.TheWorld:PersistentLevel.TgPawn_Ram_0
	Function TgGame.TgPawn_Ram:IsInClassSpecificMovement:0022
[1987.25] ScriptWarning: Control reached the end of non-void function (make certain that all paths through the function 'return <value>'
	TgPawn_Ram joust_v2_p.TheWorld:PersistentLevel.TgPawn_Ram_0
	Function TgGame.TgPawn_Ram:IsInClassSpecificMovement:0022
[1987.27] ScriptWarning: Control reached the end of non-void function (make certain that all paths through the function 'return <value>'
	TgPawn_Ram joust_v2_p.TheWorld:PersistentLevel.TgPawn_Ram_0
	Function TgGame.TgPawn_Ram:IsInClassSpecificMovement:0022
[1987.28] ScriptWarning: Control reached the end of non-void function (make certain that all paths through the function 'return <value>'
	TgPawn_Ram joust_v2_p.TheWorld:PersistentLevel.TgPawn_Ram_0
	Function TgGame.TgPawn_Ram:IsInClassSpecificMovement:0022
[1987.30] ScriptWarning: Control reached the end of non-void function (make certain that all paths through the function 'return <value>'
	TgPawn_Ram joust_v2_p.TheWorld:PersistentLevel.TgPawn_Ram_0
	Function TgGame.TgPawn_Ram:IsInClassSpecificMovement:0022
[1987.32] ScriptWarning: Control reached the end of non-void function (make certain that all paths through the function 'return <value>'
	TgPawn_Ram joust_v2_p.TheWorld:PersistentLevel.TgPawn_Ram_0
	Function TgGame.TgPawn_Ram:IsInClassSpecificMovement:0022
[1987.33] ScriptWarning: Control reached the end of non-void function (make certain that all paths through the function 'return <value>'
	TgPawn_Ram joust_v2_p.TheWorld:PersistentLevel.TgPawn_Ram_0
	Function TgGame.TgPawn_Ram:IsInClassSpecificMovement:0022
[1987.35] ScriptWarning: Control reached the end of non-void function (make certain that all paths through the function 'return <value>'
	TgPawn_Ram joust_v2_p.TheWorld:PersistentLevel.TgPawn_Ram_0
	Function TgGame.TgPawn_Ram:IsInClassSpecificMovement:0022
[1987.37] ScriptWarning: Control reached the end of non-void function (make certain that all paths through the function 'return <value>'
	TgPawn_Ram joust_v2_p.TheWorld:PersistentLevel.TgPawn_Ram_0
	Function TgGame.TgPawn_Ram:IsInClassSpecificMovement:0022
[1987.39] ScriptWarning: Control reached the end of non-void function (make certain that all paths through the function 'return <value>'
	TgPawn_Ram joust_v2_p.TheWorld:PersistentLevel.TgPawn_Ram_0
	Function TgGame.TgPawn_Ram:IsInClassSpecificMovement:0022
[1987.40] ScriptWarning: Control reached the end of non-void function (make certain that all paths through the function 'return <value>'
	TgPawn_Ram joust_v2_p.TheWorld:PersistentLevel.TgPawn_Ram_0
	Function TgGame.TgPawn_Ram:IsInClassSpecificMovement:0022
[1987.42] ScriptWarning: Control reached the end of non-void function (make certain that all paths through the function 'return <value>'
	TgPawn_Ram joust_v2_p.TheWorld:PersistentLevel.TgPawn_Ram_0
	Function TgGame.TgPawn_Ram:IsInClassSpecificMovement:0022
[1987.44] ScriptWarning: Control reached the end of non-void function (make certain that all paths through the function 'return <value>'
	TgPawn_Ram joust_v2_p.TheWorld:PersistentLevel.TgPawn_Ram_0
	Function TgGame.TgPawn_Ram:IsInClassSpecificMovement:0022
[1993.78] Log: PUSHING Accolade: , local: false
[2082.86] Log: PUSHING Accolade: , local: false
[2128.49] Log: Chat[9]: Tuer LeGarHord vous a donné 410 XP et 476 pièces d'or.
[2128.69] Log: PUSHING Accolade: VICTIME, local: true
[2130.19] Log: PUSHING Accolade: VENGEANCE, local: true
[2150.92] Log: Requesting purchase of itemId (9497) amount (1)
[2154.07] Log: Requesting purchase of itemId (9003) amount (1)
[2155.90] Log: Requesting purchase of itemId (8134) amount (1)
[2156.13] Log: Requesting purchase of itemId (8134) amount (1)
[2156.36] Log: Requesting purchase of itemId (8134) amount (1)
[2212.84] Log: PUSHING Accolade: , local: false
[2214.36] Log: PUSHING Accolade: , local: false
[2215.87] Log: PUSHING Accolade: ASSISTÉ, local: true
[2220.87] Log: PUSHING Accolade: LeGarHord a fait un doublé !, local: false
[2220.87] Log: Suppressing Accolade: 
[2252.20] Log: AttachToOwner - Socket (WSO_Emit_01) not found in owner mesh or its parent! (1027 to NONE)
[2252.32] Log: Requesting purchase of itemId (8711) amount (1)
[2253.89] Log: Requesting purchase of itemId (8134) amount (1)
[2261.63] Warning: Warning, Failed to load 'Class None.None': Failed to find object 'Class None.None'
[2261.63] Warning: Warning, Failed to find object 'Class None.None'
[2283.14] Log: PUSHING Accolade: , local: false
[2284.65] Log: PUSHING Accolade: ASSISTÉ, local: true
[2285.20] Log: AttachToOwner - Socket (WSO_Emit_01) not found in owner mesh or its parent! (1027 to NONE)
[2289.40] Log: PUSHING Accolade: , local: false
[2325.66] Log: Requesting purchase of itemId (8712) amount (1)
[2379.22] Log: PUSHING Accolade: , local: false
[2380.73] Log: PUSHING Accolade: ASSISTÉ, local: true
[2397.62] Log: PUSHING Accolade: , local: false
[2399.12] Log: PUSHING Accolade: , local: false
[2400.63] Log: PUSHING Accolade: ASSISTÉ, local: true
[2467.45] Log: PUSHING Accolade: , local: false
[2468.96] Log: PUSHING Accolade: , local: false
[2550.40] Log: PUSHING Accolade: , local: false
[2551.92] Log: PUSHING Accolade: ASSISTÉ, local: true
[2576.92] Log: Chat[9]: Tuer LeGarHord vous a donné 500 XP et 542 pièces d'or.
[2577.11] Log: PUSHING Accolade: TUERIE (X3), local: true
[2588.95] Log: Chat[3]: [VVM] Plus de mana !
[2591.90] Log: PUSHING Accolade: , local: false
[2605.86] Log: Requesting purchase of itemId (8063) amount (1)
[2609.58] Log: Requesting purchase of itemId (11204) amount (1)
[2612.15] Log: Requesting purchase of itemId (8134) amount (1)
[2612.35] Log: Requesting purchase of itemId (8134) amount (1)
[2612.55] Log: Requesting purchase of itemId (8134) amount (1)
[2652.19] Log: PUSHING Accolade: , local: false
[2657.46] Log: TeamIndex 1 has new leader: 6609504
[2676.65] Log: PUSHING Accolade: , local: false
[2678.15] Log: PUSHING Accolade: ASSISTÉ, local: true
[2682.16] Log: PUSHING Accolade: SUMMEUR13 a fait un doublé !, local: false
[2682.16] Log: Suppressing Accolade: 
[2683.66] Log: PUSHING Accolade: ASSISTÉ, local: true
[2693.42] Log: PUSHING Accolade: SUMMEUR13 fait une tuerie ! (x3), local: false
[2694.93] Log: PUSHING Accolade: ASSISTÉ, local: true
[2696.43] Log: PUSHING Accolade: DÉICIDE, local: true
[2704.34] Log: ---- UpdateClanData
[2704.34] Log: ---- UpdateClanData
[2705.61] Log: Chat[3]: [VVGG] Belle partie !
[2717.72] Log: ---- UpdateClanData
[2723.04] DevNet: URL: Adding default option Team=255
[2723.04] Log: ReceiveChangeMap: mapGameId 1447
[2723.04] Log: ---- UpdateClanData
[2723.05] DevNet: URL: Adding default option Team=255
[2723.05] DevNet: Browse: LobbyMap?game=TgClient.TgGameLaunch?GameState=OGS_NoSession?GameMode=0?name=Player?Team=255
[2723.64] Log: LoadMap: LobbyMap?game=TgClient.TgGameLaunch?GameState=OGS_NoSession?GameMode=0?name=Player?Team=255
[2723.76] NetComeGo: Close PComNetDriver_1 PComNetConn_1 37.48.125.79:9302 07/28/15 19:04:35
[2723.81] Exit: PComNetDriver_1 shut down
[2724.08] Log: Map Game ID = 0
[2724.08] Log: Map Instance ID = 128100379
[2724.10] Log: Performance: Critical section Lock/Unlock 24 nsec
[2724.10] Log: Performance:  appCycles 11 nsec
[2724.15] Log: Performance:  memCopy per KB 219 nsec
[2724.17] Log: Performance:  memZero per KB 137 nsec
[2724.19] Log: Performance:  appInterlockedIncrement 13 nsec
[2724.19] Log: Performance:  GetTickCount 4 nsec
[2724.19] Log: Game class is 'TgGameLaunch'
[2724.19] TgSLO: Async Load: GodSkins_Portraits_and_Icons
[2724.19] Log: Flushing async loaders.
[2724.23] TgSLO: Finish Load: GodSkins_Portraits_and_Icons
[2724.23] Log: Flushed async loaders.
[2724.28] Log: Primary PhysX scene will be in software.
[2724.28] Log: Creating Primary PhysX Scene.
[2724.28] Log: *** WARNING - PATHS MAY NOT BE VALID ***
[2724.28] Log: Bringing World lobbymap.TheWorld up for play (0) at 2015.07.28-19.04.35
[2724.28] Log: Skipping initialization of FSMPartPool!
[2724.35] Log: Bringing up level for play took: 0.119365
[2725.28] TgSLO: Async Load: GOD_Ymir
[2725.29] TgSLO: Async Load: GOD_Ymir_Lobby
[2725.29] TgSLO: Async Load: FX_Ymir
[2725.29] Log: Flushing async loaders.
[2725.44] TgSLO: Finish Load: GOD_Ymir
[2725.47] TgSLO: Finish Load: GOD_Ymir_Lobby
[2725.53] TgSLO: Finish Load: FX_Ymir
[2725.53] Log: Flushed async loaders.
[2725.54] Log: ########### Finished loading level: 1.896447 seconds
[2725.58] Log: Flushing async loaders.
[2725.73] Log: Flushed async loaders.
[2725.73] Log: RequestingChannelMembers ch[8] [kimicol a rejoint la discussion.]
[2726.25] Log: RequestingChannelMembers ch[8] [SUMMEUR13 a rejoint la discussion.]
[2726.25] Log: RequestingChannelMembers ch[8] [mrpablico a rejoint la discussion.]
[2728.03] Log: RequestingChannelMembers ch[8] [arrythmia a rejoint la discussion.]
[2729.31] Log: RequestingChannelMembers ch[8] [LeGarHord a quitté la discussion.]
[2730.85] Log: RequestingChannelMembers ch[8] [mrpablico a quitté la discussion.]
[2733.90] Log: RequestingChannelMembers ch[8] [arrythmia a quitté la discussion.]
[2747.26] Log: RequestingChannelMembers ch[8] [SUMMEUR13 a quitté la discussion.]
[2769.32] Log: ERROR: Attempting to log in without settings.
[2776.87] Log: Closing by request
[2776.87] Log: appRequestExit(0)
[2776.87] Log: TgAIBehaviorTreeManager :: De-allocating 47 behavior trees
[2778.21] Exit: Preparing to exit.
[2778.60] Exit: Game engine shut down
[2778.72] Exit: Windows client shut down
[2778.74] Exit: XAudio2 Device shut down.
[2779.13] Exit: Object subsystem successfully closed.
[2780.73] Log: >>>>>>>>>>>>>>>>>> ResubmitMCTSEvent PLAYER_LOGOFF
[2780.88] Log: >>>>>>>>>>>>>>>>>> ResubmitMCTSEvent PLAYER_LOGOFF
[2780.96] Log: Shutting down FaceFX...
[2781.01] Log: FaceFX shutdown.
[2781.82] Exit: Exiting.
