[0000.41] Log: Async Log file open, 07/22/15 12:37:13
[0000.41] Init: WinSock: version 1.1 (2.2), MaxSocks=32767, MaxUdp=65467
[0000.41] Log:  ... running in INSTALLED mode
[0000.41] DevConfig: GConfig::Find has loaded file:  ..\..\Engine\Config\ConsoleVariables.ini
[0000.41] Init: Version: 10897
[0000.41] Init: Epic Internal: 0
[0000.41] Init: Compiled (32-bit): Jul 17 2015 18:53:29
[0000.41] Init: Changelist: 1532151
[0000.41] Init: Game is version 2.10.2868.0.
[0000.41] Init: Command line: -PGUID=f217e716-f401-4696-a0ce-3be9da5b0821  -host=             -host2              -seekfreeloading   -LANGUAGE=FRA -cnmg=722472245220232683277327732484219424642325290628 -cnmg2=722472285228232283257328732184249423642925285522 -ASYNCTICK=FALSE -user=kimicol -epass=0318D48EB4424BC8453F77F6B393B2828309272591535BDEF1EF5A8AA7644D2A -HiCommand -HEXX=58CC041D
[0000.41] Init: Base directory: C:\Program Files (x86)\Hi-Rez Studios\HiRezGames\smite\binaries\Win32\
[0000.61] Init: Computer: PC-ARTHUR
[0000.61] Init: User: Arthur
[0000.61] Init: CPU Page size=4096, Processors=4, Cores=2
[0000.61] Init: High frequency timer resolution =2.240907 MHz
[0000.61] Init: Memory total: Physical=3.8GB (3GB approx) Pagefile=7.7GB Virtual=4.0GB
[0000.72] DevOnline: Initializing MCTS
[0000.72] Init: Presizing for 60000 objects not considered by GC, pre-allocating 0 bytes.
[0000.72] Init: Object subsystem initialized
[0000.73] Log: Overriding lang INT w/ command-line option of FRA
[0005.55] Log: TgAIBehaviorTreeManager :: Loading behavior trees
[0005.56] Log: TgAIBehaviorTreeManager :: Successfully loaded behavior trees
[0005.56] Log: ShadowPatch: Error -pid should be passed on command line.
[0005.77] Log: AsyncTickTasks DISABLED at startup
[0005.78] Log: SystemSettings based on: SystemSettings
[0005.78] Log: SystemSettings based on: SystemSettings
[0005.79] Log: SystemSettings based on: SystemSettings
[0005.79] Log: SystemSettings based on: SystemSettings
[0005.79] Log: SystemSettings based on: SystemSettings
[0006.34] Log: Found D3D11 adapter 0: Intel(R) HD Graphics Family
[0006.35] Log: Adapter has 1020MB of dedicated video memory, 0MB of dedicated system memory, and 1933MB of shared system memory
[0006.36] Log: Shader platform (RHI): PC-D3D-SM3
[0006.42] Log: PhysX GPU Support: DISABLED
[0009.12] Log: Assembly Loaded Version: DBExport: 07/17/2015 17:51:11,  Src=devsql.hirezcorp.com:smite_live_build, LangSrc=devsql.hirezcorp.com:smite_translations,
[0026.81] Log: Skipping adding Package OnlineSubsystemMcts to NetPackages
[0027.65] Log: 118075 objects as part of root set at end of initial load.
[0027.65] Log: 0 out of 0 bytes used by permanent object pool.
[0027.65] Log: Initializing Engine...
[0029.90] ScriptWarning: Script call stack:
	Function Engine.GameViewportClient:Init

	TgGameViewportClient Transient.TgGameEngine_0:TgGameViewportClient_0
	Function Engine.GameViewportClient:Init:0025
[0029.90] ScriptWarning: Assertion failed, line 672
	TgGameViewportClient Transient.TgGameEngine_0:TgGameViewportClient_0
	Function Engine.GameViewportClient:Init:0025
[0029.99] Warning: Warning, Failed to load 'SwfMovie None.Logos': Failed to find object 'SwfMovie None.Logos'
[0029.99] Log: GFx attempted to load missing object [Logos]
[0029.99] Warning: Warning, Failed to load 'Class None.': Failed to find object 'Class None.'
[0029.99] Warning: Warning, Failed to find object 'Class None.'
[0029.99] Warning: Warning, Failed to load 'Class None.': Failed to find object 'Class None.'
[0029.99] Warning: Warning, Failed to find object 'Class None.'
[0029.99] Warning: Warning, Failed to load 'Class None.': Failed to find object 'Class None.'
[0029.99] Warning: Warning, Failed to find object 'Class None.'
[0029.99] Warning: Warning, Failed to load 'Class None.': Failed to find object 'Class None.'
[0029.99] Warning: Warning, Failed to find object 'Class None.'
[0030.01] DevNet: Browse: lobbymap?Name=Player?Team=255?DefaultCharacter=TgGame.TgCharacter
[0030.04] Log: LoadMap: lobbymap?Name=Player?Team=255?DefaultCharacter=TgGame.TgCharacter
[0030.63] Log: Map Game ID = 0
[0030.63] Log: Map Instance ID = 127561464
[0030.66] Log: Performance: Critical section Lock/Unlock 26 nsec
[0030.66] Log: Performance:  appCycles 14 nsec
[0030.72] Log: Performance:  memCopy per KB 304 nsec
[0030.76] Log: Performance:  memZero per KB 181 nsec
[0030.77] Log: Performance:  appInterlockedIncrement 14 nsec
[0030.78] Log: Performance:  GetTickCount 5 nsec
[0030.78] Log: Game class is 'TgGameLaunch'
[0030.81] TgSLO: Async Load: GodSkins_Portraits_and_Icons
[0030.81] Log: Flushing async loaders.
[0031.13] TgSLO: Finish Load: GodSkins_Portraits_and_Icons
[0031.13] Log: Flushed async loaders.
[0031.22] Log: Primary PhysX scene will be in software.
[0031.22] Log: Creating Primary PhysX Scene.
[0031.66] Log: *** WARNING - PATHS MAY NOT BE VALID ***
[0031.66] Log: Bringing World lobbymap.TheWorld up for play (0) at 2015.07.22-12.37.45
[0031.67] Log: Skipping initialization of FSMPartPool!
[0032.00] Log: Bringing up level for play took: 0.852760
[0042.06] Warning: Warning, Failed to load 'Font None.ArialUnicode': Failed to find object 'Font None.ArialUnicode'
[0042.07] Warning: Warning, Failed to load 'Font None.ArialUnicode': Failed to find object 'Font None.ArialUnicode'
[0042.44] Log: GFx attempted to load missing object [UDKFrontEnd.udk_ime]
[0043.73] Log: ########### Finished loading level: 13.696170 seconds
[0045.77] Log: Flushing async loaders.
[0052.63] Log: Flushed async loaders.
[0052.63] Log: Initializing Engine Completed
[0052.63] Log: >>>>>>>>>>>>>> Initial startup: 52.63s <<<<<<<<<<<<<<<
[0052.63] Log: Browser user data directory is C:\ProgramData\Hi-Rez Studios\BrowserCache\Battle
[0052.79] Log: WebFactory created
[0058.98] Log: Login Success: kimicol
[0059.57] Error: Failed to read file '..\..\BattleGame\LandingPanel\BootyChest.jpg' error ()
[0059.57] Error: Failed to read file '..\..\BattleGame\LandingPanel\UltimateGodPack.jpg' error ()
[0059.57] Error: Failed to read file '..\..\BattleGame\LandingPanel\NewLokia.jpg' error ()
[0059.57] Error: Failed to read file '..\..\BattleGame\LandingPanel\DrSylvanusa.jpg' error ()
[0059.57] Error: Failed to read file '..\..\BattleGame\LandingPanel\esportsseasonticketSkinNew.jpg' error ()
[0059.57] Error: Failed to read file '..\..\BattleGame\LandingPanel\HBundle.jpg' error ()
[0059.57] Error: Failed to read file '..\..\BattleGame\LandingPanel\Tier2Medusa.jpg' error ()
[0059.57] Error: Failed to read file '..\..\BattleGame\LandingPanel\BizzyBCupid4.jpg' error ()
[0059.57] Error: Failed to read file '..\..\BattleGame\LandingPanel\PirateKali.jpg' error ()
[0059.57] Error: Failed to read file '..\..\BattleGame\LandingPanel\HercHunkulese.jpg' error ()
[0059.57] Error: Failed to read file '..\..\BattleGame\LandingPanel\NewGodRavana.jpg' error ()
[0059.57] Error: Failed to read file '..\..\BattleGame\LandingPanel\HeavenlyWarlord223.jpg' error ()
[0059.57] Error: Failed to read file '..\..\BattleGame\LandingPanel\TyrantRavana.jpg' error ()
[0059.57] Error: Failed to read file '..\..\BattleGame\LandingPanel\GodPackTest234.jpg' error ()
[0059.57] Error: Failed to read file '..\..\BattleGame\LandingPanel\GodPackTest234_thumb.jpg' error ()
[0059.57] Error: Failed to read file '..\..\BattleGame\LandingPanel\Kali.jpg' error ()
[0059.57] Error: Failed to read file '..\..\BattleGame\LandingPanel\Kali_thumb.jpg' error ()
[0059.57] Error: Failed to read file '..\..\BattleGame\LandingPanel\LANSummer.jpg' error ()
[0059.57] Error: Failed to read file '..\..\BattleGame\LandingPanel\LANSummer_thumb.jpg' error ()
[0059.57] Error: Failed to read file '..\..\BattleGame\LandingPanel\NewBundle.jpg' error ()
[0059.57] Error: Failed to read file '..\..\BattleGame\LandingPanel\NewBundle_thumb.jpg' error ()
[0059.57] Error: Failed to read file '..\..\BattleGame\LandingPanel\Loki.jpg' error ()
[0059.57] Error: Failed to read file '..\..\BattleGame\LandingPanel\Loki_thumb.jpg' error ()
[0059.57] Error: Failed to read file '..\..\BattleGame\LandingPanel\Madscientist.jpg' error ()
[0059.57] Error: Failed to read file '..\..\BattleGame\LandingPanel\Madscientist_thumb.jpg' error ()
[0059.62] Log: Team/Instance chat routed to Instance Server.
[0059.65] Log: Chat[9]: Appuyez sur ENTRÉE pour accéder à la discussion.
[0059.65] Log: RequestingChannelMembers ch[1] [kimicol a rejoint la discussion.]
[0060.53] Warning: Warning, Failed to load 'Font None.Arial Unicode MS': Failed to find object 'Font None.Arial Unicode MS'
[0096.21] Log: Chat[1]: Statut du clan : Tiny42SH
[0096.21] Log: ---- UpdateClanData
[0134.69] Log: ---- UpdateClanData
[0134.85] Log: ---- UpdateClanData
[0135.12] Log: GFx attempted to load missing object [MenuManager.undefined]
[0219.45] Warning: Warning, Failed to load 'Class None.None': Failed to find object 'Class None.None'
[0219.45] Warning: Warning, Failed to find object 'Class None.None'
[0219.45] Warning: Warning, Failed to load 'Class None.None': Failed to find object 'Class None.None'
[0219.45] Warning: Warning, Failed to find object 'Class None.None'
[0219.45] Warning: Warning, Failed to load 'Class None.None': Failed to find object 'Class None.None'
[0219.45] Warning: Warning, Failed to find object 'Class None.None'
[0219.45] Warning: Warning, Failed to load 'Class None.None': Failed to find object 'Class None.None'
[0219.45] Warning: Warning, Failed to find object 'Class None.None'
[0219.45] Warning: Warning, Failed to load 'Class None.None': Failed to find object 'Class None.None'
[0219.45] Warning: Warning, Failed to find object 'Class None.None'
[0222.87] TgSLO: Async Load: GOD_Loki_V2
[0222.87] TgSLO: Async Load: GOD_Loki_V2_Lobby
[0222.87] TgSLO: Async Load: FX_Loki_V2
[0225.37] TgSLO: Finish Load: GOD_Loki_V2
[0229.44] TgSLO: Finish Load: GOD_Loki_V2_Lobby
[0230.23] TgSLO: Finish Load: FX_Loki_V2
[0232.71] TgSLO: Async Load: GOD_Loki_V2_Skin1
[0232.77] TgSLO: Async Load: AUD_God_Loki_V2
[0232.78] TgSLO: Async Load: AUD_VOX_God_Loki_V2
[0232.78] TgSLO: Async Load: FX_Loki_V2_Skin1
[0232.78] TgSLO: Async Load: FX_Loki_V2_Targeting_SKN1
[0232.78] TgSLO: Async Load: AnimNotify8475
[0232.88] TgSLO: Finish Load: GOD_Loki_V2_Skin1
[0233.31] TgSLO: Finish Load: AUD_God_Loki_V2
[0233.79] TgSLO: Finish Load: AUD_VOX_God_Loki_V2
[0234.24] TgSLO: Finish Load: FX_Loki_V2_Skin1
[0234.33] TgSLO: Finish Load: FX_Loki_V2_Targeting_SKN1
[0234.41] TgSLO: Finish Load: AnimNotify8475
[0237.32] TgSLO: Async Load: GOD_Loki_V2_Skin3
[0237.32] TgSLO: Async Load: FX_Loki_V2_Skin3
[0237.32] TgSLO: Async Load: FX_Loki_V2_Targeting_SKN3
[0237.32] TgSLO: Async Load: AnimNotify9259
[0237.46] TgSLO: Finish Load: GOD_Loki_V2_Skin3
[0237.90] TgSLO: Finish Load: FX_Loki_V2_Skin3
[0238.00] TgSLO: Finish Load: FX_Loki_V2_Targeting_SKN3
[0238.10] TgSLO: Finish Load: AnimNotify9259
[0245.19] Log: Closing by request
[0245.19] Log: appRequestExit(0)
[0245.19] Log: TgAIBehaviorTreeManager :: De-allocating 47 behavior trees
[0246.47] Exit: Preparing to exit.
[0246.82] Exit: Game engine shut down
[0246.99] Exit: Windows client shut down
[0247.01] Exit: XAudio2 Device shut down.
[0247.31] Exit: Object subsystem successfully closed.
[0248.81] Log: >>>>>>>>>>>>>>>>>> ResubmitMCTSEvent PLAYER_LOGOFF
[0248.96] Log: >>>>>>>>>>>>>>>>>> ResubmitMCTSEvent PLAYER_LOGOFF
[0249.02] Log: Shutting down FaceFX...
[0249.02] Log: FaceFX shutdown.
[0249.26] Exit: Exiting.
