[0000.16] Log: Async Log file open, 07/22/15 16:40:02
[0000.16] Init: WinSock: version 1.1 (2.2), MaxSocks=32767, MaxUdp=65467
[0000.16] Log:  ... running in INSTALLED mode
[0000.16] DevConfig: GConfig::Find has loaded file:  ..\..\Engine\Config\ConsoleVariables.ini
[0000.16] Init: Version: 10897
[0000.16] Init: Epic Internal: 0
[0000.16] Init: Compiled (32-bit): Jul 17 2015 18:53:29
[0000.16] Init: Changelist: 1532151
[0000.16] Init: Game is version 2.10.2868.0.
[0000.16] Init: Command line: -PGUID=f217e716-f401-4696-a0ce-3be9da5b0821  -host=             -host2              -seekfreeloading   -LANGUAGE=FRA -cnmg=722272225222232583237326732484299426642525221622 -cnmg2=722972225227232283227322732684229429642435259522 -ASYNCTICK=FALSE -user=kimicol -epass=0318D48EB4424BC8453F77F6B393B2828309272591535BDEF1EF5A8AA7644D2A -HiCommand -HEXX=E5EDED5F
[0000.16] Init: Base directory: C:\Program Files (x86)\Hi-Rez Studios\HiRezGames\smite\binaries\Win32\
[0000.19] Init: Computer: PC-ARTHUR
[0000.19] Init: User: Arthur
[0000.19] Init: CPU Page size=4096, Processors=4, Cores=2
[0000.19] Init: High frequency timer resolution =2.240907 MHz
[0000.19] Init: Memory total: Physical=3.8GB (3GB approx) Pagefile=7.7GB Virtual=4.0GB
[0000.28] DevOnline: Initializing MCTS
[0000.28] Init: Presizing for 60000 objects not considered by GC, pre-allocating 0 bytes.
[0000.28] Init: Object subsystem initialized
[0000.28] Log: Overriding lang INT w/ command-line option of FRA
[0002.75] Log: TgAIBehaviorTreeManager :: Loading behavior trees
[0002.76] Log: TgAIBehaviorTreeManager :: Successfully loaded behavior trees
[0002.76] Log: ShadowPatch: Error -pid should be passed on command line.
[0002.97] Log: AsyncTickTasks DISABLED at startup
[0003.02] Log: SystemSettings based on: SystemSettings
[0003.02] Log: SystemSettings based on: SystemSettings
[0003.02] Log: SystemSettings based on: SystemSettings
[0003.02] Log: SystemSettings based on: SystemSettings
[0003.03] Log: SystemSettings based on: SystemSettings
[0003.71] Log: Found D3D11 adapter 0: Intel(R) HD Graphics Family
[0003.71] Log: Adapter has 1020MB of dedicated video memory, 0MB of dedicated system memory, and 1933MB of shared system memory
[0003.80] Log: Shader platform (RHI): PC-D3D-SM3
[0003.89] Log: PhysX GPU Support: DISABLED
[0004.98] Log: Assembly Loaded Version: DBExport: 07/17/2015 17:51:11,  Src=devsql.hirezcorp.com:smite_live_build, LangSrc=devsql.hirezcorp.com:smite_translations,
[0022.42] Log: Skipping adding Package OnlineSubsystemMcts to NetPackages
[0023.18] Log: 118075 objects as part of root set at end of initial load.
[0023.18] Log: 0 out of 0 bytes used by permanent object pool.
[0023.18] Log: Initializing Engine...
[0024.32] ScriptWarning: Script call stack:
	Function Engine.GameViewportClient:Init

	TgGameViewportClient Transient.TgGameEngine_0:TgGameViewportClient_0
	Function Engine.GameViewportClient:Init:0025
[0024.32] ScriptWarning: Assertion failed, line 672
	TgGameViewportClient Transient.TgGameEngine_0:TgGameViewportClient_0
	Function Engine.GameViewportClient:Init:0025
[0024.33] Warning: Warning, Failed to load 'SwfMovie None.Logos': Failed to find object 'SwfMovie None.Logos'
[0024.33] Log: GFx attempted to load missing object [Logos]
[0024.33] Warning: Warning, Failed to load 'Class None.': Failed to find object 'Class None.'
[0024.33] Warning: Warning, Failed to find object 'Class None.'
[0024.33] Warning: Warning, Failed to load 'Class None.': Failed to find object 'Class None.'
[0024.33] Warning: Warning, Failed to find object 'Class None.'
[0024.33] Warning: Warning, Failed to load 'Class None.': Failed to find object 'Class None.'
[0024.33] Warning: Warning, Failed to find object 'Class None.'
[0024.33] Warning: Warning, Failed to load 'Class None.': Failed to find object 'Class None.'
[0024.33] Warning: Warning, Failed to find object 'Class None.'
[0024.33] DevNet: Browse: lobbymap?Name=Player?Team=255?DefaultCharacter=TgGame.TgCharacter
[0024.34] Log: LoadMap: lobbymap?Name=Player?Team=255?DefaultCharacter=TgGame.TgCharacter
[0024.78] Log: Map Game ID = 0
[0024.78] Log: Map Instance ID = 127576027
[0024.81] Log: Performance: Critical section Lock/Unlock 24 nsec
[0024.81] Log: Performance:  appCycles 11 nsec
[0024.86] Log: Performance:  memCopy per KB 247 nsec
[0024.89] Log: Performance:  memZero per KB 144 nsec
[0024.90] Log: Performance:  appInterlockedIncrement 10 nsec
[0024.90] Log: Performance:  GetTickCount 4 nsec
[0024.90] Log: Game class is 'TgGameLaunch'
[0024.92] TgSLO: Async Load: GodSkins_Portraits_and_Icons
[0024.92] Log: Flushing async loaders.
[0025.22] TgSLO: Finish Load: GodSkins_Portraits_and_Icons
[0025.22] Log: Flushed async loaders.
[0025.26] Log: Primary PhysX scene will be in software.
[0025.26] Log: Creating Primary PhysX Scene.
[0025.36] Log: *** WARNING - PATHS MAY NOT BE VALID ***
[0025.36] Log: Bringing World lobbymap.TheWorld up for play (0) at 2015.07.22-16.40.28
[0025.36] Log: Skipping initialization of FSMPartPool!
[0025.62] Log: Bringing up level for play took: 0.386611
[0034.12] Warning: Warning, Failed to load 'Font None.ArialUnicode': Failed to find object 'Font None.ArialUnicode'
[0034.12] Warning: Warning, Failed to load 'Font None.ArialUnicode': Failed to find object 'Font None.ArialUnicode'
[0034.33] Log: GFx attempted to load missing object [UDKFrontEnd.udk_ime]
[0035.62] Log: ########### Finished loading level: 11.283610 seconds
[0035.71] Log: Flushing async loaders.
[0036.22] Log: Flushed async loaders.
[0036.22] Log: Initializing Engine Completed
[0036.22] Log: >>>>>>>>>>>>>> Initial startup: 36.22s <<<<<<<<<<<<<<<
[0036.22] Log: Browser user data directory is C:\ProgramData\Hi-Rez Studios\BrowserCache\Battle
[0036.31] Log: WebFactory created
[0039.99] Log: Login Success: kimicol
[0040.61] Error: Failed to read file '..\..\BattleGame\LandingPanel\BootyChest.jpg' error ()
[0040.61] Error: Failed to read file '..\..\BattleGame\LandingPanel\UltimateGodPack.jpg' error ()
[0040.61] Error: Failed to read file '..\..\BattleGame\LandingPanel\NewLokia.jpg' error ()
[0040.61] Error: Failed to read file '..\..\BattleGame\LandingPanel\DrSylvanusa.jpg' error ()
[0040.61] Error: Failed to read file '..\..\BattleGame\LandingPanel\esportsseasonticketSkinNew.jpg' error ()
[0040.61] Error: Failed to read file '..\..\BattleGame\LandingPanel\HBundle.jpg' error ()
[0040.61] Error: Failed to read file '..\..\BattleGame\LandingPanel\Tier2Medusa.jpg' error ()
[0040.61] Error: Failed to read file '..\..\BattleGame\LandingPanel\BizzyBCupid4.jpg' error ()
[0040.61] Error: Failed to read file '..\..\BattleGame\LandingPanel\PirateKali.jpg' error ()
[0040.61] Error: Failed to read file '..\..\BattleGame\LandingPanel\HercHunkulese.jpg' error ()
[0040.61] Error: Failed to read file '..\..\BattleGame\LandingPanel\NewGodRavana.jpg' error ()
[0040.61] Error: Failed to read file '..\..\BattleGame\LandingPanel\HeavenlyWarlord223.jpg' error ()
[0040.61] Error: Failed to read file '..\..\BattleGame\LandingPanel\TyrantRavana.jpg' error ()
[0040.61] Error: Failed to read file '..\..\BattleGame\LandingPanel\GodPackTest234.jpg' error ()
[0040.61] Error: Failed to read file '..\..\BattleGame\LandingPanel\GodPackTest234_thumb.jpg' error ()
[0040.61] Error: Failed to read file '..\..\BattleGame\LandingPanel\Kali.jpg' error ()
[0040.61] Error: Failed to read file '..\..\BattleGame\LandingPanel\Kali_thumb.jpg' error ()
[0040.61] Error: Failed to read file '..\..\BattleGame\LandingPanel\LANSummer.jpg' error ()
[0040.61] Error: Failed to read file '..\..\BattleGame\LandingPanel\LANSummer_thumb.jpg' error ()
[0040.61] Error: Failed to read file '..\..\BattleGame\LandingPanel\NewBundle.jpg' error ()
[0040.61] Error: Failed to read file '..\..\BattleGame\LandingPanel\NewBundle_thumb.jpg' error ()
[0040.61] Error: Failed to read file '..\..\BattleGame\LandingPanel\Loki.jpg' error ()
[0040.61] Error: Failed to read file '..\..\BattleGame\LandingPanel\Loki_thumb.jpg' error ()
[0040.61] Error: Failed to read file '..\..\BattleGame\LandingPanel\Madscientist.jpg' error ()
[0040.61] Error: Failed to read file '..\..\BattleGame\LandingPanel\Madscientist_thumb.jpg' error ()
[0040.71] Log: Team/Instance chat routed to Instance Server.
[0040.71] Log: Chat[9]: Appuyez sur ENTRÉE pour accéder à la discussion.
[0040.71] Log: RequestingChannelMembers ch[1] [kimicol a rejoint la discussion.]
[0040.72] Log: Chat[1]: Statut du clan : Tiny42SH
[0040.72] Log: ---- UpdateClanData
[0041.57] Warning: Warning, Failed to load 'Font None.Arial Unicode MS': Failed to find object 'Font None.Arial Unicode MS'
[0114.39] Log: Chat[9]: Vous avez rejoint une file d'attente.
[0124.63] Log: RequestingChannelMembers ch[3] [kimicol a rejoint la discussion.]
[0124.65] Log: RequestingChannelMembers ch[3] [Icritik a quitté la discussion.]
[0127.92] Log: RequestingChannelMembers ch[3] [kimicol a rejoint la discussion.]
[0132.48] Log: RequestingChannelMembers ch[3] [Sklifose a rejoint la discussion.]
[0135.14] Warning: Warning, Failed to load 'Class None.None': Failed to find object 'Class None.None'
[0135.14] Warning: Warning, Failed to find object 'Class None.None'
[0135.14] Warning: Warning, Failed to load 'Class None.None': Failed to find object 'Class None.None'
[0135.14] Warning: Warning, Failed to find object 'Class None.None'
[0135.14] Warning: Warning, Failed to load 'Class None.None': Failed to find object 'Class None.None'
[0135.14] Warning: Warning, Failed to find object 'Class None.None'
[0135.14] Warning: Warning, Failed to load 'Class None.None': Failed to find object 'Class None.None'
[0135.14] Warning: Warning, Failed to find object 'Class None.None'
[0135.14] Warning: Warning, Failed to load 'Class None.None': Failed to find object 'Class None.None'
[0135.14] Warning: Warning, Failed to find object 'Class None.None'
[0136.22] Log: ---- UpdateClanData
[0143.72] TgSLO: Async Load: GOD_Kali_V2
[0143.72] TgSLO: Async Load: GOD_Kali_V2_Lobby
[0143.72] TgSLO: Async Load: FX_Kali_V2
[0144.81] TgSLO: Finish Load: GOD_Kali_V2
[0145.10] TgSLO: Finish Load: GOD_Kali_V2_Lobby
[0145.54] TgSLO: Finish Load: FX_Kali_V2
[0161.92] TgSLO: Async Load: GOD_Ymir
[0161.92] TgSLO: Async Load: GOD_Ymir_Lobby
[0161.92] TgSLO: Async Load: FX_Ymir
[0163.22] TgSLO: Finish Load: GOD_Ymir
[0163.41] TgSLO: Finish Load: GOD_Ymir_Lobby
[0164.07] TgSLO: Finish Load: FX_Ymir
[0202.82] TgSLO: Async Load: GOD_Artemis
[0202.82] TgSLO: Async Load: GOD_Artemis_Lobby
[0202.82] TgSLO: Async Load: FX_Artemis
[0202.82] TgSLO: Async Load: GOD_Artemis_Skins
[0203.51] TgSLO: Finish Load: GOD_Artemis
[0203.59] TgSLO: Finish Load: GOD_Artemis_Lobby
[0203.96] TgSLO: Finish Load: FX_Artemis
[0204.08] TgSLO: Finish Load: GOD_Artemis_Skins
[0204.11] Warning: Failed to find notify DeactivateArrowFX on TgSkeletalMeshActor_Lobby_21 (No_SkeletalMesh)
[0205.73] Warning: Failed to find notify ActivateArrowFX on TgSkeletalMeshActor_Lobby_21 (No_SkeletalMesh)
[0222.35] Warning: Failed to find notify DeactivateArrowFX on TgSkeletalMeshActor_Lobby_21 (No_SkeletalMesh)
[0223.97] Warning: Failed to find notify ActivateArrowFX on TgSkeletalMeshActor_Lobby_21 (No_SkeletalMesh)
[0224.73] Warning: Failed to find notify DeactivateArrowFX on TgSkeletalMeshActor_Lobby_21 (No_SkeletalMesh)
[0226.38] Warning: Failed to find notify DeactivateArrowFX on TgSkeletalMeshActor_Lobby_21 (No_SkeletalMesh)
[0226.74] Warning: Failed to find notify DeactivateArrowFX on TgSkeletalMeshActor_Lobby_21 (No_SkeletalMesh)
[0228.22] Warning: Failed to find notify DeactivateArrowFX on TgSkeletalMeshActor_Lobby_21 (No_SkeletalMesh)
[0228.43] Warning: Failed to find notify DeactivateArrowFX on TgSkeletalMeshActor_Lobby_21 (No_SkeletalMesh)
[0228.98] Warning: Failed to find notify DeactivateArrowFX on TgSkeletalMeshActor_Lobby_21 (No_SkeletalMesh)
[0229.19] Warning: Failed to find notify DeactivateArrowFX on TgSkeletalMeshActor_Lobby_21 (No_SkeletalMesh)
[0229.40] Warning: Failed to find notify DeactivateArrowFX on TgSkeletalMeshActor_Lobby_21 (No_SkeletalMesh)
[0229.61] Warning: Failed to find notify DeactivateArrowFX on TgSkeletalMeshActor_Lobby_21 (No_SkeletalMesh)
[0231.24] Warning: Failed to find notify ActivateArrowFX on TgSkeletalMeshActor_Lobby_21 (No_SkeletalMesh)
[0232.66] DevNet: URL: Adding default option Team=255
[0232.66] Log: ReceiveChangeMap: mapGameId 1503
[0233.20] DevNet: URL: Adding default option Team=255
[0233.20] DevNet: Browse: 64.95.97.167:9158/lobbymap?GameState=OGS_NoSession?GameMode=0?name=Player?map_instance_id=171201532?Team=255
[0233.21] DevNet: Game client on port 9158, rate 25000
[0233.75] DevNet: Welcomed by server (Level: joust_v2_p, Game: TgGame.TgGame_Battle_Joust)
[0234.02] Log: LoadMap: 64.95.97.167:9158/joust_v2_p?GameState=OGS_NoSession?GameMode=0?name=Player?map_instance_id=171201532?Team=255?game=TgGame.TgGame_Battle_Joust
[0234.43] Log: Map Game ID = 0
[0234.43] Log: Map Instance ID = 127576027
[0234.46] Log: Performance: Critical section Lock/Unlock 27 nsec
[0234.46] Log: Performance:  appCycles 12 nsec
[0234.52] Log: Performance:  memCopy per KB 312 nsec
[0234.57] Log: Performance:  memZero per KB 214 nsec
[0234.58] Log: Performance:  appInterlockedIncrement 12 nsec
[0234.59] Log: Performance:  GetTickCount 5 nsec
[0248.19] TgSLO: Async Load: FX_Store_Items
[0248.19] TgSLO: Async Load: FX_Store_Items_Targeting
[0248.19] TgSLO: Async Load: FX_Status_Effects
[0248.19] TgSLO: Async Load: GOD_CommonMaterialEffects
[0248.19] TgSLO: Async Load: GOD_Common_AT
[0248.19] TgSLO: Async Load: AUD_VOX_Narrator
[0248.19] TgSLO: Async Load: NPC_Ward2
[0248.19] TgSLO: Async Load: FX_Buff_Belts_V2
[0248.19] TgSLO: Async Load: FX_Fist_Of_God_V2
[0248.19] TgSLO: Async Load: GOD_Odin_V2
[0248.19] TgSLO: Async Load: GOD_Odin_V2_Textures
[0248.19] TgSLO: Async Load: FX_Odin_V2
[0248.19] TgSLO: Async Load: AUD_God_Odin
[0248.19] TgSLO: Async Load: FX_Odin_Targeting
[0248.19] TgSLO: Async Load: FX_Emote_global_Fireworks_A
[0248.19] TgSLO: Async Load: AUD_UI
[0248.19] TgSLO: Async Load: GOD_Hel_V3
[0248.19] TgSLO: Async Load: GOD_Hel_V3_Textures
[0248.19] TgSLO: Async Load: FX_Hel_V3
[0248.19] TgSLO: Async Load: AUD_God_Hel
[0248.19] TgSLO: Async Load: GOD_Vulcan
[0248.19] TgSLO: Async Load: GOD_Vulcan_Textures
[0248.19] TgSLO: Async Load: FX_Vulcan
[0248.19] TgSLO: Async Load: AUD_God_Vulcan
[0248.20] TgSLO: Async Load: GOD_Artemis
[0248.20] TgSLO: Async Load: GOD_Artemis_Textures
[0248.20] TgSLO: Async Load: FX_Artemis
[0248.20] TgSLO: Async Load: AUD_God_Artemis
[0248.20] TgSLO: Async Load: GOD_Artemis_Skins
[0248.20] TgSLO: Async Load: GOD_Ymir
[0248.20] TgSLO: Async Load: GOD_Ymir_Textures
[0248.20] TgSLO: Async Load: FX_Ymir
[0248.20] TgSLO: Async Load: FX_Ymir_Targeting
[0248.20] TgSLO: Async Load: AUD_God_Ymir
[0248.20] TgSLO: Async Load: GOD_Kali_V2
[0248.20] TgSLO: Async Load: GOD_Kali_V2_Textures
[0248.20] TgSLO: Async Load: FX_Kali_V2
[0248.20] TgSLO: Async Load: AUD_God_Kali_V2
[0248.20] TgSLO: Async Load: Joust_Tower
[0248.20] TgSLO: Async Load: FX_Tower
[0248.20] TgSLO: Async Load: FX_Greek_Tower
[0248.20] TgSLO: Async Load: AUD_Tower
[0248.20] TgSLO: Async Load: NPC_Phoenix
[0248.20] TgSLO: Async Load: NPC_Phoenix_Textures
[0248.20] TgSLO: Async Load: FX_Phoenix
[0248.20] TgSLO: Async Load: AUD_NPC_Phoenix
[0248.20] TgSLO: Async Load: MDL_PseudoMesh
[0248.20] TgSLO: Async Load: NPC_Joust_Minion
[0248.20] TgSLO: Async Load: NPC_Joust_Minion_Textures
[0248.20] TgSLO: Async Load: NPC_Minion_Universal
[0248.20] TgSLO: Async Load: FX_Roman
[0248.20] TgSLO: Async Load: FX_Minion_Death
[0248.20] TgSLO: Async Load: AUD_NPC_RomanArcher
[0248.20] TgSLO: Async Load: AUD_NPC_Olympus
[0248.20] TgSLO: Async Load: NPC_Guardian_Female
[0248.20] TgSLO: Async Load: NPC_Guardian_Female_AT
[0248.20] TgSLO: Async Load: FX_Guardian_Female
[0248.20] TgSLO: Async Load: AUD_NPC_Guardian_Female
[0248.21] TgSLO: Async Load: NPC_Guardian_Male
[0248.21] TgSLO: Async Load: NPC_Guardian_Male_AT
[0248.21] TgSLO: Async Load: FX_Guardian_Male
[0248.21] TgSLO: Async Load: AUD_NPC_Guardian_Male
[0248.21] TgSLO: Async Load: NPC_Cyclops_V2
[0248.21] TgSLO: Async Load: FX_NPC_Cyclops_V2
[0248.21] TgSLO: Async Load: AUD_NPC_Cyclops
[0248.21] Log: Flushing async loaders.
[0248.27] TgSLO: Finish Load: FX_Store_Items
[0248.31] TgSLO: Finish Load: FX_Store_Items_Targeting
[0248.33] TgSLO: Finish Load: FX_Status_Effects
[0248.39] TgSLO: Finish Load: GOD_CommonMaterialEffects
[0248.39] TgSLO: Finish Load: GOD_Common_AT
[0248.55] TgSLO: Finish Load: AUD_VOX_Narrator
[0248.58] TgSLO: Finish Load: NPC_Ward2
[0248.64] TgSLO: Finish Load: FX_Buff_Belts_V2
[0248.67] TgSLO: Finish Load: FX_Fist_Of_God_V2
[0249.25] TgSLO: Finish Load: GOD_Odin_V2
[0249.25] TgSLO: Finish Load: GOD_Odin_V2_Textures
[0249.37] TgSLO: Finish Load: FX_Odin_V2
[0249.47] TgSLO: Finish Load: AUD_God_Odin
[0249.51] TgSLO: Finish Load: FX_Odin_Targeting
[0249.51] TgSLO: Finish Load: FX_Emote_global_Fireworks_A
[0249.55] TgSLO: Finish Load: AUD_UI
[0250.11] TgSLO: Finish Load: GOD_Hel_V3
[0250.14] TgSLO: Finish Load: GOD_Hel_V3_Textures
[0250.19] TgSLO: Finish Load: FX_Hel_V3
[0250.31] TgSLO: Finish Load: AUD_God_Hel
[0251.21] TgSLO: Finish Load: GOD_Vulcan
[0251.21] TgSLO: Finish Load: GOD_Vulcan_Textures
[0251.29] TgSLO: Finish Load: FX_Vulcan
[0251.37] TgSLO: Finish Load: AUD_God_Vulcan
[0251.43] TgSLO: Finish Load: GOD_Artemis
[0251.46] TgSLO: Finish Load: GOD_Artemis_Textures
[0251.48] TgSLO: Finish Load: FX_Artemis
[0251.55] TgSLO: Finish Load: AUD_God_Artemis
[0251.58] TgSLO: Finish Load: GOD_Artemis_Skins
[0251.77] TgSLO: Finish Load: GOD_Ymir
[0251.77] TgSLO: Finish Load: GOD_Ymir_Textures
[0251.84] TgSLO: Finish Load: FX_Ymir
[0251.88] TgSLO: Finish Load: FX_Ymir_Targeting
[0252.05] TgSLO: Finish Load: AUD_God_Ymir
[0252.21] TgSLO: Finish Load: GOD_Kali_V2
[0252.21] TgSLO: Finish Load: GOD_Kali_V2_Textures
[0252.24] TgSLO: Finish Load: FX_Kali_V2
[0252.36] TgSLO: Finish Load: AUD_God_Kali_V2
[0252.66] TgSLO: Finish Load: Joust_Tower
[0252.69] TgSLO: Finish Load: FX_Tower
[0252.74] TgSLO: Finish Load: FX_Greek_Tower
[0252.85] TgSLO: Finish Load: AUD_Tower
[0253.03] TgSLO: Finish Load: NPC_Phoenix
[0253.05] TgSLO: Finish Load: NPC_Phoenix_Textures
[0253.06] TgSLO: Finish Load: FX_Phoenix
[0253.12] TgSLO: Finish Load: AUD_NPC_Phoenix
[0253.17] TgSLO: Finish Load: MDL_PseudoMesh
[0253.22] TgSLO: Finish Load: NPC_Joust_Minion
[0253.22] TgSLO: Finish Load: NPC_Joust_Minion_Textures
[0253.43] TgSLO: Finish Load: NPC_Minion_Universal
[0253.45] TgSLO: Finish Load: FX_Roman
[0253.47] TgSLO: Finish Load: FX_Minion_Death
[0253.51] TgSLO: Finish Load: AUD_NPC_RomanArcher
[0253.51] TgSLO: Finish Load: AUD_NPC_Olympus
[0253.93] TgSLO: Finish Load: NPC_Guardian_Female
[0253.94] TgSLO: Finish Load: NPC_Guardian_Female_AT
[0253.95] TgSLO: Finish Load: FX_Guardian_Female
[0253.95] TgSLO: Finish Load: AUD_NPC_Guardian_Female
[0254.38] TgSLO: Finish Load: NPC_Guardian_Male
[0254.39] TgSLO: Finish Load: NPC_Guardian_Male_AT
[0254.46] TgSLO: Finish Load: FX_Guardian_Male
[0254.47] TgSLO: Finish Load: AUD_NPC_Guardian_Male
[0254.74] TgSLO: Finish Load: NPC_Cyclops_V2
[0254.74] TgSLO: Finish Load: FX_NPC_Cyclops_V2
[0254.83] TgSLO: Finish Load: AUD_NPC_Cyclops
[0254.83] Log: Flushed async loaders.
[0254.84] Log: Primary PhysX scene will be in software.
[0254.84] Log: Creating Primary PhysX Scene.
[0254.87] Log: Bringing World joust_v2_p.TheWorld up for play (595) at 2015.07.22-16.44.17
[0254.87] Log: Skipping initialization of FSMPartPool!
[0254.87] Log: Bringing up level for play took: 0.048350
[0254.87] Warning: Warning, Failed to load 'Class None.': Failed to find object 'Class None.'
[0254.87] Warning: Warning, Failed to find object 'Class None.'
[0254.87] Log: PlayerController class for the pending level is PlayerController
[0254.87] Log: ########### Finished loading level: 20.854265 seconds
[0254.87] Log: Flushing async loaders.
[0256.02] Log: Flushed async loaders.
[0256.40] Log: ---- UpdateClanData
[0256.41] DevNet: TgPlayerController_1 setplayer TgLocalPlayer_0
[0256.74] Log: TeamIndex 1 has new leader: 7034069
[0256.74] Log: AttachToOwner - Socket (FX_ORIGIN_Origin) not found in owner mesh or its parent! (2702 to NONE)
[0256.75] Log: AttachToOwner - Socket (FX_ORIGIN_Origin) not found in owner mesh or its parent! (2702 to NONE)
[0256.75] Log: AttachToOwner - Socket (FX_ORIGIN_Origin) not found in owner mesh or its parent! (2702 to NONE)
[0256.75] Log: Flushing async loaders.
[0256.82] Log: Flushed async loaders.
[0256.82] Warning: Flushed async loading to load replicated reference to 'TgPawn_HelV3_Default TgGameContent.Default__TgPawn_HelV3_Default'
[0256.82] Log: AttachToOwner - Socket (FX_ORIGIN_Origin) not found in owner mesh or its parent! (2702 to NONE)
[0256.83] Log: AttachToOwner - Socket (FX_ORIGIN_Origin) not found in owner mesh or its parent! (2702 to NONE)
[0256.83] Log: AttachToOwner - Socket (FX_ORIGIN_Origin) not found in owner mesh or its parent! (2702 to NONE)
[0256.88] Log: ActivateLevel joust_v2_crowd 1 1 0
[0256.88] Log: ActivateLevel joust_sound 1 1 0
[0256.88] Log: ActivateLevel joust_v2_p_assist 1 1 0
[0257.11] Log: Activated joust_v2_p_assist 1 1 0
[0257.23] Log: TeamIndex 1 has new leader: 2766270
[0283.75] Warning: Warning, Failed to load 'Texture None.blah': Failed to find object 'Texture None.blah'
[0287.98] Log: TeamIndex 2 has new leader: 6985670
[0302.97] Log: Requesting purchase of itemId (10205) amount (1)
[0317.34] Log: Requesting purchase of itemId (8134) amount (1)
[0317.49] Log: Requesting purchase of itemId (8134) amount (1)
[0318.59] Log: Requesting purchase of itemId (8135) amount (1)
[0370.54] Log: Chat[3]: [VVA] D'accord !
[0399.16] ScriptWarning: Accessed None 'HitActor'
	TgDeviceFire Transient.TgDeviceFire_27
	Function TgGame.TgDeviceFire:ApplyHit:033E
[0405.07] Log: PUSHING Accolade: krissle verse le Premier sang !, local: false
[0416.08] Log: Requesting purchase of itemId (10040) amount (1)
[0421.62] Log: PUSHING Accolade: , local: false
[0423.12] Log: Expiring Accolade: 
[0486.75] Log: PUSHING Accolade: , local: false
[0516.97] Log: Requesting purchase of itemId (10044) amount (1)
[0518.67] Log: Requesting purchase of itemId (8134) amount (1)
[0591.38] Log: Requesting purchase of itemId (12166) amount (1)
[0594.84] Log: Requesting purchase of itemId (8134) amount (1)
[0677.41] Log: PUSHING Accolade: , local: false
[0690.18] ScriptWarning: Accessed None 'HitActor'
	TgDeviceFire Transient.TgDeviceFire_47
	Function TgGame.TgDeviceFire:ApplyHit:033E
[0737.19] Log: Requesting purchase of itemId (10201) amount (1)
[0737.29] Warning: Warning, Failed to load 'Class None.None': Failed to find object 'Class None.None'
[0737.29] Warning: Warning, Failed to find object 'Class None.None'
[0737.29] Warning: Warning, Failed to load 'Class None.None': Failed to find object 'Class None.None'
[0737.29] Warning: Warning, Failed to find object 'Class None.None'
[0740.32] Log: Requesting purchase of itemId (8134) amount (1)
[0740.48] Log: Requesting purchase of itemId (8134) amount (1)
[0742.52] Log: Requesting purchase of itemId (9025) amount (1)
[0747.84] ScriptWarning: Accessed None 'HitActor'
	TgDeviceFire Transient.TgDeviceFire_53
	Function TgGame.TgDeviceFire:ApplyHit:033E
[0748.90] Warning: Warning, Failed to load 'Class None.None': Failed to find object 'Class None.None'
[0748.90] Warning: Warning, Failed to find object 'Class None.None'
[0774.99] Log: AttachToOwner - Socket (CSO_FX_Head) not found in owner mesh or its parent! (3342 to TgProj_SimulatedReturnStroke_0)
[0780.32] Log: PUSHING Accolade: krissle fait une tuerie ! (x3), local: false
[0786.36] Log: Chat[9]: Tuer derpern vous a donné 260 XP et 399 pièces d'or.
[0786.56] Log: PUSHING Accolade: VICTIME, local: true
[0809.42] Log: Requesting purchase of itemId (10203) amount (1)
[0812.51] Log: Requesting purchase of itemId (8134) amount (1)
[0851.75] ScriptWarning: Accessed None 'HitActor'
	TgDeviceFire Transient.TgDeviceFire_61
	Function TgGame.TgDeviceFire:ApplyHit:033E
[0860.59] ScriptWarning: Accessed None 'HitActor'
	TgDeviceFire Transient.TgDeviceFire_33
	Function TgGame.TgDeviceFire:ApplyHit:033E
[0875.33] ScriptWarning: Accessed None 'HitActor'
	TgDeviceFire Transient.TgDeviceFire_55
	Function TgGame.TgDeviceFire:ApplyHit:033E
[0880.70] Log: AttachToOwner - Socket (CSO_FX_Head) not found in owner mesh or its parent! (3342 to TgProj_SimulatedReturnStroke_1)
[0883.83] Log: PUSHING Accolade: , local: false
[0885.34] Log: Expiring Accolade: derpern a tué un joueur !
[0892.60] Log: Requesting purchase of itemId (9469) amount (1)
[0896.83] Log: Requesting purchase of itemId (8134) amount (1)
[0903.22] Log: Requesting purchase of itemId (8134) amount (1)
[0903.94] Log: AttachToOwner - Socket (WSO_Emit_01) not found in owner mesh or its parent! (1027 to NONE)
[0974.83] Log: RequestingChannelMembers ch[3] [Icritik a rejoint la discussion.]
[1009.35] ScriptWarning: Accessed None 'HitActor'
	TgDeviceFire Transient.TgDeviceFire_77
	Function TgGame.TgDeviceFire:ApplyHit:033E
[1009.50] Log: AttachToOwner - Socket (CSO_FX_Head) not found in owner mesh or its parent! (3342 to TgProj_SimulatedReturnStroke_2)
[1009.78] Log: PUSHING Accolade: derpern a tué un joueur !, local: false
[1019.67] Log: Requesting purchase of itemId (10201) amount (1)
[1021.34] Log: Requesting purchase of itemId (8134) amount (1)
[1023.35] Log: Requesting purchase of itemId (9026) amount (1)
[1023.81] Log: PUSHING Accolade: derpern fait une tuerie ! (x3), local: false
[1025.20] Log: Requesting purchase of itemId (8134) amount (1)
[1055.99] Log: PUSHING Accolade: svettsvamp fait une tuerie ! (x3), local: false
[1056.90] Log: AttachToOwner - Socket (CSO_FX_Head) not found in owner mesh or its parent! (3342 to TgProj_SimulatedReturnStroke_3)
[1061.65] ScriptWarning: Accessed None 'HitActor'
	TgDeviceFire Transient.TgDeviceFire_83
	Function TgGame.TgDeviceFire:ApplyHit:033E
[1061.79] ScriptWarning: Accessed None 'HitActor'
	TgDeviceFire Transient.TgDeviceFire_83
	Function TgGame.TgDeviceFire:ApplyHit:033E
[1079.82] Log: PUSHING Accolade: , local: false
[1083.75] ScriptWarning: Accessed None 'HitActor'
	TgDeviceFire Transient.TgDeviceFire_86
	Function TgGame.TgDeviceFire:ApplyHit:033E
[1085.37] Log: PUSHING Accolade: , local: false
[1088.39] Log: PUSHING Accolade: , local: false
[1146.88] Log: PUSHING Accolade: , local: false
[1155.61] ScriptWarning: Accessed None 'HitActor'
	TgDeviceFire Transient.TgDeviceFire_90
	Function TgGame.TgDeviceFire:ApplyHit:033E
[1166.36] Log: Chat[3]: =8 B0=: 0 :CA>: 3>2=0
[1170.00] Log: Requesting purchase of itemId (9496) amount (1)
[1171.60] Log: Requesting purchase of itemId (8134) amount (1)
[1172.54] Log: PUSHING Accolade: , local: false
[1187.50] Log: Chat[3]: =8 C1K9F0 0 :CA>:
[1195.11] Log: Chat[3]: A0< 7=05H G53>
[1203.65] Log: PUSHING Accolade: krissle fait une tuerie ! (x3), local: false
[1211.65] Log: AttachToOwner - Socket (CSO_FX_Head) not found in owner mesh or its parent! (3342 to TgProj_SimulatedReturnStroke_4)
[1221.40] Log: AttachToOwner - Socket (CSO_FX_Head) not found in owner mesh or its parent! (3342 to TgProj_SimulatedReturnStroke_5)
[1236.73] Log: ---- UpdateClanData
[1236.74] Log: TeamIndex 1 has new leader: 7093835
[1242.18] DevNet: URL: Adding default option Team=255
[1242.18] Log: ReceiveChangeMap: mapGameId 1447
[1242.18] Log: RequestingChannelMembers ch[3] [Icritik a quitté la discussion.]
[1242.18] Log: ---- UpdateClanData
[1242.18] Log: RequestingChannelMembers ch[3] [Sklifose a quitté la discussion.]
[1242.19] DevNet: URL: Adding default option Team=255
[1242.19] DevNet: Browse: LobbyMap?game=TgClient.TgGameLaunch?GameState=OGS_NoSession?GameMode=0?name=Player?Team=255
[1243.08] Log: LoadMap: LobbyMap?game=TgClient.TgGameLaunch?GameState=OGS_NoSession?GameMode=0?name=Player?Team=255
[1243.19] NetComeGo: Close PComNetDriver_0 PComNetConn_0 64.95.97.167:9158 07/22/15 17:00:46
[1243.28] Exit: PComNetDriver_0 shut down
[1243.76] Log: Map Game ID = 0
[1243.76] Log: Map Instance ID = 127576027
[1243.78] Log: Performance: Critical section Lock/Unlock 24 nsec
[1243.79] Log: Performance:  appCycles 11 nsec
[1243.83] Log: Performance:  memCopy per KB 223 nsec
[1243.86] Log: Performance:  memZero per KB 143 nsec
[1243.87] Log: Performance:  appInterlockedIncrement 13 nsec
[1243.88] Log: Performance:  GetTickCount 4 nsec
[1243.88] Log: Game class is 'TgGameLaunch'
[1243.88] TgSLO: Async Load: GodSkins_Portraits_and_Icons
[1243.88] Log: Flushing async loaders.
[1244.00] TgSLO: Finish Load: GodSkins_Portraits_and_Icons
[1244.00] Log: Flushed async loaders.
[1244.05] Log: Primary PhysX scene will be in software.
[1244.05] Log: Creating Primary PhysX Scene.
[1244.05] Log: *** WARNING - PATHS MAY NOT BE VALID ***
[1244.05] Log: Bringing World lobbymap.TheWorld up for play (0) at 2015.07.22-17.00.46
[1244.05] Log: Skipping initialization of FSMPartPool!
[1244.12] Log: Bringing up level for play took: 0.121579
[1245.03] TgSLO: Async Load: GOD_Ymir
[1245.03] TgSLO: Async Load: GOD_Ymir_Lobby
[1245.03] TgSLO: Async Load: FX_Ymir
[1245.03] Log: Flushing async loaders.
[1245.19] TgSLO: Finish Load: GOD_Ymir
[1245.22] TgSLO: Finish Load: GOD_Ymir_Lobby
[1245.27] TgSLO: Finish Load: FX_Ymir
[1245.27] Log: Flushed async loaders.
[1245.28] Log: ########### Finished loading level: 2.195134 seconds
[1245.32] Log: Flushing async loaders.
[1245.48] Log: Flushed async loaders.
[1245.48] Log: RequestingChannelMembers ch[8] [kimicol a rejoint la discussion.]
[1246.03] Log: RequestingChannelMembers ch[8] [Sklifose a rejoint la discussion.]
[1246.03] Log: RequestingChannelMembers ch[8] [Icritik a rejoint la discussion.]
[1249.30] Log: Chat[8]: gg
[1249.89] Log: RequestingChannelMembers ch[8] [Icritik a quitté la discussion.]
[1254.83] Log: RequestingChannelMembers ch[8] [Sklifose a quitté la discussion.]
[1254.99] Log: RequestingChannelMembers ch[8] [svettsvamp a quitté la discussion.]
[1267.31] Log: RequestingChannelMembers ch[8] [derpern a quitté la discussion.]
[1268.55] Log: RequestingChannelMembers ch[8] [krissle a quitté la discussion.]
[1298.07] Log: ERROR: Attempting to log in without settings.
[1301.46] Log: Closing by request
[1301.46] Log: appRequestExit(0)
[1301.47] Log: TgAIBehaviorTreeManager :: De-allocating 47 behavior trees
[1302.61] Exit: Preparing to exit.
[1302.95] Exit: Game engine shut down
[1303.11] Exit: Windows client shut down
[1303.13] Exit: XAudio2 Device shut down.
[1303.41] Exit: Object subsystem successfully closed.
[1304.95] Log: >>>>>>>>>>>>>>>>>> ResubmitMCTSEvent PLAYER_LOGOFF
[1305.16] Log: >>>>>>>>>>>>>>>>>> ResubmitMCTSEvent PLAYER_LOGOFF
[1305.21] Log: Shutting down FaceFX...
[1305.21] Log: FaceFX shutdown.
[1305.44] Exit: Exiting.
