[0000.27] Log: Async Log file open, 07/15/15 20:24:39
[0000.27] Init: WinSock: version 1.1 (2.2), MaxSocks=32767, MaxUdp=65467
[0000.27] Log:  ... running in INSTALLED mode
[0000.27] DevConfig: GConfig::Find has loaded file:  ..\..\Engine\Config\ConsoleVariables.ini
[0000.27] Init: Version: 10897
[0000.27] Init: Epic Internal: 0
[0000.27] Init: Compiled (32-bit): Jul 10 2015 19:53:38
[0000.27] Init: Changelist: 1532151
[0000.27] Init: Game is version 2.9.2835.5.
[0000.27] Init: Command line: -PGUID=f217e716-f401-4696-a0ce-3be9da5b0821  -host=             -host2              -seekfreeloading   -LANGUAGE=FRA -cnmg=722972295229232883227324732284229428642125296528 -cnmg2=72207224522623288329732573268423942564297522 -ASYNCTICK=FALSE -HiCommand -HEXX=D5091249
[0000.27] Init: Base directory: C:\Program Files (x86)\Hi-Rez Studios\HiRezGames\smite\binaries\Win32\
[0000.27] Init: Computer: PC-ARTHUR
[0000.27] Init: User: Arthur
[0000.27] Init: CPU Page size=4096, Processors=4, Cores=2
[0000.27] Init: High frequency timer resolution =2.240908 MHz
[0000.27] Init: Memory total: Physical=3.8GB (3GB approx) Pagefile=7.7GB Virtual=4.0GB
[0000.53] DevOnline: Initializing MCTS
[0000.53] Init: Presizing for 60000 objects not considered by GC, pre-allocating 0 bytes.
[0000.53] Init: Object subsystem initialized
[0000.53] Log: Overriding lang INT w/ command-line option of FRA
[0000.59] Log: TgAIBehaviorTreeManager :: Loading behavior trees
[0000.60] Log: TgAIBehaviorTreeManager :: Successfully loaded behavior trees
[0000.60] Log: ShadowPatch: Error -pid should be passed on command line.
[0004.02] Log: AsyncTickTasks DISABLED at startup
[0004.03] Log: SystemSettings based on: SystemSettings
[0004.03] Log: SystemSettings based on: SystemSettings
[0004.03] Log: SystemSettings based on: SystemSettings
[0004.04] Log: SystemSettings based on: SystemSettings
[0004.04] Log: SystemSettings based on: SystemSettings
[0004.58] Log: Found D3D11 adapter 0: Intel(R) HD Graphics Family
[0004.58] Log: Adapter has 1020MB of dedicated video memory, 0MB of dedicated system memory, and 1933MB of shared system memory
[0004.62] Log: Shader platform (RHI): PC-D3D-SM3
[0004.65] Log: PhysX GPU Support: DISABLED
[0005.97] Log: Assembly Loaded Version: DBExport: 07/09/2015 15:51:40,  Src=devsql.hirezcorp.com:smite_live_build, LangSrc=devsql.hirezcorp.com:smite_translations,
[0022.21] Log: Skipping adding Package OnlineSubsystemMcts to NetPackages
[0022.90] Log: 117498 objects as part of root set at end of initial load.
[0022.90] Log: 0 out of 0 bytes used by permanent object pool.
[0022.90] Log: Initializing Engine...
[0024.63] ScriptWarning: Script call stack:
	Function Engine.GameViewportClient:Init

	TgGameViewportClient Transient.TgGameEngine_0:TgGameViewportClient_0
	Function Engine.GameViewportClient:Init:0025
[0024.63] ScriptWarning: Assertion failed, line 672
	TgGameViewportClient Transient.TgGameEngine_0:TgGameViewportClient_0
	Function Engine.GameViewportClient:Init:0025
[0024.66] Warning: Warning, Failed to load 'SwfMovie None.Logos': Failed to find object 'SwfMovie None.Logos'
[0024.66] Log: GFx attempted to load missing object [Logos]
[0024.66] Warning: Warning, Failed to load 'Class None.': Failed to find object 'Class None.'
[0024.66] Warning: Warning, Failed to find object 'Class None.'
[0024.66] Warning: Warning, Failed to load 'Class None.': Failed to find object 'Class None.'
[0024.66] Warning: Warning, Failed to find object 'Class None.'
[0024.66] Warning: Warning, Failed to load 'Class None.': Failed to find object 'Class None.'
[0024.66] Warning: Warning, Failed to find object 'Class None.'
[0024.66] Warning: Warning, Failed to load 'Class None.': Failed to find object 'Class None.'
[0024.66] Warning: Warning, Failed to find object 'Class None.'
[0024.68] DevNet: Browse: lobbymap?Name=Player?Team=255?DefaultCharacter=TgGame.TgCharacter
[0024.69] Log: LoadMap: lobbymap?Name=Player?Team=255?DefaultCharacter=TgGame.TgCharacter
[0025.01] Log: Map Game ID = 0
[0025.01] Log: Map Instance ID = 126984704
[0025.04] Log: Performance: Critical section Lock/Unlock 25 nsec
[0025.04] Log: Performance:  appCycles 13 nsec
[0025.09] Log: Performance:  memCopy per KB 213 nsec
[0025.11] Log: Performance:  memZero per KB 128 nsec
[0025.12] Log: Performance:  appInterlockedIncrement 10 nsec
[0025.13] Log: Performance:  GetTickCount 4 nsec
[0025.13] Log: Game class is 'TgGameLaunch'
[0025.14] TgSLO: Async Load: GodSkins_Portraits_and_Icons
[0025.14] Log: Flushing async loaders.
[0025.27] TgSLO: Finish Load: GodSkins_Portraits_and_Icons
[0025.27] Log: Flushed async loaders.
[0025.30] Log: Primary PhysX scene will be in software.
[0025.30] Log: Creating Primary PhysX Scene.
[0025.33] Log: *** WARNING - PATHS MAY NOT BE VALID ***
[0025.33] Log: Bringing World lobbymap.TheWorld up for play (0) at 2015.07.15-20.25.04
[0025.33] Log: Skipping initialization of FSMPartPool!
[0025.89] Log: Bringing up level for play took: 0.614035
[0034.75] Warning: Warning, Failed to load 'Font None.ArialUnicode': Failed to find object 'Font None.ArialUnicode'
[0034.75] Warning: Warning, Failed to load 'Font None.ArialUnicode': Failed to find object 'Font None.ArialUnicode'
[0034.87] Log: GFx attempted to load missing object [UDKFrontEnd.udk_ime]
[0036.03] Log: ########### Finished loading level: 11.335623 seconds
[0036.23] Log: Flushing async loaders.
[0036.74] Log: Flushed async loaders.
[0036.74] Log: Initializing Engine Completed
[0036.74] Log: >>>>>>>>>>>>>> Initial startup: 36.74s <<<<<<<<<<<<<<<
[0036.74] Log: Browser user data directory is C:\ProgramData\Hi-Rez Studios\BrowserCache\Battle
[0037.45] Log: WebFactory created
[0051.49] Log: Login Success: kimicol
[0052.16] Error: Failed to read file '..\..\BattleGame\LandingPanel\UncleSamChest33.jpg' error ()
[0052.16] Error: Failed to read file '..\..\BattleGame\LandingPanel\UltimateGodPack.jpg' error ()
[0052.16] Error: Failed to read file '..\..\BattleGame\LandingPanel\Ravana.jpg' error ()
[0052.16] Error: Failed to read file '..\..\BattleGame\LandingPanel\Sandcastlegebwoo.jpg' error ()
[0052.16] Error: Failed to read file '..\..\BattleGame\LandingPanel\esportsseasonticketSkinNew.jpg' error ()
[0052.16] Error: Failed to read file '..\..\BattleGame\LandingPanel\UncleSamChest22.jpg' error ()
[0052.16] Error: Failed to read file '..\..\BattleGame\LandingPanel\AoKuangSkinDragonKing.jpg' error ()
[0052.16] Error: Failed to read file '..\..\BattleGame\LandingPanel\BizzyBCupid4.jpg' error ()
[0052.16] Error: Failed to read file '..\..\BattleGame\LandingPanel\Fireworks33.jpg' error ()
[0052.16] Error: Failed to read file '..\..\BattleGame\LandingPanel\HercHunkulese.jpg' error ()
[0052.16] Error: Failed to read file '..\..\BattleGame\LandingPanel\MadameNoxLowerStore.jpg' error ()
[0052.16] Error: Failed to read file '..\..\BattleGame\LandingPanel\HeavenlyWarlord223.jpg' error ()
[0052.16] Error: Failed to read file '..\..\BattleGame\LandingPanel\TyrantRavana.jpg' error ()
[0052.16] Error: Failed to read file '..\..\BattleGame\LandingPanel\GodPackTest234.jpg' error ()
[0052.16] Error: Failed to read file '..\..\BattleGame\LandingPanel\GodPackTest234_thumb.jpg' error ()
[0052.16] Error: Failed to read file '..\..\BattleGame\LandingPanel\SizzyBSummerOfSmite33.jpg' error ()
[0052.16] Error: Failed to read file '..\..\BattleGame\LandingPanel\SizzyBSummerOfSmite33_thumb.jpg' error ()
[0052.16] Error: Failed to read file '..\..\BattleGame\LandingPanel\ReferAFriend22.jpg' error ()
[0052.16] Error: Failed to read file '..\..\BattleGame\LandingPanel\ReferAFriend22_thumb.jpg' error ()
[0052.16] Error: Failed to read file '..\..\BattleGame\LandingPanel\SwC2016.jpg' error ()
[0052.16] Error: Failed to read file '..\..\BattleGame\LandingPanel\SwC2016_thumb.jpg' error ()
[0052.16] Error: Failed to read file '..\..\BattleGame\LandingPanel\XboxOneOpenBeta.jpg' error ()
[0052.16] Error: Failed to read file '..\..\BattleGame\LandingPanel\XboxOneOpenBeta_thumb.jpg' error ()
[0052.16] Error: Failed to read file '..\..\BattleGame\LandingPanel\curse.jpg' error ()
[0052.16] Error: Failed to read file '..\..\BattleGame\LandingPanel\curse_thumb.jpg' error ()
[0052.17] Log: Team/Instance chat routed to Instance Server.
[0052.18] Log: Chat[9]: Appuyez sur ENTRÉE pour accéder à la discussion.
[0052.18] Log: RequestingChannelMembers ch[1] [kimicol a rejoint la discussion.]
[0053.00] Warning: Warning, Failed to load 'Font None.Arial Unicode MS': Failed to find object 'Font None.Arial Unicode MS'
[0084.92] Log: Chat[1]: Statut du clan : Tiny42SH
[0084.92] Log: ---- UpdateClanData
[0092.11] Log: ---- UpdateClanData
[0098.07] Log: ---- UpdateClanData
[0098.22] Log: ---- UpdateClanData
[0098.49] Log: GFx attempted to load missing object [MenuManager.undefined]
[0104.58] Log: Closing by request
[0104.58] Log: appRequestExit(0)
[0104.58] Log: TgAIBehaviorTreeManager :: De-allocating 47 behavior trees
[0105.07] Exit: Preparing to exit.
[0105.39] Exit: Game engine shut down
[0105.58] Exit: Windows client shut down
[0105.60] Exit: XAudio2 Device shut down.
[0105.86] Exit: Object subsystem successfully closed.
[0107.37] Log: >>>>>>>>>>>>>>>>>> ResubmitMCTSEvent PLAYER_LOGOFF
[0107.53] Log: >>>>>>>>>>>>>>>>>> ResubmitMCTSEvent PLAYER_LOGOFF
[0107.53] Log: Shutting down FaceFX...
[0107.53] Log: FaceFX shutdown.
[0107.73] Exit: Exiting.
