[0000.16] Log: Async Log file open, 06/17/15 19:10:48
[0000.16] Init: WinSock: version 1.1 (2.2), MaxSocks=32767, MaxUdp=65467
[0000.16] Log:  ... running in INSTALLED mode
[0000.16] DevConfig: GConfig::Find has loaded file:  ..\..\Engine\Config\ConsoleVariables.ini
[0000.16] Init: Version: 10897
[0000.16] Init: Epic Internal: 0
[0000.16] Init: Compiled (32-bit): Jun 16 2015 13:37:25
[0000.16] Init: Changelist: 1532151
[0000.16] Init: Game is version 2.8.2806.1.
[0000.16] Init: Command line: -PGUID=f217e716-f401-4696-a0ce-3be9da5b0821  -host=             -host2              -seekfreeloading   -LANGUAGE=FRA -cnmg=722672215225232783237320732684249429642825230625 -cnmg2=722172235221232083217320732284239424642925215521 -ASYNCTICK=FALSE -HiCommand -HEXX=2BD2C981
[0000.16] Init: Base directory: C:\Program Files (x86)\Hi-Rez Studios\HiRezGames\smite\binaries\Win32\
[0000.68] Init: Computer: PC-ARTHUR
[0000.68] Init: User: Arthur
[0000.68] Init: CPU Page size=4096, Processors=4, Cores=2
[0000.68] Init: High frequency timer resolution =2.240908 MHz
[0000.68] Init: Memory total: Physical=3.8GB (3GB approx) Pagefile=7.7GB Virtual=4.0GB
[0000.92] DevOnline: Initializing MCTS
[0000.92] Init: Presizing for 60000 objects not considered by GC, pre-allocating 0 bytes.
[0000.92] Init: Object subsystem initialized
[0000.93] Log: Overriding lang INT w/ command-line option of FRA
[0000.98] Log: TgAIBehaviorTreeManager :: Loading behavior trees
[0000.98] Log: TgAIBehaviorTreeManager :: Successfully loaded behavior trees
[0000.99] Log: ShadowPatch: Error -pid should be passed on command line.
[0004.99] Log: AsyncTickTasks DISABLED at startup
[0005.00] Log: SystemSettings based on: SystemSettings
[0005.00] Log: SystemSettings based on: SystemSettings
[0005.00] Log: SystemSettings based on: SystemSettings
[0005.00] Log: SystemSettings based on: SystemSettings
[0005.00] Log: SystemSettings based on: SystemSettings
[0005.56] Log: Found D3D11 adapter 0: Intel(R) HD Graphics Family
[0005.56] Log: Adapter has 1020MB of dedicated video memory, 0MB of dedicated system memory, and 1933MB of shared system memory
[0005.60] Log: Shader platform (RHI): PC-D3D-SM3
[0005.66] Log: PhysX GPU Support: DISABLED
[0008.45] Log: Assembly Loaded Version: DBExport: 06/15/2015 12:52:10,  Src=devsql.hirezcorp.com:smite_live_build, LangSrc=devsql.hirezcorp.com:smite_translations,
[0027.13] Log: Skipping adding Package OnlineSubsystemMcts to NetPackages
[0028.00] Log: 116966 objects as part of root set at end of initial load.
[0028.00] Log: 0 out of 0 bytes used by permanent object pool.
[0028.00] Log: Initializing Engine...
[0030.70] ScriptWarning: Script call stack:
	Function Engine.GameViewportClient:Init

	TgGameViewportClient Transient.TgGameEngine_0:TgGameViewportClient_0
	Function Engine.GameViewportClient:Init:0025
[0030.70] ScriptWarning: Assertion failed, line 672
	TgGameViewportClient Transient.TgGameEngine_0:TgGameViewportClient_0
	Function Engine.GameViewportClient:Init:0025
[0030.76] Warning: Warning, Failed to load 'SwfMovie None.Logos': Failed to find object 'SwfMovie None.Logos'
[0030.76] Log: GFx attempted to load missing object [Logos]
[0030.79] Warning: Warning, Failed to load 'Class None.': Failed to find object 'Class None.'
[0030.79] Warning: Warning, Failed to find object 'Class None.'
[0030.79] Warning: Warning, Failed to load 'Class None.': Failed to find object 'Class None.'
[0030.79] Warning: Warning, Failed to find object 'Class None.'
[0030.79] Warning: Warning, Failed to load 'Class None.': Failed to find object 'Class None.'
[0030.79] Warning: Warning, Failed to find object 'Class None.'
[0030.79] Warning: Warning, Failed to load 'Class None.': Failed to find object 'Class None.'
[0030.79] Warning: Warning, Failed to find object 'Class None.'
[0030.84] DevNet: Browse: lobbymap?Name=Player?Team=255?DefaultCharacter=TgGame.TgCharacter
[0030.85] Log: LoadMap: lobbymap?Name=Player?Team=255?DefaultCharacter=TgGame.TgCharacter
[0032.01] Log: Map Game ID = 0
[0032.01] Log: Map Instance ID = 124561080
[0032.04] Log: Performance: Critical section Lock/Unlock 26 nsec
[0032.04] Log: Performance:  appCycles 16 nsec
[0032.09] Log: Performance:  memCopy per KB 232 nsec
[0032.12] Log: Performance:  memZero per KB 145 nsec
[0032.13] Log: Performance:  appInterlockedIncrement 10 nsec
[0032.13] Log: Performance:  GetTickCount 4 nsec
[0032.13] Log: Game class is 'TgGameLaunch'
[0032.55] TgSLO: Async Load: GodSkins_Portraits_and_Icons
[0032.55] Log: Flushing async loaders.
[0033.80] TgSLO: Finish Load: GodSkins_Portraits_and_Icons
[0033.80] Log: Flushed async loaders.
[0033.87] Log: Primary PhysX scene will be in software.
[0033.87] Log: Creating Primary PhysX Scene.
[0034.61] Log: *** WARNING - PATHS MAY NOT BE VALID ***
[0034.61] Log: Bringing World lobbymap.TheWorld up for play (0) at 2015.06.17-19.11.22
[0034.61] Log: Skipping initialization of FSMPartPool!
[0035.52] Log: Bringing up level for play took: 1.715634
[0046.29] Warning: Warning, Failed to load 'Font None.ArialUnicode': Failed to find object 'Font None.ArialUnicode'
[0046.29] Warning: Warning, Failed to load 'Font None.ArialUnicode': Failed to find object 'Font None.ArialUnicode'
[0046.50] Log: GFx attempted to load missing object [UDKFrontEnd.udk_ime]
[0047.72] Log: ########### Finished loading level: 16.873720 seconds
[0048.62] Log: Flushing async loaders.
[0049.17] Log: Flushed async loaders.
[0049.17] Log: Initializing Engine Completed
[0049.17] Log: >>>>>>>>>>>>>> Initial startup: 49.17s <<<<<<<<<<<<<<<
[0049.17] Log: Browser user data directory is C:\ProgramData\Hi-Rez Studios\BrowserCache\Battle
[0049.38] Log: WebFactory created
[0053.41] Log: FKAggregateGeom::InstanceNovodexGeom: () Cannot 3D-Scale rigid-body primitives (sphere, box, sphyl).
[0053.41] Log: URB_BodyInstance::InitBody : Could not create new Shape: 
[7326.49] Log: Received WM_QUERYENDSESSION
[7327.26] Log: Received WM_ENDSESSION
